ARM GAS  /tmp/ccyTqvjp.s 			page 1


   1              		.syntax unified
   2              		.cpu cortex-m4
   3              		.fpu softvfp
   4              		.eabi_attribute 20, 1
   5              		.eabi_attribute 21, 1
   6              		.eabi_attribute 23, 3
   7              		.eabi_attribute 24, 1
   8              		.eabi_attribute 25, 1
   9              		.eabi_attribute 26, 1
  10              		.eabi_attribute 30, 2
  11              		.eabi_attribute 34, 1
  12              		.eabi_attribute 18, 4
  13              		.thumb
  14              		.file	"chdynamic.c"
  15              		.text
  16              	.Ltext0:
  17              		.cfi_sections	.debug_frame
  18              		.section	.text.chThdAddRef,"ax",%progbits
  19              		.align	2
  20              		.p2align 4,,15
  21              		.global	chThdAddRef
  22              		.thumb
  23              		.thumb_func
  24              		.type	chThdAddRef, %function
  25              	chThdAddRef:
  26              	.LFB7:
  27              		.file 1 "/home/felix/Documents/ChibiOS/os/kernel/src/chdynamic.c"
  28              		.loc 1 52 0
  29              		.cfi_startproc
  30              		@ args = 0, pretend = 0, frame = 0
  31              		@ frame_needed = 0, uses_anonymous_args = 0
  32              		@ link register save eliminated.
  33              	.LVL0:
  34              	.LBB2:
  35              		.loc 1 54 0
  36 0000 2023     		movs	r3, #32
  37              	.LVL1:
  38              	@ 54 "/home/felix/Documents/ChibiOS/os/kernel/src/chdynamic.c" 1
  39 0002 83F31188 		msr     BASEPRI, r3
  40              	@ 0 "" 2
  41              	.LVL2:
  42              		.thumb
  43              	.LBE2:
  44              		.loc 1 56 0
  45 0006 837F     		ldrb	r3, [r0, #30]	@ zero_extendqisi2
  46              	.LVL3:
  47 0008 0133     		adds	r3, r3, #1
  48 000a 8377     		strb	r3, [r0, #30]
  49              	.LBB3:
  50              		.loc 1 57 0
  51 000c 0023     		movs	r3, #0
  52              	.LVL4:
  53              	@ 57 "/home/felix/Documents/ChibiOS/os/kernel/src/chdynamic.c" 1
  54 000e 83F31188 		msr     BASEPRI, r3
  55              	@ 0 "" 2
  56              	.LVL5:
  57              		.thumb
ARM GAS  /tmp/ccyTqvjp.s 			page 2


  58              	.LBE3:
  59              		.loc 1 59 0
  60 0012 7047     		bx	lr
  61              		.cfi_endproc
  62              	.LFE7:
  63              		.size	chThdAddRef, .-chThdAddRef
  64 0014 AFF30080 		.section	.text.chThdRelease,"ax",%progbits
  64      AFF30080 
  64      AFF30080 
  65              		.align	2
  66              		.p2align 4,,15
  67              		.global	chThdRelease
  68              		.thumb
  69              		.thumb_func
  70              		.type	chThdRelease, %function
  71              	chThdRelease:
  72              	.LFB8:
  73              		.loc 1 74 0
  74              		.cfi_startproc
  75              		@ args = 0, pretend = 0, frame = 0
  76              		@ frame_needed = 0, uses_anonymous_args = 0
  77              		@ link register save eliminated.
  78              	.LVL6:
  79              		.loc 1 74 0
  80 0000 0146     		mov	r1, r0
  81              	.LBB4:
  82              		.loc 1 77 0
  83 0002 2023     		movs	r3, #32
  84              	.LVL7:
  85              	@ 77 "/home/felix/Documents/ChibiOS/os/kernel/src/chdynamic.c" 1
  86 0004 83F31188 		msr     BASEPRI, r3
  87              	@ 0 "" 2
  88              	.LVL8:
  89              		.thumb
  90              	.LBE4:
  91              		.loc 1 79 0
  92 0008 827F     		ldrb	r2, [r0, #30]	@ zero_extendqisi2
  93 000a 013A     		subs	r2, r2, #1
  94 000c D2B2     		uxtb	r2, r2
  95 000e 8277     		strb	r2, [r0, #30]
  96              	.LVL9:
  97              	.LBB5:
  98              		.loc 1 80 0
  99 0010 0023     		movs	r3, #0
 100              	.LVL10:
 101              	@ 80 "/home/felix/Documents/ChibiOS/os/kernel/src/chdynamic.c" 1
 102 0012 83F31188 		msr     BASEPRI, r3
 103              	@ 0 "" 2
 104              	.LVL11:
 105              		.thumb
 106              	.LBE5:
 107              		.loc 1 85 0
 108 0016 12B9     		cbnz	r2, .L2
 109              		.loc 1 85 0 is_stmt 0 discriminator 1
 110 0018 037F     		ldrb	r3, [r0, #28]	@ zero_extendqisi2
 111              	.LVL12:
 112 001a 0E2B     		cmp	r3, #14
ARM GAS  /tmp/ccyTqvjp.s 			page 3


 113 001c 00D0     		beq	.L7
 114              	.LVL13:
 115              	.L2:
 116 001e 7047     		bx	lr
 117              	.LVL14:
 118              	.L7:
 119              		.loc 1 86 0 is_stmt 1
 120 0020 437F     		ldrb	r3, [r0, #29]	@ zero_extendqisi2
 121 0022 03F00303 		and	r3, r3, #3
 122 0026 012B     		cmp	r3, #1
 123 0028 09D0     		beq	.L4
 124 002a 022B     		cmp	r3, #2
 125 002c F7D1     		bne	.L2
 126              		.loc 1 98 0
 127 002e 4369     		ldr	r3, [r0, #20]
 128 0030 0269     		ldr	r2, [r0, #16]
 129              	.LVL15:
 130              		.loc 1 100 0
 131 0032 406C     		ldr	r0, [r0, #68]
 132              	.LVL16:
 133              		.loc 1 98 0
 134 0034 1A61     		str	r2, [r3, #16]
 135 0036 0A69     		ldr	r2, [r1, #16]
 136 0038 5361     		str	r3, [r2, #20]
 137              		.loc 1 105 0
 138              		.loc 1 100 0
 139 003a FFF7FEBF 		b	chPoolFree
 140              	.LVL17:
 141              	.L4:
 142              		.loc 1 90 0
 143 003e 4369     		ldr	r3, [r0, #20]
 144 0040 0269     		ldr	r2, [r0, #16]
 145              	.LVL18:
 146 0042 1A61     		str	r2, [r3, #16]
 147 0044 0269     		ldr	r2, [r0, #16]
 148 0046 5361     		str	r3, [r2, #20]
 149              		.loc 1 105 0
 150              		.loc 1 92 0
 151 0048 FFF7FEBF 		b	chHeapFree
 152              	.LVL19:
 153              		.cfi_endproc
 154              	.LFE8:
 155              		.size	chThdRelease, .-chThdRelease
 156 004c AFF30080 		.section	.text.chThdCreateFromHeap,"ax",%progbits
 157              		.align	2
 158              		.p2align 4,,15
 159              		.global	chThdCreateFromHeap
 160              		.thumb
 161              		.thumb_func
 162              		.type	chThdCreateFromHeap, %function
 163              	chThdCreateFromHeap:
 164              	.LFB9:
 165              		.loc 1 131 0
 166              		.cfi_startproc
 167              		@ args = 4, pretend = 0, frame = 0
 168              		@ frame_needed = 0, uses_anonymous_args = 0
 169              	.LVL20:
ARM GAS  /tmp/ccyTqvjp.s 			page 4


 170 0000 F0B5     		push	{r4, r5, r6, r7, lr}
 171              	.LCFI0:
 172              		.cfi_def_cfa_offset 20
 173              		.cfi_offset 4, -20
 174              		.cfi_offset 5, -16
 175              		.cfi_offset 6, -12
 176              		.cfi_offset 7, -8
 177              		.cfi_offset 14, -4
 178 0002 83B0     		sub	sp, sp, #12
 179              	.LCFI1:
 180              		.cfi_def_cfa_offset 32
 181              		.loc 1 131 0
 182 0004 1746     		mov	r7, r2
 183 0006 1D46     		mov	r5, r3
 184 0008 0E46     		mov	r6, r1
 185              		.loc 1 135 0
 186 000a FFF7FEFF 		bl	chHeapAlloc
 187              	.LVL21:
 188              		.loc 1 136 0
 189 000e 0446     		mov	r4, r0
 190 0010 90B1     		cbz	r0, .L9
 191              	.LBB6:
 192              		.loc 1 148 0
 193 0012 2023     		movs	r3, #32
 194              	.LVL22:
 195              	@ 148 "/home/felix/Documents/ChibiOS/os/kernel/src/chdynamic.c" 1
 196 0014 83F31188 		msr     BASEPRI, r3
 197              	@ 0 "" 2
 198              	.LVL23:
 199              		.thumb
 200              	.LBE6:
 201              		.loc 1 149 0
 202 0018 089B     		ldr	r3, [sp, #32]
 203              	.LVL24:
 204 001a 3146     		mov	r1, r6
 205 001c 0093     		str	r3, [sp, #0]
 206 001e 3A46     		mov	r2, r7
 207 0020 2B46     		mov	r3, r5
 208 0022 FFF7FEFF 		bl	chThdCreateI
 209              	.LVL25:
 210              		.loc 1 150 0
 211 0026 0123     		movs	r3, #1
 212 0028 4377     		strb	r3, [r0, #29]
 213              		.loc 1 151 0
 214 002a 0021     		movs	r1, #0
 215              		.loc 1 149 0
 216 002c 0446     		mov	r4, r0
 217              	.LVL26:
 218              		.loc 1 151 0
 219 002e FFF7FEFF 		bl	chSchWakeupS
 220              	.LVL27:
 221              	.LBB7:
 222              		.loc 1 152 0
 223 0032 0023     		movs	r3, #0
 224              	.LVL28:
 225              	@ 152 "/home/felix/Documents/ChibiOS/os/kernel/src/chdynamic.c" 1
 226 0034 83F31188 		msr     BASEPRI, r3
ARM GAS  /tmp/ccyTqvjp.s 			page 5


 227              	@ 0 "" 2
 228              	.LVL29:
 229              		.thumb
 230              	.L9:
 231              	.LBE7:
 232              		.loc 1 154 0
 233 0038 2046     		mov	r0, r4
 234 003a 03B0     		add	sp, sp, #12
 235 003c F0BD     		pop	{r4, r5, r6, r7, pc}
 236              		.cfi_endproc
 237              	.LFE9:
 238              		.size	chThdCreateFromHeap, .-chThdCreateFromHeap
 239 003e 00BF     		.section	.text.chThdCreateFromMemoryPool,"ax",%progbits
 240              		.align	2
 241              		.p2align 4,,15
 242              		.global	chThdCreateFromMemoryPool
 243              		.thumb
 244              		.thumb_func
 245              		.type	chThdCreateFromMemoryPool, %function
 246              	chThdCreateFromMemoryPool:
 247              	.LFB10:
 248              		.loc 1 180 0
 249              		.cfi_startproc
 250              		@ args = 0, pretend = 0, frame = 0
 251              		@ frame_needed = 0, uses_anonymous_args = 0
 252              	.LVL30:
 253 0000 2DE9F041 		push	{r4, r5, r6, r7, r8, lr}
 254              	.LCFI2:
 255              		.cfi_def_cfa_offset 24
 256              		.cfi_offset 4, -24
 257              		.cfi_offset 5, -20
 258              		.cfi_offset 6, -16
 259              		.cfi_offset 7, -12
 260              		.cfi_offset 8, -8
 261              		.cfi_offset 14, -4
 262 0004 82B0     		sub	sp, sp, #8
 263              	.LCFI3:
 264              		.cfi_def_cfa_offset 32
 265              		.loc 1 180 0
 266 0006 8846     		mov	r8, r1
 267 0008 1646     		mov	r6, r2
 268 000a 1F46     		mov	r7, r3
 269 000c 0546     		mov	r5, r0
 270              		.loc 1 186 0
 271 000e FFF7FEFF 		bl	chPoolAlloc
 272              	.LVL31:
 273              		.loc 1 187 0
 274 0012 0446     		mov	r4, r0
 275 0014 90B1     		cbz	r0, .L12
 276              	.LBB8:
 277              		.loc 1 199 0
 278 0016 2023     		movs	r3, #32
 279              	.LVL32:
 280              	@ 199 "/home/felix/Documents/ChibiOS/os/kernel/src/chdynamic.c" 1
 281 0018 83F31188 		msr     BASEPRI, r3
 282              	@ 0 "" 2
 283              	.LVL33:
ARM GAS  /tmp/ccyTqvjp.s 			page 6


 284              		.thumb
 285              	.LBE8:
 286              		.loc 1 200 0
 287 001c 6968     		ldr	r1, [r5, #4]
 288 001e 0097     		str	r7, [sp, #0]
 289 0020 4246     		mov	r2, r8
 290 0022 3346     		mov	r3, r6
 291              	.LVL34:
 292 0024 FFF7FEFF 		bl	chThdCreateI
 293              	.LVL35:
 294              		.loc 1 201 0
 295 0028 0223     		movs	r3, #2
 296 002a 4377     		strb	r3, [r0, #29]
 297              		.loc 1 202 0
 298 002c 4564     		str	r5, [r0, #68]
 299              		.loc 1 203 0
 300 002e 0021     		movs	r1, #0
 301              		.loc 1 200 0
 302 0030 0446     		mov	r4, r0
 303              	.LVL36:
 304              		.loc 1 203 0
 305 0032 FFF7FEFF 		bl	chSchWakeupS
 306              	.LVL37:
 307              	.LBB9:
 308              		.loc 1 204 0
 309 0036 0023     		movs	r3, #0
 310              	.LVL38:
 311              	@ 204 "/home/felix/Documents/ChibiOS/os/kernel/src/chdynamic.c" 1
 312 0038 83F31188 		msr     BASEPRI, r3
 313              	@ 0 "" 2
 314              	.LVL39:
 315              		.thumb
 316              	.L12:
 317              	.LBE9:
 318              		.loc 1 206 0
 319 003c 2046     		mov	r0, r4
 320 003e 02B0     		add	sp, sp, #8
 321 0040 BDE8F081 		pop	{r4, r5, r6, r7, r8, pc}
 322              		.cfi_endproc
 323              	.LFE10:
 324              		.size	chThdCreateFromMemoryPool, .-chThdCreateFromMemoryPool
 325 0044 AFF30080 		.text
 325      AFF30080 
 325      AFF30080 
 326              	.Letext0:
 327              		.file 2 "/opt/tools_arm/lib/gcc/arm-none-eabi/4.7.3/include/stddef.h"
 328              		.file 3 "/opt/tools_arm/lib/gcc/arm-none-eabi/4.7.3/../../../../arm-none-eabi/include/stdint.h"
 329              		.file 4 "/home/felix/Documents/ChibiOS/os/ports/GCC/ARMCMx/chtypes.h"
 330              		.file 5 "/home/felix/Documents/ChibiOS/os/kernel/include/chlists.h"
 331              		.file 6 "/home/felix/Documents/ChibiOS/os/kernel/include/chthreads.h"
 332              		.file 7 "/home/felix/Documents/ChibiOS/os/ports/GCC/ARMCMx/chcore_v7m.h"
 333              		.file 8 "/home/felix/Documents/ChibiOS/os/kernel/include/chmtx.h"
 334              		.file 9 "/home/felix/Documents/ChibiOS/os/kernel/include/chmemcore.h"
 335              		.file 10 "/home/felix/Documents/ChibiOS/os/kernel/include/chheap.h"
 336              		.file 11 "/home/felix/Documents/ChibiOS/os/kernel/include/chmempools.h"
 337              		.file 12 "/home/felix/Documents/ChibiOS/os/kernel/include/chschd.h"
 338              		.section	.debug_info,"",%progbits
ARM GAS  /tmp/ccyTqvjp.s 			page 7


 339              	.Ldebug_info0:
 340 0000 02090000 		.4byte	0x902
 341 0004 0200     		.2byte	0x2
 342 0006 00000000 		.4byte	.Ldebug_abbrev0
 343 000a 04       		.byte	0x4
 344 000b 01       		.uleb128 0x1
 345 000c 58030000 		.4byte	.LASF88
 346 0010 01       		.byte	0x1
 347 0011 72010000 		.4byte	.LASF89
 348 0015 00000000 		.4byte	.Ldebug_ranges0+0
 349 0019 00000000 		.4byte	0
 350 001d 00000000 		.4byte	0
 351 0021 00000000 		.4byte	.Ldebug_line0
 352 0025 02       		.uleb128 0x2
 353 0026 04       		.byte	0x4
 354 0027 05       		.byte	0x5
 355 0028 696E7400 		.ascii	"int\000"
 356 002c 03       		.uleb128 0x3
 357 002d 0E000000 		.4byte	.LASF2
 358 0031 02       		.byte	0x2
 359 0032 D5       		.byte	0xd5
 360 0033 37000000 		.4byte	0x37
 361 0037 04       		.uleb128 0x4
 362 0038 04       		.byte	0x4
 363 0039 07       		.byte	0x7
 364 003a 33010000 		.4byte	.LASF0
 365 003e 04       		.uleb128 0x4
 366 003f 01       		.byte	0x1
 367 0040 06       		.byte	0x6
 368 0041 84000000 		.4byte	.LASF1
 369 0045 03       		.uleb128 0x3
 370 0046 50030000 		.4byte	.LASF3
 371 004a 03       		.byte	0x3
 372 004b 2A       		.byte	0x2a
 373 004c 50000000 		.4byte	0x50
 374 0050 04       		.uleb128 0x4
 375 0051 01       		.byte	0x1
 376 0052 08       		.byte	0x8
 377 0053 5C020000 		.4byte	.LASF4
 378 0057 04       		.uleb128 0x4
 379 0058 02       		.byte	0x2
 380 0059 05       		.byte	0x5
 381 005a 7F020000 		.4byte	.LASF5
 382 005e 04       		.uleb128 0x4
 383 005f 02       		.byte	0x2
 384 0060 07       		.byte	0x7
 385 0061 5F010000 		.4byte	.LASF6
 386 0065 03       		.uleb128 0x3
 387 0066 54020000 		.4byte	.LASF7
 388 006a 03       		.byte	0x3
 389 006b 4F       		.byte	0x4f
 390 006c 70000000 		.4byte	0x70
 391 0070 04       		.uleb128 0x4
 392 0071 04       		.byte	0x4
 393 0072 05       		.byte	0x5
 394 0073 C8000000 		.4byte	.LASF8
 395 0077 03       		.uleb128 0x3
ARM GAS  /tmp/ccyTqvjp.s 			page 8


 396 0078 E8020000 		.4byte	.LASF9
 397 007c 03       		.byte	0x3
 398 007d 50       		.byte	0x50
 399 007e 82000000 		.4byte	0x82
 400 0082 04       		.uleb128 0x4
 401 0083 04       		.byte	0x4
 402 0084 07       		.byte	0x7
 403 0085 40010000 		.4byte	.LASF10
 404 0089 04       		.uleb128 0x4
 405 008a 08       		.byte	0x8
 406 008b 05       		.byte	0x5
 407 008c 76000000 		.4byte	.LASF11
 408 0090 03       		.uleb128 0x3
 409 0091 1C000000 		.4byte	.LASF12
 410 0095 03       		.byte	0x3
 411 0096 78       		.byte	0x78
 412 0097 9B000000 		.4byte	0x9b
 413 009b 04       		.uleb128 0x4
 414 009c 08       		.byte	0x8
 415 009d 07       		.byte	0x7
 416 009e 3D000000 		.4byte	.LASF13
 417 00a2 04       		.uleb128 0x4
 418 00a3 01       		.byte	0x1
 419 00a4 02       		.byte	0x2
 420 00a5 4E020000 		.4byte	.LASF14
 421 00a9 03       		.uleb128 0x3
 422 00aa B0010000 		.4byte	.LASF15
 423 00ae 04       		.byte	0x4
 424 00af 2C       		.byte	0x2c
 425 00b0 45000000 		.4byte	0x45
 426 00b4 03       		.uleb128 0x3
 427 00b5 E5000000 		.4byte	.LASF16
 428 00b9 04       		.byte	0x4
 429 00ba 2D       		.byte	0x2d
 430 00bb 45000000 		.4byte	0x45
 431 00bf 03       		.uleb128 0x3
 432 00c0 32020000 		.4byte	.LASF17
 433 00c4 04       		.byte	0x4
 434 00c5 2E       		.byte	0x2e
 435 00c6 45000000 		.4byte	0x45
 436 00ca 03       		.uleb128 0x3
 437 00cb B1000000 		.4byte	.LASF18
 438 00cf 04       		.byte	0x4
 439 00d0 2F       		.byte	0x2f
 440 00d1 45000000 		.4byte	0x45
 441 00d5 03       		.uleb128 0x3
 442 00d6 46020000 		.4byte	.LASF19
 443 00da 04       		.byte	0x4
 444 00db 30       		.byte	0x30
 445 00dc 77000000 		.4byte	0x77
 446 00e0 03       		.uleb128 0x3
 447 00e1 AA010000 		.4byte	.LASF20
 448 00e5 04       		.byte	0x4
 449 00e6 31       		.byte	0x31
 450 00e7 65000000 		.4byte	0x65
 451 00eb 03       		.uleb128 0x3
 452 00ec C4010000 		.4byte	.LASF21
ARM GAS  /tmp/ccyTqvjp.s 			page 9


 453 00f0 04       		.byte	0x4
 454 00f1 33       		.byte	0x33
 455 00f2 77000000 		.4byte	0x77
 456 00f6 03       		.uleb128 0x3
 457 00f7 02030000 		.4byte	.LASF22
 458 00fb 04       		.byte	0x4
 459 00fc 35       		.byte	0x35
 460 00fd 77000000 		.4byte	0x77
 461 0101 03       		.uleb128 0x3
 462 0102 CA020000 		.4byte	.LASF23
 463 0106 05       		.byte	0x5
 464 0107 2A       		.byte	0x2a
 465 0108 0C010000 		.4byte	0x10c
 466 010c 05       		.uleb128 0x5
 467 010d CA020000 		.4byte	.LASF23
 468 0111 48       		.byte	0x48
 469 0112 06       		.byte	0x6
 470 0113 5E       		.byte	0x5e
 471 0114 31020000 		.4byte	0x231
 472 0118 06       		.uleb128 0x6
 473 0119 AE020000 		.4byte	.LASF24
 474 011d 06       		.byte	0x6
 475 011e 5F       		.byte	0x5f
 476 011f 56020000 		.4byte	0x256
 477 0123 02       		.byte	0x2
 478 0124 23       		.byte	0x23
 479 0125 00       		.uleb128 0
 480 0126 06       		.uleb128 0x6
 481 0127 3F020000 		.4byte	.LASF25
 482 012b 06       		.byte	0x6
 483 012c 61       		.byte	0x61
 484 012d 56020000 		.4byte	0x256
 485 0131 02       		.byte	0x2
 486 0132 23       		.byte	0x23
 487 0133 04       		.uleb128 0x4
 488 0134 06       		.uleb128 0x6
 489 0135 6F000000 		.4byte	.LASF26
 490 0139 06       		.byte	0x6
 491 013a 63       		.byte	0x63
 492 013b D5000000 		.4byte	0xd5
 493 013f 02       		.byte	0x2
 494 0140 23       		.byte	0x23
 495 0141 08       		.uleb128 0x8
 496 0142 06       		.uleb128 0x6
 497 0143 A7030000 		.4byte	.LASF27
 498 0147 06       		.byte	0x6
 499 0148 64       		.byte	0x64
 500 0149 2F030000 		.4byte	0x32f
 501 014d 02       		.byte	0x2
 502 014e 23       		.byte	0x23
 503 014f 0C       		.uleb128 0xc
 504 0150 06       		.uleb128 0x6
 505 0151 F6000000 		.4byte	.LASF28
 506 0155 06       		.byte	0x6
 507 0156 66       		.byte	0x66
 508 0157 56020000 		.4byte	0x256
 509 015b 02       		.byte	0x2
ARM GAS  /tmp/ccyTqvjp.s 			page 10


 510 015c 23       		.byte	0x23
 511 015d 10       		.uleb128 0x10
 512 015e 06       		.uleb128 0x6
 513 015f F6010000 		.4byte	.LASF29
 514 0163 06       		.byte	0x6
 515 0164 67       		.byte	0x67
 516 0165 56020000 		.4byte	0x256
 517 0169 02       		.byte	0x2
 518 016a 23       		.byte	0x23
 519 016b 14       		.uleb128 0x14
 520 016c 06       		.uleb128 0x6
 521 016d 98030000 		.4byte	.LASF30
 522 0171 06       		.byte	0x6
 523 0172 6E       		.byte	0x6e
 524 0173 0C050000 		.4byte	0x50c
 525 0177 02       		.byte	0x2
 526 0178 23       		.byte	0x23
 527 0179 18       		.uleb128 0x18
 528 017a 06       		.uleb128 0x6
 529 017b 89020000 		.4byte	.LASF31
 530 017f 06       		.byte	0x6
 531 0180 79       		.byte	0x79
 532 0181 B4000000 		.4byte	0xb4
 533 0185 02       		.byte	0x2
 534 0186 23       		.byte	0x23
 535 0187 1C       		.uleb128 0x1c
 536 0188 06       		.uleb128 0x6
 537 0189 B5020000 		.4byte	.LASF32
 538 018d 06       		.byte	0x6
 539 018e 7D       		.byte	0x7d
 540 018f A9000000 		.4byte	0xa9
 541 0193 02       		.byte	0x2
 542 0194 23       		.byte	0x23
 543 0195 1D       		.uleb128 0x1d
 544 0196 06       		.uleb128 0x6
 545 0197 49030000 		.4byte	.LASF33
 546 019b 06       		.byte	0x6
 547 019c 82       		.byte	0x82
 548 019d BF000000 		.4byte	0xbf
 549 01a1 02       		.byte	0x2
 550 01a2 23       		.byte	0x23
 551 01a3 1E       		.uleb128 0x1e
 552 01a4 06       		.uleb128 0x6
 553 01a5 91020000 		.4byte	.LASF34
 554 01a9 06       		.byte	0x6
 555 01aa 88       		.byte	0x88
 556 01ab CA000000 		.4byte	0xca
 557 01af 02       		.byte	0x2
 558 01b0 23       		.byte	0x23
 559 01b1 1F       		.uleb128 0x1f
 560 01b2 06       		.uleb128 0x6
 561 01b3 17030000 		.4byte	.LASF35
 562 01b7 06       		.byte	0x6
 563 01b8 8F       		.byte	0x8f
 564 01b9 59030000 		.4byte	0x359
 565 01bd 02       		.byte	0x2
 566 01be 23       		.byte	0x23
ARM GAS  /tmp/ccyTqvjp.s 			page 11


 567 01bf 20       		.uleb128 0x20
 568 01c0 07       		.uleb128 0x7
 569 01c1 705F7500 		.ascii	"p_u\000"
 570 01c5 06       		.byte	0x6
 571 01c6 B4       		.byte	0xb4
 572 01c7 D7040000 		.4byte	0x4d7
 573 01cb 02       		.byte	0x2
 574 01cc 23       		.byte	0x23
 575 01cd 24       		.uleb128 0x24
 576 01ce 06       		.uleb128 0x6
 577 01cf AD030000 		.4byte	.LASF36
 578 01d3 06       		.byte	0x6
 579 01d4 B9       		.byte	0xb9
 580 01d5 7E020000 		.4byte	0x27e
 581 01d9 02       		.byte	0x2
 582 01da 23       		.byte	0x23
 583 01db 28       		.uleb128 0x28
 584 01dc 06       		.uleb128 0x6
 585 01dd 25030000 		.4byte	.LASF37
 586 01e1 06       		.byte	0x6
 587 01e2 BF       		.byte	0xbf
 588 01e3 5C020000 		.4byte	0x25c
 589 01e7 02       		.byte	0x2
 590 01e8 23       		.byte	0x23
 591 01e9 2C       		.uleb128 0x2c
 592 01ea 06       		.uleb128 0x6
 593 01eb 08000000 		.4byte	.LASF38
 594 01ef 06       		.byte	0x6
 595 01f0 C3       		.byte	0xc3
 596 01f1 E0000000 		.4byte	0xe0
 597 01f5 02       		.byte	0x2
 598 01f6 23       		.byte	0x23
 599 01f7 34       		.uleb128 0x34
 600 01f8 06       		.uleb128 0x6
 601 01f9 DD020000 		.4byte	.LASF39
 602 01fd 06       		.byte	0x6
 603 01fe C9       		.byte	0xc9
 604 01ff EB000000 		.4byte	0xeb
 605 0203 02       		.byte	0x2
 606 0204 23       		.byte	0x23
 607 0205 38       		.uleb128 0x38
 608 0206 06       		.uleb128 0x6
 609 0207 75020000 		.4byte	.LASF40
 610 020b 06       		.byte	0x6
 611 020c D0       		.byte	0xd0
 612 020d 1E050000 		.4byte	0x51e
 613 0211 02       		.byte	0x2
 614 0212 23       		.byte	0x23
 615 0213 3C       		.uleb128 0x3c
 616 0214 06       		.uleb128 0x6
 617 0215 0C030000 		.4byte	.LASF41
 618 0219 06       		.byte	0x6
 619 021a D4       		.byte	0xd4
 620 021b D5000000 		.4byte	0xd5
 621 021f 02       		.byte	0x2
 622 0220 23       		.byte	0x23
 623 0221 40       		.uleb128 0x40
ARM GAS  /tmp/ccyTqvjp.s 			page 12


 624 0222 06       		.uleb128 0x6
 625 0223 96000000 		.4byte	.LASF42
 626 0227 06       		.byte	0x6
 627 0228 DA       		.byte	0xda
 628 0229 94020000 		.4byte	0x294
 629 022d 02       		.byte	0x2
 630 022e 23       		.byte	0x23
 631 022f 44       		.uleb128 0x44
 632 0230 00       		.byte	0
 633 0231 08       		.uleb128 0x8
 634 0232 08       		.byte	0x8
 635 0233 05       		.byte	0x5
 636 0234 61       		.byte	0x61
 637 0235 56020000 		.4byte	0x256
 638 0239 06       		.uleb128 0x6
 639 023a AE020000 		.4byte	.LASF24
 640 023e 05       		.byte	0x5
 641 023f 62       		.byte	0x62
 642 0240 56020000 		.4byte	0x256
 643 0244 02       		.byte	0x2
 644 0245 23       		.byte	0x23
 645 0246 00       		.uleb128 0
 646 0247 06       		.uleb128 0x6
 647 0248 3F020000 		.4byte	.LASF25
 648 024c 05       		.byte	0x5
 649 024d 64       		.byte	0x64
 650 024e 56020000 		.4byte	0x256
 651 0252 02       		.byte	0x2
 652 0253 23       		.byte	0x23
 653 0254 04       		.uleb128 0x4
 654 0255 00       		.byte	0
 655 0256 09       		.uleb128 0x9
 656 0257 04       		.byte	0x4
 657 0258 01010000 		.4byte	0x101
 658 025c 03       		.uleb128 0x3
 659 025d FE010000 		.4byte	.LASF43
 660 0261 05       		.byte	0x5
 661 0262 66       		.byte	0x66
 662 0263 31020000 		.4byte	0x231
 663 0267 08       		.uleb128 0x8
 664 0268 04       		.byte	0x4
 665 0269 05       		.byte	0x5
 666 026a 6B       		.byte	0x6b
 667 026b 7E020000 		.4byte	0x27e
 668 026f 06       		.uleb128 0x6
 669 0270 AE020000 		.4byte	.LASF24
 670 0274 05       		.byte	0x5
 671 0275 6D       		.byte	0x6d
 672 0276 56020000 		.4byte	0x256
 673 027a 02       		.byte	0x2
 674 027b 23       		.byte	0x23
 675 027c 00       		.uleb128 0
 676 027d 00       		.byte	0
 677 027e 03       		.uleb128 0x3
 678 027f B8010000 		.4byte	.LASF44
 679 0283 05       		.byte	0x5
 680 0284 70       		.byte	0x70
ARM GAS  /tmp/ccyTqvjp.s 			page 13


 681 0285 67020000 		.4byte	0x267
 682 0289 03       		.uleb128 0x3
 683 028a 24010000 		.4byte	.LASF45
 684 028e 07       		.byte	0x7
 685 028f E5       		.byte	0xe5
 686 0290 94020000 		.4byte	0x294
 687 0294 0A       		.uleb128 0xa
 688 0295 04       		.byte	0x4
 689 0296 03       		.uleb128 0x3
 690 0297 E2010000 		.4byte	.LASF46
 691 029b 07       		.byte	0x7
 692 029c EB       		.byte	0xeb
 693 029d 90000000 		.4byte	0x90
 694 02a1 0B       		.uleb128 0xb
 695 02a2 1E030000 		.4byte	.LASF47
 696 02a6 24       		.byte	0x24
 697 02a7 07       		.byte	0x7
 698 02a8 0C01     		.2byte	0x10c
 699 02aa 2F030000 		.4byte	0x32f
 700 02ae 0C       		.uleb128 0xc
 701 02af 723400   		.ascii	"r4\000"
 702 02b2 07       		.byte	0x7
 703 02b3 1F01     		.2byte	0x11f
 704 02b5 89020000 		.4byte	0x289
 705 02b9 02       		.byte	0x2
 706 02ba 23       		.byte	0x23
 707 02bb 00       		.uleb128 0
 708 02bc 0C       		.uleb128 0xc
 709 02bd 723500   		.ascii	"r5\000"
 710 02c0 07       		.byte	0x7
 711 02c1 2001     		.2byte	0x120
 712 02c3 89020000 		.4byte	0x289
 713 02c7 02       		.byte	0x2
 714 02c8 23       		.byte	0x23
 715 02c9 04       		.uleb128 0x4
 716 02ca 0C       		.uleb128 0xc
 717 02cb 723600   		.ascii	"r6\000"
 718 02ce 07       		.byte	0x7
 719 02cf 2101     		.2byte	0x121
 720 02d1 89020000 		.4byte	0x289
 721 02d5 02       		.byte	0x2
 722 02d6 23       		.byte	0x23
 723 02d7 08       		.uleb128 0x8
 724 02d8 0C       		.uleb128 0xc
 725 02d9 723700   		.ascii	"r7\000"
 726 02dc 07       		.byte	0x7
 727 02dd 2201     		.2byte	0x122
 728 02df 89020000 		.4byte	0x289
 729 02e3 02       		.byte	0x2
 730 02e4 23       		.byte	0x23
 731 02e5 0C       		.uleb128 0xc
 732 02e6 0C       		.uleb128 0xc
 733 02e7 723800   		.ascii	"r8\000"
 734 02ea 07       		.byte	0x7
 735 02eb 2301     		.2byte	0x123
 736 02ed 89020000 		.4byte	0x289
 737 02f1 02       		.byte	0x2
ARM GAS  /tmp/ccyTqvjp.s 			page 14


 738 02f2 23       		.byte	0x23
 739 02f3 10       		.uleb128 0x10
 740 02f4 0C       		.uleb128 0xc
 741 02f5 723900   		.ascii	"r9\000"
 742 02f8 07       		.byte	0x7
 743 02f9 2401     		.2byte	0x124
 744 02fb 89020000 		.4byte	0x289
 745 02ff 02       		.byte	0x2
 746 0300 23       		.byte	0x23
 747 0301 14       		.uleb128 0x14
 748 0302 0C       		.uleb128 0xc
 749 0303 72313000 		.ascii	"r10\000"
 750 0307 07       		.byte	0x7
 751 0308 2501     		.2byte	0x125
 752 030a 89020000 		.4byte	0x289
 753 030e 02       		.byte	0x2
 754 030f 23       		.byte	0x23
 755 0310 18       		.uleb128 0x18
 756 0311 0C       		.uleb128 0xc
 757 0312 72313100 		.ascii	"r11\000"
 758 0316 07       		.byte	0x7
 759 0317 2601     		.2byte	0x126
 760 0319 89020000 		.4byte	0x289
 761 031d 02       		.byte	0x2
 762 031e 23       		.byte	0x23
 763 031f 1C       		.uleb128 0x1c
 764 0320 0C       		.uleb128 0xc
 765 0321 6C7200   		.ascii	"lr\000"
 766 0324 07       		.byte	0x7
 767 0325 2701     		.2byte	0x127
 768 0327 89020000 		.4byte	0x289
 769 032b 02       		.byte	0x2
 770 032c 23       		.byte	0x23
 771 032d 20       		.uleb128 0x20
 772 032e 00       		.byte	0
 773 032f 0B       		.uleb128 0xb
 774 0330 52010000 		.4byte	.LASF48
 775 0334 04       		.byte	0x4
 776 0335 07       		.byte	0x7
 777 0336 3101     		.2byte	0x131
 778 0338 4C030000 		.4byte	0x34c
 779 033c 0C       		.uleb128 0xc
 780 033d 72313300 		.ascii	"r13\000"
 781 0341 07       		.byte	0x7
 782 0342 3201     		.2byte	0x132
 783 0344 4C030000 		.4byte	0x34c
 784 0348 02       		.byte	0x2
 785 0349 23       		.byte	0x23
 786 034a 00       		.uleb128 0
 787 034b 00       		.byte	0
 788 034c 09       		.uleb128 0x9
 789 034d 04       		.byte	0x4
 790 034e A1020000 		.4byte	0x2a1
 791 0352 04       		.uleb128 0x4
 792 0353 04       		.byte	0x4
 793 0354 07       		.byte	0x7
 794 0355 ED010000 		.4byte	.LASF49
ARM GAS  /tmp/ccyTqvjp.s 			page 15


 795 0359 0D       		.uleb128 0xd
 796 035a F6000000 		.4byte	0xf6
 797 035e 05       		.uleb128 0x5
 798 035f D0010000 		.4byte	.LASF50
 799 0363 10       		.byte	0x10
 800 0364 08       		.byte	0x8
 801 0365 2C       		.byte	0x2c
 802 0366 95030000 		.4byte	0x395
 803 036a 06       		.uleb128 0x6
 804 036b 9E000000 		.4byte	.LASF51
 805 036f 08       		.byte	0x8
 806 0370 2D       		.byte	0x2d
 807 0371 5C020000 		.4byte	0x25c
 808 0375 02       		.byte	0x2
 809 0376 23       		.byte	0x23
 810 0377 00       		.uleb128 0
 811 0378 06       		.uleb128 0x6
 812 0379 9F030000 		.4byte	.LASF52
 813 037d 08       		.byte	0x8
 814 037e 2F       		.byte	0x2f
 815 037f 56020000 		.4byte	0x256
 816 0383 02       		.byte	0x2
 817 0384 23       		.byte	0x23
 818 0385 08       		.uleb128 0x8
 819 0386 06       		.uleb128 0x6
 820 0387 FB020000 		.4byte	.LASF53
 821 038b 08       		.byte	0x8
 822 038c 31       		.byte	0x31
 823 038d 95030000 		.4byte	0x395
 824 0391 02       		.byte	0x2
 825 0392 23       		.byte	0x23
 826 0393 0C       		.uleb128 0xc
 827 0394 00       		.byte	0
 828 0395 09       		.uleb128 0x9
 829 0396 04       		.byte	0x4
 830 0397 5E030000 		.4byte	0x35e
 831 039b 03       		.uleb128 0x3
 832 039c D0010000 		.4byte	.LASF50
 833 03a0 08       		.byte	0x8
 834 03a1 33       		.byte	0x33
 835 03a2 5E030000 		.4byte	0x35e
 836 03a6 03       		.uleb128 0x3
 837 03a7 30000000 		.4byte	.LASF54
 838 03ab 09       		.byte	0x9
 839 03ac 2C       		.byte	0x2c
 840 03ad B1030000 		.4byte	0x3b1
 841 03b1 09       		.uleb128 0x9
 842 03b2 04       		.byte	0x4
 843 03b3 B7030000 		.4byte	0x3b7
 844 03b7 0E       		.uleb128 0xe
 845 03b8 01       		.byte	0x1
 846 03b9 94020000 		.4byte	0x294
 847 03bd C7030000 		.4byte	0x3c7
 848 03c1 0F       		.uleb128 0xf
 849 03c2 2C000000 		.4byte	0x2c
 850 03c6 00       		.byte	0
 851 03c7 03       		.uleb128 0x3
ARM GAS  /tmp/ccyTqvjp.s 			page 16


 852 03c8 1F020000 		.4byte	.LASF55
 853 03cc 0A       		.byte	0xa
 854 03cd 34       		.byte	0x34
 855 03ce D2030000 		.4byte	0x3d2
 856 03d2 05       		.uleb128 0x5
 857 03d3 B7030000 		.4byte	.LASF56
 858 03d7 20       		.byte	0x20
 859 03d8 0A       		.byte	0xa
 860 03d9 47       		.byte	0x47
 861 03da 09040000 		.4byte	0x409
 862 03de 06       		.uleb128 0x6
 863 03df 6A020000 		.4byte	.LASF57
 864 03e3 0A       		.byte	0xa
 865 03e4 48       		.byte	0x48
 866 03e5 A6030000 		.4byte	0x3a6
 867 03e9 02       		.byte	0x2
 868 03ea 23       		.byte	0x23
 869 03eb 00       		.uleb128 0
 870 03ec 06       		.uleb128 0x6
 871 03ed 5D000000 		.4byte	.LASF58
 872 03f1 0A       		.byte	0xa
 873 03f2 4A       		.byte	0x4a
 874 03f3 28040000 		.4byte	0x428
 875 03f7 02       		.byte	0x2
 876 03f8 23       		.byte	0x23
 877 03f9 08       		.uleb128 0x8
 878 03fa 06       		.uleb128 0x6
 879 03fb 90000000 		.4byte	.LASF59
 880 03ff 0A       		.byte	0xa
 881 0400 4C       		.byte	0x4c
 882 0401 9B030000 		.4byte	0x39b
 883 0405 02       		.byte	0x2
 884 0406 23       		.byte	0x23
 885 0407 10       		.uleb128 0x10
 886 0408 00       		.byte	0
 887 0409 10       		.uleb128 0x10
 888 040a 04       		.byte	0x4
 889 040b 0A       		.byte	0xa
 890 040c 3C       		.byte	0x3c
 891 040d 28040000 		.4byte	0x428
 892 0411 11       		.uleb128 0x11
 893 0412 6A000000 		.4byte	.LASF60
 894 0416 0A       		.byte	0xa
 895 0417 3D       		.byte	0x3d
 896 0418 49040000 		.4byte	0x449
 897 041c 11       		.uleb128 0x11
 898 041d F1020000 		.4byte	.LASF61
 899 0421 0A       		.byte	0xa
 900 0422 3E       		.byte	0x3e
 901 0423 4F040000 		.4byte	0x44f
 902 0427 00       		.byte	0
 903 0428 12       		.uleb128 0x12
 904 0429 9B020000 		.4byte	.LASF90
 905 042d 08       		.byte	0x8
 906 042e 0A       		.byte	0xa
 907 042f 39       		.byte	0x39
 908 0430 49040000 		.4byte	0x449
ARM GAS  /tmp/ccyTqvjp.s 			page 17


 909 0434 11       		.uleb128 0x11
 910 0435 2D010000 		.4byte	.LASF62
 911 0439 0A       		.byte	0xa
 912 043a 3A       		.byte	0x3a
 913 043b 96020000 		.4byte	0x296
 914 043f 13       		.uleb128 0x13
 915 0440 6800     		.ascii	"h\000"
 916 0442 0A       		.byte	0xa
 917 0443 41       		.byte	0x41
 918 0444 55040000 		.4byte	0x455
 919 0448 00       		.byte	0
 920 0449 09       		.uleb128 0x9
 921 044a 04       		.byte	0x4
 922 044b 28040000 		.4byte	0x428
 923 044f 09       		.uleb128 0x9
 924 0450 04       		.byte	0x4
 925 0451 C7030000 		.4byte	0x3c7
 926 0455 08       		.uleb128 0x8
 927 0456 08       		.byte	0x8
 928 0457 0A       		.byte	0xa
 929 0458 3B       		.byte	0x3b
 930 0459 78040000 		.4byte	0x478
 931 045d 07       		.uleb128 0x7
 932 045e 7500     		.ascii	"u\000"
 933 0460 0A       		.byte	0xa
 934 0461 3F       		.byte	0x3f
 935 0462 09040000 		.4byte	0x409
 936 0466 02       		.byte	0x2
 937 0467 23       		.byte	0x23
 938 0468 00       		.uleb128 0
 939 0469 06       		.uleb128 0x6
 940 046a 5A010000 		.4byte	.LASF63
 941 046e 0A       		.byte	0xa
 942 046f 40       		.byte	0x40
 943 0470 2C000000 		.4byte	0x2c
 944 0474 02       		.byte	0x2
 945 0475 23       		.byte	0x23
 946 0476 04       		.uleb128 0x4
 947 0477 00       		.byte	0
 948 0478 05       		.uleb128 0x5
 949 0479 3D030000 		.4byte	.LASF64
 950 047d 04       		.byte	0x4
 951 047e 0B       		.byte	0xb
 952 047f 2C       		.byte	0x2c
 953 0480 93040000 		.4byte	0x493
 954 0484 06       		.uleb128 0x6
 955 0485 2A020000 		.4byte	.LASF65
 956 0489 0B       		.byte	0xb
 957 048a 2D       		.byte	0x2d
 958 048b 93040000 		.4byte	0x493
 959 048f 02       		.byte	0x2
 960 0490 23       		.byte	0x23
 961 0491 00       		.uleb128 0
 962 0492 00       		.byte	0
 963 0493 09       		.uleb128 0x9
 964 0494 04       		.byte	0x4
 965 0495 78040000 		.4byte	0x478
ARM GAS  /tmp/ccyTqvjp.s 			page 18


 966 0499 08       		.uleb128 0x8
 967 049a 0C       		.byte	0xc
 968 049b 0B       		.byte	0xb
 969 049c 34       		.byte	0x34
 970 049d CC040000 		.4byte	0x4cc
 971 04a1 06       		.uleb128 0x6
 972 04a2 EE000000 		.4byte	.LASF66
 973 04a6 0B       		.byte	0xb
 974 04a7 35       		.byte	0x35
 975 04a8 93040000 		.4byte	0x493
 976 04ac 02       		.byte	0x2
 977 04ad 23       		.byte	0x23
 978 04ae 00       		.uleb128 0
 979 04af 06       		.uleb128 0x6
 980 04b0 0B020000 		.4byte	.LASF67
 981 04b4 0B       		.byte	0xb
 982 04b5 36       		.byte	0x36
 983 04b6 2C000000 		.4byte	0x2c
 984 04ba 02       		.byte	0x2
 985 04bb 23       		.byte	0x23
 986 04bc 04       		.uleb128 0x4
 987 04bd 06       		.uleb128 0x6
 988 04be 18010000 		.4byte	.LASF68
 989 04c2 0B       		.byte	0xb
 990 04c3 38       		.byte	0x38
 991 04c4 A6030000 		.4byte	0x3a6
 992 04c8 02       		.byte	0x2
 993 04c9 23       		.byte	0x23
 994 04ca 08       		.uleb128 0x8
 995 04cb 00       		.byte	0
 996 04cc 03       		.uleb128 0x3
 997 04cd 25000000 		.4byte	.LASF69
 998 04d1 0B       		.byte	0xb
 999 04d2 3A       		.byte	0x3a
 1000 04d3 99040000 		.4byte	0x499
 1001 04d7 10       		.uleb128 0x10
 1002 04d8 04       		.byte	0x4
 1003 04d9 06       		.byte	0x6
 1004 04da 96       		.byte	0x96
 1005 04db 0C050000 		.4byte	0x50c
 1006 04df 11       		.uleb128 0x11
 1007 04e0 15000000 		.4byte	.LASF70
 1008 04e4 06       		.byte	0x6
 1009 04e5 9D       		.byte	0x9d
 1010 04e6 E0000000 		.4byte	0xe0
 1011 04ea 11       		.uleb128 0x11
 1012 04eb 54000000 		.4byte	.LASF71
 1013 04ef 06       		.byte	0x6
 1014 04f0 A4       		.byte	0xa4
 1015 04f1 E0000000 		.4byte	0xe0
 1016 04f5 11       		.uleb128 0x11
 1017 04f6 91030000 		.4byte	.LASF72
 1018 04fa 06       		.byte	0x6
 1019 04fb AB       		.byte	0xab
 1020 04fc 94020000 		.4byte	0x294
 1021 0500 11       		.uleb128 0x11
 1022 0501 A7020000 		.4byte	.LASF73
ARM GAS  /tmp/ccyTqvjp.s 			page 19


 1023 0505 06       		.byte	0x6
 1024 0506 B2       		.byte	0xb2
 1025 0507 EB000000 		.4byte	0xeb
 1026 050b 00       		.byte	0
 1027 050c 09       		.uleb128 0x9
 1028 050d 04       		.byte	0x4
 1029 050e 12050000 		.4byte	0x512
 1030 0512 14       		.uleb128 0x14
 1031 0513 17050000 		.4byte	0x517
 1032 0517 04       		.uleb128 0x4
 1033 0518 01       		.byte	0x1
 1034 0519 08       		.byte	0x8
 1035 051a F6020000 		.4byte	.LASF74
 1036 051e 09       		.uleb128 0x9
 1037 051f 04       		.byte	0x4
 1038 0520 9B030000 		.4byte	0x39b
 1039 0524 03       		.uleb128 0x3
 1040 0525 00000000 		.4byte	.LASF75
 1041 0529 06       		.byte	0x6
 1042 052a E5       		.byte	0xe5
 1043 052b 2F050000 		.4byte	0x52f
 1044 052f 09       		.uleb128 0x9
 1045 0530 04       		.byte	0x4
 1046 0531 35050000 		.4byte	0x535
 1047 0535 0E       		.uleb128 0xe
 1048 0536 01       		.byte	0x1
 1049 0537 E0000000 		.4byte	0xe0
 1050 053b 45050000 		.4byte	0x545
 1051 053f 0F       		.uleb128 0xf
 1052 0540 94020000 		.4byte	0x294
 1053 0544 00       		.byte	0
 1054 0545 15       		.uleb128 0x15
 1055 0546 01       		.byte	0x1
 1056 0547 D6010000 		.4byte	.LASF77
 1057 054b 01       		.byte	0x1
 1058 054c 34       		.byte	0x34
 1059 054d 01       		.byte	0x1
 1060 054e 56020000 		.4byte	0x256
 1061 0552 00000000 		.4byte	.LFB7
 1062 0556 14000000 		.4byte	.LFE7
 1063 055a 02       		.byte	0x2
 1064 055b 7D       		.byte	0x7d
 1065 055c 00       		.sleb128 0
 1066 055d 01       		.byte	0x1
 1067 055e A5050000 		.4byte	0x5a5
 1068 0562 16       		.uleb128 0x16
 1069 0563 747000   		.ascii	"tp\000"
 1070 0566 01       		.byte	0x1
 1071 0567 34       		.byte	0x34
 1072 0568 56020000 		.4byte	0x256
 1073 056c 01       		.byte	0x1
 1074 056d 50       		.byte	0x50
 1075 056e 17       		.uleb128 0x17
 1076 056f 00000000 		.4byte	.LBB2
 1077 0573 06000000 		.4byte	.LBE2
 1078 0577 8B050000 		.4byte	0x58b
 1079 057b 18       		.uleb128 0x18
ARM GAS  /tmp/ccyTqvjp.s 			page 20


 1080 057c 746D7000 		.ascii	"tmp\000"
 1081 0580 01       		.byte	0x1
 1082 0581 36       		.byte	0x36
 1083 0582 77000000 		.4byte	0x77
 1084 0586 00000000 		.4byte	.LLST0
 1085 058a 00       		.byte	0
 1086 058b 19       		.uleb128 0x19
 1087 058c 0C000000 		.4byte	.LBB3
 1088 0590 12000000 		.4byte	.LBE3
 1089 0594 18       		.uleb128 0x18
 1090 0595 746D7000 		.ascii	"tmp\000"
 1091 0599 01       		.byte	0x1
 1092 059a 39       		.byte	0x39
 1093 059b 77000000 		.4byte	0x77
 1094 059f 13000000 		.4byte	.LLST1
 1095 05a3 00       		.byte	0
 1096 05a4 00       		.byte	0
 1097 05a5 1A       		.uleb128 0x1a
 1098 05a6 01       		.byte	0x1
 1099 05a7 BD020000 		.4byte	.LASF91
 1100 05ab 01       		.byte	0x1
 1101 05ac 4A       		.byte	0x4a
 1102 05ad 01       		.byte	0x1
 1103 05ae 00000000 		.4byte	.LFB8
 1104 05b2 4C000000 		.4byte	.LFE8
 1105 05b6 02       		.byte	0x2
 1106 05b7 7D       		.byte	0x7d
 1107 05b8 00       		.sleb128 0
 1108 05b9 01       		.byte	0x1
 1109 05ba 3E060000 		.4byte	0x63e
 1110 05be 1B       		.uleb128 0x1b
 1111 05bf 747000   		.ascii	"tp\000"
 1112 05c2 01       		.byte	0x1
 1113 05c3 4A       		.byte	0x4a
 1114 05c4 56020000 		.4byte	0x256
 1115 05c8 26000000 		.4byte	.LLST2
 1116 05cc 1C       		.uleb128 0x1c
 1117 05cd 3A020000 		.4byte	.LASF76
 1118 05d1 01       		.byte	0x1
 1119 05d2 4B       		.byte	0x4b
 1120 05d3 BF000000 		.4byte	0xbf
 1121 05d7 6B000000 		.4byte	.LLST3
 1122 05db 17       		.uleb128 0x17
 1123 05dc 02000000 		.4byte	.LBB4
 1124 05e0 08000000 		.4byte	.LBE4
 1125 05e4 F8050000 		.4byte	0x5f8
 1126 05e8 18       		.uleb128 0x18
 1127 05e9 746D7000 		.ascii	"tmp\000"
 1128 05ed 01       		.byte	0x1
 1129 05ee 4D       		.byte	0x4d
 1130 05ef 77000000 		.4byte	0x77
 1131 05f3 C5000000 		.4byte	.LLST4
 1132 05f7 00       		.byte	0
 1133 05f8 17       		.uleb128 0x17
 1134 05f9 10000000 		.4byte	.LBB5
 1135 05fd 16000000 		.4byte	.LBE5
 1136 0601 15060000 		.4byte	0x615
ARM GAS  /tmp/ccyTqvjp.s 			page 21


 1137 0605 18       		.uleb128 0x18
 1138 0606 746D7000 		.ascii	"tmp\000"
 1139 060a 01       		.byte	0x1
 1140 060b 50       		.byte	0x50
 1141 060c 77000000 		.4byte	0x77
 1142 0610 D8000000 		.4byte	.LLST5
 1143 0614 00       		.byte	0
 1144 0615 1D       		.uleb128 0x1d
 1145 0616 3E000000 		.4byte	.LVL17
 1146 061a 01       		.byte	0x1
 1147 061b 61080000 		.4byte	0x861
 1148 061f 2B060000 		.4byte	0x62b
 1149 0623 1E       		.uleb128 0x1e
 1150 0624 01       		.byte	0x1
 1151 0625 51       		.byte	0x51
 1152 0626 03       		.byte	0x3
 1153 0627 F3       		.byte	0xf3
 1154 0628 01       		.uleb128 0x1
 1155 0629 50       		.byte	0x50
 1156 062a 00       		.byte	0
 1157 062b 1F       		.uleb128 0x1f
 1158 062c 4C000000 		.4byte	.LVL19
 1159 0630 01       		.byte	0x1
 1160 0631 7A080000 		.4byte	0x87a
 1161 0635 1E       		.uleb128 0x1e
 1162 0636 01       		.byte	0x1
 1163 0637 50       		.byte	0x50
 1164 0638 03       		.byte	0x3
 1165 0639 F3       		.byte	0xf3
 1166 063a 01       		.uleb128 0x1
 1167 063b 50       		.byte	0x50
 1168 063c 00       		.byte	0
 1169 063d 00       		.byte	0
 1170 063e 20       		.uleb128 0x20
 1171 063f 01       		.byte	0x1
 1172 0640 D1000000 		.4byte	.LASF78
 1173 0644 01       		.byte	0x1
 1174 0645 82       		.byte	0x82
 1175 0646 01       		.byte	0x1
 1176 0647 56020000 		.4byte	0x256
 1177 064b 00000000 		.4byte	.LFB9
 1178 064f 3E000000 		.4byte	.LFE9
 1179 0653 F6000000 		.4byte	.LLST6
 1180 0657 01       		.byte	0x1
 1181 0658 5B070000 		.4byte	0x75b
 1182 065c 21       		.uleb128 0x21
 1183 065d 64000000 		.4byte	.LASF79
 1184 0661 01       		.byte	0x1
 1185 0662 82       		.byte	0x82
 1186 0663 4F040000 		.4byte	0x44f
 1187 0667 22010000 		.4byte	.LLST7
 1188 066b 21       		.uleb128 0x21
 1189 066c 5A010000 		.4byte	.LASF63
 1190 0670 01       		.byte	0x1
 1191 0671 82       		.byte	0x82
 1192 0672 2C000000 		.4byte	0x2c
 1193 0676 43010000 		.4byte	.LLST8
ARM GAS  /tmp/ccyTqvjp.s 			page 22


 1194 067a 21       		.uleb128 0x21
 1195 067b 1A020000 		.4byte	.LASF80
 1196 067f 01       		.byte	0x1
 1197 0680 83       		.byte	0x83
 1198 0681 D5000000 		.4byte	0xd5
 1199 0685 61010000 		.4byte	.LLST9
 1200 0689 1B       		.uleb128 0x1b
 1201 068a 706600   		.ascii	"pf\000"
 1202 068d 01       		.byte	0x1
 1203 068e 83       		.byte	0x83
 1204 068f 24050000 		.4byte	0x524
 1205 0693 7F010000 		.4byte	.LLST10
 1206 0697 16       		.uleb128 0x16
 1207 0698 61726700 		.ascii	"arg\000"
 1208 069c 01       		.byte	0x1
 1209 069d 83       		.byte	0x83
 1210 069e 94020000 		.4byte	0x294
 1211 06a2 02       		.byte	0x2
 1212 06a3 91       		.byte	0x91
 1213 06a4 00       		.sleb128 0
 1214 06a5 18       		.uleb128 0x18
 1215 06a6 77737000 		.ascii	"wsp\000"
 1216 06aa 01       		.byte	0x1
 1217 06ab 84       		.byte	0x84
 1218 06ac 94020000 		.4byte	0x294
 1219 06b0 9D010000 		.4byte	.LLST11
 1220 06b4 18       		.uleb128 0x18
 1221 06b5 747000   		.ascii	"tp\000"
 1222 06b8 01       		.byte	0x1
 1223 06b9 85       		.byte	0x85
 1224 06ba 56020000 		.4byte	0x256
 1225 06be BB010000 		.4byte	.LLST12
 1226 06c2 17       		.uleb128 0x17
 1227 06c3 12000000 		.4byte	.LBB6
 1228 06c7 18000000 		.4byte	.LBE6
 1229 06cb DF060000 		.4byte	0x6df
 1230 06cf 18       		.uleb128 0x18
 1231 06d0 746D7000 		.ascii	"tmp\000"
 1232 06d4 01       		.byte	0x1
 1233 06d5 94       		.byte	0x94
 1234 06d6 77000000 		.4byte	0x77
 1235 06da D9010000 		.4byte	.LLST13
 1236 06de 00       		.byte	0
 1237 06df 17       		.uleb128 0x17
 1238 06e0 32000000 		.4byte	.LBB7
 1239 06e4 38000000 		.4byte	.LBE7
 1240 06e8 FC060000 		.4byte	0x6fc
 1241 06ec 18       		.uleb128 0x18
 1242 06ed 746D7000 		.ascii	"tmp\000"
 1243 06f1 01       		.byte	0x1
 1244 06f2 98       		.byte	0x98
 1245 06f3 77000000 		.4byte	0x77
 1246 06f7 EC010000 		.4byte	.LLST14
 1247 06fb 00       		.byte	0
 1248 06fc 22       		.uleb128 0x22
 1249 06fd 0E000000 		.4byte	.LVL21
 1250 0701 8E080000 		.4byte	0x88e
ARM GAS  /tmp/ccyTqvjp.s 			page 23


 1251 0705 17070000 		.4byte	0x717
 1252 0709 1E       		.uleb128 0x1e
 1253 070a 01       		.byte	0x1
 1254 070b 51       		.byte	0x51
 1255 070c 02       		.byte	0x2
 1256 070d 76       		.byte	0x76
 1257 070e 00       		.sleb128 0
 1258 070f 1E       		.uleb128 0x1e
 1259 0710 01       		.byte	0x1
 1260 0711 50       		.byte	0x50
 1261 0712 03       		.byte	0x3
 1262 0713 F3       		.byte	0xf3
 1263 0714 01       		.uleb128 0x1
 1264 0715 50       		.byte	0x50
 1265 0716 00       		.byte	0
 1266 0717 22       		.uleb128 0x22
 1267 0718 26000000 		.4byte	.LVL25
 1268 071c AB080000 		.4byte	0x8ab
 1269 0720 45070000 		.4byte	0x745
 1270 0724 1E       		.uleb128 0x1e
 1271 0725 01       		.byte	0x1
 1272 0726 53       		.byte	0x53
 1273 0727 02       		.byte	0x2
 1274 0728 75       		.byte	0x75
 1275 0729 00       		.sleb128 0
 1276 072a 1E       		.uleb128 0x1e
 1277 072b 01       		.byte	0x1
 1278 072c 52       		.byte	0x52
 1279 072d 02       		.byte	0x2
 1280 072e 77       		.byte	0x77
 1281 072f 00       		.sleb128 0
 1282 0730 1E       		.uleb128 0x1e
 1283 0731 01       		.byte	0x1
 1284 0732 51       		.byte	0x51
 1285 0733 02       		.byte	0x2
 1286 0734 76       		.byte	0x76
 1287 0735 00       		.sleb128 0
 1288 0736 1E       		.uleb128 0x1e
 1289 0737 01       		.byte	0x1
 1290 0738 50       		.byte	0x50
 1291 0739 02       		.byte	0x2
 1292 073a 74       		.byte	0x74
 1293 073b 00       		.sleb128 0
 1294 073c 1E       		.uleb128 0x1e
 1295 073d 02       		.byte	0x2
 1296 073e 7D       		.byte	0x7d
 1297 073f 00       		.sleb128 0
 1298 0740 03       		.byte	0x3
 1299 0741 91       		.byte	0x91
 1300 0742 00       		.sleb128 0
 1301 0743 06       		.byte	0x6
 1302 0744 00       		.byte	0
 1303 0745 23       		.uleb128 0x23
 1304 0746 32000000 		.4byte	.LVL27
 1305 074a D8080000 		.4byte	0x8d8
 1306 074e 1E       		.uleb128 0x1e
 1307 074f 01       		.byte	0x1
ARM GAS  /tmp/ccyTqvjp.s 			page 24


 1308 0750 51       		.byte	0x51
 1309 0751 01       		.byte	0x1
 1310 0752 30       		.byte	0x30
 1311 0753 1E       		.uleb128 0x1e
 1312 0754 01       		.byte	0x1
 1313 0755 50       		.byte	0x50
 1314 0756 02       		.byte	0x2
 1315 0757 74       		.byte	0x74
 1316 0758 00       		.sleb128 0
 1317 0759 00       		.byte	0
 1318 075a 00       		.byte	0
 1319 075b 20       		.uleb128 0x20
 1320 075c 01       		.byte	0x1
 1321 075d FE000000 		.4byte	.LASF81
 1322 0761 01       		.byte	0x1
 1323 0762 B3       		.byte	0xb3
 1324 0763 01       		.byte	0x1
 1325 0764 56020000 		.4byte	0x256
 1326 0768 00000000 		.4byte	.LFB10
 1327 076c 44000000 		.4byte	.LFE10
 1328 0770 FF010000 		.4byte	.LLST15
 1329 0774 01       		.byte	0x1
 1330 0775 5B080000 		.4byte	0x85b
 1331 0779 1B       		.uleb128 0x1b
 1332 077a 6D7000   		.ascii	"mp\000"
 1333 077d 01       		.byte	0x1
 1334 077e B3       		.byte	0xb3
 1335 077f 5B080000 		.4byte	0x85b
 1336 0783 2B020000 		.4byte	.LLST16
 1337 0787 21       		.uleb128 0x21
 1338 0788 1A020000 		.4byte	.LASF80
 1339 078c 01       		.byte	0x1
 1340 078d B3       		.byte	0xb3
 1341 078e D5000000 		.4byte	0xd5
 1342 0792 49020000 		.4byte	.LLST17
 1343 0796 1B       		.uleb128 0x1b
 1344 0797 706600   		.ascii	"pf\000"
 1345 079a 01       		.byte	0x1
 1346 079b B4       		.byte	0xb4
 1347 079c 24050000 		.4byte	0x524
 1348 07a0 67020000 		.4byte	.LLST18
 1349 07a4 1B       		.uleb128 0x1b
 1350 07a5 61726700 		.ascii	"arg\000"
 1351 07a9 01       		.byte	0x1
 1352 07aa B4       		.byte	0xb4
 1353 07ab 94020000 		.4byte	0x294
 1354 07af 85020000 		.4byte	.LLST19
 1355 07b3 18       		.uleb128 0x18
 1356 07b4 77737000 		.ascii	"wsp\000"
 1357 07b8 01       		.byte	0x1
 1358 07b9 B5       		.byte	0xb5
 1359 07ba 94020000 		.4byte	0x294
 1360 07be A3020000 		.4byte	.LLST20
 1361 07c2 18       		.uleb128 0x18
 1362 07c3 747000   		.ascii	"tp\000"
 1363 07c6 01       		.byte	0x1
 1364 07c7 B6       		.byte	0xb6
ARM GAS  /tmp/ccyTqvjp.s 			page 25


 1365 07c8 56020000 		.4byte	0x256
 1366 07cc C1020000 		.4byte	.LLST21
 1367 07d0 17       		.uleb128 0x17
 1368 07d1 16000000 		.4byte	.LBB8
 1369 07d5 1C000000 		.4byte	.LBE8
 1370 07d9 ED070000 		.4byte	0x7ed
 1371 07dd 18       		.uleb128 0x18
 1372 07de 746D7000 		.ascii	"tmp\000"
 1373 07e2 01       		.byte	0x1
 1374 07e3 C7       		.byte	0xc7
 1375 07e4 77000000 		.4byte	0x77
 1376 07e8 DF020000 		.4byte	.LLST22
 1377 07ec 00       		.byte	0
 1378 07ed 17       		.uleb128 0x17
 1379 07ee 36000000 		.4byte	.LBB9
 1380 07f2 3C000000 		.4byte	.LBE9
 1381 07f6 0A080000 		.4byte	0x80a
 1382 07fa 18       		.uleb128 0x18
 1383 07fb 746D7000 		.ascii	"tmp\000"
 1384 07ff 01       		.byte	0x1
 1385 0800 CC       		.byte	0xcc
 1386 0801 77000000 		.4byte	0x77
 1387 0805 F2020000 		.4byte	.LLST23
 1388 0809 00       		.byte	0
 1389 080a 22       		.uleb128 0x22
 1390 080b 12000000 		.4byte	.LVL31
 1391 080f F1080000 		.4byte	0x8f1
 1392 0813 1E080000 		.4byte	0x81e
 1393 0817 1E       		.uleb128 0x1e
 1394 0818 01       		.byte	0x1
 1395 0819 50       		.byte	0x50
 1396 081a 02       		.byte	0x2
 1397 081b 75       		.byte	0x75
 1398 081c 00       		.sleb128 0
 1399 081d 00       		.byte	0
 1400 081e 22       		.uleb128 0x22
 1401 081f 28000000 		.4byte	.LVL35
 1402 0823 AB080000 		.4byte	0x8ab
 1403 0827 45080000 		.4byte	0x845
 1404 082b 1E       		.uleb128 0x1e
 1405 082c 01       		.byte	0x1
 1406 082d 53       		.byte	0x53
 1407 082e 02       		.byte	0x2
 1408 082f 76       		.byte	0x76
 1409 0830 00       		.sleb128 0
 1410 0831 1E       		.uleb128 0x1e
 1411 0832 01       		.byte	0x1
 1412 0833 52       		.byte	0x52
 1413 0834 02       		.byte	0x2
 1414 0835 78       		.byte	0x78
 1415 0836 00       		.sleb128 0
 1416 0837 1E       		.uleb128 0x1e
 1417 0838 01       		.byte	0x1
 1418 0839 50       		.byte	0x50
 1419 083a 02       		.byte	0x2
 1420 083b 74       		.byte	0x74
 1421 083c 00       		.sleb128 0
ARM GAS  /tmp/ccyTqvjp.s 			page 26


 1422 083d 1E       		.uleb128 0x1e
 1423 083e 02       		.byte	0x2
 1424 083f 7D       		.byte	0x7d
 1425 0840 00       		.sleb128 0
 1426 0841 02       		.byte	0x2
 1427 0842 77       		.byte	0x77
 1428 0843 00       		.sleb128 0
 1429 0844 00       		.byte	0
 1430 0845 23       		.uleb128 0x23
 1431 0846 36000000 		.4byte	.LVL37
 1432 084a D8080000 		.4byte	0x8d8
 1433 084e 1E       		.uleb128 0x1e
 1434 084f 01       		.byte	0x1
 1435 0850 51       		.byte	0x51
 1436 0851 01       		.byte	0x1
 1437 0852 30       		.byte	0x30
 1438 0853 1E       		.uleb128 0x1e
 1439 0854 01       		.byte	0x1
 1440 0855 50       		.byte	0x50
 1441 0856 02       		.byte	0x2
 1442 0857 74       		.byte	0x74
 1443 0858 00       		.sleb128 0
 1444 0859 00       		.byte	0
 1445 085a 00       		.byte	0
 1446 085b 09       		.uleb128 0x9
 1447 085c 04       		.byte	0x4
 1448 085d CC040000 		.4byte	0x4cc
 1449 0861 24       		.uleb128 0x24
 1450 0862 01       		.byte	0x1
 1451 0863 86030000 		.4byte	.LASF82
 1452 0867 0B       		.byte	0xb
 1453 0868 84       		.byte	0x84
 1454 0869 01       		.byte	0x1
 1455 086a 01       		.byte	0x1
 1456 086b 7A080000 		.4byte	0x87a
 1457 086f 0F       		.uleb128 0xf
 1458 0870 5B080000 		.4byte	0x85b
 1459 0874 0F       		.uleb128 0xf
 1460 0875 94020000 		.4byte	0x294
 1461 0879 00       		.byte	0
 1462 087a 24       		.uleb128 0x24
 1463 087b 01       		.byte	0x1
 1464 087c A6000000 		.4byte	.LASF83
 1465 0880 0A       		.byte	0xa
 1466 0881 5A       		.byte	0x5a
 1467 0882 01       		.byte	0x1
 1468 0883 01       		.byte	0x1
 1469 0884 8E080000 		.4byte	0x88e
 1470 0888 0F       		.uleb128 0xf
 1471 0889 94020000 		.4byte	0x294
 1472 088d 00       		.byte	0
 1473 088e 25       		.uleb128 0x25
 1474 088f 01       		.byte	0x1
 1475 0890 D1020000 		.4byte	.LASF84
 1476 0894 0A       		.byte	0xa
 1477 0895 59       		.byte	0x59
 1478 0896 01       		.byte	0x1
ARM GAS  /tmp/ccyTqvjp.s 			page 27


 1479 0897 94020000 		.4byte	0x294
 1480 089b 01       		.byte	0x1
 1481 089c AB080000 		.4byte	0x8ab
 1482 08a0 0F       		.uleb128 0xf
 1483 08a1 4F040000 		.4byte	0x44f
 1484 08a5 0F       		.uleb128 0xf
 1485 08a6 2C000000 		.4byte	0x2c
 1486 08aa 00       		.byte	0
 1487 08ab 26       		.uleb128 0x26
 1488 08ac 01       		.byte	0x1
 1489 08ad BB000000 		.4byte	.LASF85
 1490 08b1 06       		.byte	0x6
 1491 08b2 6E01     		.2byte	0x16e
 1492 08b4 01       		.byte	0x1
 1493 08b5 56020000 		.4byte	0x256
 1494 08b9 01       		.byte	0x1
 1495 08ba D8080000 		.4byte	0x8d8
 1496 08be 0F       		.uleb128 0xf
 1497 08bf 94020000 		.4byte	0x294
 1498 08c3 0F       		.uleb128 0xf
 1499 08c4 2C000000 		.4byte	0x2c
 1500 08c8 0F       		.uleb128 0xf
 1501 08c9 D5000000 		.4byte	0xd5
 1502 08cd 0F       		.uleb128 0xf
 1503 08ce 24050000 		.4byte	0x524
 1504 08d2 0F       		.uleb128 0xf
 1505 08d3 94020000 		.4byte	0x294
 1506 08d7 00       		.byte	0
 1507 08d8 24       		.uleb128 0x24
 1508 08d9 01       		.byte	0x1
 1509 08da 30030000 		.4byte	.LASF86
 1510 08de 0C       		.byte	0xc
 1511 08df 99       		.byte	0x99
 1512 08e0 01       		.byte	0x1
 1513 08e1 01       		.byte	0x1
 1514 08e2 F1080000 		.4byte	0x8f1
 1515 08e6 0F       		.uleb128 0xf
 1516 08e7 56020000 		.4byte	0x256
 1517 08eb 0F       		.uleb128 0xf
 1518 08ec E0000000 		.4byte	0xe0
 1519 08f0 00       		.byte	0
 1520 08f1 27       		.uleb128 0x27
 1521 08f2 01       		.byte	0x1
 1522 08f3 7A030000 		.4byte	.LASF87
 1523 08f7 0B       		.byte	0xb
 1524 08f8 82       		.byte	0x82
 1525 08f9 01       		.byte	0x1
 1526 08fa 94020000 		.4byte	0x294
 1527 08fe 01       		.byte	0x1
 1528 08ff 0F       		.uleb128 0xf
 1529 0900 5B080000 		.4byte	0x85b
 1530 0904 00       		.byte	0
 1531 0905 00       		.byte	0
 1532              		.section	.debug_abbrev,"",%progbits
 1533              	.Ldebug_abbrev0:
 1534 0000 01       		.uleb128 0x1
 1535 0001 11       		.uleb128 0x11
ARM GAS  /tmp/ccyTqvjp.s 			page 28


 1536 0002 01       		.byte	0x1
 1537 0003 25       		.uleb128 0x25
 1538 0004 0E       		.uleb128 0xe
 1539 0005 13       		.uleb128 0x13
 1540 0006 0B       		.uleb128 0xb
 1541 0007 03       		.uleb128 0x3
 1542 0008 0E       		.uleb128 0xe
 1543 0009 55       		.uleb128 0x55
 1544 000a 06       		.uleb128 0x6
 1545 000b 11       		.uleb128 0x11
 1546 000c 01       		.uleb128 0x1
 1547 000d 52       		.uleb128 0x52
 1548 000e 01       		.uleb128 0x1
 1549 000f 10       		.uleb128 0x10
 1550 0010 06       		.uleb128 0x6
 1551 0011 00       		.byte	0
 1552 0012 00       		.byte	0
 1553 0013 02       		.uleb128 0x2
 1554 0014 24       		.uleb128 0x24
 1555 0015 00       		.byte	0
 1556 0016 0B       		.uleb128 0xb
 1557 0017 0B       		.uleb128 0xb
 1558 0018 3E       		.uleb128 0x3e
 1559 0019 0B       		.uleb128 0xb
 1560 001a 03       		.uleb128 0x3
 1561 001b 08       		.uleb128 0x8
 1562 001c 00       		.byte	0
 1563 001d 00       		.byte	0
 1564 001e 03       		.uleb128 0x3
 1565 001f 16       		.uleb128 0x16
 1566 0020 00       		.byte	0
 1567 0021 03       		.uleb128 0x3
 1568 0022 0E       		.uleb128 0xe
 1569 0023 3A       		.uleb128 0x3a
 1570 0024 0B       		.uleb128 0xb
 1571 0025 3B       		.uleb128 0x3b
 1572 0026 0B       		.uleb128 0xb
 1573 0027 49       		.uleb128 0x49
 1574 0028 13       		.uleb128 0x13
 1575 0029 00       		.byte	0
 1576 002a 00       		.byte	0
 1577 002b 04       		.uleb128 0x4
 1578 002c 24       		.uleb128 0x24
 1579 002d 00       		.byte	0
 1580 002e 0B       		.uleb128 0xb
 1581 002f 0B       		.uleb128 0xb
 1582 0030 3E       		.uleb128 0x3e
 1583 0031 0B       		.uleb128 0xb
 1584 0032 03       		.uleb128 0x3
 1585 0033 0E       		.uleb128 0xe
 1586 0034 00       		.byte	0
 1587 0035 00       		.byte	0
 1588 0036 05       		.uleb128 0x5
 1589 0037 13       		.uleb128 0x13
 1590 0038 01       		.byte	0x1
 1591 0039 03       		.uleb128 0x3
 1592 003a 0E       		.uleb128 0xe
ARM GAS  /tmp/ccyTqvjp.s 			page 29


 1593 003b 0B       		.uleb128 0xb
 1594 003c 0B       		.uleb128 0xb
 1595 003d 3A       		.uleb128 0x3a
 1596 003e 0B       		.uleb128 0xb
 1597 003f 3B       		.uleb128 0x3b
 1598 0040 0B       		.uleb128 0xb
 1599 0041 01       		.uleb128 0x1
 1600 0042 13       		.uleb128 0x13
 1601 0043 00       		.byte	0
 1602 0044 00       		.byte	0
 1603 0045 06       		.uleb128 0x6
 1604 0046 0D       		.uleb128 0xd
 1605 0047 00       		.byte	0
 1606 0048 03       		.uleb128 0x3
 1607 0049 0E       		.uleb128 0xe
 1608 004a 3A       		.uleb128 0x3a
 1609 004b 0B       		.uleb128 0xb
 1610 004c 3B       		.uleb128 0x3b
 1611 004d 0B       		.uleb128 0xb
 1612 004e 49       		.uleb128 0x49
 1613 004f 13       		.uleb128 0x13
 1614 0050 38       		.uleb128 0x38
 1615 0051 0A       		.uleb128 0xa
 1616 0052 00       		.byte	0
 1617 0053 00       		.byte	0
 1618 0054 07       		.uleb128 0x7
 1619 0055 0D       		.uleb128 0xd
 1620 0056 00       		.byte	0
 1621 0057 03       		.uleb128 0x3
 1622 0058 08       		.uleb128 0x8
 1623 0059 3A       		.uleb128 0x3a
 1624 005a 0B       		.uleb128 0xb
 1625 005b 3B       		.uleb128 0x3b
 1626 005c 0B       		.uleb128 0xb
 1627 005d 49       		.uleb128 0x49
 1628 005e 13       		.uleb128 0x13
 1629 005f 38       		.uleb128 0x38
 1630 0060 0A       		.uleb128 0xa
 1631 0061 00       		.byte	0
 1632 0062 00       		.byte	0
 1633 0063 08       		.uleb128 0x8
 1634 0064 13       		.uleb128 0x13
 1635 0065 01       		.byte	0x1
 1636 0066 0B       		.uleb128 0xb
 1637 0067 0B       		.uleb128 0xb
 1638 0068 3A       		.uleb128 0x3a
 1639 0069 0B       		.uleb128 0xb
 1640 006a 3B       		.uleb128 0x3b
 1641 006b 0B       		.uleb128 0xb
 1642 006c 01       		.uleb128 0x1
 1643 006d 13       		.uleb128 0x13
 1644 006e 00       		.byte	0
 1645 006f 00       		.byte	0
 1646 0070 09       		.uleb128 0x9
 1647 0071 0F       		.uleb128 0xf
 1648 0072 00       		.byte	0
 1649 0073 0B       		.uleb128 0xb
ARM GAS  /tmp/ccyTqvjp.s 			page 30


 1650 0074 0B       		.uleb128 0xb
 1651 0075 49       		.uleb128 0x49
 1652 0076 13       		.uleb128 0x13
 1653 0077 00       		.byte	0
 1654 0078 00       		.byte	0
 1655 0079 0A       		.uleb128 0xa
 1656 007a 0F       		.uleb128 0xf
 1657 007b 00       		.byte	0
 1658 007c 0B       		.uleb128 0xb
 1659 007d 0B       		.uleb128 0xb
 1660 007e 00       		.byte	0
 1661 007f 00       		.byte	0
 1662 0080 0B       		.uleb128 0xb
 1663 0081 13       		.uleb128 0x13
 1664 0082 01       		.byte	0x1
 1665 0083 03       		.uleb128 0x3
 1666 0084 0E       		.uleb128 0xe
 1667 0085 0B       		.uleb128 0xb
 1668 0086 0B       		.uleb128 0xb
 1669 0087 3A       		.uleb128 0x3a
 1670 0088 0B       		.uleb128 0xb
 1671 0089 3B       		.uleb128 0x3b
 1672 008a 05       		.uleb128 0x5
 1673 008b 01       		.uleb128 0x1
 1674 008c 13       		.uleb128 0x13
 1675 008d 00       		.byte	0
 1676 008e 00       		.byte	0
 1677 008f 0C       		.uleb128 0xc
 1678 0090 0D       		.uleb128 0xd
 1679 0091 00       		.byte	0
 1680 0092 03       		.uleb128 0x3
 1681 0093 08       		.uleb128 0x8
 1682 0094 3A       		.uleb128 0x3a
 1683 0095 0B       		.uleb128 0xb
 1684 0096 3B       		.uleb128 0x3b
 1685 0097 05       		.uleb128 0x5
 1686 0098 49       		.uleb128 0x49
 1687 0099 13       		.uleb128 0x13
 1688 009a 38       		.uleb128 0x38
 1689 009b 0A       		.uleb128 0xa
 1690 009c 00       		.byte	0
 1691 009d 00       		.byte	0
 1692 009e 0D       		.uleb128 0xd
 1693 009f 35       		.uleb128 0x35
 1694 00a0 00       		.byte	0
 1695 00a1 49       		.uleb128 0x49
 1696 00a2 13       		.uleb128 0x13
 1697 00a3 00       		.byte	0
 1698 00a4 00       		.byte	0
 1699 00a5 0E       		.uleb128 0xe
 1700 00a6 15       		.uleb128 0x15
 1701 00a7 01       		.byte	0x1
 1702 00a8 27       		.uleb128 0x27
 1703 00a9 0C       		.uleb128 0xc
 1704 00aa 49       		.uleb128 0x49
 1705 00ab 13       		.uleb128 0x13
 1706 00ac 01       		.uleb128 0x1
ARM GAS  /tmp/ccyTqvjp.s 			page 31


 1707 00ad 13       		.uleb128 0x13
 1708 00ae 00       		.byte	0
 1709 00af 00       		.byte	0
 1710 00b0 0F       		.uleb128 0xf
 1711 00b1 05       		.uleb128 0x5
 1712 00b2 00       		.byte	0
 1713 00b3 49       		.uleb128 0x49
 1714 00b4 13       		.uleb128 0x13
 1715 00b5 00       		.byte	0
 1716 00b6 00       		.byte	0
 1717 00b7 10       		.uleb128 0x10
 1718 00b8 17       		.uleb128 0x17
 1719 00b9 01       		.byte	0x1
 1720 00ba 0B       		.uleb128 0xb
 1721 00bb 0B       		.uleb128 0xb
 1722 00bc 3A       		.uleb128 0x3a
 1723 00bd 0B       		.uleb128 0xb
 1724 00be 3B       		.uleb128 0x3b
 1725 00bf 0B       		.uleb128 0xb
 1726 00c0 01       		.uleb128 0x1
 1727 00c1 13       		.uleb128 0x13
 1728 00c2 00       		.byte	0
 1729 00c3 00       		.byte	0
 1730 00c4 11       		.uleb128 0x11
 1731 00c5 0D       		.uleb128 0xd
 1732 00c6 00       		.byte	0
 1733 00c7 03       		.uleb128 0x3
 1734 00c8 0E       		.uleb128 0xe
 1735 00c9 3A       		.uleb128 0x3a
 1736 00ca 0B       		.uleb128 0xb
 1737 00cb 3B       		.uleb128 0x3b
 1738 00cc 0B       		.uleb128 0xb
 1739 00cd 49       		.uleb128 0x49
 1740 00ce 13       		.uleb128 0x13
 1741 00cf 00       		.byte	0
 1742 00d0 00       		.byte	0
 1743 00d1 12       		.uleb128 0x12
 1744 00d2 17       		.uleb128 0x17
 1745 00d3 01       		.byte	0x1
 1746 00d4 03       		.uleb128 0x3
 1747 00d5 0E       		.uleb128 0xe
 1748 00d6 0B       		.uleb128 0xb
 1749 00d7 0B       		.uleb128 0xb
 1750 00d8 3A       		.uleb128 0x3a
 1751 00d9 0B       		.uleb128 0xb
 1752 00da 3B       		.uleb128 0x3b
 1753 00db 0B       		.uleb128 0xb
 1754 00dc 01       		.uleb128 0x1
 1755 00dd 13       		.uleb128 0x13
 1756 00de 00       		.byte	0
 1757 00df 00       		.byte	0
 1758 00e0 13       		.uleb128 0x13
 1759 00e1 0D       		.uleb128 0xd
 1760 00e2 00       		.byte	0
 1761 00e3 03       		.uleb128 0x3
 1762 00e4 08       		.uleb128 0x8
 1763 00e5 3A       		.uleb128 0x3a
ARM GAS  /tmp/ccyTqvjp.s 			page 32


 1764 00e6 0B       		.uleb128 0xb
 1765 00e7 3B       		.uleb128 0x3b
 1766 00e8 0B       		.uleb128 0xb
 1767 00e9 49       		.uleb128 0x49
 1768 00ea 13       		.uleb128 0x13
 1769 00eb 00       		.byte	0
 1770 00ec 00       		.byte	0
 1771 00ed 14       		.uleb128 0x14
 1772 00ee 26       		.uleb128 0x26
 1773 00ef 00       		.byte	0
 1774 00f0 49       		.uleb128 0x49
 1775 00f1 13       		.uleb128 0x13
 1776 00f2 00       		.byte	0
 1777 00f3 00       		.byte	0
 1778 00f4 15       		.uleb128 0x15
 1779 00f5 2E       		.uleb128 0x2e
 1780 00f6 01       		.byte	0x1
 1781 00f7 3F       		.uleb128 0x3f
 1782 00f8 0C       		.uleb128 0xc
 1783 00f9 03       		.uleb128 0x3
 1784 00fa 0E       		.uleb128 0xe
 1785 00fb 3A       		.uleb128 0x3a
 1786 00fc 0B       		.uleb128 0xb
 1787 00fd 3B       		.uleb128 0x3b
 1788 00fe 0B       		.uleb128 0xb
 1789 00ff 27       		.uleb128 0x27
 1790 0100 0C       		.uleb128 0xc
 1791 0101 49       		.uleb128 0x49
 1792 0102 13       		.uleb128 0x13
 1793 0103 11       		.uleb128 0x11
 1794 0104 01       		.uleb128 0x1
 1795 0105 12       		.uleb128 0x12
 1796 0106 01       		.uleb128 0x1
 1797 0107 40       		.uleb128 0x40
 1798 0108 0A       		.uleb128 0xa
 1799 0109 9742     		.uleb128 0x2117
 1800 010b 0C       		.uleb128 0xc
 1801 010c 01       		.uleb128 0x1
 1802 010d 13       		.uleb128 0x13
 1803 010e 00       		.byte	0
 1804 010f 00       		.byte	0
 1805 0110 16       		.uleb128 0x16
 1806 0111 05       		.uleb128 0x5
 1807 0112 00       		.byte	0
 1808 0113 03       		.uleb128 0x3
 1809 0114 08       		.uleb128 0x8
 1810 0115 3A       		.uleb128 0x3a
 1811 0116 0B       		.uleb128 0xb
 1812 0117 3B       		.uleb128 0x3b
 1813 0118 0B       		.uleb128 0xb
 1814 0119 49       		.uleb128 0x49
 1815 011a 13       		.uleb128 0x13
 1816 011b 02       		.uleb128 0x2
 1817 011c 0A       		.uleb128 0xa
 1818 011d 00       		.byte	0
 1819 011e 00       		.byte	0
 1820 011f 17       		.uleb128 0x17
ARM GAS  /tmp/ccyTqvjp.s 			page 33


 1821 0120 0B       		.uleb128 0xb
 1822 0121 01       		.byte	0x1
 1823 0122 11       		.uleb128 0x11
 1824 0123 01       		.uleb128 0x1
 1825 0124 12       		.uleb128 0x12
 1826 0125 01       		.uleb128 0x1
 1827 0126 01       		.uleb128 0x1
 1828 0127 13       		.uleb128 0x13
 1829 0128 00       		.byte	0
 1830 0129 00       		.byte	0
 1831 012a 18       		.uleb128 0x18
 1832 012b 34       		.uleb128 0x34
 1833 012c 00       		.byte	0
 1834 012d 03       		.uleb128 0x3
 1835 012e 08       		.uleb128 0x8
 1836 012f 3A       		.uleb128 0x3a
 1837 0130 0B       		.uleb128 0xb
 1838 0131 3B       		.uleb128 0x3b
 1839 0132 0B       		.uleb128 0xb
 1840 0133 49       		.uleb128 0x49
 1841 0134 13       		.uleb128 0x13
 1842 0135 02       		.uleb128 0x2
 1843 0136 06       		.uleb128 0x6
 1844 0137 00       		.byte	0
 1845 0138 00       		.byte	0
 1846 0139 19       		.uleb128 0x19
 1847 013a 0B       		.uleb128 0xb
 1848 013b 01       		.byte	0x1
 1849 013c 11       		.uleb128 0x11
 1850 013d 01       		.uleb128 0x1
 1851 013e 12       		.uleb128 0x12
 1852 013f 01       		.uleb128 0x1
 1853 0140 00       		.byte	0
 1854 0141 00       		.byte	0
 1855 0142 1A       		.uleb128 0x1a
 1856 0143 2E       		.uleb128 0x2e
 1857 0144 01       		.byte	0x1
 1858 0145 3F       		.uleb128 0x3f
 1859 0146 0C       		.uleb128 0xc
 1860 0147 03       		.uleb128 0x3
 1861 0148 0E       		.uleb128 0xe
 1862 0149 3A       		.uleb128 0x3a
 1863 014a 0B       		.uleb128 0xb
 1864 014b 3B       		.uleb128 0x3b
 1865 014c 0B       		.uleb128 0xb
 1866 014d 27       		.uleb128 0x27
 1867 014e 0C       		.uleb128 0xc
 1868 014f 11       		.uleb128 0x11
 1869 0150 01       		.uleb128 0x1
 1870 0151 12       		.uleb128 0x12
 1871 0152 01       		.uleb128 0x1
 1872 0153 40       		.uleb128 0x40
 1873 0154 0A       		.uleb128 0xa
 1874 0155 9742     		.uleb128 0x2117
 1875 0157 0C       		.uleb128 0xc
 1876 0158 01       		.uleb128 0x1
 1877 0159 13       		.uleb128 0x13
ARM GAS  /tmp/ccyTqvjp.s 			page 34


 1878 015a 00       		.byte	0
 1879 015b 00       		.byte	0
 1880 015c 1B       		.uleb128 0x1b
 1881 015d 05       		.uleb128 0x5
 1882 015e 00       		.byte	0
 1883 015f 03       		.uleb128 0x3
 1884 0160 08       		.uleb128 0x8
 1885 0161 3A       		.uleb128 0x3a
 1886 0162 0B       		.uleb128 0xb
 1887 0163 3B       		.uleb128 0x3b
 1888 0164 0B       		.uleb128 0xb
 1889 0165 49       		.uleb128 0x49
 1890 0166 13       		.uleb128 0x13
 1891 0167 02       		.uleb128 0x2
 1892 0168 06       		.uleb128 0x6
 1893 0169 00       		.byte	0
 1894 016a 00       		.byte	0
 1895 016b 1C       		.uleb128 0x1c
 1896 016c 34       		.uleb128 0x34
 1897 016d 00       		.byte	0
 1898 016e 03       		.uleb128 0x3
 1899 016f 0E       		.uleb128 0xe
 1900 0170 3A       		.uleb128 0x3a
 1901 0171 0B       		.uleb128 0xb
 1902 0172 3B       		.uleb128 0x3b
 1903 0173 0B       		.uleb128 0xb
 1904 0174 49       		.uleb128 0x49
 1905 0175 13       		.uleb128 0x13
 1906 0176 02       		.uleb128 0x2
 1907 0177 06       		.uleb128 0x6
 1908 0178 00       		.byte	0
 1909 0179 00       		.byte	0
 1910 017a 1D       		.uleb128 0x1d
 1911 017b 898201   		.uleb128 0x4109
 1912 017e 01       		.byte	0x1
 1913 017f 11       		.uleb128 0x11
 1914 0180 01       		.uleb128 0x1
 1915 0181 9542     		.uleb128 0x2115
 1916 0183 0C       		.uleb128 0xc
 1917 0184 31       		.uleb128 0x31
 1918 0185 13       		.uleb128 0x13
 1919 0186 01       		.uleb128 0x1
 1920 0187 13       		.uleb128 0x13
 1921 0188 00       		.byte	0
 1922 0189 00       		.byte	0
 1923 018a 1E       		.uleb128 0x1e
 1924 018b 8A8201   		.uleb128 0x410a
 1925 018e 00       		.byte	0
 1926 018f 02       		.uleb128 0x2
 1927 0190 0A       		.uleb128 0xa
 1928 0191 9142     		.uleb128 0x2111
 1929 0193 0A       		.uleb128 0xa
 1930 0194 00       		.byte	0
 1931 0195 00       		.byte	0
 1932 0196 1F       		.uleb128 0x1f
 1933 0197 898201   		.uleb128 0x4109
 1934 019a 01       		.byte	0x1
ARM GAS  /tmp/ccyTqvjp.s 			page 35


 1935 019b 11       		.uleb128 0x11
 1936 019c 01       		.uleb128 0x1
 1937 019d 9542     		.uleb128 0x2115
 1938 019f 0C       		.uleb128 0xc
 1939 01a0 31       		.uleb128 0x31
 1940 01a1 13       		.uleb128 0x13
 1941 01a2 00       		.byte	0
 1942 01a3 00       		.byte	0
 1943 01a4 20       		.uleb128 0x20
 1944 01a5 2E       		.uleb128 0x2e
 1945 01a6 01       		.byte	0x1
 1946 01a7 3F       		.uleb128 0x3f
 1947 01a8 0C       		.uleb128 0xc
 1948 01a9 03       		.uleb128 0x3
 1949 01aa 0E       		.uleb128 0xe
 1950 01ab 3A       		.uleb128 0x3a
 1951 01ac 0B       		.uleb128 0xb
 1952 01ad 3B       		.uleb128 0x3b
 1953 01ae 0B       		.uleb128 0xb
 1954 01af 27       		.uleb128 0x27
 1955 01b0 0C       		.uleb128 0xc
 1956 01b1 49       		.uleb128 0x49
 1957 01b2 13       		.uleb128 0x13
 1958 01b3 11       		.uleb128 0x11
 1959 01b4 01       		.uleb128 0x1
 1960 01b5 12       		.uleb128 0x12
 1961 01b6 01       		.uleb128 0x1
 1962 01b7 40       		.uleb128 0x40
 1963 01b8 06       		.uleb128 0x6
 1964 01b9 9742     		.uleb128 0x2117
 1965 01bb 0C       		.uleb128 0xc
 1966 01bc 01       		.uleb128 0x1
 1967 01bd 13       		.uleb128 0x13
 1968 01be 00       		.byte	0
 1969 01bf 00       		.byte	0
 1970 01c0 21       		.uleb128 0x21
 1971 01c1 05       		.uleb128 0x5
 1972 01c2 00       		.byte	0
 1973 01c3 03       		.uleb128 0x3
 1974 01c4 0E       		.uleb128 0xe
 1975 01c5 3A       		.uleb128 0x3a
 1976 01c6 0B       		.uleb128 0xb
 1977 01c7 3B       		.uleb128 0x3b
 1978 01c8 0B       		.uleb128 0xb
 1979 01c9 49       		.uleb128 0x49
 1980 01ca 13       		.uleb128 0x13
 1981 01cb 02       		.uleb128 0x2
 1982 01cc 06       		.uleb128 0x6
 1983 01cd 00       		.byte	0
 1984 01ce 00       		.byte	0
 1985 01cf 22       		.uleb128 0x22
 1986 01d0 898201   		.uleb128 0x4109
 1987 01d3 01       		.byte	0x1
 1988 01d4 11       		.uleb128 0x11
 1989 01d5 01       		.uleb128 0x1
 1990 01d6 31       		.uleb128 0x31
 1991 01d7 13       		.uleb128 0x13
ARM GAS  /tmp/ccyTqvjp.s 			page 36


 1992 01d8 01       		.uleb128 0x1
 1993 01d9 13       		.uleb128 0x13
 1994 01da 00       		.byte	0
 1995 01db 00       		.byte	0
 1996 01dc 23       		.uleb128 0x23
 1997 01dd 898201   		.uleb128 0x4109
 1998 01e0 01       		.byte	0x1
 1999 01e1 11       		.uleb128 0x11
 2000 01e2 01       		.uleb128 0x1
 2001 01e3 31       		.uleb128 0x31
 2002 01e4 13       		.uleb128 0x13
 2003 01e5 00       		.byte	0
 2004 01e6 00       		.byte	0
 2005 01e7 24       		.uleb128 0x24
 2006 01e8 2E       		.uleb128 0x2e
 2007 01e9 01       		.byte	0x1
 2008 01ea 3F       		.uleb128 0x3f
 2009 01eb 0C       		.uleb128 0xc
 2010 01ec 03       		.uleb128 0x3
 2011 01ed 0E       		.uleb128 0xe
 2012 01ee 3A       		.uleb128 0x3a
 2013 01ef 0B       		.uleb128 0xb
 2014 01f0 3B       		.uleb128 0x3b
 2015 01f1 0B       		.uleb128 0xb
 2016 01f2 27       		.uleb128 0x27
 2017 01f3 0C       		.uleb128 0xc
 2018 01f4 3C       		.uleb128 0x3c
 2019 01f5 0C       		.uleb128 0xc
 2020 01f6 01       		.uleb128 0x1
 2021 01f7 13       		.uleb128 0x13
 2022 01f8 00       		.byte	0
 2023 01f9 00       		.byte	0
 2024 01fa 25       		.uleb128 0x25
 2025 01fb 2E       		.uleb128 0x2e
 2026 01fc 01       		.byte	0x1
 2027 01fd 3F       		.uleb128 0x3f
 2028 01fe 0C       		.uleb128 0xc
 2029 01ff 03       		.uleb128 0x3
 2030 0200 0E       		.uleb128 0xe
 2031 0201 3A       		.uleb128 0x3a
 2032 0202 0B       		.uleb128 0xb
 2033 0203 3B       		.uleb128 0x3b
 2034 0204 0B       		.uleb128 0xb
 2035 0205 27       		.uleb128 0x27
 2036 0206 0C       		.uleb128 0xc
 2037 0207 49       		.uleb128 0x49
 2038 0208 13       		.uleb128 0x13
 2039 0209 3C       		.uleb128 0x3c
 2040 020a 0C       		.uleb128 0xc
 2041 020b 01       		.uleb128 0x1
 2042 020c 13       		.uleb128 0x13
 2043 020d 00       		.byte	0
 2044 020e 00       		.byte	0
 2045 020f 26       		.uleb128 0x26
 2046 0210 2E       		.uleb128 0x2e
 2047 0211 01       		.byte	0x1
 2048 0212 3F       		.uleb128 0x3f
ARM GAS  /tmp/ccyTqvjp.s 			page 37


 2049 0213 0C       		.uleb128 0xc
 2050 0214 03       		.uleb128 0x3
 2051 0215 0E       		.uleb128 0xe
 2052 0216 3A       		.uleb128 0x3a
 2053 0217 0B       		.uleb128 0xb
 2054 0218 3B       		.uleb128 0x3b
 2055 0219 05       		.uleb128 0x5
 2056 021a 27       		.uleb128 0x27
 2057 021b 0C       		.uleb128 0xc
 2058 021c 49       		.uleb128 0x49
 2059 021d 13       		.uleb128 0x13
 2060 021e 3C       		.uleb128 0x3c
 2061 021f 0C       		.uleb128 0xc
 2062 0220 01       		.uleb128 0x1
 2063 0221 13       		.uleb128 0x13
 2064 0222 00       		.byte	0
 2065 0223 00       		.byte	0
 2066 0224 27       		.uleb128 0x27
 2067 0225 2E       		.uleb128 0x2e
 2068 0226 01       		.byte	0x1
 2069 0227 3F       		.uleb128 0x3f
 2070 0228 0C       		.uleb128 0xc
 2071 0229 03       		.uleb128 0x3
 2072 022a 0E       		.uleb128 0xe
 2073 022b 3A       		.uleb128 0x3a
 2074 022c 0B       		.uleb128 0xb
 2075 022d 3B       		.uleb128 0x3b
 2076 022e 0B       		.uleb128 0xb
 2077 022f 27       		.uleb128 0x27
 2078 0230 0C       		.uleb128 0xc
 2079 0231 49       		.uleb128 0x49
 2080 0232 13       		.uleb128 0x13
 2081 0233 3C       		.uleb128 0x3c
 2082 0234 0C       		.uleb128 0xc
 2083 0235 00       		.byte	0
 2084 0236 00       		.byte	0
 2085 0237 00       		.byte	0
 2086              		.section	.debug_loc,"",%progbits
 2087              	.Ldebug_loc0:
 2088              	.LLST0:
 2089 0000 06000000 		.4byte	.LVL2
 2090 0004 08000000 		.4byte	.LVL3
 2091 0008 0100     		.2byte	0x1
 2092 000a 53       		.byte	0x53
 2093 000b 00000000 		.4byte	0
 2094 000f 00000000 		.4byte	0
 2095              	.LLST1:
 2096 0013 12000000 		.4byte	.LVL5
 2097 0017 14000000 		.4byte	.LFE7
 2098 001b 0100     		.2byte	0x1
 2099 001d 53       		.byte	0x53
 2100 001e 00000000 		.4byte	0
 2101 0022 00000000 		.4byte	0
 2102              	.LLST2:
 2103 0026 00000000 		.4byte	.LVL6
 2104 002a 34000000 		.4byte	.LVL16
 2105 002e 0100     		.2byte	0x1
ARM GAS  /tmp/ccyTqvjp.s 			page 38


 2106 0030 50       		.byte	0x50
 2107 0031 34000000 		.4byte	.LVL16
 2108 0035 3D000000 		.4byte	.LVL17-1
 2109 0039 0100     		.2byte	0x1
 2110 003b 51       		.byte	0x51
 2111 003c 3D000000 		.4byte	.LVL17-1
 2112 0040 3E000000 		.4byte	.LVL17
 2113 0044 0400     		.2byte	0x4
 2114 0046 F3       		.byte	0xf3
 2115 0047 01       		.uleb128 0x1
 2116 0048 50       		.byte	0x50
 2117 0049 9F       		.byte	0x9f
 2118 004a 3E000000 		.4byte	.LVL17
 2119 004e 4B000000 		.4byte	.LVL19-1
 2120 0052 0100     		.2byte	0x1
 2121 0054 50       		.byte	0x50
 2122 0055 4B000000 		.4byte	.LVL19-1
 2123 0059 4C000000 		.4byte	.LFE8
 2124 005d 0400     		.2byte	0x4
 2125 005f F3       		.byte	0xf3
 2126 0060 01       		.uleb128 0x1
 2127 0061 50       		.byte	0x50
 2128 0062 9F       		.byte	0x9f
 2129 0063 00000000 		.4byte	0
 2130 0067 00000000 		.4byte	0
 2131              	.LLST3:
 2132 006b 10000000 		.4byte	.LVL9
 2133 006f 32000000 		.4byte	.LVL15
 2134 0073 0100     		.2byte	0x1
 2135 0075 52       		.byte	0x52
 2136 0076 32000000 		.4byte	.LVL15
 2137 007a 34000000 		.4byte	.LVL16
 2138 007e 0A00     		.2byte	0xa
 2139 0080 70       		.byte	0x70
 2140 0081 1E       		.sleb128 30
 2141 0082 94       		.byte	0x94
 2142 0083 01       		.byte	0x1
 2143 0084 08       		.byte	0x8
 2144 0085 FF       		.byte	0xff
 2145 0086 1A       		.byte	0x1a
 2146 0087 31       		.byte	0x31
 2147 0088 1C       		.byte	0x1c
 2148 0089 9F       		.byte	0x9f
 2149 008a 34000000 		.4byte	.LVL16
 2150 008e 3D000000 		.4byte	.LVL17-1
 2151 0092 0A00     		.2byte	0xa
 2152 0094 71       		.byte	0x71
 2153 0095 1E       		.sleb128 30
 2154 0096 94       		.byte	0x94
 2155 0097 01       		.byte	0x1
 2156 0098 08       		.byte	0x8
 2157 0099 FF       		.byte	0xff
 2158 009a 1A       		.byte	0x1a
 2159 009b 31       		.byte	0x31
 2160 009c 1C       		.byte	0x1c
 2161 009d 9F       		.byte	0x9f
 2162 009e 3E000000 		.4byte	.LVL17
ARM GAS  /tmp/ccyTqvjp.s 			page 39


 2163 00a2 42000000 		.4byte	.LVL18
 2164 00a6 0100     		.2byte	0x1
 2165 00a8 52       		.byte	0x52
 2166 00a9 42000000 		.4byte	.LVL18
 2167 00ad 4B000000 		.4byte	.LVL19-1
 2168 00b1 0A00     		.2byte	0xa
 2169 00b3 70       		.byte	0x70
 2170 00b4 1E       		.sleb128 30
 2171 00b5 94       		.byte	0x94
 2172 00b6 01       		.byte	0x1
 2173 00b7 08       		.byte	0x8
 2174 00b8 FF       		.byte	0xff
 2175 00b9 1A       		.byte	0x1a
 2176 00ba 31       		.byte	0x31
 2177 00bb 1C       		.byte	0x1c
 2178 00bc 9F       		.byte	0x9f
 2179 00bd 00000000 		.4byte	0
 2180 00c1 00000000 		.4byte	0
 2181              	.LLST4:
 2182 00c5 08000000 		.4byte	.LVL8
 2183 00c9 12000000 		.4byte	.LVL10
 2184 00cd 0100     		.2byte	0x1
 2185 00cf 53       		.byte	0x53
 2186 00d0 00000000 		.4byte	0
 2187 00d4 00000000 		.4byte	0
 2188              	.LLST5:
 2189 00d8 16000000 		.4byte	.LVL11
 2190 00dc 1A000000 		.4byte	.LVL12
 2191 00e0 0100     		.2byte	0x1
 2192 00e2 53       		.byte	0x53
 2193 00e3 1E000000 		.4byte	.LVL13
 2194 00e7 20000000 		.4byte	.LVL14
 2195 00eb 0100     		.2byte	0x1
 2196 00ed 53       		.byte	0x53
 2197 00ee 00000000 		.4byte	0
 2198 00f2 00000000 		.4byte	0
 2199              	.LLST6:
 2200 00f6 00000000 		.4byte	.LFB9
 2201 00fa 02000000 		.4byte	.LCFI0
 2202 00fe 0200     		.2byte	0x2
 2203 0100 7D       		.byte	0x7d
 2204 0101 00       		.sleb128 0
 2205 0102 02000000 		.4byte	.LCFI0
 2206 0106 04000000 		.4byte	.LCFI1
 2207 010a 0200     		.2byte	0x2
 2208 010c 7D       		.byte	0x7d
 2209 010d 14       		.sleb128 20
 2210 010e 04000000 		.4byte	.LCFI1
 2211 0112 3E000000 		.4byte	.LFE9
 2212 0116 0200     		.2byte	0x2
 2213 0118 7D       		.byte	0x7d
 2214 0119 20       		.sleb128 32
 2215 011a 00000000 		.4byte	0
 2216 011e 00000000 		.4byte	0
 2217              	.LLST7:
 2218 0122 00000000 		.4byte	.LVL20
 2219 0126 0D000000 		.4byte	.LVL21-1
ARM GAS  /tmp/ccyTqvjp.s 			page 40


 2220 012a 0100     		.2byte	0x1
 2221 012c 50       		.byte	0x50
 2222 012d 0D000000 		.4byte	.LVL21-1
 2223 0131 3E000000 		.4byte	.LFE9
 2224 0135 0400     		.2byte	0x4
 2225 0137 F3       		.byte	0xf3
 2226 0138 01       		.uleb128 0x1
 2227 0139 50       		.byte	0x50
 2228 013a 9F       		.byte	0x9f
 2229 013b 00000000 		.4byte	0
 2230 013f 00000000 		.4byte	0
 2231              	.LLST8:
 2232 0143 00000000 		.4byte	.LVL20
 2233 0147 0D000000 		.4byte	.LVL21-1
 2234 014b 0100     		.2byte	0x1
 2235 014d 51       		.byte	0x51
 2236 014e 0D000000 		.4byte	.LVL21-1
 2237 0152 3E000000 		.4byte	.LFE9
 2238 0156 0100     		.2byte	0x1
 2239 0158 56       		.byte	0x56
 2240 0159 00000000 		.4byte	0
 2241 015d 00000000 		.4byte	0
 2242              	.LLST9:
 2243 0161 00000000 		.4byte	.LVL20
 2244 0165 0D000000 		.4byte	.LVL21-1
 2245 0169 0100     		.2byte	0x1
 2246 016b 52       		.byte	0x52
 2247 016c 0D000000 		.4byte	.LVL21-1
 2248 0170 3E000000 		.4byte	.LFE9
 2249 0174 0100     		.2byte	0x1
 2250 0176 57       		.byte	0x57
 2251 0177 00000000 		.4byte	0
 2252 017b 00000000 		.4byte	0
 2253              	.LLST10:
 2254 017f 00000000 		.4byte	.LVL20
 2255 0183 0D000000 		.4byte	.LVL21-1
 2256 0187 0100     		.2byte	0x1
 2257 0189 53       		.byte	0x53
 2258 018a 0D000000 		.4byte	.LVL21-1
 2259 018e 3E000000 		.4byte	.LFE9
 2260 0192 0100     		.2byte	0x1
 2261 0194 55       		.byte	0x55
 2262 0195 00000000 		.4byte	0
 2263 0199 00000000 		.4byte	0
 2264              	.LLST11:
 2265 019d 0E000000 		.4byte	.LVL21
 2266 01a1 25000000 		.4byte	.LVL25-1
 2267 01a5 0100     		.2byte	0x1
 2268 01a7 50       		.byte	0x50
 2269 01a8 25000000 		.4byte	.LVL25-1
 2270 01ac 2E000000 		.4byte	.LVL26
 2271 01b0 0100     		.2byte	0x1
 2272 01b2 54       		.byte	0x54
 2273 01b3 00000000 		.4byte	0
 2274 01b7 00000000 		.4byte	0
 2275              	.LLST12:
 2276 01bb 2E000000 		.4byte	.LVL26
ARM GAS  /tmp/ccyTqvjp.s 			page 41


 2277 01bf 31000000 		.4byte	.LVL27-1
 2278 01c3 0100     		.2byte	0x1
 2279 01c5 50       		.byte	0x50
 2280 01c6 31000000 		.4byte	.LVL27-1
 2281 01ca 38000000 		.4byte	.LVL29
 2282 01ce 0100     		.2byte	0x1
 2283 01d0 54       		.byte	0x54
 2284 01d1 00000000 		.4byte	0
 2285 01d5 00000000 		.4byte	0
 2286              	.LLST13:
 2287 01d9 18000000 		.4byte	.LVL23
 2288 01dd 1A000000 		.4byte	.LVL24
 2289 01e1 0100     		.2byte	0x1
 2290 01e3 53       		.byte	0x53
 2291 01e4 00000000 		.4byte	0
 2292 01e8 00000000 		.4byte	0
 2293              	.LLST14:
 2294 01ec 38000000 		.4byte	.LVL29
 2295 01f0 3E000000 		.4byte	.LFE9
 2296 01f4 0100     		.2byte	0x1
 2297 01f6 53       		.byte	0x53
 2298 01f7 00000000 		.4byte	0
 2299 01fb 00000000 		.4byte	0
 2300              	.LLST15:
 2301 01ff 00000000 		.4byte	.LFB10
 2302 0203 04000000 		.4byte	.LCFI2
 2303 0207 0200     		.2byte	0x2
 2304 0209 7D       		.byte	0x7d
 2305 020a 00       		.sleb128 0
 2306 020b 04000000 		.4byte	.LCFI2
 2307 020f 06000000 		.4byte	.LCFI3
 2308 0213 0200     		.2byte	0x2
 2309 0215 7D       		.byte	0x7d
 2310 0216 18       		.sleb128 24
 2311 0217 06000000 		.4byte	.LCFI3
 2312 021b 44000000 		.4byte	.LFE10
 2313 021f 0200     		.2byte	0x2
 2314 0221 7D       		.byte	0x7d
 2315 0222 20       		.sleb128 32
 2316 0223 00000000 		.4byte	0
 2317 0227 00000000 		.4byte	0
 2318              	.LLST16:
 2319 022b 00000000 		.4byte	.LVL30
 2320 022f 11000000 		.4byte	.LVL31-1
 2321 0233 0100     		.2byte	0x1
 2322 0235 50       		.byte	0x50
 2323 0236 11000000 		.4byte	.LVL31-1
 2324 023a 44000000 		.4byte	.LFE10
 2325 023e 0100     		.2byte	0x1
 2326 0240 55       		.byte	0x55
 2327 0241 00000000 		.4byte	0
 2328 0245 00000000 		.4byte	0
 2329              	.LLST17:
 2330 0249 00000000 		.4byte	.LVL30
 2331 024d 11000000 		.4byte	.LVL31-1
 2332 0251 0100     		.2byte	0x1
 2333 0253 51       		.byte	0x51
ARM GAS  /tmp/ccyTqvjp.s 			page 42


 2334 0254 11000000 		.4byte	.LVL31-1
 2335 0258 44000000 		.4byte	.LFE10
 2336 025c 0100     		.2byte	0x1
 2337 025e 58       		.byte	0x58
 2338 025f 00000000 		.4byte	0
 2339 0263 00000000 		.4byte	0
 2340              	.LLST18:
 2341 0267 00000000 		.4byte	.LVL30
 2342 026b 11000000 		.4byte	.LVL31-1
 2343 026f 0100     		.2byte	0x1
 2344 0271 52       		.byte	0x52
 2345 0272 11000000 		.4byte	.LVL31-1
 2346 0276 44000000 		.4byte	.LFE10
 2347 027a 0100     		.2byte	0x1
 2348 027c 56       		.byte	0x56
 2349 027d 00000000 		.4byte	0
 2350 0281 00000000 		.4byte	0
 2351              	.LLST19:
 2352 0285 00000000 		.4byte	.LVL30
 2353 0289 11000000 		.4byte	.LVL31-1
 2354 028d 0100     		.2byte	0x1
 2355 028f 53       		.byte	0x53
 2356 0290 11000000 		.4byte	.LVL31-1
 2357 0294 44000000 		.4byte	.LFE10
 2358 0298 0100     		.2byte	0x1
 2359 029a 57       		.byte	0x57
 2360 029b 00000000 		.4byte	0
 2361 029f 00000000 		.4byte	0
 2362              	.LLST20:
 2363 02a3 12000000 		.4byte	.LVL31
 2364 02a7 27000000 		.4byte	.LVL35-1
 2365 02ab 0100     		.2byte	0x1
 2366 02ad 50       		.byte	0x50
 2367 02ae 27000000 		.4byte	.LVL35-1
 2368 02b2 32000000 		.4byte	.LVL36
 2369 02b6 0100     		.2byte	0x1
 2370 02b8 54       		.byte	0x54
 2371 02b9 00000000 		.4byte	0
 2372 02bd 00000000 		.4byte	0
 2373              	.LLST21:
 2374 02c1 32000000 		.4byte	.LVL36
 2375 02c5 35000000 		.4byte	.LVL37-1
 2376 02c9 0100     		.2byte	0x1
 2377 02cb 50       		.byte	0x50
 2378 02cc 35000000 		.4byte	.LVL37-1
 2379 02d0 3C000000 		.4byte	.LVL39
 2380 02d4 0100     		.2byte	0x1
 2381 02d6 54       		.byte	0x54
 2382 02d7 00000000 		.4byte	0
 2383 02db 00000000 		.4byte	0
 2384              	.LLST22:
 2385 02df 1C000000 		.4byte	.LVL33
 2386 02e3 24000000 		.4byte	.LVL34
 2387 02e7 0100     		.2byte	0x1
 2388 02e9 53       		.byte	0x53
 2389 02ea 00000000 		.4byte	0
 2390 02ee 00000000 		.4byte	0
ARM GAS  /tmp/ccyTqvjp.s 			page 43


 2391              	.LLST23:
 2392 02f2 3C000000 		.4byte	.LVL39
 2393 02f6 44000000 		.4byte	.LFE10
 2394 02fa 0100     		.2byte	0x1
 2395 02fc 53       		.byte	0x53
 2396 02fd 00000000 		.4byte	0
 2397 0301 00000000 		.4byte	0
 2398              		.section	.debug_aranges,"",%progbits
 2399 0000 34000000 		.4byte	0x34
 2400 0004 0200     		.2byte	0x2
 2401 0006 00000000 		.4byte	.Ldebug_info0
 2402 000a 04       		.byte	0x4
 2403 000b 00       		.byte	0
 2404 000c 0000     		.2byte	0
 2405 000e 0000     		.2byte	0
 2406 0010 00000000 		.4byte	.LFB7
 2407 0014 14000000 		.4byte	.LFE7-.LFB7
 2408 0018 00000000 		.4byte	.LFB8
 2409 001c 4C000000 		.4byte	.LFE8-.LFB8
 2410 0020 00000000 		.4byte	.LFB9
 2411 0024 3E000000 		.4byte	.LFE9-.LFB9
 2412 0028 00000000 		.4byte	.LFB10
 2413 002c 44000000 		.4byte	.LFE10-.LFB10
 2414 0030 00000000 		.4byte	0
 2415 0034 00000000 		.4byte	0
 2416              		.section	.debug_ranges,"",%progbits
 2417              	.Ldebug_ranges0:
 2418 0000 00000000 		.4byte	.LFB7
 2419 0004 14000000 		.4byte	.LFE7
 2420 0008 00000000 		.4byte	.LFB8
 2421 000c 4C000000 		.4byte	.LFE8
 2422 0010 00000000 		.4byte	.LFB9
 2423 0014 3E000000 		.4byte	.LFE9
 2424 0018 00000000 		.4byte	.LFB10
 2425 001c 44000000 		.4byte	.LFE10
 2426 0020 00000000 		.4byte	0
 2427 0024 00000000 		.4byte	0
 2428              		.section	.debug_line,"",%progbits
 2429              	.Ldebug_line0:
 2430 0000 44020000 		.section	.debug_str,"MS",%progbits,1
 2430      0200C301 
 2430      00000201 
 2430      FB0E0D00 
 2430      01010101 
 2431              	.LASF75:
 2432 0000 7466756E 		.ascii	"tfunc_t\000"
 2432      635F7400 
 2433              	.LASF38:
 2434 0008 705F6D73 		.ascii	"p_msg\000"
 2434      6700
 2435              	.LASF2:
 2436 000e 73697A65 		.ascii	"size_t\000"
 2436      5F7400
 2437              	.LASF70:
 2438 0015 7264796D 		.ascii	"rdymsg\000"
 2438      736700
 2439              	.LASF12:
ARM GAS  /tmp/ccyTqvjp.s 			page 44


 2440 001c 75696E74 		.ascii	"uint64_t\000"
 2440      36345F74 
 2440      00
 2441              	.LASF69:
 2442 0025 4D656D6F 		.ascii	"MemoryPool\000"
 2442      7279506F 
 2442      6F6C00
 2443              	.LASF54:
 2444 0030 6D656D67 		.ascii	"memgetfunc_t\000"
 2444      65746675 
 2444      6E635F74 
 2444      00
 2445              	.LASF13:
 2446 003d 6C6F6E67 		.ascii	"long long unsigned int\000"
 2446      206C6F6E 
 2446      6720756E 
 2446      7369676E 
 2446      65642069 
 2447              	.LASF71:
 2448 0054 65786974 		.ascii	"exitcode\000"
 2448      636F6465 
 2448      00
 2449              	.LASF58:
 2450 005d 685F6672 		.ascii	"h_free\000"
 2450      656500
 2451              	.LASF79:
 2452 0064 68656170 		.ascii	"heapp\000"
 2452      7000
 2453              	.LASF60:
 2454 006a 6E657874 		.ascii	"next\000"
 2454      00
 2455              	.LASF26:
 2456 006f 705F7072 		.ascii	"p_prio\000"
 2456      696F00
 2457              	.LASF11:
 2458 0076 6C6F6E67 		.ascii	"long long int\000"
 2458      206C6F6E 
 2458      6720696E 
 2458      7400
 2459              	.LASF1:
 2460 0084 7369676E 		.ascii	"signed char\000"
 2460      65642063 
 2460      68617200 
 2461              	.LASF59:
 2462 0090 685F6D74 		.ascii	"h_mtx\000"
 2462      7800
 2463              	.LASF42:
 2464 0096 705F6D70 		.ascii	"p_mpool\000"
 2464      6F6F6C00 
 2465              	.LASF51:
 2466 009e 6D5F7175 		.ascii	"m_queue\000"
 2466      65756500 
 2467              	.LASF83:
 2468 00a6 63684865 		.ascii	"chHeapFree\000"
 2468      61704672 
 2468      656500
 2469              	.LASF18:
ARM GAS  /tmp/ccyTqvjp.s 			page 45


 2470 00b1 74736C69 		.ascii	"tslices_t\000"
 2470      6365735F 
 2470      7400
 2471              	.LASF85:
 2472 00bb 63685468 		.ascii	"chThdCreateI\000"
 2472      64437265 
 2472      61746549 
 2472      00
 2473              	.LASF8:
 2474 00c8 6C6F6E67 		.ascii	"long int\000"
 2474      20696E74 
 2474      00
 2475              	.LASF78:
 2476 00d1 63685468 		.ascii	"chThdCreateFromHeap\000"
 2476      64437265 
 2476      61746546 
 2476      726F6D48 
 2476      65617000 
 2477              	.LASF16:
 2478 00e5 74737461 		.ascii	"tstate_t\000"
 2478      74655F74 
 2478      00
 2479              	.LASF66:
 2480 00ee 6D705F6E 		.ascii	"mp_next\000"
 2480      65787400 
 2481              	.LASF28:
 2482 00f6 705F6E65 		.ascii	"p_newer\000"
 2482      77657200 
 2483              	.LASF81:
 2484 00fe 63685468 		.ascii	"chThdCreateFromMemoryPool\000"
 2484      64437265 
 2484      61746546 
 2484      726F6D4D 
 2484      656D6F72 
 2485              	.LASF68:
 2486 0118 6D705F70 		.ascii	"mp_provider\000"
 2486      726F7669 
 2486      64657200 
 2487              	.LASF45:
 2488 0124 72656761 		.ascii	"regarm_t\000"
 2488      726D5F74 
 2488      00
 2489              	.LASF62:
 2490 012d 616C6967 		.ascii	"align\000"
 2490      6E00
 2491              	.LASF0:
 2492 0133 756E7369 		.ascii	"unsigned int\000"
 2492      676E6564 
 2492      20696E74 
 2492      00
 2493              	.LASF10:
 2494 0140 6C6F6E67 		.ascii	"long unsigned int\000"
 2494      20756E73 
 2494      69676E65 
 2494      6420696E 
 2494      7400
 2495              	.LASF48:
ARM GAS  /tmp/ccyTqvjp.s 			page 46


 2496 0152 636F6E74 		.ascii	"context\000"
 2496      65787400 
 2497              	.LASF63:
 2498 015a 73697A65 		.ascii	"size\000"
 2498      00
 2499              	.LASF6:
 2500 015f 73686F72 		.ascii	"short unsigned int\000"
 2500      7420756E 
 2500      7369676E 
 2500      65642069 
 2500      6E7400
 2501              	.LASF89:
 2502 0172 2F686F6D 		.ascii	"/home/felix/Documents/ChibiOS/os/kernel/src/chdynam"
 2502      652F6665 
 2502      6C69782F 
 2502      446F6375 
 2502      6D656E74 
 2503 01a5 69632E63 		.ascii	"ic.c\000"
 2503      00
 2504              	.LASF20:
 2505 01aa 6D73675F 		.ascii	"msg_t\000"
 2505      7400
 2506              	.LASF15:
 2507 01b0 746D6F64 		.ascii	"tmode_t\000"
 2507      655F7400 
 2508              	.LASF44:
 2509 01b8 54687265 		.ascii	"ThreadsList\000"
 2509      6164734C 
 2509      69737400 
 2510              	.LASF21:
 2511 01c4 6576656E 		.ascii	"eventmask_t\000"
 2511      746D6173 
 2511      6B5F7400 
 2512              	.LASF50:
 2513 01d0 4D757465 		.ascii	"Mutex\000"
 2513      7800
 2514              	.LASF77:
 2515 01d6 63685468 		.ascii	"chThdAddRef\000"
 2515      64416464 
 2515      52656600 
 2516              	.LASF46:
 2517 01e2 73746B61 		.ascii	"stkalign_t\000"
 2517      6C69676E 
 2517      5F7400
 2518              	.LASF49:
 2519 01ed 73697A65 		.ascii	"sizetype\000"
 2519      74797065 
 2519      00
 2520              	.LASF29:
 2521 01f6 705F6F6C 		.ascii	"p_older\000"
 2521      64657200 
 2522              	.LASF43:
 2523 01fe 54687265 		.ascii	"ThreadsQueue\000"
 2523      61647351 
 2523      75657565 
 2523      00
 2524              	.LASF67:
ARM GAS  /tmp/ccyTqvjp.s 			page 47


 2525 020b 6D705F6F 		.ascii	"mp_object_size\000"
 2525      626A6563 
 2525      745F7369 
 2525      7A6500
 2526              	.LASF80:
 2527 021a 7072696F 		.ascii	"prio\000"
 2527      00
 2528              	.LASF55:
 2529 021f 4D656D6F 		.ascii	"MemoryHeap\000"
 2529      72794865 
 2529      617000
 2530              	.LASF65:
 2531 022a 70685F6E 		.ascii	"ph_next\000"
 2531      65787400 
 2532              	.LASF17:
 2533 0232 74726566 		.ascii	"trefs_t\000"
 2533      735F7400 
 2534              	.LASF76:
 2535 023a 72656673 		.ascii	"refs\000"
 2535      00
 2536              	.LASF25:
 2537 023f 705F7072 		.ascii	"p_prev\000"
 2537      657600
 2538              	.LASF19:
 2539 0246 74707269 		.ascii	"tprio_t\000"
 2539      6F5F7400 
 2540              	.LASF14:
 2541 024e 5F426F6F 		.ascii	"_Bool\000"
 2541      6C00
 2542              	.LASF7:
 2543 0254 696E7433 		.ascii	"int32_t\000"
 2543      325F7400 
 2544              	.LASF4:
 2545 025c 756E7369 		.ascii	"unsigned char\000"
 2545      676E6564 
 2545      20636861 
 2545      7200
 2546              	.LASF57:
 2547 026a 685F7072 		.ascii	"h_provider\000"
 2547      6F766964 
 2547      657200
 2548              	.LASF40:
 2549 0275 705F6D74 		.ascii	"p_mtxlist\000"
 2549      786C6973 
 2549      7400
 2550              	.LASF5:
 2551 027f 73686F72 		.ascii	"short int\000"
 2551      7420696E 
 2551      7400
 2552              	.LASF31:
 2553 0289 705F7374 		.ascii	"p_state\000"
 2553      61746500 
 2554              	.LASF34:
 2555 0291 705F7072 		.ascii	"p_preempt\000"
 2555      65656D70 
 2555      7400
 2556              	.LASF90:
ARM GAS  /tmp/ccyTqvjp.s 			page 48


 2557 029b 68656170 		.ascii	"heap_header\000"
 2557      5F686561 
 2557      64657200 
 2558              	.LASF73:
 2559 02a7 65776D61 		.ascii	"ewmask\000"
 2559      736B00
 2560              	.LASF24:
 2561 02ae 705F6E65 		.ascii	"p_next\000"
 2561      787400
 2562              	.LASF32:
 2563 02b5 705F666C 		.ascii	"p_flags\000"
 2563      61677300 
 2564              	.LASF91:
 2565 02bd 63685468 		.ascii	"chThdRelease\000"
 2565      6452656C 
 2565      65617365 
 2565      00
 2566              	.LASF23:
 2567 02ca 54687265 		.ascii	"Thread\000"
 2567      616400
 2568              	.LASF84:
 2569 02d1 63684865 		.ascii	"chHeapAlloc\000"
 2569      6170416C 
 2569      6C6F6300 
 2570              	.LASF39:
 2571 02dd 705F6570 		.ascii	"p_epending\000"
 2571      656E6469 
 2571      6E6700
 2572              	.LASF9:
 2573 02e8 75696E74 		.ascii	"uint32_t\000"
 2573      33325F74 
 2573      00
 2574              	.LASF61:
 2575 02f1 68656170 		.ascii	"heap\000"
 2575      00
 2576              	.LASF74:
 2577 02f6 63686172 		.ascii	"char\000"
 2577      00
 2578              	.LASF53:
 2579 02fb 6D5F6E65 		.ascii	"m_next\000"
 2579      787400
 2580              	.LASF22:
 2581 0302 73797374 		.ascii	"systime_t\000"
 2581      696D655F 
 2581      7400
 2582              	.LASF41:
 2583 030c 705F7265 		.ascii	"p_realprio\000"
 2583      616C7072 
 2583      696F00
 2584              	.LASF35:
 2585 0317 705F7469 		.ascii	"p_time\000"
 2585      6D6500
 2586              	.LASF47:
 2587 031e 696E7463 		.ascii	"intctx\000"
 2587      747800
 2588              	.LASF37:
 2589 0325 705F6D73 		.ascii	"p_msgqueue\000"
ARM GAS  /tmp/ccyTqvjp.s 			page 49


 2589      67717565 
 2589      756500
 2590              	.LASF86:
 2591 0330 63685363 		.ascii	"chSchWakeupS\000"
 2591      6857616B 
 2591      65757053 
 2591      00
 2592              	.LASF64:
 2593 033d 706F6F6C 		.ascii	"pool_header\000"
 2593      5F686561 
 2593      64657200 
 2594              	.LASF33:
 2595 0349 705F7265 		.ascii	"p_refs\000"
 2595      667300
 2596              	.LASF3:
 2597 0350 75696E74 		.ascii	"uint8_t\000"
 2597      385F7400 
 2598              	.LASF88:
 2599 0358 474E5520 		.ascii	"GNU C 4.7.3 20121205 (prerelease)\000"
 2599      4320342E 
 2599      372E3320 
 2599      32303132 
 2599      31323035 
 2600              	.LASF87:
 2601 037a 6368506F 		.ascii	"chPoolAlloc\000"
 2601      6F6C416C 
 2601      6C6F6300 
 2602              	.LASF82:
 2603 0386 6368506F 		.ascii	"chPoolFree\000"
 2603      6F6C4672 
 2603      656500
 2604              	.LASF72:
 2605 0391 77746F62 		.ascii	"wtobjp\000"
 2605      6A7000
 2606              	.LASF30:
 2607 0398 705F6E61 		.ascii	"p_name\000"
 2607      6D6500
 2608              	.LASF52:
 2609 039f 6D5F6F77 		.ascii	"m_owner\000"
 2609      6E657200 
 2610              	.LASF27:
 2611 03a7 705F6374 		.ascii	"p_ctx\000"
 2611      7800
 2612              	.LASF36:
 2613 03ad 705F7761 		.ascii	"p_waiting\000"
 2613      6974696E 
 2613      6700
 2614              	.LASF56:
 2615 03b7 6D656D6F 		.ascii	"memory_heap\000"
 2615      72795F68 
 2615      65617000 
 2616              		.ident	"GCC: (Linaro GCC 4.7-2012.12) 4.7.3 20121205 (prerelease)"
ARM GAS  /tmp/ccyTqvjp.s 			page 50


DEFINED SYMBOLS
                            *ABS*:0000000000000000 chdynamic.c
     /tmp/ccyTqvjp.s:19     .text.chThdAddRef:0000000000000000 $t
     /tmp/ccyTqvjp.s:25     .text.chThdAddRef:0000000000000000 chThdAddRef
     /tmp/ccyTqvjp.s:65     .text.chThdRelease:0000000000000000 $t
     /tmp/ccyTqvjp.s:71     .text.chThdRelease:0000000000000000 chThdRelease
     /tmp/ccyTqvjp.s:157    .text.chThdCreateFromHeap:0000000000000000 $t
     /tmp/ccyTqvjp.s:163    .text.chThdCreateFromHeap:0000000000000000 chThdCreateFromHeap
     /tmp/ccyTqvjp.s:240    .text.chThdCreateFromMemoryPool:0000000000000000 $t
     /tmp/ccyTqvjp.s:246    .text.chThdCreateFromMemoryPool:0000000000000000 chThdCreateFromMemoryPool
                     .debug_frame:0000000000000010 $d

UNDEFINED SYMBOLS
chPoolFree
chHeapFree
chHeapAlloc
chThdCreateI
chSchWakeupS
chPoolAlloc
