ARM GAS  /tmp/ccz3LVpj.s 			page 1


   1              		.syntax unified
   2              		.cpu cortex-m4
   3              		.fpu softvfp
   4              		.eabi_attribute 20, 1
   5              		.eabi_attribute 21, 1
   6              		.eabi_attribute 23, 3
   7              		.eabi_attribute 24, 1
   8              		.eabi_attribute 25, 1
   9              		.eabi_attribute 26, 1
  10              		.eabi_attribute 30, 2
  11              		.eabi_attribute 34, 1
  12              		.eabi_attribute 18, 4
  13              		.thumb
  14              		.file	"chheap.c"
  15              		.text
  16              	.Ltext0:
  17              		.cfi_sections	.debug_frame
  18              		.section	.text._heap_init,"ax",%progbits
  19              		.align	2
  20              		.p2align 4,,15
  21              		.global	_heap_init
  22              		.thumb
  23              		.thumb_func
  24              		.type	_heap_init, %function
  25              	_heap_init:
  26              	.LFB7:
  27              		.file 1 "/home/felix/Documents/ChibiOS/os/kernel/src/chheap.c"
  28              		.loc 1 75 0
  29              		.cfi_startproc
  30              		@ args = 0, pretend = 0, frame = 0
  31              		@ frame_needed = 0, uses_anonymous_args = 0
  32              		@ link register save eliminated.
  33              		.loc 1 76 0
  34 0000 40F20003 		movw	r3, #:lower16:.LANCHOR0
  35 0004 C0F20003 		movt	r3, #:upper16:.LANCHOR0
  36 0008 40F20001 		movw	r1, #:lower16:chCoreAlloc
  37              		.loc 1 77 0
  38 000c 0022     		movs	r2, #0
  39              		.loc 1 76 0
  40 000e C0F20001 		movt	r1, #:upper16:chCoreAlloc
  41              		.loc 1 80 0
  42 0012 03F11000 		add	r0, r3, #16
  43              		.loc 1 76 0
  44 0016 1960     		str	r1, [r3, #0]
  45              		.loc 1 77 0
  46 0018 9A60     		str	r2, [r3, #8]
  47              		.loc 1 78 0
  48 001a DA60     		str	r2, [r3, #12]
  49              		.loc 1 84 0
  50              		.loc 1 80 0
  51 001c FFF7FEBF 		b	chMtxInit
  52              	.LVL0:
  53              		.cfi_endproc
  54              	.LFE7:
  55              		.size	_heap_init, .-_heap_init
  56              		.section	.text.chHeapInit,"ax",%progbits
  57              		.align	2
ARM GAS  /tmp/ccz3LVpj.s 			page 2


  58              		.p2align 4,,15
  59              		.global	chHeapInit
  60              		.thumb
  61              		.thumb_func
  62              		.type	chHeapInit, %function
  63              	chHeapInit:
  64              	.LFB8:
  65              		.loc 1 99 0
  66              		.cfi_startproc
  67              		@ args = 0, pretend = 0, frame = 0
  68              		@ frame_needed = 0, uses_anonymous_args = 0
  69              		@ link register save eliminated.
  70              	.LVL1:
  71              		.loc 1 104 0
  72 0000 0023     		movs	r3, #0
  73 0002 0360     		str	r3, [r0, #0]
  74              	.LVL2:
  75              		.loc 1 105 0
  76 0004 8160     		str	r1, [r0, #8]
  77              		.loc 1 106 0
  78 0006 C360     		str	r3, [r0, #12]
  79              		.loc 1 108 0
  80 0008 083A     		subs	r2, r2, #8
  81              	.LVL3:
  82              		.loc 1 110 0
  83 000a 1030     		adds	r0, r0, #16
  84              	.LVL4:
  85              		.loc 1 107 0
  86 000c 0B60     		str	r3, [r1, #0]
  87              		.loc 1 108 0
  88 000e 4A60     		str	r2, [r1, #4]
  89              		.loc 1 114 0
  90              		.loc 1 110 0
  91 0010 FFF7FEBF 		b	chMtxInit
  92              	.LVL5:
  93              		.cfi_endproc
  94              	.LFE8:
  95              		.size	chHeapInit, .-chHeapInit
  96 0014 AFF30080 		.section	.text.chHeapAlloc,"ax",%progbits
  96      AFF30080 
  96      AFF30080 
  97              		.align	2
  98              		.p2align 4,,15
  99              		.global	chHeapAlloc
 100              		.thumb
 101              		.thumb_func
 102              		.type	chHeapAlloc, %function
 103              	chHeapAlloc:
 104              	.LFB9:
 105              		.loc 1 132 0
 106              		.cfi_startproc
 107              		@ args = 0, pretend = 0, frame = 0
 108              		@ frame_needed = 0, uses_anonymous_args = 0
 109              	.LVL6:
 110 0000 F8B5     		push	{r3, r4, r5, r6, r7, lr}
 111              	.LCFI0:
 112              		.cfi_def_cfa_offset 24
ARM GAS  /tmp/ccz3LVpj.s 			page 3


 113              		.cfi_offset 3, -24
 114              		.cfi_offset 4, -20
 115              		.cfi_offset 5, -16
 116              		.cfi_offset 6, -12
 117              		.cfi_offset 7, -8
 118              		.cfi_offset 14, -4
 119              		.loc 1 136 0
 120 0002 204E     		ldr	r6, .L20
 121 0004 0028     		cmp	r0, #0
 122 0006 18BF     		it	ne
 123 0008 0646     		movne	r6, r0
 124              	.LVL7:
 125              		.loc 1 138 0
 126 000a 0731     		adds	r1, r1, #7
 127              	.LVL8:
 128              		.loc 1 140 0
 129 000c 06F11000 		add	r0, r6, #16
 130              		.loc 1 138 0
 131 0010 21F00705 		bic	r5, r1, #7
 132              	.LVL9:
 133              		.loc 1 139 0
 134 0014 06F10804 		add	r4, r6, #8
 135              	.LVL10:
 136              		.loc 1 140 0
 137 0018 FFF7FEFF 		bl	chMtxLock
 138              	.LVL11:
 139              		.loc 1 142 0
 140 001c 00E0     		b	.L5
 141              	.LVL12:
 142              	.L13:
 143              		.loc 1 144 0
 144 001e 1C46     		mov	r4, r3
 145              	.LVL13:
 146              	.L5:
 147              		.loc 1 142 0 discriminator 1
 148 0020 2368     		ldr	r3, [r4, #0]
 149              	.LVL14:
 150 0022 FBB1     		cbz	r3, .L18
 151              		.loc 1 144 0
 152 0024 5A68     		ldr	r2, [r3, #4]
 153 0026 9542     		cmp	r5, r2
 154 0028 F9D8     		bhi	.L13
 155              		.loc 1 145 0
 156 002a 05F10801 		add	r1, r5, #8
 157 002e 9142     		cmp	r1, r2
 158 0030 15D8     		bhi	.L19
 159              		.loc 1 155 0
 160 0032 4FF6F870 		movw	r0, #65528
 161 0036 CFF6FF70 		movt	r0, 65535
 162              		.loc 1 153 0
 163 003a 03EB010E 		add	lr, r3, r1
 164              	.LVL15:
 165              		.loc 1 155 0
 166 003e 401B     		subs	r0, r0, r5
 167 0040 8218     		adds	r2, r0, r2
 168 0042 CEF80420 		str	r2, [lr, #4]
 169              		.loc 1 154 0
ARM GAS  /tmp/ccz3LVpj.s 			page 4


 170 0046 1A68     		ldr	r2, [r3, #0]
 171              		.loc 1 157 0
 172 0048 5D60     		str	r5, [r3, #4]
 173              		.loc 1 154 0
 174 004a 5A50     		str	r2, [r3, r1]
 175              		.loc 1 156 0
 176 004c C4F800E0 		str	lr, [r4, #0]
 177              	.LVL16:
 178              	.L7:
 179              		.loc 1 159 0
 180 0050 1C46     		mov	r4, r3
 181              	.LVL17:
 182 0052 44F8086B 		str	r6, [r4], #8
 183              		.loc 1 161 0
 184 0056 FFF7FEFF 		bl	chMtxUnlock
 185              	.LVL18:
 186              	.L8:
 187              		.loc 1 181 0
 188 005a 2046     		mov	r0, r4
 189 005c F8BD     		pop	{r3, r4, r5, r6, r7, pc}
 190              	.LVL19:
 191              	.L19:
 192              		.loc 1 149 0
 193 005e 1A68     		ldr	r2, [r3, #0]
 194 0060 2260     		str	r2, [r4, #0]
 195 0062 F5E7     		b	.L7
 196              	.L18:
 197              		.loc 1 167 0
 198 0064 FFF7FEFF 		bl	chMtxUnlock
 199              	.LVL20:
 200              		.loc 1 171 0
 201 0068 3368     		ldr	r3, [r6, #0]
 202 006a 4BB1     		cbz	r3, .L11
 203              		.loc 1 172 0
 204 006c 05F10800 		add	r0, r5, #8
 205 0070 9847     		blx	r3
 206              	.LVL21:
 207              		.loc 1 173 0
 208 0072 28B1     		cbz	r0, .L11
 209              		.loc 1 177 0
 210 0074 00F10804 		add	r4, r0, #8
 211              	.LVL22:
 212              		.loc 1 174 0
 213 0078 0660     		str	r6, [r0, #0]
 214              		.loc 1 175 0
 215 007a 4560     		str	r5, [r0, #4]
 216              	.LVL23:
 217              		.loc 1 181 0
 218 007c 2046     		mov	r0, r4
 219 007e F8BD     		pop	{r3, r4, r5, r6, r7, pc}
 220              	.LVL24:
 221              	.L11:
 222              		.loc 1 180 0
 223 0080 0024     		movs	r4, #0
 224              	.LVL25:
 225 0082 EAE7     		b	.L8
 226              	.L21:
ARM GAS  /tmp/ccz3LVpj.s 			page 5


 227              		.align	2
 228              	.L20:
 229 0084 00000000 		.word	.LANCHOR0
 230              		.cfi_endproc
 231              	.LFE9:
 232              		.size	chHeapAlloc, .-chHeapAlloc
 233 0088 AFF30080 		.section	.text.chHeapFree,"ax",%progbits
 233      AFF30080 
 234              		.align	2
 235              		.p2align 4,,15
 236              		.global	chHeapFree
 237              		.thumb
 238              		.thumb_func
 239              		.type	chHeapFree, %function
 240              	chHeapFree:
 241              	.LFB10:
 242              		.loc 1 194 0
 243              		.cfi_startproc
 244              		@ args = 0, pretend = 0, frame = 0
 245              		@ frame_needed = 0, uses_anonymous_args = 0
 246              	.LVL26:
 247 0000 70B5     		push	{r4, r5, r6, lr}
 248              	.LCFI1:
 249              		.cfi_def_cfa_offset 16
 250              		.cfi_offset 4, -16
 251              		.cfi_offset 5, -12
 252              		.cfi_offset 6, -8
 253              		.cfi_offset 14, -4
 254              		.loc 1 194 0
 255 0002 0646     		mov	r6, r0
 256              		.loc 1 200 0
 257 0004 A0F10804 		sub	r4, r0, #8
 258              	.LVL27:
 259              		.loc 1 201 0
 260 0008 50F8080C 		ldr	r0, [r0, #-8]
 261              	.LVL28:
 262              		.loc 1 202 0
 263 000c 00F10805 		add	r5, r0, #8
 264              	.LVL29:
 265              		.loc 1 203 0
 266 0010 1030     		adds	r0, r0, #16
 267              	.LVL30:
 268 0012 FFF7FEFF 		bl	chMtxLock
 269              	.LVL31:
 270              		.loc 1 202 0
 271 0016 2B46     		mov	r3, r5
 272              	.LVL32:
 273              	.L29:
 274              		.loc 1 210 0
 275 0018 AB42     		cmp	r3, r5
 276              		.loc 1 211 0
 277 001a 1A68     		ldr	r2, [r3, #0]
 278              		.loc 1 210 0
 279 001c 01D0     		beq	.L23
 280              		.loc 1 210 0 is_stmt 0 discriminator 2
 281 001e A342     		cmp	r3, r4
 282 0020 02D2     		bcs	.L26
ARM GAS  /tmp/ccz3LVpj.s 			page 6


 283              	.L23:
 284              		.loc 1 210 0 discriminator 1
 285 0022 1AB1     		cbz	r2, .L25
 286              		.loc 1 211 0 is_stmt 1
 287 0024 9442     		cmp	r4, r2
 288 0026 01D3     		bcc	.L25
 289              	.L26:
 290              	.LVL33:
 291              		.loc 1 228 0
 292 0028 1346     		mov	r3, r2
 293              		.loc 1 229 0
 294 002a F5E7     		b	.L29
 295              	.LVL34:
 296              	.L25:
 297              		.loc 1 216 0
 298 002c 56F8041C 		ldr	r1, [r6, #-4]
 299              		.loc 1 213 0
 300 0030 46F8082C 		str	r2, [r6, #-8]
 301              		.loc 1 214 0
 302 0034 1C60     		str	r4, [r3, #0]
 303              		.loc 1 216 0
 304 0036 01F10802 		add	r2, r1, #8
 305 003a 56F8085C 		ldr	r5, [r6, #-8]
 306              	.LVL35:
 307 003e A018     		adds	r0, r4, r2
 308 0040 A842     		cmp	r0, r5
 309 0042 09D0     		beq	.L33
 310              		.loc 1 221 0
 311 0044 5A68     		ldr	r2, [r3, #4]
 312 0046 02F10801 		add	r1, r2, #8
 313 004a 5918     		adds	r1, r3, r1
 314 004c 8C42     		cmp	r4, r1
 315 004e 11D0     		beq	.L34
 316              	.L28:
 317              		.loc 1 233 0
 318 0050 BDE87040 		pop	{r4, r5, r6, lr}
 319              		.loc 1 231 0
 320 0054 FFF7FEBF 		b	chMtxUnlock
 321              	.LVL36:
 322              	.L33:
 323              		.loc 1 218 0
 324 0058 4068     		ldr	r0, [r0, #4]
 325              		.loc 1 219 0
 326 005a A258     		ldr	r2, [r4, r2]
 327              		.loc 1 218 0
 328 005c 0918     		adds	r1, r1, r0
 329 005e 0831     		adds	r1, r1, #8
 330 0060 46F8041C 		str	r1, [r6, #-4]
 331              		.loc 1 219 0
 332 0064 46F8082C 		str	r2, [r6, #-8]
 333              		.loc 1 221 0
 334 0068 5A68     		ldr	r2, [r3, #4]
 335 006a 02F10801 		add	r1, r2, #8
 336 006e 5918     		adds	r1, r3, r1
 337 0070 8C42     		cmp	r4, r1
 338 0072 EDD1     		bne	.L28
 339              	.L34:
ARM GAS  /tmp/ccz3LVpj.s 			page 7


 340              		.loc 1 223 0
 341 0074 56F8040C 		ldr	r0, [r6, #-4]
 342              		.loc 1 224 0
 343 0078 56F8081C 		ldr	r1, [r6, #-8]
 344              		.loc 1 223 0
 345 007c 1218     		adds	r2, r2, r0
 346 007e 0832     		adds	r2, r2, #8
 347              		.loc 1 224 0
 348 0080 83E80600 		stmia	r3, {r1, r2}
 349 0084 E4E7     		b	.L28
 350              		.cfi_endproc
 351              	.LFE10:
 352              		.size	chHeapFree, .-chHeapFree
 353 0086 00BFAFF3 		.section	.text.chHeapStatus,"ax",%progbits
 353      0080AFF3 
 353      0080
 354              		.align	2
 355              		.p2align 4,,15
 356              		.global	chHeapStatus
 357              		.thumb
 358              		.thumb_func
 359              		.type	chHeapStatus, %function
 360              	chHeapStatus:
 361              	.LFB11:
 362              		.loc 1 250 0
 363              		.cfi_startproc
 364              		@ args = 0, pretend = 0, frame = 0
 365              		@ frame_needed = 0, uses_anonymous_args = 0
 366              	.LVL37:
 367 0000 38B5     		push	{r3, r4, r5, lr}
 368              	.LCFI2:
 369              		.cfi_def_cfa_offset 16
 370              		.cfi_offset 3, -16
 371              		.cfi_offset 4, -12
 372              		.cfi_offset 5, -8
 373              		.cfi_offset 14, -4
 374              		.loc 1 255 0
 375 0002 0E4C     		ldr	r4, .L46
 376 0004 0028     		cmp	r0, #0
 377 0006 18BF     		it	ne
 378 0008 0446     		movne	r4, r0
 379              	.LVL38:
 380              		.loc 1 257 0
 381 000a 04F11000 		add	r0, r4, #16
 382              		.loc 1 250 0
 383 000e 0D46     		mov	r5, r1
 384              		.loc 1 257 0
 385 0010 FFF7FEFF 		bl	chMtxLock
 386              	.LVL39:
 387              		.loc 1 260 0
 388 0014 A368     		ldr	r3, [r4, #8]
 389 0016 6BB1     		cbz	r3, .L41
 390 0018 0022     		movs	r2, #0
 391 001a 1446     		mov	r4, r2
 392              	.LVL40:
 393              	.L38:
 394              		.loc 1 261 0 discriminator 2
ARM GAS  /tmp/ccz3LVpj.s 			page 8


 395 001c 5868     		ldr	r0, [r3, #4]
 396              		.loc 1 260 0 discriminator 2
 397 001e 1B68     		ldr	r3, [r3, #0]
 398 0020 0134     		adds	r4, r4, #1
 399              		.loc 1 261 0 discriminator 2
 400 0022 1218     		adds	r2, r2, r0
 401              	.LVL41:
 402              		.loc 1 260 0 discriminator 2
 403 0024 002B     		cmp	r3, #0
 404 0026 F9D1     		bne	.L38
 405              	.LVL42:
 406              	.L37:
 407              		.loc 1 262 0
 408 0028 05B1     		cbz	r5, .L39
 409              		.loc 1 263 0
 410 002a 2A60     		str	r2, [r5, #0]
 411              	.L39:
 412              		.loc 1 265 0
 413 002c FFF7FEFF 		bl	chMtxUnlock
 414              	.LVL43:
 415              		.loc 1 267 0
 416 0030 2046     		mov	r0, r4
 417 0032 38BD     		pop	{r3, r4, r5, pc}
 418              	.LVL44:
 419              	.L41:
 420              		.loc 1 259 0
 421 0034 1A46     		mov	r2, r3
 422              		.loc 1 260 0
 423 0036 1C46     		mov	r4, r3
 424              	.LVL45:
 425 0038 F6E7     		b	.L37
 426              	.L47:
 427 003a 00BF     		.align	2
 428              	.L46:
 429 003c 00000000 		.word	.LANCHOR0
 430              		.cfi_endproc
 431              	.LFE11:
 432              		.size	chHeapStatus, .-chHeapStatus
 433              		.section	.bss.default_heap,"aw",%nobits
 434              		.align	3
 435              		.set	.LANCHOR0,. + 0
 436              		.type	default_heap, %object
 437              		.size	default_heap, 32
 438              	default_heap:
 439 0000 00000000 		.space	32
 439      00000000 
 439      00000000 
 439      00000000 
 439      00000000 
 440              		.text
 441              	.Letext0:
 442              		.file 2 "/opt/tools_arm/lib/gcc/arm-none-eabi/4.7.3/include/stddef.h"
 443              		.file 3 "/opt/tools_arm/lib/gcc/arm-none-eabi/4.7.3/../../../../arm-none-eabi/include/stdint.h"
 444              		.file 4 "/home/felix/Documents/ChibiOS/os/ports/GCC/ARMCMx/chtypes.h"
 445              		.file 5 "/home/felix/Documents/ChibiOS/os/kernel/include/chlists.h"
 446              		.file 6 "/home/felix/Documents/ChibiOS/os/kernel/include/chthreads.h"
 447              		.file 7 "/home/felix/Documents/ChibiOS/os/ports/GCC/ARMCMx/chcore_v7m.h"
ARM GAS  /tmp/ccz3LVpj.s 			page 9


 448              		.file 8 "/home/felix/Documents/ChibiOS/os/kernel/include/chmtx.h"
 449              		.file 9 "/home/felix/Documents/ChibiOS/os/kernel/include/chmemcore.h"
 450              		.file 10 "/home/felix/Documents/ChibiOS/os/kernel/include/chheap.h"
 451              		.section	.debug_info,"",%progbits
 452              	.Ldebug_info0:
 453 0000 31070000 		.4byte	0x731
 454 0004 0200     		.2byte	0x2
 455 0006 00000000 		.4byte	.Ldebug_abbrev0
 456 000a 04       		.byte	0x4
 457 000b 01       		.uleb128 0x1
 458 000c E5020000 		.4byte	.LASF79
 459 0010 01       		.byte	0x1
 460 0011 D1000000 		.4byte	.LASF80
 461 0015 00000000 		.4byte	.Ldebug_ranges0+0
 462 0019 00000000 		.4byte	0
 463 001d 00000000 		.4byte	0
 464 0021 00000000 		.4byte	.Ldebug_line0
 465 0025 02       		.uleb128 0x2
 466 0026 04       		.byte	0x4
 467 0027 05       		.byte	0x5
 468 0028 696E7400 		.ascii	"int\000"
 469 002c 03       		.uleb128 0x3
 470 002d 06000000 		.4byte	.LASF2
 471 0031 02       		.byte	0x2
 472 0032 D5       		.byte	0xd5
 473 0033 37000000 		.4byte	0x37
 474 0037 04       		.uleb128 0x4
 475 0038 04       		.byte	0x4
 476 0039 07       		.byte	0x7
 477 003a 1D010000 		.4byte	.LASF0
 478 003e 04       		.uleb128 0x4
 479 003f 01       		.byte	0x1
 480 0040 06       		.byte	0x6
 481 0041 88000000 		.4byte	.LASF1
 482 0045 03       		.uleb128 0x3
 483 0046 DD020000 		.4byte	.LASF3
 484 004a 03       		.byte	0x3
 485 004b 2A       		.byte	0x2a
 486 004c 50000000 		.4byte	0x50
 487 0050 04       		.uleb128 0x4
 488 0051 01       		.byte	0x1
 489 0052 08       		.byte	0x8
 490 0053 EB010000 		.4byte	.LASF4
 491 0057 04       		.uleb128 0x4
 492 0058 02       		.byte	0x2
 493 0059 05       		.byte	0x5
 494 005a 0E020000 		.4byte	.LASF5
 495 005e 04       		.uleb128 0x4
 496 005f 02       		.byte	0x2
 497 0060 07       		.byte	0x7
 498 0061 49010000 		.4byte	.LASF6
 499 0065 03       		.uleb128 0x3
 500 0066 E3010000 		.4byte	.LASF7
 501 006a 03       		.byte	0x3
 502 006b 4F       		.byte	0x4f
 503 006c 70000000 		.4byte	0x70
 504 0070 04       		.uleb128 0x4
ARM GAS  /tmp/ccz3LVpj.s 			page 10


 505 0071 04       		.byte	0x4
 506 0072 05       		.byte	0x5
 507 0073 BF000000 		.4byte	.LASF8
 508 0077 03       		.uleb128 0x3
 509 0078 6A020000 		.4byte	.LASF9
 510 007c 03       		.byte	0x3
 511 007d 50       		.byte	0x50
 512 007e 82000000 		.4byte	0x82
 513 0082 04       		.uleb128 0x4
 514 0083 04       		.byte	0x4
 515 0084 07       		.byte	0x7
 516 0085 2A010000 		.4byte	.LASF10
 517 0089 04       		.uleb128 0x4
 518 008a 08       		.byte	0x8
 519 008b 05       		.byte	0x5
 520 008c 7A000000 		.4byte	.LASF11
 521 0090 03       		.uleb128 0x3
 522 0091 14000000 		.4byte	.LASF12
 523 0095 03       		.byte	0x3
 524 0096 78       		.byte	0x78
 525 0097 9B000000 		.4byte	0x9b
 526 009b 04       		.uleb128 0x4
 527 009c 08       		.byte	0x8
 528 009d 07       		.byte	0x7
 529 009e 2A000000 		.4byte	.LASF13
 530 00a2 04       		.uleb128 0x4
 531 00a3 01       		.byte	0x1
 532 00a4 02       		.byte	0x2
 533 00a5 DD010000 		.4byte	.LASF14
 534 00a9 03       		.uleb128 0x3
 535 00aa 62010000 		.4byte	.LASF15
 536 00ae 04       		.byte	0x4
 537 00af 2C       		.byte	0x2c
 538 00b0 45000000 		.4byte	0x45
 539 00b4 03       		.uleb128 0x3
 540 00b5 C8000000 		.4byte	.LASF16
 541 00b9 04       		.byte	0x4
 542 00ba 2D       		.byte	0x2d
 543 00bb 45000000 		.4byte	0x45
 544 00bf 03       		.uleb128 0x3
 545 00c0 C6010000 		.4byte	.LASF17
 546 00c4 04       		.byte	0x4
 547 00c5 2E       		.byte	0x2e
 548 00c6 45000000 		.4byte	0x45
 549 00ca 03       		.uleb128 0x3
 550 00cb B5000000 		.4byte	.LASF18
 551 00cf 04       		.byte	0x4
 552 00d0 2F       		.byte	0x2f
 553 00d1 45000000 		.4byte	0x45
 554 00d5 03       		.uleb128 0x3
 555 00d6 D5010000 		.4byte	.LASF19
 556 00da 04       		.byte	0x4
 557 00db 30       		.byte	0x30
 558 00dc 77000000 		.4byte	0x77
 559 00e0 03       		.uleb128 0x3
 560 00e1 5C010000 		.4byte	.LASF20
 561 00e5 04       		.byte	0x4
ARM GAS  /tmp/ccz3LVpj.s 			page 11


 562 00e6 31       		.byte	0x31
 563 00e7 65000000 		.4byte	0x65
 564 00eb 03       		.uleb128 0x3
 565 00ec 76010000 		.4byte	.LASF21
 566 00f0 04       		.byte	0x4
 567 00f1 33       		.byte	0x33
 568 00f2 77000000 		.4byte	0x77
 569 00f6 03       		.uleb128 0x3
 570 00f7 9E020000 		.4byte	.LASF22
 571 00fb 04       		.byte	0x4
 572 00fc 35       		.byte	0x35
 573 00fd 77000000 		.4byte	0x77
 574 0101 03       		.uleb128 0x3
 575 0102 4C020000 		.4byte	.LASF23
 576 0106 05       		.byte	0x5
 577 0107 2A       		.byte	0x2a
 578 0108 0C010000 		.4byte	0x10c
 579 010c 05       		.uleb128 0x5
 580 010d 4C020000 		.4byte	.LASF23
 581 0111 48       		.byte	0x48
 582 0112 06       		.byte	0x6
 583 0113 5E       		.byte	0x5e
 584 0114 31020000 		.4byte	0x231
 585 0118 06       		.uleb128 0x6
 586 0119 3D020000 		.4byte	.LASF24
 587 011d 06       		.byte	0x6
 588 011e 5F       		.byte	0x5f
 589 011f 56020000 		.4byte	0x256
 590 0123 02       		.byte	0x2
 591 0124 23       		.byte	0x23
 592 0125 00       		.uleb128 0
 593 0126 06       		.uleb128 0x6
 594 0127 CE010000 		.4byte	.LASF25
 595 012b 06       		.byte	0x6
 596 012c 61       		.byte	0x61
 597 012d 56020000 		.4byte	0x256
 598 0131 02       		.byte	0x2
 599 0132 23       		.byte	0x23
 600 0133 04       		.uleb128 0x4
 601 0134 06       		.uleb128 0x6
 602 0135 73000000 		.4byte	.LASF26
 603 0139 06       		.byte	0x6
 604 013a 63       		.byte	0x63
 605 013b D5000000 		.4byte	0xd5
 606 013f 02       		.byte	0x2
 607 0140 23       		.byte	0x23
 608 0141 08       		.uleb128 0x8
 609 0142 06       		.uleb128 0x6
 610 0143 2E030000 		.4byte	.LASF27
 611 0147 06       		.byte	0x6
 612 0148 64       		.byte	0x64
 613 0149 2F030000 		.4byte	0x32f
 614 014d 02       		.byte	0x2
 615 014e 23       		.byte	0x23
 616 014f 0C       		.uleb128 0xc
 617 0150 06       		.uleb128 0x6
 618 0151 06010000 		.4byte	.LASF28
ARM GAS  /tmp/ccz3LVpj.s 			page 12


 619 0155 06       		.byte	0x6
 620 0156 66       		.byte	0x66
 621 0157 56020000 		.4byte	0x256
 622 015b 02       		.byte	0x2
 623 015c 23       		.byte	0x23
 624 015d 10       		.uleb128 0x10
 625 015e 06       		.uleb128 0x6
 626 015f A6010000 		.4byte	.LASF29
 627 0163 06       		.byte	0x6
 628 0164 67       		.byte	0x67
 629 0165 56020000 		.4byte	0x256
 630 0169 02       		.byte	0x2
 631 016a 23       		.byte	0x23
 632 016b 14       		.uleb128 0x14
 633 016c 06       		.uleb128 0x6
 634 016d 14030000 		.4byte	.LASF30
 635 0171 06       		.byte	0x6
 636 0172 6E       		.byte	0x6e
 637 0173 AD040000 		.4byte	0x4ad
 638 0177 02       		.byte	0x2
 639 0178 23       		.byte	0x23
 640 0179 18       		.uleb128 0x18
 641 017a 06       		.uleb128 0x6
 642 017b 18020000 		.4byte	.LASF31
 643 017f 06       		.byte	0x6
 644 0180 79       		.byte	0x79
 645 0181 B4000000 		.4byte	0xb4
 646 0185 02       		.byte	0x2
 647 0186 23       		.byte	0x23
 648 0187 1C       		.uleb128 0x1c
 649 0188 06       		.uleb128 0x6
 650 0189 44020000 		.4byte	.LASF32
 651 018d 06       		.byte	0x6
 652 018e 7D       		.byte	0x7d
 653 018f A9000000 		.4byte	0xa9
 654 0193 02       		.byte	0x2
 655 0194 23       		.byte	0x23
 656 0195 1D       		.uleb128 0x1d
 657 0196 06       		.uleb128 0x6
 658 0197 D6020000 		.4byte	.LASF33
 659 019b 06       		.byte	0x6
 660 019c 82       		.byte	0x82
 661 019d BF000000 		.4byte	0xbf
 662 01a1 02       		.byte	0x2
 663 01a2 23       		.byte	0x23
 664 01a3 1E       		.uleb128 0x1e
 665 01a4 06       		.uleb128 0x6
 666 01a5 20020000 		.4byte	.LASF34
 667 01a9 06       		.byte	0x6
 668 01aa 88       		.byte	0x88
 669 01ab CA000000 		.4byte	0xca
 670 01af 02       		.byte	0x2
 671 01b0 23       		.byte	0x23
 672 01b1 1F       		.uleb128 0x1f
 673 01b2 06       		.uleb128 0x6
 674 01b3 B3020000 		.4byte	.LASF35
 675 01b7 06       		.byte	0x6
ARM GAS  /tmp/ccz3LVpj.s 			page 13


 676 01b8 8F       		.byte	0x8f
 677 01b9 59030000 		.4byte	0x359
 678 01bd 02       		.byte	0x2
 679 01be 23       		.byte	0x23
 680 01bf 20       		.uleb128 0x20
 681 01c0 07       		.uleb128 0x7
 682 01c1 705F7500 		.ascii	"p_u\000"
 683 01c5 06       		.byte	0x6
 684 01c6 B4       		.byte	0xb4
 685 01c7 78040000 		.4byte	0x478
 686 01cb 02       		.byte	0x2
 687 01cc 23       		.byte	0x23
 688 01cd 24       		.uleb128 0x24
 689 01ce 06       		.uleb128 0x6
 690 01cf 34030000 		.4byte	.LASF36
 691 01d3 06       		.byte	0x6
 692 01d4 B9       		.byte	0xb9
 693 01d5 7E020000 		.4byte	0x27e
 694 01d9 02       		.byte	0x2
 695 01da 23       		.byte	0x23
 696 01db 28       		.uleb128 0x28
 697 01dc 06       		.uleb128 0x6
 698 01dd C1020000 		.4byte	.LASF37
 699 01e1 06       		.byte	0x6
 700 01e2 BF       		.byte	0xbf
 701 01e3 5C020000 		.4byte	0x25c
 702 01e7 02       		.byte	0x2
 703 01e8 23       		.byte	0x23
 704 01e9 2C       		.uleb128 0x2c
 705 01ea 06       		.uleb128 0x6
 706 01eb 00000000 		.4byte	.LASF38
 707 01ef 06       		.byte	0x6
 708 01f0 C3       		.byte	0xc3
 709 01f1 E0000000 		.4byte	0xe0
 710 01f5 02       		.byte	0x2
 711 01f6 23       		.byte	0x23
 712 01f7 34       		.uleb128 0x34
 713 01f8 06       		.uleb128 0x6
 714 01f9 5F020000 		.4byte	.LASF39
 715 01fd 06       		.byte	0x6
 716 01fe C9       		.byte	0xc9
 717 01ff EB000000 		.4byte	0xeb
 718 0203 02       		.byte	0x2
 719 0204 23       		.byte	0x23
 720 0205 38       		.uleb128 0x38
 721 0206 06       		.uleb128 0x6
 722 0207 04020000 		.4byte	.LASF40
 723 020b 06       		.byte	0x6
 724 020c D0       		.byte	0xd0
 725 020d BF040000 		.4byte	0x4bf
 726 0211 02       		.byte	0x2
 727 0212 23       		.byte	0x23
 728 0213 3C       		.uleb128 0x3c
 729 0214 06       		.uleb128 0x6
 730 0215 A8020000 		.4byte	.LASF41
 731 0219 06       		.byte	0x6
 732 021a D4       		.byte	0xd4
ARM GAS  /tmp/ccz3LVpj.s 			page 14


 733 021b D5000000 		.4byte	0xd5
 734 021f 02       		.byte	0x2
 735 0220 23       		.byte	0x23
 736 0221 40       		.uleb128 0x40
 737 0222 06       		.uleb128 0x6
 738 0223 9A000000 		.4byte	.LASF42
 739 0227 06       		.byte	0x6
 740 0228 DA       		.byte	0xda
 741 0229 94020000 		.4byte	0x294
 742 022d 02       		.byte	0x2
 743 022e 23       		.byte	0x23
 744 022f 44       		.uleb128 0x44
 745 0230 00       		.byte	0
 746 0231 08       		.uleb128 0x8
 747 0232 08       		.byte	0x8
 748 0233 05       		.byte	0x5
 749 0234 61       		.byte	0x61
 750 0235 56020000 		.4byte	0x256
 751 0239 06       		.uleb128 0x6
 752 023a 3D020000 		.4byte	.LASF24
 753 023e 05       		.byte	0x5
 754 023f 62       		.byte	0x62
 755 0240 56020000 		.4byte	0x256
 756 0244 02       		.byte	0x2
 757 0245 23       		.byte	0x23
 758 0246 00       		.uleb128 0
 759 0247 06       		.uleb128 0x6
 760 0248 CE010000 		.4byte	.LASF25
 761 024c 05       		.byte	0x5
 762 024d 64       		.byte	0x64
 763 024e 56020000 		.4byte	0x256
 764 0252 02       		.byte	0x2
 765 0253 23       		.byte	0x23
 766 0254 04       		.uleb128 0x4
 767 0255 00       		.byte	0
 768 0256 09       		.uleb128 0x9
 769 0257 04       		.byte	0x4
 770 0258 01010000 		.4byte	0x101
 771 025c 03       		.uleb128 0x3
 772 025d AE010000 		.4byte	.LASF43
 773 0261 05       		.byte	0x5
 774 0262 66       		.byte	0x66
 775 0263 31020000 		.4byte	0x231
 776 0267 08       		.uleb128 0x8
 777 0268 04       		.byte	0x4
 778 0269 05       		.byte	0x5
 779 026a 6B       		.byte	0x6b
 780 026b 7E020000 		.4byte	0x27e
 781 026f 06       		.uleb128 0x6
 782 0270 3D020000 		.4byte	.LASF24
 783 0274 05       		.byte	0x5
 784 0275 6D       		.byte	0x6d
 785 0276 56020000 		.4byte	0x256
 786 027a 02       		.byte	0x2
 787 027b 23       		.byte	0x23
 788 027c 00       		.uleb128 0
 789 027d 00       		.byte	0
ARM GAS  /tmp/ccz3LVpj.s 			page 15


 790 027e 03       		.uleb128 0x3
 791 027f 6A010000 		.4byte	.LASF44
 792 0283 05       		.byte	0x5
 793 0284 70       		.byte	0x70
 794 0285 67020000 		.4byte	0x267
 795 0289 03       		.uleb128 0x3
 796 028a 0E010000 		.4byte	.LASF45
 797 028e 07       		.byte	0x7
 798 028f E5       		.byte	0xe5
 799 0290 94020000 		.4byte	0x294
 800 0294 0A       		.uleb128 0xa
 801 0295 04       		.byte	0x4
 802 0296 03       		.uleb128 0x3
 803 0297 88010000 		.4byte	.LASF46
 804 029b 07       		.byte	0x7
 805 029c EB       		.byte	0xeb
 806 029d 90000000 		.4byte	0x90
 807 02a1 0B       		.uleb128 0xb
 808 02a2 BA020000 		.4byte	.LASF47
 809 02a6 24       		.byte	0x24
 810 02a7 07       		.byte	0x7
 811 02a8 0C01     		.2byte	0x10c
 812 02aa 2F030000 		.4byte	0x32f
 813 02ae 0C       		.uleb128 0xc
 814 02af 723400   		.ascii	"r4\000"
 815 02b2 07       		.byte	0x7
 816 02b3 1F01     		.2byte	0x11f
 817 02b5 89020000 		.4byte	0x289
 818 02b9 02       		.byte	0x2
 819 02ba 23       		.byte	0x23
 820 02bb 00       		.uleb128 0
 821 02bc 0C       		.uleb128 0xc
 822 02bd 723500   		.ascii	"r5\000"
 823 02c0 07       		.byte	0x7
 824 02c1 2001     		.2byte	0x120
 825 02c3 89020000 		.4byte	0x289
 826 02c7 02       		.byte	0x2
 827 02c8 23       		.byte	0x23
 828 02c9 04       		.uleb128 0x4
 829 02ca 0C       		.uleb128 0xc
 830 02cb 723600   		.ascii	"r6\000"
 831 02ce 07       		.byte	0x7
 832 02cf 2101     		.2byte	0x121
 833 02d1 89020000 		.4byte	0x289
 834 02d5 02       		.byte	0x2
 835 02d6 23       		.byte	0x23
 836 02d7 08       		.uleb128 0x8
 837 02d8 0C       		.uleb128 0xc
 838 02d9 723700   		.ascii	"r7\000"
 839 02dc 07       		.byte	0x7
 840 02dd 2201     		.2byte	0x122
 841 02df 89020000 		.4byte	0x289
 842 02e3 02       		.byte	0x2
 843 02e4 23       		.byte	0x23
 844 02e5 0C       		.uleb128 0xc
 845 02e6 0C       		.uleb128 0xc
 846 02e7 723800   		.ascii	"r8\000"
ARM GAS  /tmp/ccz3LVpj.s 			page 16


 847 02ea 07       		.byte	0x7
 848 02eb 2301     		.2byte	0x123
 849 02ed 89020000 		.4byte	0x289
 850 02f1 02       		.byte	0x2
 851 02f2 23       		.byte	0x23
 852 02f3 10       		.uleb128 0x10
 853 02f4 0C       		.uleb128 0xc
 854 02f5 723900   		.ascii	"r9\000"
 855 02f8 07       		.byte	0x7
 856 02f9 2401     		.2byte	0x124
 857 02fb 89020000 		.4byte	0x289
 858 02ff 02       		.byte	0x2
 859 0300 23       		.byte	0x23
 860 0301 14       		.uleb128 0x14
 861 0302 0C       		.uleb128 0xc
 862 0303 72313000 		.ascii	"r10\000"
 863 0307 07       		.byte	0x7
 864 0308 2501     		.2byte	0x125
 865 030a 89020000 		.4byte	0x289
 866 030e 02       		.byte	0x2
 867 030f 23       		.byte	0x23
 868 0310 18       		.uleb128 0x18
 869 0311 0C       		.uleb128 0xc
 870 0312 72313100 		.ascii	"r11\000"
 871 0316 07       		.byte	0x7
 872 0317 2601     		.2byte	0x126
 873 0319 89020000 		.4byte	0x289
 874 031d 02       		.byte	0x2
 875 031e 23       		.byte	0x23
 876 031f 1C       		.uleb128 0x1c
 877 0320 0C       		.uleb128 0xc
 878 0321 6C7200   		.ascii	"lr\000"
 879 0324 07       		.byte	0x7
 880 0325 2701     		.2byte	0x127
 881 0327 89020000 		.4byte	0x289
 882 032b 02       		.byte	0x2
 883 032c 23       		.byte	0x23
 884 032d 20       		.uleb128 0x20
 885 032e 00       		.byte	0
 886 032f 0B       		.uleb128 0xb
 887 0330 3C010000 		.4byte	.LASF48
 888 0334 04       		.byte	0x4
 889 0335 07       		.byte	0x7
 890 0336 3101     		.2byte	0x131
 891 0338 4C030000 		.4byte	0x34c
 892 033c 0C       		.uleb128 0xc
 893 033d 72313300 		.ascii	"r13\000"
 894 0341 07       		.byte	0x7
 895 0342 3201     		.2byte	0x132
 896 0344 4C030000 		.4byte	0x34c
 897 0348 02       		.byte	0x2
 898 0349 23       		.byte	0x23
 899 034a 00       		.uleb128 0
 900 034b 00       		.byte	0
 901 034c 09       		.uleb128 0x9
 902 034d 04       		.byte	0x4
 903 034e A1020000 		.4byte	0x2a1
ARM GAS  /tmp/ccz3LVpj.s 			page 17


 904 0352 04       		.uleb128 0x4
 905 0353 04       		.byte	0x4
 906 0354 07       		.byte	0x7
 907 0355 93010000 		.4byte	.LASF49
 908 0359 0D       		.uleb128 0xd
 909 035a F6000000 		.4byte	0xf6
 910 035e 05       		.uleb128 0x5
 911 035f 82010000 		.4byte	.LASF50
 912 0363 10       		.byte	0x10
 913 0364 08       		.byte	0x8
 914 0365 2C       		.byte	0x2c
 915 0366 95030000 		.4byte	0x395
 916 036a 06       		.uleb128 0x6
 917 036b A2000000 		.4byte	.LASF51
 918 036f 08       		.byte	0x8
 919 0370 2D       		.byte	0x2d
 920 0371 5C020000 		.4byte	0x25c
 921 0375 02       		.byte	0x2
 922 0376 23       		.byte	0x23
 923 0377 00       		.uleb128 0
 924 0378 06       		.uleb128 0x6
 925 0379 26030000 		.4byte	.LASF52
 926 037d 08       		.byte	0x8
 927 037e 2F       		.byte	0x2f
 928 037f 56020000 		.4byte	0x256
 929 0383 02       		.byte	0x2
 930 0384 23       		.byte	0x23
 931 0385 08       		.uleb128 0x8
 932 0386 06       		.uleb128 0x6
 933 0387 97020000 		.4byte	.LASF53
 934 038b 08       		.byte	0x8
 935 038c 31       		.byte	0x31
 936 038d 95030000 		.4byte	0x395
 937 0391 02       		.byte	0x2
 938 0392 23       		.byte	0x23
 939 0393 0C       		.uleb128 0xc
 940 0394 00       		.byte	0
 941 0395 09       		.uleb128 0x9
 942 0396 04       		.byte	0x4
 943 0397 5E030000 		.4byte	0x35e
 944 039b 03       		.uleb128 0x3
 945 039c 82010000 		.4byte	.LASF50
 946 03a0 08       		.byte	0x8
 947 03a1 33       		.byte	0x33
 948 03a2 5E030000 		.4byte	0x35e
 949 03a6 03       		.uleb128 0x3
 950 03a7 1D000000 		.4byte	.LASF54
 951 03ab 09       		.byte	0x9
 952 03ac 2C       		.byte	0x2c
 953 03ad B1030000 		.4byte	0x3b1
 954 03b1 09       		.uleb128 0x9
 955 03b2 04       		.byte	0x4
 956 03b3 B7030000 		.4byte	0x3b7
 957 03b7 0E       		.uleb128 0xe
 958 03b8 01       		.byte	0x1
 959 03b9 94020000 		.4byte	0x294
 960 03bd C7030000 		.4byte	0x3c7
ARM GAS  /tmp/ccz3LVpj.s 			page 18


 961 03c1 0F       		.uleb128 0xf
 962 03c2 2C000000 		.4byte	0x2c
 963 03c6 00       		.byte	0
 964 03c7 03       		.uleb128 0x3
 965 03c8 BB010000 		.4byte	.LASF55
 966 03cc 0A       		.byte	0xa
 967 03cd 34       		.byte	0x34
 968 03ce D2030000 		.4byte	0x3d2
 969 03d2 05       		.uleb128 0x5
 970 03d3 3E030000 		.4byte	.LASF56
 971 03d7 20       		.byte	0x20
 972 03d8 0A       		.byte	0xa
 973 03d9 47       		.byte	0x47
 974 03da 09040000 		.4byte	0x409
 975 03de 06       		.uleb128 0x6
 976 03df F9010000 		.4byte	.LASF57
 977 03e3 0A       		.byte	0xa
 978 03e4 48       		.byte	0x48
 979 03e5 A6030000 		.4byte	0x3a6
 980 03e9 02       		.byte	0x2
 981 03ea 23       		.byte	0x23
 982 03eb 00       		.uleb128 0
 983 03ec 06       		.uleb128 0x6
 984 03ed 4A000000 		.4byte	.LASF58
 985 03f1 0A       		.byte	0xa
 986 03f2 4A       		.byte	0x4a
 987 03f3 28040000 		.4byte	0x428
 988 03f7 02       		.byte	0x2
 989 03f8 23       		.byte	0x23
 990 03f9 08       		.uleb128 0x8
 991 03fa 06       		.uleb128 0x6
 992 03fb 94000000 		.4byte	.LASF59
 993 03ff 0A       		.byte	0xa
 994 0400 4C       		.byte	0x4c
 995 0401 9B030000 		.4byte	0x39b
 996 0405 02       		.byte	0x2
 997 0406 23       		.byte	0x23
 998 0407 10       		.uleb128 0x10
 999 0408 00       		.byte	0
 1000 0409 10       		.uleb128 0x10
 1001 040a 04       		.byte	0x4
 1002 040b 0A       		.byte	0xa
 1003 040c 3C       		.byte	0x3c
 1004 040d 28040000 		.4byte	0x428
 1005 0411 11       		.uleb128 0x11
 1006 0412 6E000000 		.4byte	.LASF60
 1007 0416 0A       		.byte	0xa
 1008 0417 3D       		.byte	0x3d
 1009 0418 49040000 		.4byte	0x449
 1010 041c 11       		.uleb128 0x11
 1011 041d 73020000 		.4byte	.LASF61
 1012 0421 0A       		.byte	0xa
 1013 0422 3E       		.byte	0x3e
 1014 0423 4F040000 		.4byte	0x44f
 1015 0427 00       		.byte	0
 1016 0428 12       		.uleb128 0x12
 1017 0429 2A020000 		.4byte	.LASF81
ARM GAS  /tmp/ccz3LVpj.s 			page 19


 1018 042d 08       		.byte	0x8
 1019 042e 0A       		.byte	0xa
 1020 042f 39       		.byte	0x39
 1021 0430 49040000 		.4byte	0x449
 1022 0434 11       		.uleb128 0x11
 1023 0435 17010000 		.4byte	.LASF62
 1024 0439 0A       		.byte	0xa
 1025 043a 3A       		.byte	0x3a
 1026 043b 96020000 		.4byte	0x296
 1027 043f 13       		.uleb128 0x13
 1028 0440 6800     		.ascii	"h\000"
 1029 0442 0A       		.byte	0xa
 1030 0443 41       		.byte	0x41
 1031 0444 55040000 		.4byte	0x455
 1032 0448 00       		.byte	0
 1033 0449 09       		.uleb128 0x9
 1034 044a 04       		.byte	0x4
 1035 044b 28040000 		.4byte	0x428
 1036 044f 09       		.uleb128 0x9
 1037 0450 04       		.byte	0x4
 1038 0451 C7030000 		.4byte	0x3c7
 1039 0455 08       		.uleb128 0x8
 1040 0456 08       		.byte	0x8
 1041 0457 0A       		.byte	0xa
 1042 0458 3B       		.byte	0x3b
 1043 0459 78040000 		.4byte	0x478
 1044 045d 07       		.uleb128 0x7
 1045 045e 7500     		.ascii	"u\000"
 1046 0460 0A       		.byte	0xa
 1047 0461 3F       		.byte	0x3f
 1048 0462 09040000 		.4byte	0x409
 1049 0466 02       		.byte	0x2
 1050 0467 23       		.byte	0x23
 1051 0468 00       		.uleb128 0
 1052 0469 06       		.uleb128 0x6
 1053 046a 44010000 		.4byte	.LASF63
 1054 046e 0A       		.byte	0xa
 1055 046f 40       		.byte	0x40
 1056 0470 2C000000 		.4byte	0x2c
 1057 0474 02       		.byte	0x2
 1058 0475 23       		.byte	0x23
 1059 0476 04       		.uleb128 0x4
 1060 0477 00       		.byte	0
 1061 0478 10       		.uleb128 0x10
 1062 0479 04       		.byte	0x4
 1063 047a 06       		.byte	0x6
 1064 047b 96       		.byte	0x96
 1065 047c AD040000 		.4byte	0x4ad
 1066 0480 11       		.uleb128 0x11
 1067 0481 0D000000 		.4byte	.LASF64
 1068 0485 06       		.byte	0x6
 1069 0486 9D       		.byte	0x9d
 1070 0487 E0000000 		.4byte	0xe0
 1071 048b 11       		.uleb128 0x11
 1072 048c 41000000 		.4byte	.LASF65
 1073 0490 06       		.byte	0x6
 1074 0491 A4       		.byte	0xa4
ARM GAS  /tmp/ccz3LVpj.s 			page 20


 1075 0492 E0000000 		.4byte	0xe0
 1076 0496 11       		.uleb128 0x11
 1077 0497 07030000 		.4byte	.LASF66
 1078 049b 06       		.byte	0x6
 1079 049c AB       		.byte	0xab
 1080 049d 94020000 		.4byte	0x294
 1081 04a1 11       		.uleb128 0x11
 1082 04a2 36020000 		.4byte	.LASF67
 1083 04a6 06       		.byte	0x6
 1084 04a7 B2       		.byte	0xb2
 1085 04a8 EB000000 		.4byte	0xeb
 1086 04ac 00       		.byte	0
 1087 04ad 09       		.uleb128 0x9
 1088 04ae 04       		.byte	0x4
 1089 04af B3040000 		.4byte	0x4b3
 1090 04b3 14       		.uleb128 0x14
 1091 04b4 B8040000 		.4byte	0x4b8
 1092 04b8 04       		.uleb128 0x4
 1093 04b9 01       		.byte	0x1
 1094 04ba 08       		.byte	0x8
 1095 04bb 85020000 		.4byte	.LASF68
 1096 04bf 09       		.uleb128 0x9
 1097 04c0 04       		.byte	0x4
 1098 04c1 9B030000 		.4byte	0x39b
 1099 04c5 15       		.uleb128 0x15
 1100 04c6 01       		.byte	0x1
 1101 04c7 1B030000 		.4byte	.LASF69
 1102 04cb 01       		.byte	0x1
 1103 04cc 4B       		.byte	0x4b
 1104 04cd 01       		.byte	0x1
 1105 04ce 00000000 		.4byte	.LFB7
 1106 04d2 20000000 		.4byte	.LFE7
 1107 04d6 02       		.byte	0x2
 1108 04d7 7D       		.byte	0x7d
 1109 04d8 00       		.sleb128 0
 1110 04d9 01       		.byte	0x1
 1111 04da F3040000 		.4byte	0x4f3
 1112 04de 16       		.uleb128 0x16
 1113 04df 20000000 		.4byte	.LVL0
 1114 04e3 01       		.byte	0x1
 1115 04e4 FE060000 		.4byte	0x6fe
 1116 04e8 17       		.uleb128 0x17
 1117 04e9 01       		.byte	0x1
 1118 04ea 50       		.byte	0x50
 1119 04eb 05       		.byte	0x5
 1120 04ec 03       		.byte	0x3
 1121 04ed 10000000 		.4byte	.LANCHOR0+16
 1122 04f1 00       		.byte	0
 1123 04f2 00       		.byte	0
 1124 04f3 15       		.uleb128 0x15
 1125 04f4 01       		.byte	0x1
 1126 04f5 63000000 		.4byte	.LASF70
 1127 04f9 01       		.byte	0x1
 1128 04fa 63       		.byte	0x63
 1129 04fb 01       		.byte	0x1
 1130 04fc 00000000 		.4byte	.LFB8
 1131 0500 14000000 		.4byte	.LFE8
ARM GAS  /tmp/ccz3LVpj.s 			page 21


 1132 0504 02       		.byte	0x2
 1133 0505 7D       		.byte	0x7d
 1134 0506 00       		.sleb128 0
 1135 0507 01       		.byte	0x1
 1136 0508 5C050000 		.4byte	0x55c
 1137 050c 18       		.uleb128 0x18
 1138 050d 51000000 		.4byte	.LASF71
 1139 0511 01       		.byte	0x1
 1140 0512 63       		.byte	0x63
 1141 0513 4F040000 		.4byte	0x44f
 1142 0517 00000000 		.4byte	.LLST0
 1143 051b 19       		.uleb128 0x19
 1144 051c 62756600 		.ascii	"buf\000"
 1145 0520 01       		.byte	0x1
 1146 0521 63       		.byte	0x63
 1147 0522 94020000 		.4byte	0x294
 1148 0526 2E000000 		.4byte	.LLST1
 1149 052a 18       		.uleb128 0x18
 1150 052b 44010000 		.4byte	.LASF63
 1151 052f 01       		.byte	0x1
 1152 0530 63       		.byte	0x63
 1153 0531 2C000000 		.4byte	0x2c
 1154 0535 4F000000 		.4byte	.LLST2
 1155 0539 1A       		.uleb128 0x1a
 1156 053a 687000   		.ascii	"hp\000"
 1157 053d 01       		.byte	0x1
 1158 053e 64       		.byte	0x64
 1159 053f 49040000 		.4byte	0x449
 1160 0543 7D000000 		.4byte	.LLST3
 1161 0547 16       		.uleb128 0x16
 1162 0548 14000000 		.4byte	.LVL5
 1163 054c 01       		.byte	0x1
 1164 054d FE060000 		.4byte	0x6fe
 1165 0551 17       		.uleb128 0x17
 1166 0552 01       		.byte	0x1
 1167 0553 50       		.byte	0x50
 1168 0554 05       		.byte	0x5
 1169 0555 F3       		.byte	0xf3
 1170 0556 01       		.uleb128 0x1
 1171 0557 50       		.byte	0x50
 1172 0558 23       		.byte	0x23
 1173 0559 10       		.uleb128 0x10
 1174 055a 00       		.byte	0
 1175 055b 00       		.byte	0
 1176 055c 1B       		.uleb128 0x1b
 1177 055d 01       		.byte	0x1
 1178 055e 53020000 		.4byte	.LASF73
 1179 0562 01       		.byte	0x1
 1180 0563 84       		.byte	0x84
 1181 0564 01       		.byte	0x1
 1182 0565 94020000 		.4byte	0x294
 1183 0569 00000000 		.4byte	.LFB9
 1184 056d 88000000 		.4byte	.LFE9
 1185 0571 9E000000 		.4byte	.LLST4
 1186 0575 01       		.byte	0x1
 1187 0576 F5050000 		.4byte	0x5f5
 1188 057a 18       		.uleb128 0x18
ARM GAS  /tmp/ccz3LVpj.s 			page 22


 1189 057b 51000000 		.4byte	.LASF71
 1190 057f 01       		.byte	0x1
 1191 0580 84       		.byte	0x84
 1192 0581 4F040000 		.4byte	0x44f
 1193 0585 BE000000 		.4byte	.LLST5
 1194 0589 18       		.uleb128 0x18
 1195 058a 44010000 		.4byte	.LASF63
 1196 058e 01       		.byte	0x1
 1197 058f 84       		.byte	0x84
 1198 0590 2C000000 		.4byte	0x2c
 1199 0594 DC000000 		.4byte	.LLST6
 1200 0598 1A       		.uleb128 0x1a
 1201 0599 717000   		.ascii	"qp\000"
 1202 059c 01       		.byte	0x1
 1203 059d 85       		.byte	0x85
 1204 059e 49040000 		.4byte	0x449
 1205 05a2 07010000 		.4byte	.LLST7
 1206 05a6 1A       		.uleb128 0x1a
 1207 05a7 687000   		.ascii	"hp\000"
 1208 05aa 01       		.byte	0x1
 1209 05ab 85       		.byte	0x85
 1210 05ac 49040000 		.4byte	0x449
 1211 05b0 30010000 		.4byte	.LLST8
 1212 05b4 1A       		.uleb128 0x1a
 1213 05b5 667000   		.ascii	"fp\000"
 1214 05b8 01       		.byte	0x1
 1215 05b9 85       		.byte	0x85
 1216 05ba 49040000 		.4byte	0x449
 1217 05be 7C010000 		.4byte	.LLST9
 1218 05c2 1C       		.uleb128 0x1c
 1219 05c3 1C000000 		.4byte	.LVL11
 1220 05c7 12070000 		.4byte	0x712
 1221 05cb D6050000 		.4byte	0x5d6
 1222 05cf 17       		.uleb128 0x17
 1223 05d0 01       		.byte	0x1
 1224 05d1 50       		.byte	0x50
 1225 05d2 02       		.byte	0x2
 1226 05d3 76       		.byte	0x76
 1227 05d4 10       		.sleb128 16
 1228 05d5 00       		.byte	0
 1229 05d6 1D       		.uleb128 0x1d
 1230 05d7 5A000000 		.4byte	.LVL18
 1231 05db 26070000 		.4byte	0x726
 1232 05df 1D       		.uleb128 0x1d
 1233 05e0 68000000 		.4byte	.LVL20
 1234 05e4 26070000 		.4byte	0x726
 1235 05e8 1E       		.uleb128 0x1e
 1236 05e9 72000000 		.4byte	.LVL21
 1237 05ed 17       		.uleb128 0x17
 1238 05ee 01       		.byte	0x1
 1239 05ef 50       		.byte	0x50
 1240 05f0 02       		.byte	0x2
 1241 05f1 75       		.byte	0x75
 1242 05f2 08       		.sleb128 8
 1243 05f3 00       		.byte	0
 1244 05f4 00       		.byte	0
 1245 05f5 1F       		.uleb128 0x1f
ARM GAS  /tmp/ccz3LVpj.s 			page 23


 1246 05f6 01       		.byte	0x1
 1247 05f7 AA000000 		.4byte	.LASF72
 1248 05fb 01       		.byte	0x1
 1249 05fc C2       		.byte	0xc2
 1250 05fd 01       		.byte	0x1
 1251 05fe 00000000 		.4byte	.LFB10
 1252 0602 86000000 		.4byte	.LFE10
 1253 0606 8F010000 		.4byte	.LLST10
 1254 060a 01       		.byte	0x1
 1255 060b 64060000 		.4byte	0x664
 1256 060f 19       		.uleb128 0x19
 1257 0610 7000     		.ascii	"p\000"
 1258 0612 01       		.byte	0x1
 1259 0613 C2       		.byte	0xc2
 1260 0614 94020000 		.4byte	0x294
 1261 0618 AF010000 		.4byte	.LLST11
 1262 061c 1A       		.uleb128 0x1a
 1263 061d 717000   		.ascii	"qp\000"
 1264 0620 01       		.byte	0x1
 1265 0621 C3       		.byte	0xc3
 1266 0622 49040000 		.4byte	0x449
 1267 0626 CD010000 		.4byte	.LLST12
 1268 062a 20       		.uleb128 0x20
 1269 062b 687000   		.ascii	"hp\000"
 1270 062e 01       		.byte	0x1
 1271 062f C3       		.byte	0xc3
 1272 0630 49040000 		.4byte	0x449
 1273 0634 01       		.byte	0x1
 1274 0635 54       		.byte	0x54
 1275 0636 21       		.uleb128 0x21
 1276 0637 51000000 		.4byte	.LASF71
 1277 063b 01       		.byte	0x1
 1278 063c C4       		.byte	0xc4
 1279 063d 4F040000 		.4byte	0x44f
 1280 0641 0C020000 		.4byte	.LLST13
 1281 0645 1C       		.uleb128 0x1c
 1282 0646 16000000 		.4byte	.LVL31
 1283 064a 12070000 		.4byte	0x712
 1284 064e 59060000 		.4byte	0x659
 1285 0652 17       		.uleb128 0x17
 1286 0653 01       		.byte	0x1
 1287 0654 50       		.byte	0x50
 1288 0655 02       		.byte	0x2
 1289 0656 75       		.byte	0x75
 1290 0657 08       		.sleb128 8
 1291 0658 00       		.byte	0
 1292 0659 22       		.uleb128 0x22
 1293 065a 58000000 		.4byte	.LVL36
 1294 065e 01       		.byte	0x1
 1295 065f 26070000 		.4byte	0x726
 1296 0663 00       		.byte	0
 1297 0664 1B       		.uleb128 0x1b
 1298 0665 01       		.byte	0x1
 1299 0666 8A020000 		.4byte	.LASF74
 1300 066a 01       		.byte	0x1
 1301 066b FA       		.byte	0xfa
 1302 066c 01       		.byte	0x1
ARM GAS  /tmp/ccz3LVpj.s 			page 24


 1303 066d 2C000000 		.4byte	0x2c
 1304 0671 00000000 		.4byte	.LFB11
 1305 0675 40000000 		.4byte	.LFE11
 1306 0679 38020000 		.4byte	.LLST14
 1307 067d 01       		.byte	0x1
 1308 067e E7060000 		.4byte	0x6e7
 1309 0682 18       		.uleb128 0x18
 1310 0683 51000000 		.4byte	.LASF71
 1311 0687 01       		.byte	0x1
 1312 0688 FA       		.byte	0xfa
 1313 0689 4F040000 		.4byte	0x44f
 1314 068d 58020000 		.4byte	.LLST15
 1315 0691 18       		.uleb128 0x18
 1316 0692 0E030000 		.4byte	.LASF75
 1317 0696 01       		.byte	0x1
 1318 0697 FA       		.byte	0xfa
 1319 0698 E7060000 		.4byte	0x6e7
 1320 069c BB020000 		.4byte	.LLST16
 1321 06a0 1A       		.uleb128 0x1a
 1322 06a1 717000   		.ascii	"qp\000"
 1323 06a4 01       		.byte	0x1
 1324 06a5 FB       		.byte	0xfb
 1325 06a6 49040000 		.4byte	0x449
 1326 06aa D9020000 		.4byte	.LLST17
 1327 06ae 1A       		.uleb128 0x1a
 1328 06af 6E00     		.ascii	"n\000"
 1329 06b1 01       		.byte	0x1
 1330 06b2 FC       		.byte	0xfc
 1331 06b3 2C000000 		.4byte	0x2c
 1332 06b7 1A030000 		.4byte	.LLST18
 1333 06bb 1A       		.uleb128 0x1a
 1334 06bc 737A00   		.ascii	"sz\000"
 1335 06bf 01       		.byte	0x1
 1336 06c0 FC       		.byte	0xfc
 1337 06c1 2C000000 		.4byte	0x2c
 1338 06c5 45030000 		.4byte	.LLST19
 1339 06c9 1C       		.uleb128 0x1c
 1340 06ca 14000000 		.4byte	.LVL39
 1341 06ce 12070000 		.4byte	0x712
 1342 06d2 DD060000 		.4byte	0x6dd
 1343 06d6 17       		.uleb128 0x17
 1344 06d7 01       		.byte	0x1
 1345 06d8 50       		.byte	0x50
 1346 06d9 02       		.byte	0x2
 1347 06da 74       		.byte	0x74
 1348 06db 10       		.sleb128 16
 1349 06dc 00       		.byte	0
 1350 06dd 1D       		.uleb128 0x1d
 1351 06de 30000000 		.4byte	.LVL43
 1352 06e2 26070000 		.4byte	0x726
 1353 06e6 00       		.byte	0
 1354 06e7 09       		.uleb128 0x9
 1355 06e8 04       		.byte	0x4
 1356 06e9 2C000000 		.4byte	0x2c
 1357 06ed 23       		.uleb128 0x23
 1358 06ee 78020000 		.4byte	.LASF76
 1359 06f2 01       		.byte	0x1
ARM GAS  /tmp/ccz3LVpj.s 			page 25


 1360 06f3 44       		.byte	0x44
 1361 06f4 C7030000 		.4byte	0x3c7
 1362 06f8 05       		.byte	0x5
 1363 06f9 03       		.byte	0x3
 1364 06fa 00000000 		.4byte	default_heap
 1365 06fe 24       		.uleb128 0x24
 1366 06ff 01       		.byte	0x1
 1367 0700 CC020000 		.4byte	.LASF77
 1368 0704 08       		.byte	0x8
 1369 0705 38       		.byte	0x38
 1370 0706 01       		.byte	0x1
 1371 0707 01       		.byte	0x1
 1372 0708 12070000 		.4byte	0x712
 1373 070c 0F       		.uleb128 0xf
 1374 070d BF040000 		.4byte	0x4bf
 1375 0711 00       		.byte	0
 1376 0712 24       		.uleb128 0x24
 1377 0713 01       		.byte	0x1
 1378 0714 9C010000 		.4byte	.LASF78
 1379 0718 08       		.byte	0x8
 1380 0719 39       		.byte	0x39
 1381 071a 01       		.byte	0x1
 1382 071b 01       		.byte	0x1
 1383 071c 26070000 		.4byte	0x726
 1384 0720 0F       		.uleb128 0xf
 1385 0721 BF040000 		.4byte	0x4bf
 1386 0725 00       		.byte	0
 1387 0726 25       		.uleb128 0x25
 1388 0727 01       		.byte	0x1
 1389 0728 57000000 		.4byte	.LASF82
 1390 072c 08       		.byte	0x8
 1391 072d 3D       		.byte	0x3d
 1392 072e 01       		.byte	0x1
 1393 072f BF040000 		.4byte	0x4bf
 1394 0733 01       		.byte	0x1
 1395 0734 00       		.byte	0
 1396              		.section	.debug_abbrev,"",%progbits
 1397              	.Ldebug_abbrev0:
 1398 0000 01       		.uleb128 0x1
 1399 0001 11       		.uleb128 0x11
 1400 0002 01       		.byte	0x1
 1401 0003 25       		.uleb128 0x25
 1402 0004 0E       		.uleb128 0xe
 1403 0005 13       		.uleb128 0x13
 1404 0006 0B       		.uleb128 0xb
 1405 0007 03       		.uleb128 0x3
 1406 0008 0E       		.uleb128 0xe
 1407 0009 55       		.uleb128 0x55
 1408 000a 06       		.uleb128 0x6
 1409 000b 11       		.uleb128 0x11
 1410 000c 01       		.uleb128 0x1
 1411 000d 52       		.uleb128 0x52
 1412 000e 01       		.uleb128 0x1
 1413 000f 10       		.uleb128 0x10
 1414 0010 06       		.uleb128 0x6
 1415 0011 00       		.byte	0
 1416 0012 00       		.byte	0
ARM GAS  /tmp/ccz3LVpj.s 			page 26


 1417 0013 02       		.uleb128 0x2
 1418 0014 24       		.uleb128 0x24
 1419 0015 00       		.byte	0
 1420 0016 0B       		.uleb128 0xb
 1421 0017 0B       		.uleb128 0xb
 1422 0018 3E       		.uleb128 0x3e
 1423 0019 0B       		.uleb128 0xb
 1424 001a 03       		.uleb128 0x3
 1425 001b 08       		.uleb128 0x8
 1426 001c 00       		.byte	0
 1427 001d 00       		.byte	0
 1428 001e 03       		.uleb128 0x3
 1429 001f 16       		.uleb128 0x16
 1430 0020 00       		.byte	0
 1431 0021 03       		.uleb128 0x3
 1432 0022 0E       		.uleb128 0xe
 1433 0023 3A       		.uleb128 0x3a
 1434 0024 0B       		.uleb128 0xb
 1435 0025 3B       		.uleb128 0x3b
 1436 0026 0B       		.uleb128 0xb
 1437 0027 49       		.uleb128 0x49
 1438 0028 13       		.uleb128 0x13
 1439 0029 00       		.byte	0
 1440 002a 00       		.byte	0
 1441 002b 04       		.uleb128 0x4
 1442 002c 24       		.uleb128 0x24
 1443 002d 00       		.byte	0
 1444 002e 0B       		.uleb128 0xb
 1445 002f 0B       		.uleb128 0xb
 1446 0030 3E       		.uleb128 0x3e
 1447 0031 0B       		.uleb128 0xb
 1448 0032 03       		.uleb128 0x3
 1449 0033 0E       		.uleb128 0xe
 1450 0034 00       		.byte	0
 1451 0035 00       		.byte	0
 1452 0036 05       		.uleb128 0x5
 1453 0037 13       		.uleb128 0x13
 1454 0038 01       		.byte	0x1
 1455 0039 03       		.uleb128 0x3
 1456 003a 0E       		.uleb128 0xe
 1457 003b 0B       		.uleb128 0xb
 1458 003c 0B       		.uleb128 0xb
 1459 003d 3A       		.uleb128 0x3a
 1460 003e 0B       		.uleb128 0xb
 1461 003f 3B       		.uleb128 0x3b
 1462 0040 0B       		.uleb128 0xb
 1463 0041 01       		.uleb128 0x1
 1464 0042 13       		.uleb128 0x13
 1465 0043 00       		.byte	0
 1466 0044 00       		.byte	0
 1467 0045 06       		.uleb128 0x6
 1468 0046 0D       		.uleb128 0xd
 1469 0047 00       		.byte	0
 1470 0048 03       		.uleb128 0x3
 1471 0049 0E       		.uleb128 0xe
 1472 004a 3A       		.uleb128 0x3a
 1473 004b 0B       		.uleb128 0xb
ARM GAS  /tmp/ccz3LVpj.s 			page 27


 1474 004c 3B       		.uleb128 0x3b
 1475 004d 0B       		.uleb128 0xb
 1476 004e 49       		.uleb128 0x49
 1477 004f 13       		.uleb128 0x13
 1478 0050 38       		.uleb128 0x38
 1479 0051 0A       		.uleb128 0xa
 1480 0052 00       		.byte	0
 1481 0053 00       		.byte	0
 1482 0054 07       		.uleb128 0x7
 1483 0055 0D       		.uleb128 0xd
 1484 0056 00       		.byte	0
 1485 0057 03       		.uleb128 0x3
 1486 0058 08       		.uleb128 0x8
 1487 0059 3A       		.uleb128 0x3a
 1488 005a 0B       		.uleb128 0xb
 1489 005b 3B       		.uleb128 0x3b
 1490 005c 0B       		.uleb128 0xb
 1491 005d 49       		.uleb128 0x49
 1492 005e 13       		.uleb128 0x13
 1493 005f 38       		.uleb128 0x38
 1494 0060 0A       		.uleb128 0xa
 1495 0061 00       		.byte	0
 1496 0062 00       		.byte	0
 1497 0063 08       		.uleb128 0x8
 1498 0064 13       		.uleb128 0x13
 1499 0065 01       		.byte	0x1
 1500 0066 0B       		.uleb128 0xb
 1501 0067 0B       		.uleb128 0xb
 1502 0068 3A       		.uleb128 0x3a
 1503 0069 0B       		.uleb128 0xb
 1504 006a 3B       		.uleb128 0x3b
 1505 006b 0B       		.uleb128 0xb
 1506 006c 01       		.uleb128 0x1
 1507 006d 13       		.uleb128 0x13
 1508 006e 00       		.byte	0
 1509 006f 00       		.byte	0
 1510 0070 09       		.uleb128 0x9
 1511 0071 0F       		.uleb128 0xf
 1512 0072 00       		.byte	0
 1513 0073 0B       		.uleb128 0xb
 1514 0074 0B       		.uleb128 0xb
 1515 0075 49       		.uleb128 0x49
 1516 0076 13       		.uleb128 0x13
 1517 0077 00       		.byte	0
 1518 0078 00       		.byte	0
 1519 0079 0A       		.uleb128 0xa
 1520 007a 0F       		.uleb128 0xf
 1521 007b 00       		.byte	0
 1522 007c 0B       		.uleb128 0xb
 1523 007d 0B       		.uleb128 0xb
 1524 007e 00       		.byte	0
 1525 007f 00       		.byte	0
 1526 0080 0B       		.uleb128 0xb
 1527 0081 13       		.uleb128 0x13
 1528 0082 01       		.byte	0x1
 1529 0083 03       		.uleb128 0x3
 1530 0084 0E       		.uleb128 0xe
ARM GAS  /tmp/ccz3LVpj.s 			page 28


 1531 0085 0B       		.uleb128 0xb
 1532 0086 0B       		.uleb128 0xb
 1533 0087 3A       		.uleb128 0x3a
 1534 0088 0B       		.uleb128 0xb
 1535 0089 3B       		.uleb128 0x3b
 1536 008a 05       		.uleb128 0x5
 1537 008b 01       		.uleb128 0x1
 1538 008c 13       		.uleb128 0x13
 1539 008d 00       		.byte	0
 1540 008e 00       		.byte	0
 1541 008f 0C       		.uleb128 0xc
 1542 0090 0D       		.uleb128 0xd
 1543 0091 00       		.byte	0
 1544 0092 03       		.uleb128 0x3
 1545 0093 08       		.uleb128 0x8
 1546 0094 3A       		.uleb128 0x3a
 1547 0095 0B       		.uleb128 0xb
 1548 0096 3B       		.uleb128 0x3b
 1549 0097 05       		.uleb128 0x5
 1550 0098 49       		.uleb128 0x49
 1551 0099 13       		.uleb128 0x13
 1552 009a 38       		.uleb128 0x38
 1553 009b 0A       		.uleb128 0xa
 1554 009c 00       		.byte	0
 1555 009d 00       		.byte	0
 1556 009e 0D       		.uleb128 0xd
 1557 009f 35       		.uleb128 0x35
 1558 00a0 00       		.byte	0
 1559 00a1 49       		.uleb128 0x49
 1560 00a2 13       		.uleb128 0x13
 1561 00a3 00       		.byte	0
 1562 00a4 00       		.byte	0
 1563 00a5 0E       		.uleb128 0xe
 1564 00a6 15       		.uleb128 0x15
 1565 00a7 01       		.byte	0x1
 1566 00a8 27       		.uleb128 0x27
 1567 00a9 0C       		.uleb128 0xc
 1568 00aa 49       		.uleb128 0x49
 1569 00ab 13       		.uleb128 0x13
 1570 00ac 01       		.uleb128 0x1
 1571 00ad 13       		.uleb128 0x13
 1572 00ae 00       		.byte	0
 1573 00af 00       		.byte	0
 1574 00b0 0F       		.uleb128 0xf
 1575 00b1 05       		.uleb128 0x5
 1576 00b2 00       		.byte	0
 1577 00b3 49       		.uleb128 0x49
 1578 00b4 13       		.uleb128 0x13
 1579 00b5 00       		.byte	0
 1580 00b6 00       		.byte	0
 1581 00b7 10       		.uleb128 0x10
 1582 00b8 17       		.uleb128 0x17
 1583 00b9 01       		.byte	0x1
 1584 00ba 0B       		.uleb128 0xb
 1585 00bb 0B       		.uleb128 0xb
 1586 00bc 3A       		.uleb128 0x3a
 1587 00bd 0B       		.uleb128 0xb
ARM GAS  /tmp/ccz3LVpj.s 			page 29


 1588 00be 3B       		.uleb128 0x3b
 1589 00bf 0B       		.uleb128 0xb
 1590 00c0 01       		.uleb128 0x1
 1591 00c1 13       		.uleb128 0x13
 1592 00c2 00       		.byte	0
 1593 00c3 00       		.byte	0
 1594 00c4 11       		.uleb128 0x11
 1595 00c5 0D       		.uleb128 0xd
 1596 00c6 00       		.byte	0
 1597 00c7 03       		.uleb128 0x3
 1598 00c8 0E       		.uleb128 0xe
 1599 00c9 3A       		.uleb128 0x3a
 1600 00ca 0B       		.uleb128 0xb
 1601 00cb 3B       		.uleb128 0x3b
 1602 00cc 0B       		.uleb128 0xb
 1603 00cd 49       		.uleb128 0x49
 1604 00ce 13       		.uleb128 0x13
 1605 00cf 00       		.byte	0
 1606 00d0 00       		.byte	0
 1607 00d1 12       		.uleb128 0x12
 1608 00d2 17       		.uleb128 0x17
 1609 00d3 01       		.byte	0x1
 1610 00d4 03       		.uleb128 0x3
 1611 00d5 0E       		.uleb128 0xe
 1612 00d6 0B       		.uleb128 0xb
 1613 00d7 0B       		.uleb128 0xb
 1614 00d8 3A       		.uleb128 0x3a
 1615 00d9 0B       		.uleb128 0xb
 1616 00da 3B       		.uleb128 0x3b
 1617 00db 0B       		.uleb128 0xb
 1618 00dc 01       		.uleb128 0x1
 1619 00dd 13       		.uleb128 0x13
 1620 00de 00       		.byte	0
 1621 00df 00       		.byte	0
 1622 00e0 13       		.uleb128 0x13
 1623 00e1 0D       		.uleb128 0xd
 1624 00e2 00       		.byte	0
 1625 00e3 03       		.uleb128 0x3
 1626 00e4 08       		.uleb128 0x8
 1627 00e5 3A       		.uleb128 0x3a
 1628 00e6 0B       		.uleb128 0xb
 1629 00e7 3B       		.uleb128 0x3b
 1630 00e8 0B       		.uleb128 0xb
 1631 00e9 49       		.uleb128 0x49
 1632 00ea 13       		.uleb128 0x13
 1633 00eb 00       		.byte	0
 1634 00ec 00       		.byte	0
 1635 00ed 14       		.uleb128 0x14
 1636 00ee 26       		.uleb128 0x26
 1637 00ef 00       		.byte	0
 1638 00f0 49       		.uleb128 0x49
 1639 00f1 13       		.uleb128 0x13
 1640 00f2 00       		.byte	0
 1641 00f3 00       		.byte	0
 1642 00f4 15       		.uleb128 0x15
 1643 00f5 2E       		.uleb128 0x2e
 1644 00f6 01       		.byte	0x1
ARM GAS  /tmp/ccz3LVpj.s 			page 30


 1645 00f7 3F       		.uleb128 0x3f
 1646 00f8 0C       		.uleb128 0xc
 1647 00f9 03       		.uleb128 0x3
 1648 00fa 0E       		.uleb128 0xe
 1649 00fb 3A       		.uleb128 0x3a
 1650 00fc 0B       		.uleb128 0xb
 1651 00fd 3B       		.uleb128 0x3b
 1652 00fe 0B       		.uleb128 0xb
 1653 00ff 27       		.uleb128 0x27
 1654 0100 0C       		.uleb128 0xc
 1655 0101 11       		.uleb128 0x11
 1656 0102 01       		.uleb128 0x1
 1657 0103 12       		.uleb128 0x12
 1658 0104 01       		.uleb128 0x1
 1659 0105 40       		.uleb128 0x40
 1660 0106 0A       		.uleb128 0xa
 1661 0107 9742     		.uleb128 0x2117
 1662 0109 0C       		.uleb128 0xc
 1663 010a 01       		.uleb128 0x1
 1664 010b 13       		.uleb128 0x13
 1665 010c 00       		.byte	0
 1666 010d 00       		.byte	0
 1667 010e 16       		.uleb128 0x16
 1668 010f 898201   		.uleb128 0x4109
 1669 0112 01       		.byte	0x1
 1670 0113 11       		.uleb128 0x11
 1671 0114 01       		.uleb128 0x1
 1672 0115 9542     		.uleb128 0x2115
 1673 0117 0C       		.uleb128 0xc
 1674 0118 31       		.uleb128 0x31
 1675 0119 13       		.uleb128 0x13
 1676 011a 00       		.byte	0
 1677 011b 00       		.byte	0
 1678 011c 17       		.uleb128 0x17
 1679 011d 8A8201   		.uleb128 0x410a
 1680 0120 00       		.byte	0
 1681 0121 02       		.uleb128 0x2
 1682 0122 0A       		.uleb128 0xa
 1683 0123 9142     		.uleb128 0x2111
 1684 0125 0A       		.uleb128 0xa
 1685 0126 00       		.byte	0
 1686 0127 00       		.byte	0
 1687 0128 18       		.uleb128 0x18
 1688 0129 05       		.uleb128 0x5
 1689 012a 00       		.byte	0
 1690 012b 03       		.uleb128 0x3
 1691 012c 0E       		.uleb128 0xe
 1692 012d 3A       		.uleb128 0x3a
 1693 012e 0B       		.uleb128 0xb
 1694 012f 3B       		.uleb128 0x3b
 1695 0130 0B       		.uleb128 0xb
 1696 0131 49       		.uleb128 0x49
 1697 0132 13       		.uleb128 0x13
 1698 0133 02       		.uleb128 0x2
 1699 0134 06       		.uleb128 0x6
 1700 0135 00       		.byte	0
 1701 0136 00       		.byte	0
ARM GAS  /tmp/ccz3LVpj.s 			page 31


 1702 0137 19       		.uleb128 0x19
 1703 0138 05       		.uleb128 0x5
 1704 0139 00       		.byte	0
 1705 013a 03       		.uleb128 0x3
 1706 013b 08       		.uleb128 0x8
 1707 013c 3A       		.uleb128 0x3a
 1708 013d 0B       		.uleb128 0xb
 1709 013e 3B       		.uleb128 0x3b
 1710 013f 0B       		.uleb128 0xb
 1711 0140 49       		.uleb128 0x49
 1712 0141 13       		.uleb128 0x13
 1713 0142 02       		.uleb128 0x2
 1714 0143 06       		.uleb128 0x6
 1715 0144 00       		.byte	0
 1716 0145 00       		.byte	0
 1717 0146 1A       		.uleb128 0x1a
 1718 0147 34       		.uleb128 0x34
 1719 0148 00       		.byte	0
 1720 0149 03       		.uleb128 0x3
 1721 014a 08       		.uleb128 0x8
 1722 014b 3A       		.uleb128 0x3a
 1723 014c 0B       		.uleb128 0xb
 1724 014d 3B       		.uleb128 0x3b
 1725 014e 0B       		.uleb128 0xb
 1726 014f 49       		.uleb128 0x49
 1727 0150 13       		.uleb128 0x13
 1728 0151 02       		.uleb128 0x2
 1729 0152 06       		.uleb128 0x6
 1730 0153 00       		.byte	0
 1731 0154 00       		.byte	0
 1732 0155 1B       		.uleb128 0x1b
 1733 0156 2E       		.uleb128 0x2e
 1734 0157 01       		.byte	0x1
 1735 0158 3F       		.uleb128 0x3f
 1736 0159 0C       		.uleb128 0xc
 1737 015a 03       		.uleb128 0x3
 1738 015b 0E       		.uleb128 0xe
 1739 015c 3A       		.uleb128 0x3a
 1740 015d 0B       		.uleb128 0xb
 1741 015e 3B       		.uleb128 0x3b
 1742 015f 0B       		.uleb128 0xb
 1743 0160 27       		.uleb128 0x27
 1744 0161 0C       		.uleb128 0xc
 1745 0162 49       		.uleb128 0x49
 1746 0163 13       		.uleb128 0x13
 1747 0164 11       		.uleb128 0x11
 1748 0165 01       		.uleb128 0x1
 1749 0166 12       		.uleb128 0x12
 1750 0167 01       		.uleb128 0x1
 1751 0168 40       		.uleb128 0x40
 1752 0169 06       		.uleb128 0x6
 1753 016a 9742     		.uleb128 0x2117
 1754 016c 0C       		.uleb128 0xc
 1755 016d 01       		.uleb128 0x1
 1756 016e 13       		.uleb128 0x13
 1757 016f 00       		.byte	0
 1758 0170 00       		.byte	0
ARM GAS  /tmp/ccz3LVpj.s 			page 32


 1759 0171 1C       		.uleb128 0x1c
 1760 0172 898201   		.uleb128 0x4109
 1761 0175 01       		.byte	0x1
 1762 0176 11       		.uleb128 0x11
 1763 0177 01       		.uleb128 0x1
 1764 0178 31       		.uleb128 0x31
 1765 0179 13       		.uleb128 0x13
 1766 017a 01       		.uleb128 0x1
 1767 017b 13       		.uleb128 0x13
 1768 017c 00       		.byte	0
 1769 017d 00       		.byte	0
 1770 017e 1D       		.uleb128 0x1d
 1771 017f 898201   		.uleb128 0x4109
 1772 0182 00       		.byte	0
 1773 0183 11       		.uleb128 0x11
 1774 0184 01       		.uleb128 0x1
 1775 0185 31       		.uleb128 0x31
 1776 0186 13       		.uleb128 0x13
 1777 0187 00       		.byte	0
 1778 0188 00       		.byte	0
 1779 0189 1E       		.uleb128 0x1e
 1780 018a 898201   		.uleb128 0x4109
 1781 018d 01       		.byte	0x1
 1782 018e 11       		.uleb128 0x11
 1783 018f 01       		.uleb128 0x1
 1784 0190 00       		.byte	0
 1785 0191 00       		.byte	0
 1786 0192 1F       		.uleb128 0x1f
 1787 0193 2E       		.uleb128 0x2e
 1788 0194 01       		.byte	0x1
 1789 0195 3F       		.uleb128 0x3f
 1790 0196 0C       		.uleb128 0xc
 1791 0197 03       		.uleb128 0x3
 1792 0198 0E       		.uleb128 0xe
 1793 0199 3A       		.uleb128 0x3a
 1794 019a 0B       		.uleb128 0xb
 1795 019b 3B       		.uleb128 0x3b
 1796 019c 0B       		.uleb128 0xb
 1797 019d 27       		.uleb128 0x27
 1798 019e 0C       		.uleb128 0xc
 1799 019f 11       		.uleb128 0x11
 1800 01a0 01       		.uleb128 0x1
 1801 01a1 12       		.uleb128 0x12
 1802 01a2 01       		.uleb128 0x1
 1803 01a3 40       		.uleb128 0x40
 1804 01a4 06       		.uleb128 0x6
 1805 01a5 9742     		.uleb128 0x2117
 1806 01a7 0C       		.uleb128 0xc
 1807 01a8 01       		.uleb128 0x1
 1808 01a9 13       		.uleb128 0x13
 1809 01aa 00       		.byte	0
 1810 01ab 00       		.byte	0
 1811 01ac 20       		.uleb128 0x20
 1812 01ad 34       		.uleb128 0x34
 1813 01ae 00       		.byte	0
 1814 01af 03       		.uleb128 0x3
 1815 01b0 08       		.uleb128 0x8
ARM GAS  /tmp/ccz3LVpj.s 			page 33


 1816 01b1 3A       		.uleb128 0x3a
 1817 01b2 0B       		.uleb128 0xb
 1818 01b3 3B       		.uleb128 0x3b
 1819 01b4 0B       		.uleb128 0xb
 1820 01b5 49       		.uleb128 0x49
 1821 01b6 13       		.uleb128 0x13
 1822 01b7 02       		.uleb128 0x2
 1823 01b8 0A       		.uleb128 0xa
 1824 01b9 00       		.byte	0
 1825 01ba 00       		.byte	0
 1826 01bb 21       		.uleb128 0x21
 1827 01bc 34       		.uleb128 0x34
 1828 01bd 00       		.byte	0
 1829 01be 03       		.uleb128 0x3
 1830 01bf 0E       		.uleb128 0xe
 1831 01c0 3A       		.uleb128 0x3a
 1832 01c1 0B       		.uleb128 0xb
 1833 01c2 3B       		.uleb128 0x3b
 1834 01c3 0B       		.uleb128 0xb
 1835 01c4 49       		.uleb128 0x49
 1836 01c5 13       		.uleb128 0x13
 1837 01c6 02       		.uleb128 0x2
 1838 01c7 06       		.uleb128 0x6
 1839 01c8 00       		.byte	0
 1840 01c9 00       		.byte	0
 1841 01ca 22       		.uleb128 0x22
 1842 01cb 898201   		.uleb128 0x4109
 1843 01ce 00       		.byte	0
 1844 01cf 11       		.uleb128 0x11
 1845 01d0 01       		.uleb128 0x1
 1846 01d1 9542     		.uleb128 0x2115
 1847 01d3 0C       		.uleb128 0xc
 1848 01d4 31       		.uleb128 0x31
 1849 01d5 13       		.uleb128 0x13
 1850 01d6 00       		.byte	0
 1851 01d7 00       		.byte	0
 1852 01d8 23       		.uleb128 0x23
 1853 01d9 34       		.uleb128 0x34
 1854 01da 00       		.byte	0
 1855 01db 03       		.uleb128 0x3
 1856 01dc 0E       		.uleb128 0xe
 1857 01dd 3A       		.uleb128 0x3a
 1858 01de 0B       		.uleb128 0xb
 1859 01df 3B       		.uleb128 0x3b
 1860 01e0 0B       		.uleb128 0xb
 1861 01e1 49       		.uleb128 0x49
 1862 01e2 13       		.uleb128 0x13
 1863 01e3 02       		.uleb128 0x2
 1864 01e4 0A       		.uleb128 0xa
 1865 01e5 00       		.byte	0
 1866 01e6 00       		.byte	0
 1867 01e7 24       		.uleb128 0x24
 1868 01e8 2E       		.uleb128 0x2e
 1869 01e9 01       		.byte	0x1
 1870 01ea 3F       		.uleb128 0x3f
 1871 01eb 0C       		.uleb128 0xc
 1872 01ec 03       		.uleb128 0x3
ARM GAS  /tmp/ccz3LVpj.s 			page 34


 1873 01ed 0E       		.uleb128 0xe
 1874 01ee 3A       		.uleb128 0x3a
 1875 01ef 0B       		.uleb128 0xb
 1876 01f0 3B       		.uleb128 0x3b
 1877 01f1 0B       		.uleb128 0xb
 1878 01f2 27       		.uleb128 0x27
 1879 01f3 0C       		.uleb128 0xc
 1880 01f4 3C       		.uleb128 0x3c
 1881 01f5 0C       		.uleb128 0xc
 1882 01f6 01       		.uleb128 0x1
 1883 01f7 13       		.uleb128 0x13
 1884 01f8 00       		.byte	0
 1885 01f9 00       		.byte	0
 1886 01fa 25       		.uleb128 0x25
 1887 01fb 2E       		.uleb128 0x2e
 1888 01fc 00       		.byte	0
 1889 01fd 3F       		.uleb128 0x3f
 1890 01fe 0C       		.uleb128 0xc
 1891 01ff 03       		.uleb128 0x3
 1892 0200 0E       		.uleb128 0xe
 1893 0201 3A       		.uleb128 0x3a
 1894 0202 0B       		.uleb128 0xb
 1895 0203 3B       		.uleb128 0x3b
 1896 0204 0B       		.uleb128 0xb
 1897 0205 27       		.uleb128 0x27
 1898 0206 0C       		.uleb128 0xc
 1899 0207 49       		.uleb128 0x49
 1900 0208 13       		.uleb128 0x13
 1901 0209 3C       		.uleb128 0x3c
 1902 020a 0C       		.uleb128 0xc
 1903 020b 00       		.byte	0
 1904 020c 00       		.byte	0
 1905 020d 00       		.byte	0
 1906              		.section	.debug_loc,"",%progbits
 1907              	.Ldebug_loc0:
 1908              	.LLST0:
 1909 0000 00000000 		.4byte	.LVL1
 1910 0004 0C000000 		.4byte	.LVL4
 1911 0008 0100     		.2byte	0x1
 1912 000a 50       		.byte	0x50
 1913 000b 0C000000 		.4byte	.LVL4
 1914 000f 13000000 		.4byte	.LVL5-1
 1915 0013 0300     		.2byte	0x3
 1916 0015 70       		.byte	0x70
 1917 0016 70       		.sleb128 -16
 1918 0017 9F       		.byte	0x9f
 1919 0018 13000000 		.4byte	.LVL5-1
 1920 001c 14000000 		.4byte	.LFE8
 1921 0020 0400     		.2byte	0x4
 1922 0022 F3       		.byte	0xf3
 1923 0023 01       		.uleb128 0x1
 1924 0024 50       		.byte	0x50
 1925 0025 9F       		.byte	0x9f
 1926 0026 00000000 		.4byte	0
 1927 002a 00000000 		.4byte	0
 1928              	.LLST1:
 1929 002e 00000000 		.4byte	.LVL1
ARM GAS  /tmp/ccz3LVpj.s 			page 35


 1930 0032 13000000 		.4byte	.LVL5-1
 1931 0036 0100     		.2byte	0x1
 1932 0038 51       		.byte	0x51
 1933 0039 13000000 		.4byte	.LVL5-1
 1934 003d 14000000 		.4byte	.LFE8
 1935 0041 0400     		.2byte	0x4
 1936 0043 F3       		.byte	0xf3
 1937 0044 01       		.uleb128 0x1
 1938 0045 51       		.byte	0x51
 1939 0046 9F       		.byte	0x9f
 1940 0047 00000000 		.4byte	0
 1941 004b 00000000 		.4byte	0
 1942              	.LLST2:
 1943 004f 00000000 		.4byte	.LVL1
 1944 0053 0A000000 		.4byte	.LVL3
 1945 0057 0100     		.2byte	0x1
 1946 0059 52       		.byte	0x52
 1947 005a 0A000000 		.4byte	.LVL3
 1948 005e 13000000 		.4byte	.LVL5-1
 1949 0062 0300     		.2byte	0x3
 1950 0064 72       		.byte	0x72
 1951 0065 08       		.sleb128 8
 1952 0066 9F       		.byte	0x9f
 1953 0067 13000000 		.4byte	.LVL5-1
 1954 006b 14000000 		.4byte	.LFE8
 1955 006f 0400     		.2byte	0x4
 1956 0071 F3       		.byte	0xf3
 1957 0072 01       		.uleb128 0x1
 1958 0073 52       		.byte	0x52
 1959 0074 9F       		.byte	0x9f
 1960 0075 00000000 		.4byte	0
 1961 0079 00000000 		.4byte	0
 1962              	.LLST3:
 1963 007d 04000000 		.4byte	.LVL2
 1964 0081 13000000 		.4byte	.LVL5-1
 1965 0085 0100     		.2byte	0x1
 1966 0087 51       		.byte	0x51
 1967 0088 13000000 		.4byte	.LVL5-1
 1968 008c 14000000 		.4byte	.LFE8
 1969 0090 0400     		.2byte	0x4
 1970 0092 F3       		.byte	0xf3
 1971 0093 01       		.uleb128 0x1
 1972 0094 51       		.byte	0x51
 1973 0095 9F       		.byte	0x9f
 1974 0096 00000000 		.4byte	0
 1975 009a 00000000 		.4byte	0
 1976              	.LLST4:
 1977 009e 00000000 		.4byte	.LFB9
 1978 00a2 02000000 		.4byte	.LCFI0
 1979 00a6 0200     		.2byte	0x2
 1980 00a8 7D       		.byte	0x7d
 1981 00a9 00       		.sleb128 0
 1982 00aa 02000000 		.4byte	.LCFI0
 1983 00ae 88000000 		.4byte	.LFE9
 1984 00b2 0200     		.2byte	0x2
 1985 00b4 7D       		.byte	0x7d
 1986 00b5 18       		.sleb128 24
ARM GAS  /tmp/ccz3LVpj.s 			page 36


 1987 00b6 00000000 		.4byte	0
 1988 00ba 00000000 		.4byte	0
 1989              	.LLST5:
 1990 00be 00000000 		.4byte	.LVL6
 1991 00c2 0A000000 		.4byte	.LVL7
 1992 00c6 0100     		.2byte	0x1
 1993 00c8 50       		.byte	0x50
 1994 00c9 0A000000 		.4byte	.LVL7
 1995 00cd 88000000 		.4byte	.LFE9
 1996 00d1 0100     		.2byte	0x1
 1997 00d3 56       		.byte	0x56
 1998 00d4 00000000 		.4byte	0
 1999 00d8 00000000 		.4byte	0
 2000              	.LLST6:
 2001 00dc 00000000 		.4byte	.LVL6
 2002 00e0 0C000000 		.4byte	.LVL8
 2003 00e4 0100     		.2byte	0x1
 2004 00e6 51       		.byte	0x51
 2005 00e7 0C000000 		.4byte	.LVL8
 2006 00eb 14000000 		.4byte	.LVL9
 2007 00ef 0300     		.2byte	0x3
 2008 00f1 71       		.byte	0x71
 2009 00f2 79       		.sleb128 -7
 2010 00f3 9F       		.byte	0x9f
 2011 00f4 14000000 		.4byte	.LVL9
 2012 00f8 88000000 		.4byte	.LFE9
 2013 00fc 0100     		.2byte	0x1
 2014 00fe 55       		.byte	0x55
 2015 00ff 00000000 		.4byte	0
 2016 0103 00000000 		.4byte	0
 2017              	.LLST7:
 2018 0107 18000000 		.4byte	.LVL10
 2019 010b 52000000 		.4byte	.LVL17
 2020 010f 0100     		.2byte	0x1
 2021 0111 54       		.byte	0x54
 2022 0112 5E000000 		.4byte	.LVL19
 2023 0116 78000000 		.4byte	.LVL22
 2024 011a 0100     		.2byte	0x1
 2025 011c 54       		.byte	0x54
 2026 011d 80000000 		.4byte	.LVL24
 2027 0121 82000000 		.4byte	.LVL25
 2028 0125 0100     		.2byte	0x1
 2029 0127 54       		.byte	0x54
 2030 0128 00000000 		.4byte	0
 2031 012c 00000000 		.4byte	0
 2032              	.LLST8:
 2033 0130 1E000000 		.4byte	.LVL12
 2034 0134 20000000 		.4byte	.LVL13
 2035 0138 0100     		.2byte	0x1
 2036 013a 53       		.byte	0x53
 2037 013b 22000000 		.4byte	.LVL14
 2038 013f 59000000 		.4byte	.LVL18-1
 2039 0143 0100     		.2byte	0x1
 2040 0145 53       		.byte	0x53
 2041 0146 59000000 		.4byte	.LVL18-1
 2042 014a 5A000000 		.4byte	.LVL18
 2043 014e 0300     		.2byte	0x3
ARM GAS  /tmp/ccz3LVpj.s 			page 37


 2044 0150 74       		.byte	0x74
 2045 0151 78       		.sleb128 -8
 2046 0152 9F       		.byte	0x9f
 2047 0153 5E000000 		.4byte	.LVL19
 2048 0157 67000000 		.4byte	.LVL20-1
 2049 015b 0100     		.2byte	0x1
 2050 015d 53       		.byte	0x53
 2051 015e 72000000 		.4byte	.LVL21
 2052 0162 7C000000 		.4byte	.LVL23
 2053 0166 0100     		.2byte	0x1
 2054 0168 50       		.byte	0x50
 2055 0169 7C000000 		.4byte	.LVL23
 2056 016d 80000000 		.4byte	.LVL24
 2057 0171 0100     		.2byte	0x1
 2058 0173 54       		.byte	0x54
 2059 0174 00000000 		.4byte	0
 2060 0178 00000000 		.4byte	0
 2061              	.LLST9:
 2062 017c 3E000000 		.4byte	.LVL15
 2063 0180 50000000 		.4byte	.LVL16
 2064 0184 0100     		.2byte	0x1
 2065 0186 5E       		.byte	0x5e
 2066 0187 00000000 		.4byte	0
 2067 018b 00000000 		.4byte	0
 2068              	.LLST10:
 2069 018f 00000000 		.4byte	.LFB10
 2070 0193 02000000 		.4byte	.LCFI1
 2071 0197 0200     		.2byte	0x2
 2072 0199 7D       		.byte	0x7d
 2073 019a 00       		.sleb128 0
 2074 019b 02000000 		.4byte	.LCFI1
 2075 019f 86000000 		.4byte	.LFE10
 2076 01a3 0200     		.2byte	0x2
 2077 01a5 7D       		.byte	0x7d
 2078 01a6 10       		.sleb128 16
 2079 01a7 00000000 		.4byte	0
 2080 01ab 00000000 		.4byte	0
 2081              	.LLST11:
 2082 01af 00000000 		.4byte	.LVL26
 2083 01b3 0C000000 		.4byte	.LVL28
 2084 01b7 0100     		.2byte	0x1
 2085 01b9 50       		.byte	0x50
 2086 01ba 0C000000 		.4byte	.LVL28
 2087 01be 86000000 		.4byte	.LFE10
 2088 01c2 0100     		.2byte	0x1
 2089 01c4 56       		.byte	0x56
 2090 01c5 00000000 		.4byte	0
 2091 01c9 00000000 		.4byte	0
 2092              	.LLST12:
 2093 01cd 10000000 		.4byte	.LVL29
 2094 01d1 18000000 		.4byte	.LVL32
 2095 01d5 0100     		.2byte	0x1
 2096 01d7 55       		.byte	0x55
 2097 01d8 18000000 		.4byte	.LVL32
 2098 01dc 28000000 		.4byte	.LVL33
 2099 01e0 0100     		.2byte	0x1
 2100 01e2 53       		.byte	0x53
ARM GAS  /tmp/ccz3LVpj.s 			page 38


 2101 01e3 28000000 		.4byte	.LVL33
 2102 01e7 2C000000 		.4byte	.LVL34
 2103 01eb 0100     		.2byte	0x1
 2104 01ed 52       		.byte	0x52
 2105 01ee 2C000000 		.4byte	.LVL34
 2106 01f2 57000000 		.4byte	.LVL36-1
 2107 01f6 0100     		.2byte	0x1
 2108 01f8 53       		.byte	0x53
 2109 01f9 58000000 		.4byte	.LVL36
 2110 01fd 86000000 		.4byte	.LFE10
 2111 0201 0100     		.2byte	0x1
 2112 0203 53       		.byte	0x53
 2113 0204 00000000 		.4byte	0
 2114 0208 00000000 		.4byte	0
 2115              	.LLST13:
 2116 020c 0C000000 		.4byte	.LVL28
 2117 0210 12000000 		.4byte	.LVL30
 2118 0214 0100     		.2byte	0x1
 2119 0216 50       		.byte	0x50
 2120 0217 12000000 		.4byte	.LVL30
 2121 021b 15000000 		.4byte	.LVL31-1
 2122 021f 0200     		.2byte	0x2
 2123 0221 74       		.byte	0x74
 2124 0222 00       		.sleb128 0
 2125 0223 15000000 		.4byte	.LVL31-1
 2126 0227 3E000000 		.4byte	.LVL35
 2127 022b 0300     		.2byte	0x3
 2128 022d 75       		.byte	0x75
 2129 022e 78       		.sleb128 -8
 2130 022f 9F       		.byte	0x9f
 2131 0230 00000000 		.4byte	0
 2132 0234 00000000 		.4byte	0
 2133              	.LLST14:
 2134 0238 00000000 		.4byte	.LFB11
 2135 023c 02000000 		.4byte	.LCFI2
 2136 0240 0200     		.2byte	0x2
 2137 0242 7D       		.byte	0x7d
 2138 0243 00       		.sleb128 0
 2139 0244 02000000 		.4byte	.LCFI2
 2140 0248 40000000 		.4byte	.LFE11
 2141 024c 0200     		.2byte	0x2
 2142 024e 7D       		.byte	0x7d
 2143 024f 10       		.sleb128 16
 2144 0250 00000000 		.4byte	0
 2145 0254 00000000 		.4byte	0
 2146              	.LLST15:
 2147 0258 00000000 		.4byte	.LVL37
 2148 025c 0A000000 		.4byte	.LVL38
 2149 0260 0100     		.2byte	0x1
 2150 0262 50       		.byte	0x50
 2151 0263 0A000000 		.4byte	.LVL38
 2152 0267 1C000000 		.4byte	.LVL40
 2153 026b 0100     		.2byte	0x1
 2154 026d 54       		.byte	0x54
 2155 026e 1C000000 		.4byte	.LVL40
 2156 0272 34000000 		.4byte	.LVL44
 2157 0276 1300     		.2byte	0x13
ARM GAS  /tmp/ccz3LVpj.s 			page 39


 2158 0278 F3       		.byte	0xf3
 2159 0279 01       		.uleb128 0x1
 2160 027a 50       		.byte	0x50
 2161 027b 03       		.byte	0x3
 2162 027c 00000000 		.4byte	.LANCHOR0
 2163 0280 F3       		.byte	0xf3
 2164 0281 01       		.uleb128 0x1
 2165 0282 50       		.byte	0x50
 2166 0283 30       		.byte	0x30
 2167 0284 2E       		.byte	0x2e
 2168 0285 28       		.byte	0x28
 2169 0286 0100     		.2byte	0x1
 2170 0288 16       		.byte	0x16
 2171 0289 13       		.byte	0x13
 2172 028a 9F       		.byte	0x9f
 2173 028b 34000000 		.4byte	.LVL44
 2174 028f 38000000 		.4byte	.LVL45
 2175 0293 0100     		.2byte	0x1
 2176 0295 54       		.byte	0x54
 2177 0296 38000000 		.4byte	.LVL45
 2178 029a 40000000 		.4byte	.LFE11
 2179 029e 1300     		.2byte	0x13
 2180 02a0 F3       		.byte	0xf3
 2181 02a1 01       		.uleb128 0x1
 2182 02a2 50       		.byte	0x50
 2183 02a3 03       		.byte	0x3
 2184 02a4 00000000 		.4byte	.LANCHOR0
 2185 02a8 F3       		.byte	0xf3
 2186 02a9 01       		.uleb128 0x1
 2187 02aa 50       		.byte	0x50
 2188 02ab 30       		.byte	0x30
 2189 02ac 2E       		.byte	0x2e
 2190 02ad 28       		.byte	0x28
 2191 02ae 0100     		.2byte	0x1
 2192 02b0 16       		.byte	0x16
 2193 02b1 13       		.byte	0x13
 2194 02b2 9F       		.byte	0x9f
 2195 02b3 00000000 		.4byte	0
 2196 02b7 00000000 		.4byte	0
 2197              	.LLST16:
 2198 02bb 00000000 		.4byte	.LVL37
 2199 02bf 13000000 		.4byte	.LVL39-1
 2200 02c3 0100     		.2byte	0x1
 2201 02c5 51       		.byte	0x51
 2202 02c6 13000000 		.4byte	.LVL39-1
 2203 02ca 40000000 		.4byte	.LFE11
 2204 02ce 0100     		.2byte	0x1
 2205 02d0 55       		.byte	0x55
 2206 02d1 00000000 		.4byte	0
 2207 02d5 00000000 		.4byte	0
 2208              	.LLST17:
 2209 02d9 14000000 		.4byte	.LVL39
 2210 02dd 1C000000 		.4byte	.LVL40
 2211 02e1 0300     		.2byte	0x3
 2212 02e3 74       		.byte	0x74
 2213 02e4 08       		.sleb128 8
 2214 02e5 9F       		.byte	0x9f
ARM GAS  /tmp/ccz3LVpj.s 			page 40


 2215 02e6 34000000 		.4byte	.LVL44
 2216 02ea 38000000 		.4byte	.LVL45
 2217 02ee 0300     		.2byte	0x3
 2218 02f0 74       		.byte	0x74
 2219 02f1 08       		.sleb128 8
 2220 02f2 9F       		.byte	0x9f
 2221 02f3 38000000 		.4byte	.LVL45
 2222 02f7 40000000 		.4byte	.LFE11
 2223 02fb 1500     		.2byte	0x15
 2224 02fd F3       		.byte	0xf3
 2225 02fe 01       		.uleb128 0x1
 2226 02ff 50       		.byte	0x50
 2227 0300 03       		.byte	0x3
 2228 0301 00000000 		.4byte	.LANCHOR0
 2229 0305 F3       		.byte	0xf3
 2230 0306 01       		.uleb128 0x1
 2231 0307 50       		.byte	0x50
 2232 0308 30       		.byte	0x30
 2233 0309 2E       		.byte	0x2e
 2234 030a 28       		.byte	0x28
 2235 030b 0100     		.2byte	0x1
 2236 030d 16       		.byte	0x16
 2237 030e 13       		.byte	0x13
 2238 030f 23       		.byte	0x23
 2239 0310 08       		.uleb128 0x8
 2240 0311 9F       		.byte	0x9f
 2241 0312 00000000 		.4byte	0
 2242 0316 00000000 		.4byte	0
 2243              	.LLST18:
 2244 031a 14000000 		.4byte	.LVL39
 2245 031e 1C000000 		.4byte	.LVL40
 2246 0322 0200     		.2byte	0x2
 2247 0324 30       		.byte	0x30
 2248 0325 9F       		.byte	0x9f
 2249 0326 24000000 		.4byte	.LVL41
 2250 032a 28000000 		.4byte	.LVL42
 2251 032e 0100     		.2byte	0x1
 2252 0330 54       		.byte	0x54
 2253 0331 34000000 		.4byte	.LVL44
 2254 0335 40000000 		.4byte	.LFE11
 2255 0339 0200     		.2byte	0x2
 2256 033b 30       		.byte	0x30
 2257 033c 9F       		.byte	0x9f
 2258 033d 00000000 		.4byte	0
 2259 0341 00000000 		.4byte	0
 2260              	.LLST19:
 2261 0345 14000000 		.4byte	.LVL39
 2262 0349 1C000000 		.4byte	.LVL40
 2263 034d 0200     		.2byte	0x2
 2264 034f 30       		.byte	0x30
 2265 0350 9F       		.byte	0x9f
 2266 0351 24000000 		.4byte	.LVL41
 2267 0355 28000000 		.4byte	.LVL42
 2268 0359 0100     		.2byte	0x1
 2269 035b 52       		.byte	0x52
 2270 035c 34000000 		.4byte	.LVL44
 2271 0360 40000000 		.4byte	.LFE11
ARM GAS  /tmp/ccz3LVpj.s 			page 41


 2272 0364 0200     		.2byte	0x2
 2273 0366 30       		.byte	0x30
 2274 0367 9F       		.byte	0x9f
 2275 0368 00000000 		.4byte	0
 2276 036c 00000000 		.4byte	0
 2277              		.section	.debug_aranges,"",%progbits
 2278 0000 3C000000 		.4byte	0x3c
 2279 0004 0200     		.2byte	0x2
 2280 0006 00000000 		.4byte	.Ldebug_info0
 2281 000a 04       		.byte	0x4
 2282 000b 00       		.byte	0
 2283 000c 0000     		.2byte	0
 2284 000e 0000     		.2byte	0
 2285 0010 00000000 		.4byte	.LFB7
 2286 0014 20000000 		.4byte	.LFE7-.LFB7
 2287 0018 00000000 		.4byte	.LFB8
 2288 001c 14000000 		.4byte	.LFE8-.LFB8
 2289 0020 00000000 		.4byte	.LFB9
 2290 0024 88000000 		.4byte	.LFE9-.LFB9
 2291 0028 00000000 		.4byte	.LFB10
 2292 002c 86000000 		.4byte	.LFE10-.LFB10
 2293 0030 00000000 		.4byte	.LFB11
 2294 0034 40000000 		.4byte	.LFE11-.LFB11
 2295 0038 00000000 		.4byte	0
 2296 003c 00000000 		.4byte	0
 2297              		.section	.debug_ranges,"",%progbits
 2298              	.Ldebug_ranges0:
 2299 0000 00000000 		.4byte	.LFB7
 2300 0004 20000000 		.4byte	.LFE7
 2301 0008 00000000 		.4byte	.LFB8
 2302 000c 14000000 		.4byte	.LFE8
 2303 0010 00000000 		.4byte	.LFB9
 2304 0014 88000000 		.4byte	.LFE9
 2305 0018 00000000 		.4byte	.LFB10
 2306 001c 86000000 		.4byte	.LFE10
 2307 0020 00000000 		.4byte	.LFB11
 2308 0024 40000000 		.4byte	.LFE11
 2309 0028 00000000 		.4byte	0
 2310 002c 00000000 		.4byte	0
 2311              		.section	.debug_line,"",%progbits
 2312              	.Ldebug_line0:
 2313 0000 8A020000 		.section	.debug_str,"MS",%progbits,1
 2313      0200A401 
 2313      00000201 
 2313      FB0E0D00 
 2313      01010101 
 2314              	.LASF38:
 2315 0000 705F6D73 		.ascii	"p_msg\000"
 2315      6700
 2316              	.LASF2:
 2317 0006 73697A65 		.ascii	"size_t\000"
 2317      5F7400
 2318              	.LASF64:
 2319 000d 7264796D 		.ascii	"rdymsg\000"
 2319      736700
 2320              	.LASF12:
 2321 0014 75696E74 		.ascii	"uint64_t\000"
ARM GAS  /tmp/ccz3LVpj.s 			page 42


 2321      36345F74 
 2321      00
 2322              	.LASF54:
 2323 001d 6D656D67 		.ascii	"memgetfunc_t\000"
 2323      65746675 
 2323      6E635F74 
 2323      00
 2324              	.LASF13:
 2325 002a 6C6F6E67 		.ascii	"long long unsigned int\000"
 2325      206C6F6E 
 2325      6720756E 
 2325      7369676E 
 2325      65642069 
 2326              	.LASF65:
 2327 0041 65786974 		.ascii	"exitcode\000"
 2327      636F6465 
 2327      00
 2328              	.LASF58:
 2329 004a 685F6672 		.ascii	"h_free\000"
 2329      656500
 2330              	.LASF71:
 2331 0051 68656170 		.ascii	"heapp\000"
 2331      7000
 2332              	.LASF82:
 2333 0057 63684D74 		.ascii	"chMtxUnlock\000"
 2333      78556E6C 
 2333      6F636B00 
 2334              	.LASF70:
 2335 0063 63684865 		.ascii	"chHeapInit\000"
 2335      6170496E 
 2335      697400
 2336              	.LASF60:
 2337 006e 6E657874 		.ascii	"next\000"
 2337      00
 2338              	.LASF26:
 2339 0073 705F7072 		.ascii	"p_prio\000"
 2339      696F00
 2340              	.LASF11:
 2341 007a 6C6F6E67 		.ascii	"long long int\000"
 2341      206C6F6E 
 2341      6720696E 
 2341      7400
 2342              	.LASF1:
 2343 0088 7369676E 		.ascii	"signed char\000"
 2343      65642063 
 2343      68617200 
 2344              	.LASF59:
 2345 0094 685F6D74 		.ascii	"h_mtx\000"
 2345      7800
 2346              	.LASF42:
 2347 009a 705F6D70 		.ascii	"p_mpool\000"
 2347      6F6F6C00 
 2348              	.LASF51:
 2349 00a2 6D5F7175 		.ascii	"m_queue\000"
 2349      65756500 
 2350              	.LASF72:
 2351 00aa 63684865 		.ascii	"chHeapFree\000"
ARM GAS  /tmp/ccz3LVpj.s 			page 43


 2351      61704672 
 2351      656500
 2352              	.LASF18:
 2353 00b5 74736C69 		.ascii	"tslices_t\000"
 2353      6365735F 
 2353      7400
 2354              	.LASF8:
 2355 00bf 6C6F6E67 		.ascii	"long int\000"
 2355      20696E74 
 2355      00
 2356              	.LASF16:
 2357 00c8 74737461 		.ascii	"tstate_t\000"
 2357      74655F74 
 2357      00
 2358              	.LASF80:
 2359 00d1 2F686F6D 		.ascii	"/home/felix/Documents/ChibiOS/os/kernel/src/chheap."
 2359      652F6665 
 2359      6C69782F 
 2359      446F6375 
 2359      6D656E74 
 2360 0104 6300     		.ascii	"c\000"
 2361              	.LASF28:
 2362 0106 705F6E65 		.ascii	"p_newer\000"
 2362      77657200 
 2363              	.LASF45:
 2364 010e 72656761 		.ascii	"regarm_t\000"
 2364      726D5F74 
 2364      00
 2365              	.LASF62:
 2366 0117 616C6967 		.ascii	"align\000"
 2366      6E00
 2367              	.LASF0:
 2368 011d 756E7369 		.ascii	"unsigned int\000"
 2368      676E6564 
 2368      20696E74 
 2368      00
 2369              	.LASF10:
 2370 012a 6C6F6E67 		.ascii	"long unsigned int\000"
 2370      20756E73 
 2370      69676E65 
 2370      6420696E 
 2370      7400
 2371              	.LASF48:
 2372 013c 636F6E74 		.ascii	"context\000"
 2372      65787400 
 2373              	.LASF63:
 2374 0144 73697A65 		.ascii	"size\000"
 2374      00
 2375              	.LASF6:
 2376 0149 73686F72 		.ascii	"short unsigned int\000"
 2376      7420756E 
 2376      7369676E 
 2376      65642069 
 2376      6E7400
 2377              	.LASF20:
 2378 015c 6D73675F 		.ascii	"msg_t\000"
 2378      7400
ARM GAS  /tmp/ccz3LVpj.s 			page 44


 2379              	.LASF15:
 2380 0162 746D6F64 		.ascii	"tmode_t\000"
 2380      655F7400 
 2381              	.LASF44:
 2382 016a 54687265 		.ascii	"ThreadsList\000"
 2382      6164734C 
 2382      69737400 
 2383              	.LASF21:
 2384 0176 6576656E 		.ascii	"eventmask_t\000"
 2384      746D6173 
 2384      6B5F7400 
 2385              	.LASF50:
 2386 0182 4D757465 		.ascii	"Mutex\000"
 2386      7800
 2387              	.LASF46:
 2388 0188 73746B61 		.ascii	"stkalign_t\000"
 2388      6C69676E 
 2388      5F7400
 2389              	.LASF49:
 2390 0193 73697A65 		.ascii	"sizetype\000"
 2390      74797065 
 2390      00
 2391              	.LASF78:
 2392 019c 63684D74 		.ascii	"chMtxLock\000"
 2392      784C6F63 
 2392      6B00
 2393              	.LASF29:
 2394 01a6 705F6F6C 		.ascii	"p_older\000"
 2394      64657200 
 2395              	.LASF43:
 2396 01ae 54687265 		.ascii	"ThreadsQueue\000"
 2396      61647351 
 2396      75657565 
 2396      00
 2397              	.LASF55:
 2398 01bb 4D656D6F 		.ascii	"MemoryHeap\000"
 2398      72794865 
 2398      617000
 2399              	.LASF17:
 2400 01c6 74726566 		.ascii	"trefs_t\000"
 2400      735F7400 
 2401              	.LASF25:
 2402 01ce 705F7072 		.ascii	"p_prev\000"
 2402      657600
 2403              	.LASF19:
 2404 01d5 74707269 		.ascii	"tprio_t\000"
 2404      6F5F7400 
 2405              	.LASF14:
 2406 01dd 5F426F6F 		.ascii	"_Bool\000"
 2406      6C00
 2407              	.LASF7:
 2408 01e3 696E7433 		.ascii	"int32_t\000"
 2408      325F7400 
 2409              	.LASF4:
 2410 01eb 756E7369 		.ascii	"unsigned char\000"
 2410      676E6564 
 2410      20636861 
ARM GAS  /tmp/ccz3LVpj.s 			page 45


 2410      7200
 2411              	.LASF57:
 2412 01f9 685F7072 		.ascii	"h_provider\000"
 2412      6F766964 
 2412      657200
 2413              	.LASF40:
 2414 0204 705F6D74 		.ascii	"p_mtxlist\000"
 2414      786C6973 
 2414      7400
 2415              	.LASF5:
 2416 020e 73686F72 		.ascii	"short int\000"
 2416      7420696E 
 2416      7400
 2417              	.LASF31:
 2418 0218 705F7374 		.ascii	"p_state\000"
 2418      61746500 
 2419              	.LASF34:
 2420 0220 705F7072 		.ascii	"p_preempt\000"
 2420      65656D70 
 2420      7400
 2421              	.LASF81:
 2422 022a 68656170 		.ascii	"heap_header\000"
 2422      5F686561 
 2422      64657200 
 2423              	.LASF67:
 2424 0236 65776D61 		.ascii	"ewmask\000"
 2424      736B00
 2425              	.LASF24:
 2426 023d 705F6E65 		.ascii	"p_next\000"
 2426      787400
 2427              	.LASF32:
 2428 0244 705F666C 		.ascii	"p_flags\000"
 2428      61677300 
 2429              	.LASF23:
 2430 024c 54687265 		.ascii	"Thread\000"
 2430      616400
 2431              	.LASF73:
 2432 0253 63684865 		.ascii	"chHeapAlloc\000"
 2432      6170416C 
 2432      6C6F6300 
 2433              	.LASF39:
 2434 025f 705F6570 		.ascii	"p_epending\000"
 2434      656E6469 
 2434      6E6700
 2435              	.LASF9:
 2436 026a 75696E74 		.ascii	"uint32_t\000"
 2436      33325F74 
 2436      00
 2437              	.LASF61:
 2438 0273 68656170 		.ascii	"heap\000"
 2438      00
 2439              	.LASF76:
 2440 0278 64656661 		.ascii	"default_heap\000"
 2440      756C745F 
 2440      68656170 
 2440      00
 2441              	.LASF68:
ARM GAS  /tmp/ccz3LVpj.s 			page 46


 2442 0285 63686172 		.ascii	"char\000"
 2442      00
 2443              	.LASF74:
 2444 028a 63684865 		.ascii	"chHeapStatus\000"
 2444      61705374 
 2444      61747573 
 2444      00
 2445              	.LASF53:
 2446 0297 6D5F6E65 		.ascii	"m_next\000"
 2446      787400
 2447              	.LASF22:
 2448 029e 73797374 		.ascii	"systime_t\000"
 2448      696D655F 
 2448      7400
 2449              	.LASF41:
 2450 02a8 705F7265 		.ascii	"p_realprio\000"
 2450      616C7072 
 2450      696F00
 2451              	.LASF35:
 2452 02b3 705F7469 		.ascii	"p_time\000"
 2452      6D6500
 2453              	.LASF47:
 2454 02ba 696E7463 		.ascii	"intctx\000"
 2454      747800
 2455              	.LASF37:
 2456 02c1 705F6D73 		.ascii	"p_msgqueue\000"
 2456      67717565 
 2456      756500
 2457              	.LASF77:
 2458 02cc 63684D74 		.ascii	"chMtxInit\000"
 2458      78496E69 
 2458      7400
 2459              	.LASF33:
 2460 02d6 705F7265 		.ascii	"p_refs\000"
 2460      667300
 2461              	.LASF3:
 2462 02dd 75696E74 		.ascii	"uint8_t\000"
 2462      385F7400 
 2463              	.LASF79:
 2464 02e5 474E5520 		.ascii	"GNU C 4.7.3 20121205 (prerelease)\000"
 2464      4320342E 
 2464      372E3320 
 2464      32303132 
 2464      31323035 
 2465              	.LASF66:
 2466 0307 77746F62 		.ascii	"wtobjp\000"
 2466      6A7000
 2467              	.LASF75:
 2468 030e 73697A65 		.ascii	"sizep\000"
 2468      7000
 2469              	.LASF30:
 2470 0314 705F6E61 		.ascii	"p_name\000"
 2470      6D6500
 2471              	.LASF69:
 2472 031b 5F686561 		.ascii	"_heap_init\000"
 2472      705F696E 
 2472      697400
ARM GAS  /tmp/ccz3LVpj.s 			page 47


 2473              	.LASF52:
 2474 0326 6D5F6F77 		.ascii	"m_owner\000"
 2474      6E657200 
 2475              	.LASF27:
 2476 032e 705F6374 		.ascii	"p_ctx\000"
 2476      7800
 2477              	.LASF36:
 2478 0334 705F7761 		.ascii	"p_waiting\000"
 2478      6974696E 
 2478      6700
 2479              	.LASF56:
 2480 033e 6D656D6F 		.ascii	"memory_heap\000"
 2480      72795F68 
 2480      65617000 
 2481              		.ident	"GCC: (Linaro GCC 4.7-2012.12) 4.7.3 20121205 (prerelease)"
ARM GAS  /tmp/ccz3LVpj.s 			page 48


DEFINED SYMBOLS
                            *ABS*:0000000000000000 chheap.c
     /tmp/ccz3LVpj.s:19     .text._heap_init:0000000000000000 $t
     /tmp/ccz3LVpj.s:25     .text._heap_init:0000000000000000 _heap_init
     /tmp/ccz3LVpj.s:435    .bss.default_heap:0000000000000000 .LANCHOR0
     /tmp/ccz3LVpj.s:57     .text.chHeapInit:0000000000000000 $t
     /tmp/ccz3LVpj.s:63     .text.chHeapInit:0000000000000000 chHeapInit
     /tmp/ccz3LVpj.s:97     .text.chHeapAlloc:0000000000000000 $t
     /tmp/ccz3LVpj.s:103    .text.chHeapAlloc:0000000000000000 chHeapAlloc
     /tmp/ccz3LVpj.s:229    .text.chHeapAlloc:0000000000000084 $d
     /tmp/ccz3LVpj.s:234    .text.chHeapFree:0000000000000000 $t
     /tmp/ccz3LVpj.s:240    .text.chHeapFree:0000000000000000 chHeapFree
     /tmp/ccz3LVpj.s:354    .text.chHeapStatus:0000000000000000 $t
     /tmp/ccz3LVpj.s:360    .text.chHeapStatus:0000000000000000 chHeapStatus
     /tmp/ccz3LVpj.s:429    .text.chHeapStatus:000000000000003c $d
     /tmp/ccz3LVpj.s:434    .bss.default_heap:0000000000000000 $d
     /tmp/ccz3LVpj.s:438    .bss.default_heap:0000000000000000 default_heap
                     .debug_frame:0000000000000010 $d
     /tmp/ccz3LVpj.s:233    .text.chHeapAlloc:0000000000000088 $t

UNDEFINED SYMBOLS
chCoreAlloc
chMtxInit
chMtxLock
chMtxUnlock
