ARM GAS  /tmp/cc0nLzKv.s 			page 1


   1              		.syntax unified
   2              		.cpu cortex-m4
   3              		.fpu softvfp
   4              		.eabi_attribute 20, 1
   5              		.eabi_attribute 21, 1
   6              		.eabi_attribute 23, 3
   7              		.eabi_attribute 24, 1
   8              		.eabi_attribute 25, 1
   9              		.eabi_attribute 26, 1
  10              		.eabi_attribute 30, 2
  11              		.eabi_attribute 34, 1
  12              		.eabi_attribute 18, 4
  13              		.thumb
  14              		.file	"chregistry.c"
  15              		.text
  16              	.Ltext0:
  17              		.cfi_sections	.debug_frame
  18              		.section	.text.chRegFirstThread,"ax",%progbits
  19              		.align	2
  20              		.p2align 4,,15
  21              		.global	chRegFirstThread
  22              		.thumb
  23              		.thumb_func
  24              		.type	chRegFirstThread, %function
  25              	chRegFirstThread:
  26              	.LFB7:
  27              		.file 1 "/home/felix/Documents/ChibiOS/os/kernel/src/chregistry.c"
  28              		.loc 1 117 0
  29              		.cfi_startproc
  30              		@ args = 0, pretend = 0, frame = 0
  31              		@ frame_needed = 0, uses_anonymous_args = 0
  32              		@ link register save eliminated.
  33              	.LBB2:
  34              		.loc 1 120 0
  35 0000 2023     		movs	r3, #32
  36              	.LVL0:
  37              	@ 120 "/home/felix/Documents/ChibiOS/os/kernel/src/chregistry.c" 1
  38 0002 83F31188 		msr     BASEPRI, r3
  39              	@ 0 "" 2
  40              	.LVL1:
  41              		.thumb
  42              	.LBE2:
  43              		.loc 1 121 0
  44 0006 40F20002 		movw	r2, #:lower16:rlist
  45 000a C0F20002 		movt	r2, #:upper16:rlist
  46              	.LBB3:
  47              		.loc 1 125 0
  48 000e 0023     		movs	r3, #0
  49              	.LVL2:
  50              	.LBE3:
  51              		.loc 1 121 0
  52 0010 1069     		ldr	r0, [r2, #16]
  53              	.LVL3:
  54              		.loc 1 123 0
  55 0012 827F     		ldrb	r2, [r0, #30]	@ zero_extendqisi2
  56 0014 0132     		adds	r2, r2, #1
  57 0016 8277     		strb	r2, [r0, #30]
ARM GAS  /tmp/cc0nLzKv.s 			page 2


  58              	.LBB4:
  59              		.loc 1 125 0
  60              	@ 125 "/home/felix/Documents/ChibiOS/os/kernel/src/chregistry.c" 1
  61 0018 83F31188 		msr     BASEPRI, r3
  62              	@ 0 "" 2
  63              	.LVL4:
  64              		.thumb
  65              	.LBE4:
  66              		.loc 1 127 0
  67 001c 7047     		bx	lr
  68              		.cfi_endproc
  69              	.LFE7:
  70              		.size	chRegFirstThread, .-chRegFirstThread
  71 001e 00BF     		.section	.text.chRegNextThread,"ax",%progbits
  72              		.align	2
  73              		.p2align 4,,15
  74              		.global	chRegNextThread
  75              		.thumb
  76              		.thumb_func
  77              		.type	chRegNextThread, %function
  78              	chRegNextThread:
  79              	.LFB8:
  80              		.loc 1 140 0
  81              		.cfi_startproc
  82              		@ args = 0, pretend = 0, frame = 0
  83              		@ frame_needed = 0, uses_anonymous_args = 0
  84              	.LVL5:
  85 0000 10B5     		push	{r4, lr}
  86              	.LCFI0:
  87              		.cfi_def_cfa_offset 8
  88              		.cfi_offset 4, -8
  89              		.cfi_offset 14, -4
  90              	.LBB5:
  91              		.loc 1 143 0
  92 0002 2023     		movs	r3, #32
  93              	.LVL6:
  94              	@ 143 "/home/felix/Documents/ChibiOS/os/kernel/src/chregistry.c" 1
  95 0004 83F31188 		msr     BASEPRI, r3
  96              	@ 0 "" 2
  97              	.LVL7:
  98              		.thumb
  99              	.LBE5:
 100              		.loc 1 145 0
 101 0008 074B     		ldr	r3, .L5
 102              	.LVL8:
 103              		.loc 1 144 0
 104 000a 0469     		ldr	r4, [r0, #16]
 105              	.LVL9:
 106              		.loc 1 145 0
 107 000c 9C42     		cmp	r4, r3
 108              		.loc 1 151 0
 109 000e 1DBF     		ittte	ne
 110 0010 A37F     		ldrbne	r3, [r4, #30]	@ zero_extendqisi2
 111 0012 0133     		addne	r3, r3, #1
 112 0014 A377     		strbne	r3, [r4, #30]
 113              		.loc 1 146 0
 114 0016 0024     		moveq	r4, #0
ARM GAS  /tmp/cc0nLzKv.s 			page 3


 115              	.LVL10:
 116              	.LBB6:
 117              		.loc 1 154 0
 118 0018 0023     		movs	r3, #0
 119              	.LVL11:
 120              	@ 154 "/home/felix/Documents/ChibiOS/os/kernel/src/chregistry.c" 1
 121 001a 83F31188 		msr     BASEPRI, r3
 122              	@ 0 "" 2
 123              	.LVL12:
 124              		.thumb
 125              	.LBE6:
 126              		.loc 1 156 0
 127 001e FFF7FEFF 		bl	chThdRelease
 128              	.LVL13:
 129              		.loc 1 159 0
 130 0022 2046     		mov	r0, r4
 131 0024 10BD     		pop	{r4, pc}
 132              	.L6:
 133 0026 00BF     		.align	2
 134              	.L5:
 135 0028 00000000 		.word	rlist
 136              		.cfi_endproc
 137              	.LFE8:
 138              		.size	chRegNextThread, .-chRegNextThread
 139              		.global	ch_debug
 140 002c AFF30080 		.section	.rodata.ch_debug,"a",%progbits
 141              		.align	2
 142              		.type	ch_debug, %object
 143              		.size	ch_debug, 22
 144              	ch_debug:
 145 0000 6D61696E 		.ascii	"main"
 146 0004 00       		.byte	0
 147 0005 16       		.byte	22
 148 0006 8011     		.short	4480
 149 0008 04       		.byte	4
 150 0009 04       		.byte	4
 151 000a 48       		.byte	72
 152 000b 08       		.byte	8
 153 000c 0C       		.byte	12
 154 000d 10       		.byte	16
 155 000e 14       		.byte	20
 156 000f 18       		.byte	24
 157 0010 00       		.byte	0
 158 0011 1C       		.byte	28
 159 0012 1D       		.byte	29
 160 0013 1E       		.byte	30
 161 0014 1F       		.byte	31
 162 0015 20       		.byte	32
 163 0016 0000     		.text
 164              	.Letext0:
 165              		.file 2 "/opt/tools_arm/lib/gcc/arm-none-eabi/4.7.3/include/stddef.h"
 166              		.file 3 "/opt/tools_arm/lib/gcc/arm-none-eabi/4.7.3/../../../../arm-none-eabi/include/stdint.h"
 167              		.file 4 "/home/felix/Documents/ChibiOS/os/ports/GCC/ARMCMx/chtypes.h"
 168              		.file 5 "/home/felix/Documents/ChibiOS/os/kernel/include/chlists.h"
 169              		.file 6 "/home/felix/Documents/ChibiOS/os/kernel/include/chthreads.h"
 170              		.file 7 "/home/felix/Documents/ChibiOS/os/ports/GCC/ARMCMx/chcore_v7m.h"
 171              		.file 8 "/home/felix/Documents/ChibiOS/os/kernel/include/chschd.h"
ARM GAS  /tmp/cc0nLzKv.s 			page 4


 172              		.file 9 "/home/felix/Documents/ChibiOS/os/kernel/include/chmtx.h"
 173              		.file 10 "/home/felix/Documents/ChibiOS/os/kernel/include/chregistry.h"
 174              		.file 11 "/home/felix/Documents/ChibiOS/os/kernel/include/chdynamic.h"
 175              		.section	.debug_info,"",%progbits
 176              	.Ldebug_info0:
 177 0000 82060000 		.4byte	0x682
 178 0004 0200     		.2byte	0x2
 179 0006 00000000 		.4byte	.Ldebug_abbrev0
 180 000a 04       		.byte	0x4
 181 000b 01       		.uleb128 0x1
 182 000c 7C030000 		.4byte	.LASF88
 183 0010 01       		.byte	0x1
 184 0011 CE000000 		.4byte	.LASF89
 185 0015 18000000 		.4byte	.Ldebug_ranges0+0x18
 186 0019 00000000 		.4byte	0
 187 001d 00000000 		.4byte	0
 188 0021 00000000 		.4byte	.Ldebug_line0
 189 0025 02       		.uleb128 0x2
 190 0026 04       		.byte	0x4
 191 0027 05       		.byte	0x5
 192 0028 696E7400 		.ascii	"int\000"
 193 002c 03       		.uleb128 0x3
 194 002d 13000000 		.4byte	.LASF2
 195 0031 02       		.byte	0x2
 196 0032 D5       		.byte	0xd5
 197 0033 37000000 		.4byte	0x37
 198 0037 04       		.uleb128 0x4
 199 0038 04       		.byte	0x4
 200 0039 07       		.byte	0x7
 201 003a 3C010000 		.4byte	.LASF0
 202 003e 04       		.uleb128 0x4
 203 003f 01       		.byte	0x1
 204 0040 06       		.byte	0x6
 205 0041 82000000 		.4byte	.LASF1
 206 0045 03       		.uleb128 0x3
 207 0046 74030000 		.4byte	.LASF3
 208 004a 03       		.byte	0x3
 209 004b 2A       		.byte	0x2a
 210 004c 50000000 		.4byte	0x50
 211 0050 04       		.uleb128 0x4
 212 0051 01       		.byte	0x1
 213 0052 08       		.byte	0x8
 214 0053 53020000 		.4byte	.LASF4
 215 0057 04       		.uleb128 0x4
 216 0058 02       		.byte	0x2
 217 0059 05       		.byte	0x5
 218 005a 6B020000 		.4byte	.LASF5
 219 005e 03       		.uleb128 0x3
 220 005f 10010000 		.4byte	.LASF6
 221 0063 03       		.byte	0x3
 222 0064 36       		.byte	0x36
 223 0065 69000000 		.4byte	0x69
 224 0069 04       		.uleb128 0x4
 225 006a 02       		.byte	0x2
 226 006b 07       		.byte	0x7
 227 006c 7A010000 		.4byte	.LASF7
 228 0070 03       		.uleb128 0x3
ARM GAS  /tmp/cc0nLzKv.s 			page 5


 229 0071 4B020000 		.4byte	.LASF8
 230 0075 03       		.byte	0x3
 231 0076 4F       		.byte	0x4f
 232 0077 7B000000 		.4byte	0x7b
 233 007b 04       		.uleb128 0x4
 234 007c 04       		.byte	0x4
 235 007d 05       		.byte	0x5
 236 007e C5000000 		.4byte	.LASF9
 237 0082 03       		.uleb128 0x3
 238 0083 EB020000 		.4byte	.LASF10
 239 0087 03       		.byte	0x3
 240 0088 50       		.byte	0x50
 241 0089 8D000000 		.4byte	0x8d
 242 008d 04       		.uleb128 0x4
 243 008e 04       		.byte	0x4
 244 008f 07       		.byte	0x7
 245 0090 49010000 		.4byte	.LASF11
 246 0094 04       		.uleb128 0x4
 247 0095 08       		.byte	0x8
 248 0096 05       		.byte	0x5
 249 0097 74000000 		.4byte	.LASF12
 250 009b 04       		.uleb128 0x4
 251 009c 08       		.byte	0x8
 252 009d 07       		.byte	0x7
 253 009e 21000000 		.4byte	.LASF13
 254 00a2 04       		.uleb128 0x4
 255 00a3 01       		.byte	0x1
 256 00a4 02       		.byte	0x2
 257 00a5 45020000 		.4byte	.LASF14
 258 00a9 03       		.uleb128 0x3
 259 00aa 93010000 		.4byte	.LASF15
 260 00ae 04       		.byte	0x4
 261 00af 2C       		.byte	0x2c
 262 00b0 45000000 		.4byte	0x45
 263 00b4 03       		.uleb128 0x3
 264 00b5 07010000 		.4byte	.LASF16
 265 00b9 04       		.byte	0x4
 266 00ba 2D       		.byte	0x2d
 267 00bb 45000000 		.4byte	0x45
 268 00bf 03       		.uleb128 0x3
 269 00c0 23020000 		.4byte	.LASF17
 270 00c4 04       		.byte	0x4
 271 00c5 2E       		.byte	0x2e
 272 00c6 45000000 		.4byte	0x45
 273 00ca 03       		.uleb128 0x3
 274 00cb BB000000 		.4byte	.LASF18
 275 00cf 04       		.byte	0x4
 276 00d0 2F       		.byte	0x2f
 277 00d1 45000000 		.4byte	0x45
 278 00d5 03       		.uleb128 0x3
 279 00d6 3D020000 		.4byte	.LASF19
 280 00da 04       		.byte	0x4
 281 00db 30       		.byte	0x30
 282 00dc 82000000 		.4byte	0x82
 283 00e0 03       		.uleb128 0x3
 284 00e1 8D010000 		.4byte	.LASF20
 285 00e5 04       		.byte	0x4
ARM GAS  /tmp/cc0nLzKv.s 			page 6


 286 00e6 31       		.byte	0x31
 287 00e7 70000000 		.4byte	0x70
 288 00eb 03       		.uleb128 0x3
 289 00ec A7010000 		.4byte	.LASF21
 290 00f0 04       		.byte	0x4
 291 00f1 33       		.byte	0x33
 292 00f2 82000000 		.4byte	0x82
 293 00f6 03       		.uleb128 0x3
 294 00f7 24030000 		.4byte	.LASF22
 295 00fb 04       		.byte	0x4
 296 00fc 35       		.byte	0x35
 297 00fd 82000000 		.4byte	0x82
 298 0101 03       		.uleb128 0x3
 299 0102 CC020000 		.4byte	.LASF23
 300 0106 05       		.byte	0x5
 301 0107 2A       		.byte	0x2a
 302 0108 0C010000 		.4byte	0x10c
 303 010c 05       		.uleb128 0x5
 304 010d CC020000 		.4byte	.LASF23
 305 0111 48       		.byte	0x48
 306 0112 06       		.byte	0x6
 307 0113 5E       		.byte	0x5e
 308 0114 31020000 		.4byte	0x231
 309 0118 06       		.uleb128 0x6
 310 0119 A1020000 		.4byte	.LASF24
 311 011d 06       		.byte	0x6
 312 011e 5F       		.byte	0x5f
 313 011f 56020000 		.4byte	0x256
 314 0123 02       		.byte	0x2
 315 0124 23       		.byte	0x23
 316 0125 00       		.uleb128 0
 317 0126 06       		.uleb128 0x6
 318 0127 36020000 		.4byte	.LASF25
 319 012b 06       		.byte	0x6
 320 012c 61       		.byte	0x61
 321 012d 56020000 		.4byte	0x256
 322 0131 02       		.byte	0x2
 323 0132 23       		.byte	0x23
 324 0133 04       		.uleb128 0x4
 325 0134 06       		.uleb128 0x6
 326 0135 60000000 		.4byte	.LASF26
 327 0139 06       		.byte	0x6
 328 013a 63       		.byte	0x63
 329 013b D5000000 		.4byte	0xd5
 330 013f 02       		.byte	0x2
 331 0140 23       		.byte	0x23
 332 0141 08       		.uleb128 0x8
 333 0142 06       		.uleb128 0x6
 334 0143 BF030000 		.4byte	.LASF27
 335 0147 06       		.byte	0x6
 336 0148 64       		.byte	0x64
 337 0149 24030000 		.4byte	0x324
 338 014d 02       		.byte	0x2
 339 014e 23       		.byte	0x23
 340 014f 0C       		.uleb128 0xc
 341 0150 06       		.uleb128 0x6
 342 0151 23010000 		.4byte	.LASF28
ARM GAS  /tmp/cc0nLzKv.s 			page 7


 343 0155 06       		.byte	0x6
 344 0156 66       		.byte	0x66
 345 0157 56020000 		.4byte	0x256
 346 015b 02       		.byte	0x2
 347 015c 23       		.byte	0x23
 348 015d 10       		.uleb128 0x10
 349 015e 06       		.uleb128 0x6
 350 015f EE010000 		.4byte	.LASF29
 351 0163 06       		.byte	0x6
 352 0164 67       		.byte	0x67
 353 0165 56020000 		.4byte	0x256
 354 0169 02       		.byte	0x2
 355 016a 23       		.byte	0x23
 356 016b 14       		.uleb128 0x14
 357 016c 06       		.uleb128 0x6
 358 016d A5030000 		.4byte	.LASF30
 359 0171 06       		.byte	0x6
 360 0172 6E       		.byte	0x6e
 361 0173 38040000 		.4byte	0x438
 362 0177 02       		.byte	0x2
 363 0178 23       		.byte	0x23
 364 0179 18       		.uleb128 0x18
 365 017a 06       		.uleb128 0x6
 366 017b 75020000 		.4byte	.LASF31
 367 017f 06       		.byte	0x6
 368 0180 79       		.byte	0x79
 369 0181 B4000000 		.4byte	0xb4
 370 0185 02       		.byte	0x2
 371 0186 23       		.byte	0x23
 372 0187 1C       		.uleb128 0x1c
 373 0188 06       		.uleb128 0x6
 374 0189 B7020000 		.4byte	.LASF32
 375 018d 06       		.byte	0x6
 376 018e 7D       		.byte	0x7d
 377 018f A9000000 		.4byte	0xa9
 378 0193 02       		.byte	0x2
 379 0194 23       		.byte	0x23
 380 0195 1D       		.uleb128 0x1d
 381 0196 06       		.uleb128 0x6
 382 0197 5D030000 		.4byte	.LASF33
 383 019b 06       		.byte	0x6
 384 019c 82       		.byte	0x82
 385 019d BF000000 		.4byte	0xbf
 386 01a1 02       		.byte	0x2
 387 01a2 23       		.byte	0x23
 388 01a3 1E       		.uleb128 0x1e
 389 01a4 06       		.uleb128 0x6
 390 01a5 7D020000 		.4byte	.LASF34
 391 01a9 06       		.byte	0x6
 392 01aa 88       		.byte	0x88
 393 01ab CA000000 		.4byte	0xca
 394 01af 02       		.byte	0x2
 395 01b0 23       		.byte	0x23
 396 01b1 1F       		.uleb128 0x1f
 397 01b2 06       		.uleb128 0x6
 398 01b3 39030000 		.4byte	.LASF35
 399 01b7 06       		.byte	0x6
ARM GAS  /tmp/cc0nLzKv.s 			page 8


 400 01b8 8F       		.byte	0x8f
 401 01b9 4E030000 		.4byte	0x34e
 402 01bd 02       		.byte	0x2
 403 01be 23       		.byte	0x23
 404 01bf 20       		.uleb128 0x20
 405 01c0 07       		.uleb128 0x7
 406 01c1 705F7500 		.ascii	"p_u\000"
 407 01c5 06       		.byte	0x6
 408 01c6 B4       		.byte	0xb4
 409 01c7 03040000 		.4byte	0x403
 410 01cb 02       		.byte	0x2
 411 01cc 23       		.byte	0x23
 412 01cd 24       		.uleb128 0x24
 413 01ce 06       		.uleb128 0x6
 414 01cf C5030000 		.4byte	.LASF36
 415 01d3 06       		.byte	0x6
 416 01d4 B9       		.byte	0xb9
 417 01d5 7E020000 		.4byte	0x27e
 418 01d9 02       		.byte	0x2
 419 01da 23       		.byte	0x23
 420 01db 28       		.uleb128 0x28
 421 01dc 06       		.uleb128 0x6
 422 01dd 47030000 		.4byte	.LASF37
 423 01e1 06       		.byte	0x6
 424 01e2 BF       		.byte	0xbf
 425 01e3 5C020000 		.4byte	0x25c
 426 01e7 02       		.byte	0x2
 427 01e8 23       		.byte	0x23
 428 01e9 2C       		.uleb128 0x2c
 429 01ea 06       		.uleb128 0x6
 430 01eb 0D000000 		.4byte	.LASF38
 431 01ef 06       		.byte	0x6
 432 01f0 C3       		.byte	0xc3
 433 01f1 E0000000 		.4byte	0xe0
 434 01f5 02       		.byte	0x2
 435 01f6 23       		.byte	0x23
 436 01f7 34       		.uleb128 0x34
 437 01f8 06       		.uleb128 0x6
 438 01f9 E0020000 		.4byte	.LASF39
 439 01fd 06       		.byte	0x6
 440 01fe C9       		.byte	0xc9
 441 01ff EB000000 		.4byte	0xeb
 442 0203 02       		.byte	0x2
 443 0204 23       		.byte	0x23
 444 0205 38       		.uleb128 0x38
 445 0206 06       		.uleb128 0x6
 446 0207 61020000 		.4byte	.LASF40
 447 020b 06       		.byte	0x6
 448 020c D0       		.byte	0xd0
 449 020d 4A040000 		.4byte	0x44a
 450 0211 02       		.byte	0x2
 451 0212 23       		.byte	0x23
 452 0213 3C       		.uleb128 0x3c
 453 0214 06       		.uleb128 0x6
 454 0215 2E030000 		.4byte	.LASF41
 455 0219 06       		.byte	0x6
 456 021a D4       		.byte	0xd4
ARM GAS  /tmp/cc0nLzKv.s 			page 9


 457 021b D5000000 		.4byte	0xd5
 458 021f 02       		.byte	0x2
 459 0220 23       		.byte	0x23
 460 0221 40       		.uleb128 0x40
 461 0222 06       		.uleb128 0x6
 462 0223 AB000000 		.4byte	.LASF42
 463 0227 06       		.byte	0x6
 464 0228 DA       		.byte	0xda
 465 0229 94020000 		.4byte	0x294
 466 022d 02       		.byte	0x2
 467 022e 23       		.byte	0x23
 468 022f 44       		.uleb128 0x44
 469 0230 00       		.byte	0
 470 0231 08       		.uleb128 0x8
 471 0232 08       		.byte	0x8
 472 0233 05       		.byte	0x5
 473 0234 61       		.byte	0x61
 474 0235 56020000 		.4byte	0x256
 475 0239 06       		.uleb128 0x6
 476 023a A1020000 		.4byte	.LASF24
 477 023e 05       		.byte	0x5
 478 023f 62       		.byte	0x62
 479 0240 56020000 		.4byte	0x256
 480 0244 02       		.byte	0x2
 481 0245 23       		.byte	0x23
 482 0246 00       		.uleb128 0
 483 0247 06       		.uleb128 0x6
 484 0248 36020000 		.4byte	.LASF25
 485 024c 05       		.byte	0x5
 486 024d 64       		.byte	0x64
 487 024e 56020000 		.4byte	0x256
 488 0252 02       		.byte	0x2
 489 0253 23       		.byte	0x23
 490 0254 04       		.uleb128 0x4
 491 0255 00       		.byte	0
 492 0256 09       		.uleb128 0x9
 493 0257 04       		.byte	0x4
 494 0258 01010000 		.4byte	0x101
 495 025c 03       		.uleb128 0x3
 496 025d FC010000 		.4byte	.LASF43
 497 0261 05       		.byte	0x5
 498 0262 66       		.byte	0x66
 499 0263 31020000 		.4byte	0x231
 500 0267 08       		.uleb128 0x8
 501 0268 04       		.byte	0x4
 502 0269 05       		.byte	0x5
 503 026a 6B       		.byte	0x6b
 504 026b 7E020000 		.4byte	0x27e
 505 026f 06       		.uleb128 0x6
 506 0270 A1020000 		.4byte	.LASF24
 507 0274 05       		.byte	0x5
 508 0275 6D       		.byte	0x6d
 509 0276 56020000 		.4byte	0x256
 510 027a 02       		.byte	0x2
 511 027b 23       		.byte	0x23
 512 027c 00       		.uleb128 0
 513 027d 00       		.byte	0
ARM GAS  /tmp/cc0nLzKv.s 			page 10


 514 027e 03       		.uleb128 0x3
 515 027f 9B010000 		.4byte	.LASF44
 516 0283 05       		.byte	0x5
 517 0284 70       		.byte	0x70
 518 0285 67020000 		.4byte	0x267
 519 0289 03       		.uleb128 0x3
 520 028a 33010000 		.4byte	.LASF45
 521 028e 07       		.byte	0x7
 522 028f E5       		.byte	0xe5
 523 0290 94020000 		.4byte	0x294
 524 0294 0A       		.uleb128 0xa
 525 0295 04       		.byte	0x4
 526 0296 0B       		.uleb128 0xb
 527 0297 40030000 		.4byte	.LASF46
 528 029b 24       		.byte	0x24
 529 029c 07       		.byte	0x7
 530 029d 0C01     		.2byte	0x10c
 531 029f 24030000 		.4byte	0x324
 532 02a3 0C       		.uleb128 0xc
 533 02a4 723400   		.ascii	"r4\000"
 534 02a7 07       		.byte	0x7
 535 02a8 1F01     		.2byte	0x11f
 536 02aa 89020000 		.4byte	0x289
 537 02ae 02       		.byte	0x2
 538 02af 23       		.byte	0x23
 539 02b0 00       		.uleb128 0
 540 02b1 0C       		.uleb128 0xc
 541 02b2 723500   		.ascii	"r5\000"
 542 02b5 07       		.byte	0x7
 543 02b6 2001     		.2byte	0x120
 544 02b8 89020000 		.4byte	0x289
 545 02bc 02       		.byte	0x2
 546 02bd 23       		.byte	0x23
 547 02be 04       		.uleb128 0x4
 548 02bf 0C       		.uleb128 0xc
 549 02c0 723600   		.ascii	"r6\000"
 550 02c3 07       		.byte	0x7
 551 02c4 2101     		.2byte	0x121
 552 02c6 89020000 		.4byte	0x289
 553 02ca 02       		.byte	0x2
 554 02cb 23       		.byte	0x23
 555 02cc 08       		.uleb128 0x8
 556 02cd 0C       		.uleb128 0xc
 557 02ce 723700   		.ascii	"r7\000"
 558 02d1 07       		.byte	0x7
 559 02d2 2201     		.2byte	0x122
 560 02d4 89020000 		.4byte	0x289
 561 02d8 02       		.byte	0x2
 562 02d9 23       		.byte	0x23
 563 02da 0C       		.uleb128 0xc
 564 02db 0C       		.uleb128 0xc
 565 02dc 723800   		.ascii	"r8\000"
 566 02df 07       		.byte	0x7
 567 02e0 2301     		.2byte	0x123
 568 02e2 89020000 		.4byte	0x289
 569 02e6 02       		.byte	0x2
 570 02e7 23       		.byte	0x23
ARM GAS  /tmp/cc0nLzKv.s 			page 11


 571 02e8 10       		.uleb128 0x10
 572 02e9 0C       		.uleb128 0xc
 573 02ea 723900   		.ascii	"r9\000"
 574 02ed 07       		.byte	0x7
 575 02ee 2401     		.2byte	0x124
 576 02f0 89020000 		.4byte	0x289
 577 02f4 02       		.byte	0x2
 578 02f5 23       		.byte	0x23
 579 02f6 14       		.uleb128 0x14
 580 02f7 0C       		.uleb128 0xc
 581 02f8 72313000 		.ascii	"r10\000"
 582 02fc 07       		.byte	0x7
 583 02fd 2501     		.2byte	0x125
 584 02ff 89020000 		.4byte	0x289
 585 0303 02       		.byte	0x2
 586 0304 23       		.byte	0x23
 587 0305 18       		.uleb128 0x18
 588 0306 0C       		.uleb128 0xc
 589 0307 72313100 		.ascii	"r11\000"
 590 030b 07       		.byte	0x7
 591 030c 2601     		.2byte	0x126
 592 030e 89020000 		.4byte	0x289
 593 0312 02       		.byte	0x2
 594 0313 23       		.byte	0x23
 595 0314 1C       		.uleb128 0x1c
 596 0315 0C       		.uleb128 0xc
 597 0316 6C7200   		.ascii	"lr\000"
 598 0319 07       		.byte	0x7
 599 031a 2701     		.2byte	0x127
 600 031c 89020000 		.4byte	0x289
 601 0320 02       		.byte	0x2
 602 0321 23       		.byte	0x23
 603 0322 20       		.uleb128 0x20
 604 0323 00       		.byte	0
 605 0324 0B       		.uleb128 0xb
 606 0325 72010000 		.4byte	.LASF47
 607 0329 04       		.byte	0x4
 608 032a 07       		.byte	0x7
 609 032b 3101     		.2byte	0x131
 610 032d 41030000 		.4byte	0x341
 611 0331 0C       		.uleb128 0xc
 612 0332 72313300 		.ascii	"r13\000"
 613 0336 07       		.byte	0x7
 614 0337 3201     		.2byte	0x132
 615 0339 41030000 		.4byte	0x341
 616 033d 02       		.byte	0x2
 617 033e 23       		.byte	0x23
 618 033f 00       		.uleb128 0
 619 0340 00       		.byte	0
 620 0341 09       		.uleb128 0x9
 621 0342 04       		.byte	0x4
 622 0343 96020000 		.4byte	0x296
 623 0347 04       		.uleb128 0x4
 624 0348 04       		.byte	0x4
 625 0349 07       		.byte	0x7
 626 034a CD010000 		.4byte	.LASF48
 627 034e 0D       		.uleb128 0xd
ARM GAS  /tmp/cc0nLzKv.s 			page 12


 628 034f F6000000 		.4byte	0xf6
 629 0353 08       		.uleb128 0x8
 630 0354 1C       		.byte	0x1c
 631 0355 08       		.byte	0x8
 632 0356 5E       		.byte	0x5e
 633 0357 B0030000 		.4byte	0x3b0
 634 035b 06       		.uleb128 0x6
 635 035c 00030000 		.4byte	.LASF49
 636 0360 08       		.byte	0x8
 637 0361 5F       		.byte	0x5f
 638 0362 5C020000 		.4byte	0x25c
 639 0366 02       		.byte	0x2
 640 0367 23       		.byte	0x23
 641 0368 00       		.uleb128 0
 642 0369 06       		.uleb128 0x6
 643 036a 93020000 		.4byte	.LASF50
 644 036e 08       		.byte	0x8
 645 036f 60       		.byte	0x60
 646 0370 D5000000 		.4byte	0xd5
 647 0374 02       		.byte	0x2
 648 0375 23       		.byte	0x23
 649 0376 08       		.uleb128 0x8
 650 0377 06       		.uleb128 0x6
 651 0378 F6010000 		.4byte	.LASF51
 652 037c 08       		.byte	0x8
 653 037d 62       		.byte	0x62
 654 037e 24030000 		.4byte	0x324
 655 0382 02       		.byte	0x2
 656 0383 23       		.byte	0x23
 657 0384 0C       		.uleb128 0xc
 658 0385 06       		.uleb128 0x6
 659 0386 2B010000 		.4byte	.LASF52
 660 038a 08       		.byte	0x8
 661 038b 65       		.byte	0x65
 662 038c 56020000 		.4byte	0x256
 663 0390 02       		.byte	0x2
 664 0391 23       		.byte	0x23
 665 0392 10       		.uleb128 0x10
 666 0393 06       		.uleb128 0x6
 667 0394 1B020000 		.4byte	.LASF53
 668 0398 08       		.byte	0x8
 669 0399 66       		.byte	0x66
 670 039a 56020000 		.4byte	0x256
 671 039e 02       		.byte	0x2
 672 039f 23       		.byte	0x23
 673 03a0 14       		.uleb128 0x14
 674 03a1 06       		.uleb128 0x6
 675 03a2 11020000 		.4byte	.LASF54
 676 03a6 08       		.byte	0x8
 677 03a7 69       		.byte	0x69
 678 03a8 56020000 		.4byte	0x256
 679 03ac 02       		.byte	0x2
 680 03ad 23       		.byte	0x23
 681 03ae 18       		.uleb128 0x18
 682 03af 00       		.byte	0
 683 03b0 03       		.uleb128 0x3
 684 03b1 64030000 		.4byte	.LASF55
ARM GAS  /tmp/cc0nLzKv.s 			page 13


 685 03b5 08       		.byte	0x8
 686 03b6 6B       		.byte	0x6b
 687 03b7 53030000 		.4byte	0x353
 688 03bb 05       		.uleb128 0x5
 689 03bc B3010000 		.4byte	.LASF56
 690 03c0 10       		.byte	0x10
 691 03c1 09       		.byte	0x9
 692 03c2 2C       		.byte	0x2c
 693 03c3 F2030000 		.4byte	0x3f2
 694 03c7 06       		.uleb128 0x6
 695 03c8 B3000000 		.4byte	.LASF57
 696 03cc 09       		.byte	0x9
 697 03cd 2D       		.byte	0x2d
 698 03ce 5C020000 		.4byte	0x25c
 699 03d2 02       		.byte	0x2
 700 03d3 23       		.byte	0x23
 701 03d4 00       		.uleb128 0
 702 03d5 06       		.uleb128 0x6
 703 03d6 B7030000 		.4byte	.LASF58
 704 03da 09       		.byte	0x9
 705 03db 2F       		.byte	0x2f
 706 03dc 56020000 		.4byte	0x256
 707 03e0 02       		.byte	0x2
 708 03e1 23       		.byte	0x23
 709 03e2 08       		.uleb128 0x8
 710 03e3 06       		.uleb128 0x6
 711 03e4 1D030000 		.4byte	.LASF59
 712 03e8 09       		.byte	0x9
 713 03e9 31       		.byte	0x31
 714 03ea F2030000 		.4byte	0x3f2
 715 03ee 02       		.byte	0x2
 716 03ef 23       		.byte	0x23
 717 03f0 0C       		.uleb128 0xc
 718 03f1 00       		.byte	0
 719 03f2 09       		.uleb128 0x9
 720 03f3 04       		.byte	0x4
 721 03f4 BB030000 		.4byte	0x3bb
 722 03f8 03       		.uleb128 0x3
 723 03f9 B3010000 		.4byte	.LASF56
 724 03fd 09       		.byte	0x9
 725 03fe 33       		.byte	0x33
 726 03ff BB030000 		.4byte	0x3bb
 727 0403 0E       		.uleb128 0xe
 728 0404 04       		.byte	0x4
 729 0405 06       		.byte	0x6
 730 0406 96       		.byte	0x96
 731 0407 38040000 		.4byte	0x438
 732 040b 0F       		.uleb128 0xf
 733 040c 1A000000 		.4byte	.LASF60
 734 0410 06       		.byte	0x6
 735 0411 9D       		.byte	0x9d
 736 0412 E0000000 		.4byte	0xe0
 737 0416 0F       		.uleb128 0xf
 738 0417 46000000 		.4byte	.LASF61
 739 041b 06       		.byte	0x6
 740 041c A4       		.byte	0xa4
 741 041d E0000000 		.4byte	0xe0
ARM GAS  /tmp/cc0nLzKv.s 			page 14


 742 0421 0F       		.uleb128 0xf
 743 0422 9E030000 		.4byte	.LASF62
 744 0426 06       		.byte	0x6
 745 0427 AB       		.byte	0xab
 746 0428 94020000 		.4byte	0x294
 747 042c 0F       		.uleb128 0xf
 748 042d 9A020000 		.4byte	.LASF63
 749 0431 06       		.byte	0x6
 750 0432 B2       		.byte	0xb2
 751 0433 EB000000 		.4byte	0xeb
 752 0437 00       		.byte	0
 753 0438 09       		.uleb128 0x9
 754 0439 04       		.byte	0x4
 755 043a 3E040000 		.4byte	0x43e
 756 043e 10       		.uleb128 0x10
 757 043f 43040000 		.4byte	0x443
 758 0443 04       		.uleb128 0x4
 759 0444 01       		.byte	0x1
 760 0445 08       		.byte	0x8
 761 0446 08030000 		.4byte	.LASF64
 762 044a 09       		.uleb128 0x9
 763 044b 04       		.byte	0x4
 764 044c F8030000 		.4byte	0x3f8
 765 0450 08       		.uleb128 0x8
 766 0451 16       		.byte	0x16
 767 0452 0A       		.byte	0xa
 768 0453 2C       		.byte	0x2c
 769 0454 55050000 		.4byte	0x555
 770 0458 06       		.uleb128 0x6
 771 0459 64010000 		.4byte	.LASF65
 772 045d 0A       		.byte	0xa
 773 045e 2D       		.byte	0x2d
 774 045f 55050000 		.4byte	0x555
 775 0463 02       		.byte	0x2
 776 0464 23       		.byte	0x23
 777 0465 00       		.uleb128 0
 778 0466 06       		.uleb128 0x6
 779 0467 B9010000 		.4byte	.LASF66
 780 046b 0A       		.byte	0xa
 781 046c 2E       		.byte	0x2e
 782 046d 45000000 		.4byte	0x45
 783 0471 02       		.byte	0x2
 784 0472 23       		.byte	0x23
 785 0473 04       		.uleb128 0x4
 786 0474 06       		.uleb128 0x6
 787 0475 09020000 		.4byte	.LASF67
 788 0479 0A       		.byte	0xa
 789 047a 2F       		.byte	0x2f
 790 047b 45000000 		.4byte	0x45
 791 047f 02       		.byte	0x2
 792 0480 23       		.byte	0x23
 793 0481 05       		.uleb128 0x5
 794 0482 06       		.uleb128 0x6
 795 0483 AC030000 		.4byte	.LASF68
 796 0487 0A       		.byte	0xa
 797 0488 30       		.byte	0x30
 798 0489 5E000000 		.4byte	0x5e
ARM GAS  /tmp/cc0nLzKv.s 			page 15


 799 048d 02       		.byte	0x2
 800 048e 23       		.byte	0x23
 801 048f 06       		.uleb128 0x6
 802 0490 06       		.uleb128 0x6
 803 0491 2B020000 		.4byte	.LASF69
 804 0495 0A       		.byte	0xa
 805 0496 31       		.byte	0x31
 806 0497 45000000 		.4byte	0x45
 807 049b 02       		.byte	0x2
 808 049c 23       		.byte	0x23
 809 049d 08       		.uleb128 0x8
 810 049e 06       		.uleb128 0x6
 811 049f D6010000 		.4byte	.LASF70
 812 04a3 0A       		.byte	0xa
 813 04a4 32       		.byte	0x32
 814 04a5 45000000 		.4byte	0x45
 815 04a9 02       		.byte	0x2
 816 04aa 23       		.byte	0x23
 817 04ab 09       		.uleb128 0x9
 818 04ac 06       		.uleb128 0x6
 819 04ad 38000000 		.4byte	.LASF71
 820 04b1 0A       		.byte	0xa
 821 04b2 33       		.byte	0x33
 822 04b3 45000000 		.4byte	0x45
 823 04b7 02       		.byte	0x2
 824 04b8 23       		.byte	0x23
 825 04b9 0A       		.uleb128 0xa
 826 04ba 06       		.uleb128 0x6
 827 04bb F4020000 		.4byte	.LASF72
 828 04bf 0A       		.byte	0xa
 829 04c0 34       		.byte	0x34
 830 04c1 45000000 		.4byte	0x45
 831 04c5 02       		.byte	0x2
 832 04c6 23       		.byte	0x23
 833 04c7 0B       		.uleb128 0xb
 834 04c8 06       		.uleb128 0x6
 835 04c9 52030000 		.4byte	.LASF73
 836 04cd 0A       		.byte	0xa
 837 04ce 35       		.byte	0x35
 838 04cf 45000000 		.4byte	0x45
 839 04d3 02       		.byte	0x2
 840 04d4 23       		.byte	0x23
 841 04d5 0C       		.uleb128 0xc
 842 04d6 06       		.uleb128 0x6
 843 04d7 D3020000 		.4byte	.LASF74
 844 04db 0A       		.byte	0xa
 845 04dc 36       		.byte	0x36
 846 04dd 45000000 		.4byte	0x45
 847 04e1 02       		.byte	0x2
 848 04e2 23       		.byte	0x23
 849 04e3 0D       		.uleb128 0xd
 850 04e4 06       		.uleb128 0x6
 851 04e5 00000000 		.4byte	.LASF75
 852 04e9 0A       		.byte	0xa
 853 04ea 37       		.byte	0x37
 854 04eb 45000000 		.4byte	0x45
 855 04ef 02       		.byte	0x2
ARM GAS  /tmp/cc0nLzKv.s 			page 16


 856 04f0 23       		.byte	0x23
 857 04f1 0E       		.uleb128 0xe
 858 04f2 06       		.uleb128 0x6
 859 04f3 E2010000 		.4byte	.LASF76
 860 04f7 0A       		.byte	0xa
 861 04f8 38       		.byte	0x38
 862 04f9 45000000 		.4byte	0x45
 863 04fd 02       		.byte	0x2
 864 04fe 23       		.byte	0x23
 865 04ff 0F       		.uleb128 0xf
 866 0500 06       		.uleb128 0x6
 867 0501 8E000000 		.4byte	.LASF77
 868 0505 0A       		.byte	0xa
 869 0506 39       		.byte	0x39
 870 0507 45000000 		.4byte	0x45
 871 050b 02       		.byte	0x2
 872 050c 23       		.byte	0x23
 873 050d 10       		.uleb128 0x10
 874 050e 06       		.uleb128 0x6
 875 050f 67000000 		.4byte	.LASF78
 876 0513 0A       		.byte	0xa
 877 0514 3B       		.byte	0x3b
 878 0515 45000000 		.4byte	0x45
 879 0519 02       		.byte	0x2
 880 051a 23       		.byte	0x23
 881 051b 11       		.uleb128 0x11
 882 051c 06       		.uleb128 0x6
 883 051d 9E000000 		.4byte	.LASF79
 884 0521 0A       		.byte	0xa
 885 0522 3C       		.byte	0x3c
 886 0523 45000000 		.4byte	0x45
 887 0527 02       		.byte	0x2
 888 0528 23       		.byte	0x23
 889 0529 12       		.uleb128 0x12
 890 052a 06       		.uleb128 0x6
 891 052b C1010000 		.4byte	.LASF80
 892 052f 0A       		.byte	0xa
 893 0530 3D       		.byte	0x3d
 894 0531 45000000 		.4byte	0x45
 895 0535 02       		.byte	0x2
 896 0536 23       		.byte	0x23
 897 0537 13       		.uleb128 0x13
 898 0538 06       		.uleb128 0x6
 899 0539 A8020000 		.4byte	.LASF81
 900 053d 0A       		.byte	0xa
 901 053e 3E       		.byte	0x3e
 902 053f 45000000 		.4byte	0x45
 903 0543 02       		.byte	0x2
 904 0544 23       		.byte	0x23
 905 0545 14       		.uleb128 0x14
 906 0546 06       		.uleb128 0x6
 907 0547 87020000 		.4byte	.LASF82
 908 054b 0A       		.byte	0xa
 909 054c 40       		.byte	0x40
 910 054d 45000000 		.4byte	0x45
 911 0551 02       		.byte	0x2
 912 0552 23       		.byte	0x23
ARM GAS  /tmp/cc0nLzKv.s 			page 17


 913 0553 15       		.uleb128 0x15
 914 0554 00       		.byte	0
 915 0555 11       		.uleb128 0x11
 916 0556 43040000 		.4byte	0x443
 917 055a 65050000 		.4byte	0x565
 918 055e 12       		.uleb128 0x12
 919 055f 47030000 		.4byte	0x347
 920 0563 03       		.byte	0x3
 921 0564 00       		.byte	0
 922 0565 03       		.uleb128 0x3
 923 0566 19010000 		.4byte	.LASF83
 924 056a 0A       		.byte	0xa
 925 056b 41       		.byte	0x41
 926 056c 50040000 		.4byte	0x450
 927 0570 13       		.uleb128 0x13
 928 0571 01       		.byte	0x1
 929 0572 4F000000 		.4byte	.LASF84
 930 0576 01       		.byte	0x1
 931 0577 75       		.byte	0x75
 932 0578 01       		.byte	0x1
 933 0579 56020000 		.4byte	0x256
 934 057d 00000000 		.4byte	.LFB7
 935 0581 1E000000 		.4byte	.LFE7
 936 0585 02       		.byte	0x2
 937 0586 7D       		.byte	0x7d
 938 0587 00       		.sleb128 0
 939 0588 01       		.byte	0x1
 940 0589 CC050000 		.4byte	0x5cc
 941 058d 14       		.uleb128 0x14
 942 058e 747000   		.ascii	"tp\000"
 943 0591 01       		.byte	0x1
 944 0592 76       		.byte	0x76
 945 0593 56020000 		.4byte	0x256
 946 0597 01       		.byte	0x1
 947 0598 50       		.byte	0x50
 948 0599 15       		.uleb128 0x15
 949 059a 00000000 		.4byte	.LBB2
 950 059e 06000000 		.4byte	.LBE2
 951 05a2 B6050000 		.4byte	0x5b6
 952 05a6 16       		.uleb128 0x16
 953 05a7 746D7000 		.ascii	"tmp\000"
 954 05ab 01       		.byte	0x1
 955 05ac 78       		.byte	0x78
 956 05ad 82000000 		.4byte	0x82
 957 05b1 00000000 		.4byte	.LLST0
 958 05b5 00       		.byte	0
 959 05b6 17       		.uleb128 0x17
 960 05b7 00000000 		.4byte	.Ldebug_ranges0+0
 961 05bb 16       		.uleb128 0x16
 962 05bc 746D7000 		.ascii	"tmp\000"
 963 05c0 01       		.byte	0x1
 964 05c1 7D       		.byte	0x7d
 965 05c2 82000000 		.4byte	0x82
 966 05c6 13000000 		.4byte	.LLST1
 967 05ca 00       		.byte	0
 968 05cb 00       		.byte	0
 969 05cc 18       		.uleb128 0x18
ARM GAS  /tmp/cc0nLzKv.s 			page 18


 970 05cd 01       		.byte	0x1
 971 05ce 0D030000 		.4byte	.LASF85
 972 05d2 01       		.byte	0x1
 973 05d3 8C       		.byte	0x8c
 974 05d4 01       		.byte	0x1
 975 05d5 56020000 		.4byte	0x256
 976 05d9 00000000 		.4byte	.LFB8
 977 05dd 2C000000 		.4byte	.LFE8
 978 05e1 26000000 		.4byte	.LLST2
 979 05e5 01       		.byte	0x1
 980 05e6 51060000 		.4byte	0x651
 981 05ea 19       		.uleb128 0x19
 982 05eb 747000   		.ascii	"tp\000"
 983 05ee 01       		.byte	0x1
 984 05ef 8C       		.byte	0x8c
 985 05f0 56020000 		.4byte	0x256
 986 05f4 46000000 		.4byte	.LLST3
 987 05f8 14       		.uleb128 0x14
 988 05f9 6E747000 		.ascii	"ntp\000"
 989 05fd 01       		.byte	0x1
 990 05fe 8D       		.byte	0x8d
 991 05ff 56020000 		.4byte	0x256
 992 0603 01       		.byte	0x1
 993 0604 54       		.byte	0x54
 994 0605 15       		.uleb128 0x15
 995 0606 02000000 		.4byte	.LBB5
 996 060a 08000000 		.4byte	.LBE5
 997 060e 22060000 		.4byte	0x622
 998 0612 16       		.uleb128 0x16
 999 0613 746D7000 		.ascii	"tmp\000"
 1000 0617 01       		.byte	0x1
 1001 0618 8F       		.byte	0x8f
 1002 0619 82000000 		.4byte	0x82
 1003 061d 67000000 		.4byte	.LLST4
 1004 0621 00       		.byte	0
 1005 0622 15       		.uleb128 0x15
 1006 0623 18000000 		.4byte	.LBB6
 1007 0627 1E000000 		.4byte	.LBE6
 1008 062b 3F060000 		.4byte	0x63f
 1009 062f 16       		.uleb128 0x16
 1010 0630 746D7000 		.ascii	"tmp\000"
 1011 0634 01       		.byte	0x1
 1012 0635 9A       		.byte	0x9a
 1013 0636 82000000 		.4byte	0x82
 1014 063a 7A000000 		.4byte	.LLST5
 1015 063e 00       		.byte	0
 1016 063f 1A       		.uleb128 0x1a
 1017 0640 22000000 		.4byte	.LVL13
 1018 0644 75060000 		.4byte	0x675
 1019 0648 1B       		.uleb128 0x1b
 1020 0649 01       		.byte	0x1
 1021 064a 50       		.byte	0x50
 1022 064b 03       		.byte	0x3
 1023 064c F3       		.byte	0xf3
 1024 064d 01       		.uleb128 0x1
 1025 064e 50       		.byte	0x50
 1026 064f 00       		.byte	0
ARM GAS  /tmp/cc0nLzKv.s 			page 19


 1027 0650 00       		.byte	0
 1028 0651 1C       		.uleb128 0x1c
 1029 0652 6E030000 		.4byte	.LASF86
 1030 0656 08       		.byte	0x8
 1031 0657 6F       		.byte	0x6f
 1032 0658 B0030000 		.4byte	0x3b0
 1033 065c 01       		.byte	0x1
 1034 065d 01       		.byte	0x1
 1035 065e 1D       		.uleb128 0x1d
 1036 065f 5B010000 		.4byte	.LASF87
 1037 0663 01       		.byte	0x1
 1038 0664 42       		.byte	0x42
 1039 0665 70060000 		.4byte	0x670
 1040 0669 01       		.byte	0x1
 1041 066a 05       		.byte	0x5
 1042 066b 03       		.byte	0x3
 1043 066c 00000000 		.4byte	ch_debug
 1044 0670 10       		.uleb128 0x10
 1045 0671 65050000 		.4byte	0x565
 1046 0675 1E       		.uleb128 0x1e
 1047 0676 01       		.byte	0x1
 1048 0677 BF020000 		.4byte	.LASF90
 1049 067b 0B       		.byte	0xb
 1050 067c 3A       		.byte	0x3a
 1051 067d 01       		.byte	0x1
 1052 067e 01       		.byte	0x1
 1053 067f 1F       		.uleb128 0x1f
 1054 0680 56020000 		.4byte	0x256
 1055 0684 00       		.byte	0
 1056 0685 00       		.byte	0
 1057              		.section	.debug_abbrev,"",%progbits
 1058              	.Ldebug_abbrev0:
 1059 0000 01       		.uleb128 0x1
 1060 0001 11       		.uleb128 0x11
 1061 0002 01       		.byte	0x1
 1062 0003 25       		.uleb128 0x25
 1063 0004 0E       		.uleb128 0xe
 1064 0005 13       		.uleb128 0x13
 1065 0006 0B       		.uleb128 0xb
 1066 0007 03       		.uleb128 0x3
 1067 0008 0E       		.uleb128 0xe
 1068 0009 55       		.uleb128 0x55
 1069 000a 06       		.uleb128 0x6
 1070 000b 11       		.uleb128 0x11
 1071 000c 01       		.uleb128 0x1
 1072 000d 52       		.uleb128 0x52
 1073 000e 01       		.uleb128 0x1
 1074 000f 10       		.uleb128 0x10
 1075 0010 06       		.uleb128 0x6
 1076 0011 00       		.byte	0
 1077 0012 00       		.byte	0
 1078 0013 02       		.uleb128 0x2
 1079 0014 24       		.uleb128 0x24
 1080 0015 00       		.byte	0
 1081 0016 0B       		.uleb128 0xb
 1082 0017 0B       		.uleb128 0xb
 1083 0018 3E       		.uleb128 0x3e
ARM GAS  /tmp/cc0nLzKv.s 			page 20


 1084 0019 0B       		.uleb128 0xb
 1085 001a 03       		.uleb128 0x3
 1086 001b 08       		.uleb128 0x8
 1087 001c 00       		.byte	0
 1088 001d 00       		.byte	0
 1089 001e 03       		.uleb128 0x3
 1090 001f 16       		.uleb128 0x16
 1091 0020 00       		.byte	0
 1092 0021 03       		.uleb128 0x3
 1093 0022 0E       		.uleb128 0xe
 1094 0023 3A       		.uleb128 0x3a
 1095 0024 0B       		.uleb128 0xb
 1096 0025 3B       		.uleb128 0x3b
 1097 0026 0B       		.uleb128 0xb
 1098 0027 49       		.uleb128 0x49
 1099 0028 13       		.uleb128 0x13
 1100 0029 00       		.byte	0
 1101 002a 00       		.byte	0
 1102 002b 04       		.uleb128 0x4
 1103 002c 24       		.uleb128 0x24
 1104 002d 00       		.byte	0
 1105 002e 0B       		.uleb128 0xb
 1106 002f 0B       		.uleb128 0xb
 1107 0030 3E       		.uleb128 0x3e
 1108 0031 0B       		.uleb128 0xb
 1109 0032 03       		.uleb128 0x3
 1110 0033 0E       		.uleb128 0xe
 1111 0034 00       		.byte	0
 1112 0035 00       		.byte	0
 1113 0036 05       		.uleb128 0x5
 1114 0037 13       		.uleb128 0x13
 1115 0038 01       		.byte	0x1
 1116 0039 03       		.uleb128 0x3
 1117 003a 0E       		.uleb128 0xe
 1118 003b 0B       		.uleb128 0xb
 1119 003c 0B       		.uleb128 0xb
 1120 003d 3A       		.uleb128 0x3a
 1121 003e 0B       		.uleb128 0xb
 1122 003f 3B       		.uleb128 0x3b
 1123 0040 0B       		.uleb128 0xb
 1124 0041 01       		.uleb128 0x1
 1125 0042 13       		.uleb128 0x13
 1126 0043 00       		.byte	0
 1127 0044 00       		.byte	0
 1128 0045 06       		.uleb128 0x6
 1129 0046 0D       		.uleb128 0xd
 1130 0047 00       		.byte	0
 1131 0048 03       		.uleb128 0x3
 1132 0049 0E       		.uleb128 0xe
 1133 004a 3A       		.uleb128 0x3a
 1134 004b 0B       		.uleb128 0xb
 1135 004c 3B       		.uleb128 0x3b
 1136 004d 0B       		.uleb128 0xb
 1137 004e 49       		.uleb128 0x49
 1138 004f 13       		.uleb128 0x13
 1139 0050 38       		.uleb128 0x38
 1140 0051 0A       		.uleb128 0xa
ARM GAS  /tmp/cc0nLzKv.s 			page 21


 1141 0052 00       		.byte	0
 1142 0053 00       		.byte	0
 1143 0054 07       		.uleb128 0x7
 1144 0055 0D       		.uleb128 0xd
 1145 0056 00       		.byte	0
 1146 0057 03       		.uleb128 0x3
 1147 0058 08       		.uleb128 0x8
 1148 0059 3A       		.uleb128 0x3a
 1149 005a 0B       		.uleb128 0xb
 1150 005b 3B       		.uleb128 0x3b
 1151 005c 0B       		.uleb128 0xb
 1152 005d 49       		.uleb128 0x49
 1153 005e 13       		.uleb128 0x13
 1154 005f 38       		.uleb128 0x38
 1155 0060 0A       		.uleb128 0xa
 1156 0061 00       		.byte	0
 1157 0062 00       		.byte	0
 1158 0063 08       		.uleb128 0x8
 1159 0064 13       		.uleb128 0x13
 1160 0065 01       		.byte	0x1
 1161 0066 0B       		.uleb128 0xb
 1162 0067 0B       		.uleb128 0xb
 1163 0068 3A       		.uleb128 0x3a
 1164 0069 0B       		.uleb128 0xb
 1165 006a 3B       		.uleb128 0x3b
 1166 006b 0B       		.uleb128 0xb
 1167 006c 01       		.uleb128 0x1
 1168 006d 13       		.uleb128 0x13
 1169 006e 00       		.byte	0
 1170 006f 00       		.byte	0
 1171 0070 09       		.uleb128 0x9
 1172 0071 0F       		.uleb128 0xf
 1173 0072 00       		.byte	0
 1174 0073 0B       		.uleb128 0xb
 1175 0074 0B       		.uleb128 0xb
 1176 0075 49       		.uleb128 0x49
 1177 0076 13       		.uleb128 0x13
 1178 0077 00       		.byte	0
 1179 0078 00       		.byte	0
 1180 0079 0A       		.uleb128 0xa
 1181 007a 0F       		.uleb128 0xf
 1182 007b 00       		.byte	0
 1183 007c 0B       		.uleb128 0xb
 1184 007d 0B       		.uleb128 0xb
 1185 007e 00       		.byte	0
 1186 007f 00       		.byte	0
 1187 0080 0B       		.uleb128 0xb
 1188 0081 13       		.uleb128 0x13
 1189 0082 01       		.byte	0x1
 1190 0083 03       		.uleb128 0x3
 1191 0084 0E       		.uleb128 0xe
 1192 0085 0B       		.uleb128 0xb
 1193 0086 0B       		.uleb128 0xb
 1194 0087 3A       		.uleb128 0x3a
 1195 0088 0B       		.uleb128 0xb
 1196 0089 3B       		.uleb128 0x3b
 1197 008a 05       		.uleb128 0x5
ARM GAS  /tmp/cc0nLzKv.s 			page 22


 1198 008b 01       		.uleb128 0x1
 1199 008c 13       		.uleb128 0x13
 1200 008d 00       		.byte	0
 1201 008e 00       		.byte	0
 1202 008f 0C       		.uleb128 0xc
 1203 0090 0D       		.uleb128 0xd
 1204 0091 00       		.byte	0
 1205 0092 03       		.uleb128 0x3
 1206 0093 08       		.uleb128 0x8
 1207 0094 3A       		.uleb128 0x3a
 1208 0095 0B       		.uleb128 0xb
 1209 0096 3B       		.uleb128 0x3b
 1210 0097 05       		.uleb128 0x5
 1211 0098 49       		.uleb128 0x49
 1212 0099 13       		.uleb128 0x13
 1213 009a 38       		.uleb128 0x38
 1214 009b 0A       		.uleb128 0xa
 1215 009c 00       		.byte	0
 1216 009d 00       		.byte	0
 1217 009e 0D       		.uleb128 0xd
 1218 009f 35       		.uleb128 0x35
 1219 00a0 00       		.byte	0
 1220 00a1 49       		.uleb128 0x49
 1221 00a2 13       		.uleb128 0x13
 1222 00a3 00       		.byte	0
 1223 00a4 00       		.byte	0
 1224 00a5 0E       		.uleb128 0xe
 1225 00a6 17       		.uleb128 0x17
 1226 00a7 01       		.byte	0x1
 1227 00a8 0B       		.uleb128 0xb
 1228 00a9 0B       		.uleb128 0xb
 1229 00aa 3A       		.uleb128 0x3a
 1230 00ab 0B       		.uleb128 0xb
 1231 00ac 3B       		.uleb128 0x3b
 1232 00ad 0B       		.uleb128 0xb
 1233 00ae 01       		.uleb128 0x1
 1234 00af 13       		.uleb128 0x13
 1235 00b0 00       		.byte	0
 1236 00b1 00       		.byte	0
 1237 00b2 0F       		.uleb128 0xf
 1238 00b3 0D       		.uleb128 0xd
 1239 00b4 00       		.byte	0
 1240 00b5 03       		.uleb128 0x3
 1241 00b6 0E       		.uleb128 0xe
 1242 00b7 3A       		.uleb128 0x3a
 1243 00b8 0B       		.uleb128 0xb
 1244 00b9 3B       		.uleb128 0x3b
 1245 00ba 0B       		.uleb128 0xb
 1246 00bb 49       		.uleb128 0x49
 1247 00bc 13       		.uleb128 0x13
 1248 00bd 00       		.byte	0
 1249 00be 00       		.byte	0
 1250 00bf 10       		.uleb128 0x10
 1251 00c0 26       		.uleb128 0x26
 1252 00c1 00       		.byte	0
 1253 00c2 49       		.uleb128 0x49
 1254 00c3 13       		.uleb128 0x13
ARM GAS  /tmp/cc0nLzKv.s 			page 23


 1255 00c4 00       		.byte	0
 1256 00c5 00       		.byte	0
 1257 00c6 11       		.uleb128 0x11
 1258 00c7 01       		.uleb128 0x1
 1259 00c8 01       		.byte	0x1
 1260 00c9 49       		.uleb128 0x49
 1261 00ca 13       		.uleb128 0x13
 1262 00cb 01       		.uleb128 0x1
 1263 00cc 13       		.uleb128 0x13
 1264 00cd 00       		.byte	0
 1265 00ce 00       		.byte	0
 1266 00cf 12       		.uleb128 0x12
 1267 00d0 21       		.uleb128 0x21
 1268 00d1 00       		.byte	0
 1269 00d2 49       		.uleb128 0x49
 1270 00d3 13       		.uleb128 0x13
 1271 00d4 2F       		.uleb128 0x2f
 1272 00d5 0B       		.uleb128 0xb
 1273 00d6 00       		.byte	0
 1274 00d7 00       		.byte	0
 1275 00d8 13       		.uleb128 0x13
 1276 00d9 2E       		.uleb128 0x2e
 1277 00da 01       		.byte	0x1
 1278 00db 3F       		.uleb128 0x3f
 1279 00dc 0C       		.uleb128 0xc
 1280 00dd 03       		.uleb128 0x3
 1281 00de 0E       		.uleb128 0xe
 1282 00df 3A       		.uleb128 0x3a
 1283 00e0 0B       		.uleb128 0xb
 1284 00e1 3B       		.uleb128 0x3b
 1285 00e2 0B       		.uleb128 0xb
 1286 00e3 27       		.uleb128 0x27
 1287 00e4 0C       		.uleb128 0xc
 1288 00e5 49       		.uleb128 0x49
 1289 00e6 13       		.uleb128 0x13
 1290 00e7 11       		.uleb128 0x11
 1291 00e8 01       		.uleb128 0x1
 1292 00e9 12       		.uleb128 0x12
 1293 00ea 01       		.uleb128 0x1
 1294 00eb 40       		.uleb128 0x40
 1295 00ec 0A       		.uleb128 0xa
 1296 00ed 9742     		.uleb128 0x2117
 1297 00ef 0C       		.uleb128 0xc
 1298 00f0 01       		.uleb128 0x1
 1299 00f1 13       		.uleb128 0x13
 1300 00f2 00       		.byte	0
 1301 00f3 00       		.byte	0
 1302 00f4 14       		.uleb128 0x14
 1303 00f5 34       		.uleb128 0x34
 1304 00f6 00       		.byte	0
 1305 00f7 03       		.uleb128 0x3
 1306 00f8 08       		.uleb128 0x8
 1307 00f9 3A       		.uleb128 0x3a
 1308 00fa 0B       		.uleb128 0xb
 1309 00fb 3B       		.uleb128 0x3b
 1310 00fc 0B       		.uleb128 0xb
 1311 00fd 49       		.uleb128 0x49
ARM GAS  /tmp/cc0nLzKv.s 			page 24


 1312 00fe 13       		.uleb128 0x13
 1313 00ff 02       		.uleb128 0x2
 1314 0100 0A       		.uleb128 0xa
 1315 0101 00       		.byte	0
 1316 0102 00       		.byte	0
 1317 0103 15       		.uleb128 0x15
 1318 0104 0B       		.uleb128 0xb
 1319 0105 01       		.byte	0x1
 1320 0106 11       		.uleb128 0x11
 1321 0107 01       		.uleb128 0x1
 1322 0108 12       		.uleb128 0x12
 1323 0109 01       		.uleb128 0x1
 1324 010a 01       		.uleb128 0x1
 1325 010b 13       		.uleb128 0x13
 1326 010c 00       		.byte	0
 1327 010d 00       		.byte	0
 1328 010e 16       		.uleb128 0x16
 1329 010f 34       		.uleb128 0x34
 1330 0110 00       		.byte	0
 1331 0111 03       		.uleb128 0x3
 1332 0112 08       		.uleb128 0x8
 1333 0113 3A       		.uleb128 0x3a
 1334 0114 0B       		.uleb128 0xb
 1335 0115 3B       		.uleb128 0x3b
 1336 0116 0B       		.uleb128 0xb
 1337 0117 49       		.uleb128 0x49
 1338 0118 13       		.uleb128 0x13
 1339 0119 02       		.uleb128 0x2
 1340 011a 06       		.uleb128 0x6
 1341 011b 00       		.byte	0
 1342 011c 00       		.byte	0
 1343 011d 17       		.uleb128 0x17
 1344 011e 0B       		.uleb128 0xb
 1345 011f 01       		.byte	0x1
 1346 0120 55       		.uleb128 0x55
 1347 0121 06       		.uleb128 0x6
 1348 0122 00       		.byte	0
 1349 0123 00       		.byte	0
 1350 0124 18       		.uleb128 0x18
 1351 0125 2E       		.uleb128 0x2e
 1352 0126 01       		.byte	0x1
 1353 0127 3F       		.uleb128 0x3f
 1354 0128 0C       		.uleb128 0xc
 1355 0129 03       		.uleb128 0x3
 1356 012a 0E       		.uleb128 0xe
 1357 012b 3A       		.uleb128 0x3a
 1358 012c 0B       		.uleb128 0xb
 1359 012d 3B       		.uleb128 0x3b
 1360 012e 0B       		.uleb128 0xb
 1361 012f 27       		.uleb128 0x27
 1362 0130 0C       		.uleb128 0xc
 1363 0131 49       		.uleb128 0x49
 1364 0132 13       		.uleb128 0x13
 1365 0133 11       		.uleb128 0x11
 1366 0134 01       		.uleb128 0x1
 1367 0135 12       		.uleb128 0x12
 1368 0136 01       		.uleb128 0x1
ARM GAS  /tmp/cc0nLzKv.s 			page 25


 1369 0137 40       		.uleb128 0x40
 1370 0138 06       		.uleb128 0x6
 1371 0139 9742     		.uleb128 0x2117
 1372 013b 0C       		.uleb128 0xc
 1373 013c 01       		.uleb128 0x1
 1374 013d 13       		.uleb128 0x13
 1375 013e 00       		.byte	0
 1376 013f 00       		.byte	0
 1377 0140 19       		.uleb128 0x19
 1378 0141 05       		.uleb128 0x5
 1379 0142 00       		.byte	0
 1380 0143 03       		.uleb128 0x3
 1381 0144 08       		.uleb128 0x8
 1382 0145 3A       		.uleb128 0x3a
 1383 0146 0B       		.uleb128 0xb
 1384 0147 3B       		.uleb128 0x3b
 1385 0148 0B       		.uleb128 0xb
 1386 0149 49       		.uleb128 0x49
 1387 014a 13       		.uleb128 0x13
 1388 014b 02       		.uleb128 0x2
 1389 014c 06       		.uleb128 0x6
 1390 014d 00       		.byte	0
 1391 014e 00       		.byte	0
 1392 014f 1A       		.uleb128 0x1a
 1393 0150 898201   		.uleb128 0x4109
 1394 0153 01       		.byte	0x1
 1395 0154 11       		.uleb128 0x11
 1396 0155 01       		.uleb128 0x1
 1397 0156 31       		.uleb128 0x31
 1398 0157 13       		.uleb128 0x13
 1399 0158 00       		.byte	0
 1400 0159 00       		.byte	0
 1401 015a 1B       		.uleb128 0x1b
 1402 015b 8A8201   		.uleb128 0x410a
 1403 015e 00       		.byte	0
 1404 015f 02       		.uleb128 0x2
 1405 0160 0A       		.uleb128 0xa
 1406 0161 9142     		.uleb128 0x2111
 1407 0163 0A       		.uleb128 0xa
 1408 0164 00       		.byte	0
 1409 0165 00       		.byte	0
 1410 0166 1C       		.uleb128 0x1c
 1411 0167 34       		.uleb128 0x34
 1412 0168 00       		.byte	0
 1413 0169 03       		.uleb128 0x3
 1414 016a 0E       		.uleb128 0xe
 1415 016b 3A       		.uleb128 0x3a
 1416 016c 0B       		.uleb128 0xb
 1417 016d 3B       		.uleb128 0x3b
 1418 016e 0B       		.uleb128 0xb
 1419 016f 49       		.uleb128 0x49
 1420 0170 13       		.uleb128 0x13
 1421 0171 3F       		.uleb128 0x3f
 1422 0172 0C       		.uleb128 0xc
 1423 0173 3C       		.uleb128 0x3c
 1424 0174 0C       		.uleb128 0xc
 1425 0175 00       		.byte	0
ARM GAS  /tmp/cc0nLzKv.s 			page 26


 1426 0176 00       		.byte	0
 1427 0177 1D       		.uleb128 0x1d
 1428 0178 34       		.uleb128 0x34
 1429 0179 00       		.byte	0
 1430 017a 03       		.uleb128 0x3
 1431 017b 0E       		.uleb128 0xe
 1432 017c 3A       		.uleb128 0x3a
 1433 017d 0B       		.uleb128 0xb
 1434 017e 3B       		.uleb128 0x3b
 1435 017f 0B       		.uleb128 0xb
 1436 0180 49       		.uleb128 0x49
 1437 0181 13       		.uleb128 0x13
 1438 0182 3F       		.uleb128 0x3f
 1439 0183 0C       		.uleb128 0xc
 1440 0184 02       		.uleb128 0x2
 1441 0185 0A       		.uleb128 0xa
 1442 0186 00       		.byte	0
 1443 0187 00       		.byte	0
 1444 0188 1E       		.uleb128 0x1e
 1445 0189 2E       		.uleb128 0x2e
 1446 018a 01       		.byte	0x1
 1447 018b 3F       		.uleb128 0x3f
 1448 018c 0C       		.uleb128 0xc
 1449 018d 03       		.uleb128 0x3
 1450 018e 0E       		.uleb128 0xe
 1451 018f 3A       		.uleb128 0x3a
 1452 0190 0B       		.uleb128 0xb
 1453 0191 3B       		.uleb128 0x3b
 1454 0192 0B       		.uleb128 0xb
 1455 0193 27       		.uleb128 0x27
 1456 0194 0C       		.uleb128 0xc
 1457 0195 3C       		.uleb128 0x3c
 1458 0196 0C       		.uleb128 0xc
 1459 0197 00       		.byte	0
 1460 0198 00       		.byte	0
 1461 0199 1F       		.uleb128 0x1f
 1462 019a 05       		.uleb128 0x5
 1463 019b 00       		.byte	0
 1464 019c 49       		.uleb128 0x49
 1465 019d 13       		.uleb128 0x13
 1466 019e 00       		.byte	0
 1467 019f 00       		.byte	0
 1468 01a0 00       		.byte	0
 1469              		.section	.debug_loc,"",%progbits
 1470              	.Ldebug_loc0:
 1471              	.LLST0:
 1472 0000 06000000 		.4byte	.LVL1
 1473 0004 10000000 		.4byte	.LVL2
 1474 0008 0100     		.2byte	0x1
 1475 000a 53       		.byte	0x53
 1476 000b 00000000 		.4byte	0
 1477 000f 00000000 		.4byte	0
 1478              	.LLST1:
 1479 0013 1C000000 		.4byte	.LVL4
 1480 0017 1E000000 		.4byte	.LFE7
 1481 001b 0100     		.2byte	0x1
 1482 001d 53       		.byte	0x53
ARM GAS  /tmp/cc0nLzKv.s 			page 27


 1483 001e 00000000 		.4byte	0
 1484 0022 00000000 		.4byte	0
 1485              	.LLST2:
 1486 0026 00000000 		.4byte	.LFB8
 1487 002a 02000000 		.4byte	.LCFI0
 1488 002e 0200     		.2byte	0x2
 1489 0030 7D       		.byte	0x7d
 1490 0031 00       		.sleb128 0
 1491 0032 02000000 		.4byte	.LCFI0
 1492 0036 2C000000 		.4byte	.LFE8
 1493 003a 0200     		.2byte	0x2
 1494 003c 7D       		.byte	0x7d
 1495 003d 08       		.sleb128 8
 1496 003e 00000000 		.4byte	0
 1497 0042 00000000 		.4byte	0
 1498              	.LLST3:
 1499 0046 00000000 		.4byte	.LVL5
 1500 004a 21000000 		.4byte	.LVL13-1
 1501 004e 0100     		.2byte	0x1
 1502 0050 50       		.byte	0x50
 1503 0051 21000000 		.4byte	.LVL13-1
 1504 0055 2C000000 		.4byte	.LFE8
 1505 0059 0400     		.2byte	0x4
 1506 005b F3       		.byte	0xf3
 1507 005c 01       		.uleb128 0x1
 1508 005d 50       		.byte	0x50
 1509 005e 9F       		.byte	0x9f
 1510 005f 00000000 		.4byte	0
 1511 0063 00000000 		.4byte	0
 1512              	.LLST4:
 1513 0067 08000000 		.4byte	.LVL7
 1514 006b 0A000000 		.4byte	.LVL8
 1515 006f 0100     		.2byte	0x1
 1516 0071 53       		.byte	0x53
 1517 0072 00000000 		.4byte	0
 1518 0076 00000000 		.4byte	0
 1519              	.LLST5:
 1520 007a 1E000000 		.4byte	.LVL12
 1521 007e 21000000 		.4byte	.LVL13-1
 1522 0082 0100     		.2byte	0x1
 1523 0084 53       		.byte	0x53
 1524 0085 00000000 		.4byte	0
 1525 0089 00000000 		.4byte	0
 1526              		.section	.debug_aranges,"",%progbits
 1527 0000 24000000 		.4byte	0x24
 1528 0004 0200     		.2byte	0x2
 1529 0006 00000000 		.4byte	.Ldebug_info0
 1530 000a 04       		.byte	0x4
 1531 000b 00       		.byte	0
 1532 000c 0000     		.2byte	0
 1533 000e 0000     		.2byte	0
 1534 0010 00000000 		.4byte	.LFB7
 1535 0014 1E000000 		.4byte	.LFE7-.LFB7
 1536 0018 00000000 		.4byte	.LFB8
 1537 001c 2C000000 		.4byte	.LFE8-.LFB8
 1538 0020 00000000 		.4byte	0
 1539 0024 00000000 		.4byte	0
ARM GAS  /tmp/cc0nLzKv.s 			page 28


 1540              		.section	.debug_ranges,"",%progbits
 1541              	.Ldebug_ranges0:
 1542 0000 0E000000 		.4byte	.LBB3
 1543 0004 10000000 		.4byte	.LBE3
 1544 0008 18000000 		.4byte	.LBB4
 1545 000c 1C000000 		.4byte	.LBE4
 1546 0010 00000000 		.4byte	0
 1547 0014 00000000 		.4byte	0
 1548 0018 00000000 		.4byte	.LFB7
 1549 001c 1E000000 		.4byte	.LFE7
 1550 0020 00000000 		.4byte	.LFB8
 1551 0024 2C000000 		.4byte	.LFE8
 1552 0028 00000000 		.4byte	0
 1553 002c 00000000 		.4byte	0
 1554              		.section	.debug_line,"",%progbits
 1555              	.Ldebug_line0:
 1556 0000 EE010000 		.section	.debug_str,"MS",%progbits,1
 1556      0200B801 
 1556      00000201 
 1556      FB0E0D00 
 1556      01010101 
 1557              	.LASF75:
 1558 0000 63665F6F 		.ascii	"cf_off_older\000"
 1558      66665F6F 
 1558      6C646572 
 1558      00
 1559              	.LASF38:
 1560 000d 705F6D73 		.ascii	"p_msg\000"
 1560      6700
 1561              	.LASF2:
 1562 0013 73697A65 		.ascii	"size_t\000"
 1562      5F7400
 1563              	.LASF60:
 1564 001a 7264796D 		.ascii	"rdymsg\000"
 1564      736700
 1565              	.LASF13:
 1566 0021 6C6F6E67 		.ascii	"long long unsigned int\000"
 1566      206C6F6E 
 1566      6720756E 
 1566      7369676E 
 1566      65642069 
 1567              	.LASF71:
 1568 0038 63685F74 		.ascii	"ch_threadsize\000"
 1568      68726561 
 1568      6473697A 
 1568      6500
 1569              	.LASF61:
 1570 0046 65786974 		.ascii	"exitcode\000"
 1570      636F6465 
 1570      00
 1571              	.LASF84:
 1572 004f 63685265 		.ascii	"chRegFirstThread\000"
 1572      67466972 
 1572      73745468 
 1572      72656164 
 1572      00
 1573              	.LASF26:
ARM GAS  /tmp/cc0nLzKv.s 			page 29


 1574 0060 705F7072 		.ascii	"p_prio\000"
 1574      696F00
 1575              	.LASF78:
 1576 0067 63665F6F 		.ascii	"cf_off_state\000"
 1576      66665F73 
 1576      74617465 
 1576      00
 1577              	.LASF12:
 1578 0074 6C6F6E67 		.ascii	"long long int\000"
 1578      206C6F6E 
 1578      6720696E 
 1578      7400
 1579              	.LASF1:
 1580 0082 7369676E 		.ascii	"signed char\000"
 1580      65642063 
 1580      68617200 
 1581              	.LASF77:
 1582 008e 63665F6F 		.ascii	"cf_off_stklimit\000"
 1582      66665F73 
 1582      746B6C69 
 1582      6D697400 
 1583              	.LASF79:
 1584 009e 63665F6F 		.ascii	"cf_off_flags\000"
 1584      66665F66 
 1584      6C616773 
 1584      00
 1585              	.LASF42:
 1586 00ab 705F6D70 		.ascii	"p_mpool\000"
 1586      6F6F6C00 
 1587              	.LASF57:
 1588 00b3 6D5F7175 		.ascii	"m_queue\000"
 1588      65756500 
 1589              	.LASF18:
 1590 00bb 74736C69 		.ascii	"tslices_t\000"
 1590      6365735F 
 1590      7400
 1591              	.LASF9:
 1592 00c5 6C6F6E67 		.ascii	"long int\000"
 1592      20696E74 
 1592      00
 1593              	.LASF89:
 1594 00ce 2F686F6D 		.ascii	"/home/felix/Documents/ChibiOS/os/kernel/src/chregis"
 1594      652F6665 
 1594      6C69782F 
 1594      446F6375 
 1594      6D656E74 
 1595 0101 7472792E 		.ascii	"try.c\000"
 1595      6300
 1596              	.LASF16:
 1597 0107 74737461 		.ascii	"tstate_t\000"
 1597      74655F74 
 1597      00
 1598              	.LASF6:
 1599 0110 75696E74 		.ascii	"uint16_t\000"
 1599      31365F74 
 1599      00
 1600              	.LASF83:
ARM GAS  /tmp/cc0nLzKv.s 			page 30


 1601 0119 63686465 		.ascii	"chdebug_t\000"
 1601      6275675F 
 1601      7400
 1602              	.LASF28:
 1603 0123 705F6E65 		.ascii	"p_newer\000"
 1603      77657200 
 1604              	.LASF52:
 1605 012b 725F6E65 		.ascii	"r_newer\000"
 1605      77657200 
 1606              	.LASF45:
 1607 0133 72656761 		.ascii	"regarm_t\000"
 1607      726D5F74 
 1607      00
 1608              	.LASF0:
 1609 013c 756E7369 		.ascii	"unsigned int\000"
 1609      676E6564 
 1609      20696E74 
 1609      00
 1610              	.LASF11:
 1611 0149 6C6F6E67 		.ascii	"long unsigned int\000"
 1611      20756E73 
 1611      69676E65 
 1611      6420696E 
 1611      7400
 1612              	.LASF87:
 1613 015b 63685F64 		.ascii	"ch_debug\000"
 1613      65627567 
 1613      00
 1614              	.LASF65:
 1615 0164 63685F69 		.ascii	"ch_identifier\000"
 1615      64656E74 
 1615      69666965 
 1615      7200
 1616              	.LASF47:
 1617 0172 636F6E74 		.ascii	"context\000"
 1617      65787400 
 1618              	.LASF7:
 1619 017a 73686F72 		.ascii	"short unsigned int\000"
 1619      7420756E 
 1619      7369676E 
 1619      65642069 
 1619      6E7400
 1620              	.LASF20:
 1621 018d 6D73675F 		.ascii	"msg_t\000"
 1621      7400
 1622              	.LASF15:
 1623 0193 746D6F64 		.ascii	"tmode_t\000"
 1623      655F7400 
 1624              	.LASF44:
 1625 019b 54687265 		.ascii	"ThreadsList\000"
 1625      6164734C 
 1625      69737400 
 1626              	.LASF21:
 1627 01a7 6576656E 		.ascii	"eventmask_t\000"
 1627      746D6173 
 1627      6B5F7400 
 1628              	.LASF56:
ARM GAS  /tmp/cc0nLzKv.s 			page 31


 1629 01b3 4D757465 		.ascii	"Mutex\000"
 1629      7800
 1630              	.LASF66:
 1631 01b9 63685F7A 		.ascii	"ch_zero\000"
 1631      65726F00 
 1632              	.LASF80:
 1633 01c1 63665F6F 		.ascii	"cf_off_refs\000"
 1633      66665F72 
 1633      65667300 
 1634              	.LASF48:
 1635 01cd 73697A65 		.ascii	"sizetype\000"
 1635      74797065 
 1635      00
 1636              	.LASF70:
 1637 01d6 63685F74 		.ascii	"ch_timesize\000"
 1637      696D6573 
 1637      697A6500 
 1638              	.LASF76:
 1639 01e2 63665F6F 		.ascii	"cf_off_name\000"
 1639      66665F6E 
 1639      616D6500 
 1640              	.LASF29:
 1641 01ee 705F6F6C 		.ascii	"p_older\000"
 1641      64657200 
 1642              	.LASF51:
 1643 01f6 725F6374 		.ascii	"r_ctx\000"
 1643      7800
 1644              	.LASF43:
 1645 01fc 54687265 		.ascii	"ThreadsQueue\000"
 1645      61647351 
 1645      75657565 
 1645      00
 1646              	.LASF67:
 1647 0209 63685F73 		.ascii	"ch_size\000"
 1647      697A6500 
 1648              	.LASF54:
 1649 0211 725F6375 		.ascii	"r_current\000"
 1649      7272656E 
 1649      7400
 1650              	.LASF53:
 1651 021b 725F6F6C 		.ascii	"r_older\000"
 1651      64657200 
 1652              	.LASF17:
 1653 0223 74726566 		.ascii	"trefs_t\000"
 1653      735F7400 
 1654              	.LASF69:
 1655 022b 63685F70 		.ascii	"ch_ptrsize\000"
 1655      74727369 
 1655      7A6500
 1656              	.LASF25:
 1657 0236 705F7072 		.ascii	"p_prev\000"
 1657      657600
 1658              	.LASF19:
 1659 023d 74707269 		.ascii	"tprio_t\000"
 1659      6F5F7400 
 1660              	.LASF14:
 1661 0245 5F426F6F 		.ascii	"_Bool\000"
ARM GAS  /tmp/cc0nLzKv.s 			page 32


 1661      6C00
 1662              	.LASF8:
 1663 024b 696E7433 		.ascii	"int32_t\000"
 1663      325F7400 
 1664              	.LASF4:
 1665 0253 756E7369 		.ascii	"unsigned char\000"
 1665      676E6564 
 1665      20636861 
 1665      7200
 1666              	.LASF40:
 1667 0261 705F6D74 		.ascii	"p_mtxlist\000"
 1667      786C6973 
 1667      7400
 1668              	.LASF5:
 1669 026b 73686F72 		.ascii	"short int\000"
 1669      7420696E 
 1669      7400
 1670              	.LASF31:
 1671 0275 705F7374 		.ascii	"p_state\000"
 1671      61746500 
 1672              	.LASF34:
 1673 027d 705F7072 		.ascii	"p_preempt\000"
 1673      65656D70 
 1673      7400
 1674              	.LASF82:
 1675 0287 63665F6F 		.ascii	"cf_off_time\000"
 1675      66665F74 
 1675      696D6500 
 1676              	.LASF50:
 1677 0293 725F7072 		.ascii	"r_prio\000"
 1677      696F00
 1678              	.LASF63:
 1679 029a 65776D61 		.ascii	"ewmask\000"
 1679      736B00
 1680              	.LASF24:
 1681 02a1 705F6E65 		.ascii	"p_next\000"
 1681      787400
 1682              	.LASF81:
 1683 02a8 63665F6F 		.ascii	"cf_off_preempt\000"
 1683      66665F70 
 1683      7265656D 
 1683      707400
 1684              	.LASF32:
 1685 02b7 705F666C 		.ascii	"p_flags\000"
 1685      61677300 
 1686              	.LASF90:
 1687 02bf 63685468 		.ascii	"chThdRelease\000"
 1687      6452656C 
 1687      65617365 
 1687      00
 1688              	.LASF23:
 1689 02cc 54687265 		.ascii	"Thread\000"
 1689      616400
 1690              	.LASF74:
 1691 02d3 63665F6F 		.ascii	"cf_off_newer\000"
 1691      66665F6E 
 1691      65776572 
ARM GAS  /tmp/cc0nLzKv.s 			page 33


 1691      00
 1692              	.LASF39:
 1693 02e0 705F6570 		.ascii	"p_epending\000"
 1693      656E6469 
 1693      6E6700
 1694              	.LASF10:
 1695 02eb 75696E74 		.ascii	"uint32_t\000"
 1695      33325F74 
 1695      00
 1696              	.LASF72:
 1697 02f4 63665F6F 		.ascii	"cf_off_prio\000"
 1697      66665F70 
 1697      72696F00 
 1698              	.LASF49:
 1699 0300 725F7175 		.ascii	"r_queue\000"
 1699      65756500 
 1700              	.LASF64:
 1701 0308 63686172 		.ascii	"char\000"
 1701      00
 1702              	.LASF85:
 1703 030d 63685265 		.ascii	"chRegNextThread\000"
 1703      674E6578 
 1703      74546872 
 1703      65616400 
 1704              	.LASF59:
 1705 031d 6D5F6E65 		.ascii	"m_next\000"
 1705      787400
 1706              	.LASF22:
 1707 0324 73797374 		.ascii	"systime_t\000"
 1707      696D655F 
 1707      7400
 1708              	.LASF41:
 1709 032e 705F7265 		.ascii	"p_realprio\000"
 1709      616C7072 
 1709      696F00
 1710              	.LASF35:
 1711 0339 705F7469 		.ascii	"p_time\000"
 1711      6D6500
 1712              	.LASF46:
 1713 0340 696E7463 		.ascii	"intctx\000"
 1713      747800
 1714              	.LASF37:
 1715 0347 705F6D73 		.ascii	"p_msgqueue\000"
 1715      67717565 
 1715      756500
 1716              	.LASF73:
 1717 0352 63665F6F 		.ascii	"cf_off_ctx\000"
 1717      66665F63 
 1717      747800
 1718              	.LASF33:
 1719 035d 705F7265 		.ascii	"p_refs\000"
 1719      667300
 1720              	.LASF55:
 1721 0364 52656164 		.ascii	"ReadyList\000"
 1721      794C6973 
 1721      7400
 1722              	.LASF86:
ARM GAS  /tmp/cc0nLzKv.s 			page 34


 1723 036e 726C6973 		.ascii	"rlist\000"
 1723      7400
 1724              	.LASF3:
 1725 0374 75696E74 		.ascii	"uint8_t\000"
 1725      385F7400 
 1726              	.LASF88:
 1727 037c 474E5520 		.ascii	"GNU C 4.7.3 20121205 (prerelease)\000"
 1727      4320342E 
 1727      372E3320 
 1727      32303132 
 1727      31323035 
 1728              	.LASF62:
 1729 039e 77746F62 		.ascii	"wtobjp\000"
 1729      6A7000
 1730              	.LASF30:
 1731 03a5 705F6E61 		.ascii	"p_name\000"
 1731      6D6500
 1732              	.LASF68:
 1733 03ac 63685F76 		.ascii	"ch_version\000"
 1733      65727369 
 1733      6F6E00
 1734              	.LASF58:
 1735 03b7 6D5F6F77 		.ascii	"m_owner\000"
 1735      6E657200 
 1736              	.LASF27:
 1737 03bf 705F6374 		.ascii	"p_ctx\000"
 1737      7800
 1738              	.LASF36:
 1739 03c5 705F7761 		.ascii	"p_waiting\000"
 1739      6974696E 
 1739      6700
 1740              		.ident	"GCC: (Linaro GCC 4.7-2012.12) 4.7.3 20121205 (prerelease)"
ARM GAS  /tmp/cc0nLzKv.s 			page 35


DEFINED SYMBOLS
                            *ABS*:0000000000000000 chregistry.c
     /tmp/cc0nLzKv.s:19     .text.chRegFirstThread:0000000000000000 $t
     /tmp/cc0nLzKv.s:25     .text.chRegFirstThread:0000000000000000 chRegFirstThread
     /tmp/cc0nLzKv.s:72     .text.chRegNextThread:0000000000000000 $t
     /tmp/cc0nLzKv.s:78     .text.chRegNextThread:0000000000000000 chRegNextThread
     /tmp/cc0nLzKv.s:135    .text.chRegNextThread:0000000000000028 $d
     /tmp/cc0nLzKv.s:144    .rodata.ch_debug:0000000000000000 ch_debug
     /tmp/cc0nLzKv.s:141    .rodata.ch_debug:0000000000000000 $d
                     .debug_frame:0000000000000010 $d
     /tmp/cc0nLzKv.s:140    .text.chRegNextThread:000000000000002c $t

UNDEFINED SYMBOLS
rlist
chThdRelease
