ARM GAS  /tmp/ccniPghw.s 			page 1


   1              		.syntax unified
   2              		.cpu cortex-m4
   3              		.fpu softvfp
   4              		.eabi_attribute 20, 1
   5              		.eabi_attribute 21, 1
   6              		.eabi_attribute 23, 3
   7              		.eabi_attribute 24, 1
   8              		.eabi_attribute 25, 1
   9              		.eabi_attribute 26, 1
  10              		.eabi_attribute 30, 2
  11              		.eabi_attribute 34, 1
  12              		.eabi_attribute 18, 4
  13              		.thumb
  14              		.file	"mmc_spi.c"
  15              		.text
  16              	.Ltext0:
  17              		.cfi_sections	.debug_frame
  18              	.Letext0:
  19              		.file 1 "/opt/tools_arm/lib/gcc/arm-none-eabi/4.7.3/../../../../arm-none-eabi/include/stdint.h"
  20              		.file 2 "/home/felix/Documents/ChibiOS/os/ports/common/ARMCMx/CMSIS/include/core_cm4.h"
  21              		.section	.debug_info,"",%progbits
  22              	.Ldebug_info0:
  23 0000 8F000000 		.4byte	0x8f
  24 0004 0200     		.2byte	0x2
  25 0006 00000000 		.4byte	.Ldebug_abbrev0
  26 000a 04       		.byte	0x4
  27 000b 01       		.uleb128 0x1
  28 000c AC000000 		.4byte	.LASF12
  29 0010 01       		.byte	0x1
  30 0011 2E000000 		.4byte	.LASF13
  31 0015 00000000 		.4byte	.Ldebug_line0
  32 0019 02       		.uleb128 0x2
  33 001a 01       		.byte	0x1
  34 001b 06       		.byte	0x6
  35 001c DB000000 		.4byte	.LASF0
  36 0020 02       		.uleb128 0x2
  37 0021 01       		.byte	0x1
  38 0022 08       		.byte	0x8
  39 0023 8A000000 		.4byte	.LASF1
  40 0027 02       		.uleb128 0x2
  41 0028 02       		.byte	0x2
  42 0029 05       		.byte	0x5
  43 002a E7000000 		.4byte	.LASF2
  44 002e 02       		.uleb128 0x2
  45 002f 02       		.byte	0x2
  46 0030 07       		.byte	0x7
  47 0031 0E000000 		.4byte	.LASF3
  48 0035 03       		.uleb128 0x3
  49 0036 04       		.byte	0x4
  50 0037 05       		.byte	0x5
  51 0038 696E7400 		.ascii	"int\000"
  52 003c 02       		.uleb128 0x2
  53 003d 04       		.byte	0x4
  54 003e 07       		.byte	0x7
  55 003f 21000000 		.4byte	.LASF4
  56 0043 02       		.uleb128 0x2
  57 0044 08       		.byte	0x8
ARM GAS  /tmp/ccniPghw.s 			page 2


  58 0045 05       		.byte	0x5
  59 0046 00000000 		.4byte	.LASF5
  60 004a 02       		.uleb128 0x2
  61 004b 08       		.byte	0x8
  62 004c 07       		.byte	0x7
  63 004d 73000000 		.4byte	.LASF6
  64 0051 02       		.uleb128 0x2
  65 0052 04       		.byte	0x4
  66 0053 05       		.byte	0x5
  67 0054 9D000000 		.4byte	.LASF7
  68 0058 02       		.uleb128 0x2
  69 0059 04       		.byte	0x4
  70 005a 07       		.byte	0x7
  71 005b F9000000 		.4byte	.LASF8
  72 005f 02       		.uleb128 0x2
  73 0060 04       		.byte	0x4
  74 0061 07       		.byte	0x7
  75 0062 61000000 		.4byte	.LASF9
  76 0066 02       		.uleb128 0x2
  77 0067 01       		.byte	0x1
  78 0068 08       		.byte	0x8
  79 0069 98000000 		.4byte	.LASF10
  80 006d 04       		.uleb128 0x4
  81 006e F1000000 		.4byte	.LASF14
  82 0072 01       		.byte	0x1
  83 0073 4F       		.byte	0x4f
  84 0074 51000000 		.4byte	0x51
  85 0078 02       		.uleb128 0x2
  86 0079 01       		.byte	0x1
  87 007a 02       		.byte	0x2
  88 007b A6000000 		.4byte	.LASF11
  89 007f 05       		.uleb128 0x5
  90 0080 6D000000 		.4byte	0x6d
  91 0084 06       		.uleb128 0x6
  92 0085 CE000000 		.4byte	.LASF15
  93 0089 02       		.byte	0x2
  94 008a 9806     		.2byte	0x698
  95 008c 7F000000 		.4byte	0x7f
  96 0090 01       		.byte	0x1
  97 0091 01       		.byte	0x1
  98 0092 00       		.byte	0
  99              		.section	.debug_abbrev,"",%progbits
 100              	.Ldebug_abbrev0:
 101 0000 01       		.uleb128 0x1
 102 0001 11       		.uleb128 0x11
 103 0002 01       		.byte	0x1
 104 0003 25       		.uleb128 0x25
 105 0004 0E       		.uleb128 0xe
 106 0005 13       		.uleb128 0x13
 107 0006 0B       		.uleb128 0xb
 108 0007 03       		.uleb128 0x3
 109 0008 0E       		.uleb128 0xe
 110 0009 10       		.uleb128 0x10
 111 000a 06       		.uleb128 0x6
 112 000b 00       		.byte	0
 113 000c 00       		.byte	0
 114 000d 02       		.uleb128 0x2
ARM GAS  /tmp/ccniPghw.s 			page 3


 115 000e 24       		.uleb128 0x24
 116 000f 00       		.byte	0
 117 0010 0B       		.uleb128 0xb
 118 0011 0B       		.uleb128 0xb
 119 0012 3E       		.uleb128 0x3e
 120 0013 0B       		.uleb128 0xb
 121 0014 03       		.uleb128 0x3
 122 0015 0E       		.uleb128 0xe
 123 0016 00       		.byte	0
 124 0017 00       		.byte	0
 125 0018 03       		.uleb128 0x3
 126 0019 24       		.uleb128 0x24
 127 001a 00       		.byte	0
 128 001b 0B       		.uleb128 0xb
 129 001c 0B       		.uleb128 0xb
 130 001d 3E       		.uleb128 0x3e
 131 001e 0B       		.uleb128 0xb
 132 001f 03       		.uleb128 0x3
 133 0020 08       		.uleb128 0x8
 134 0021 00       		.byte	0
 135 0022 00       		.byte	0
 136 0023 04       		.uleb128 0x4
 137 0024 16       		.uleb128 0x16
 138 0025 00       		.byte	0
 139 0026 03       		.uleb128 0x3
 140 0027 0E       		.uleb128 0xe
 141 0028 3A       		.uleb128 0x3a
 142 0029 0B       		.uleb128 0xb
 143 002a 3B       		.uleb128 0x3b
 144 002b 0B       		.uleb128 0xb
 145 002c 49       		.uleb128 0x49
 146 002d 13       		.uleb128 0x13
 147 002e 00       		.byte	0
 148 002f 00       		.byte	0
 149 0030 05       		.uleb128 0x5
 150 0031 35       		.uleb128 0x35
 151 0032 00       		.byte	0
 152 0033 49       		.uleb128 0x49
 153 0034 13       		.uleb128 0x13
 154 0035 00       		.byte	0
 155 0036 00       		.byte	0
 156 0037 06       		.uleb128 0x6
 157 0038 34       		.uleb128 0x34
 158 0039 00       		.byte	0
 159 003a 03       		.uleb128 0x3
 160 003b 0E       		.uleb128 0xe
 161 003c 3A       		.uleb128 0x3a
 162 003d 0B       		.uleb128 0xb
 163 003e 3B       		.uleb128 0x3b
 164 003f 05       		.uleb128 0x5
 165 0040 49       		.uleb128 0x49
 166 0041 13       		.uleb128 0x13
 167 0042 3F       		.uleb128 0x3f
 168 0043 0C       		.uleb128 0xc
 169 0044 3C       		.uleb128 0x3c
 170 0045 0C       		.uleb128 0xc
 171 0046 00       		.byte	0
ARM GAS  /tmp/ccniPghw.s 			page 4


 172 0047 00       		.byte	0
 173 0048 00       		.byte	0
 174              		.section	.debug_aranges,"",%progbits
 175 0000 14000000 		.4byte	0x14
 176 0004 0200     		.2byte	0x2
 177 0006 00000000 		.4byte	.Ldebug_info0
 178 000a 04       		.byte	0x4
 179 000b 00       		.byte	0
 180 000c 0000     		.2byte	0
 181 000e 0000     		.2byte	0
 182 0010 00000000 		.4byte	0
 183 0014 00000000 		.4byte	0
 184              		.section	.debug_line,"",%progbits
 185              	.Ldebug_line0:
 186 0000 C3000000 		.section	.debug_str,"MS",%progbits,1
 186      0200BD00 
 186      00000201 
 186      FB0E0D00 
 186      01010101 
 187              	.LASF5:
 188 0000 6C6F6E67 		.ascii	"long long int\000"
 188      206C6F6E 
 188      6720696E 
 188      7400
 189              	.LASF3:
 190 000e 73686F72 		.ascii	"short unsigned int\000"
 190      7420756E 
 190      7369676E 
 190      65642069 
 190      6E7400
 191              	.LASF4:
 192 0021 756E7369 		.ascii	"unsigned int\000"
 192      676E6564 
 192      20696E74 
 192      00
 193              	.LASF13:
 194 002e 2F686F6D 		.ascii	"/home/felix/Documents/ChibiOS/os/hal/src/mmc_spi.c\000"
 194      652F6665 
 194      6C69782F 
 194      446F6375 
 194      6D656E74 
 195              	.LASF9:
 196 0061 6C6F6E67 		.ascii	"long unsigned int\000"
 196      20756E73 
 196      69676E65 
 196      6420696E 
 196      7400
 197              	.LASF6:
 198 0073 6C6F6E67 		.ascii	"long long unsigned int\000"
 198      206C6F6E 
 198      6720756E 
 198      7369676E 
 198      65642069 
 199              	.LASF1:
 200 008a 756E7369 		.ascii	"unsigned char\000"
 200      676E6564 
 200      20636861 
ARM GAS  /tmp/ccniPghw.s 			page 5


 200      7200
 201              	.LASF10:
 202 0098 63686172 		.ascii	"char\000"
 202      00
 203              	.LASF7:
 204 009d 6C6F6E67 		.ascii	"long int\000"
 204      20696E74 
 204      00
 205              	.LASF11:
 206 00a6 5F426F6F 		.ascii	"_Bool\000"
 206      6C00
 207              	.LASF12:
 208 00ac 474E5520 		.ascii	"GNU C 4.7.3 20121205 (prerelease)\000"
 208      4320342E 
 208      372E3320 
 208      32303132 
 208      31323035 
 209              	.LASF15:
 210 00ce 49544D5F 		.ascii	"ITM_RxBuffer\000"
 210      52784275 
 210      66666572 
 210      00
 211              	.LASF0:
 212 00db 7369676E 		.ascii	"signed char\000"
 212      65642063 
 212      68617200 
 213              	.LASF2:
 214 00e7 73686F72 		.ascii	"short int\000"
 214      7420696E 
 214      7400
 215              	.LASF14:
 216 00f1 696E7433 		.ascii	"int32_t\000"
 216      325F7400 
 217              	.LASF8:
 218 00f9 73697A65 		.ascii	"sizetype\000"
 218      74797065 
 218      00
 219              		.ident	"GCC: (Linaro GCC 4.7-2012.12) 4.7.3 20121205 (prerelease)"
ARM GAS  /tmp/ccniPghw.s 			page 6


DEFINED SYMBOLS
                            *ABS*:0000000000000000 mmc_spi.c

NO UNDEFINED SYMBOLS
