ARM GAS  /tmp/ccqocqeD.s 			page 1


   1              		.syntax unified
   2              		.cpu cortex-m4
   3              		.fpu softvfp
   4              		.eabi_attribute 20, 1
   5              		.eabi_attribute 21, 1
   6              		.eabi_attribute 23, 3
   7              		.eabi_attribute 24, 1
   8              		.eabi_attribute 25, 1
   9              		.eabi_attribute 26, 1
  10              		.eabi_attribute 30, 2
  11              		.eabi_attribute 34, 1
  12              		.eabi_attribute 18, 4
  13              		.thumb
  14              		.file	"pwm.c"
  15              		.text
  16              	.Ltext0:
  17              		.cfi_sections	.debug_frame
  18              		.section	.text.pwmInit,"ax",%progbits
  19              		.align	2
  20              		.p2align 4,,15
  21              		.global	pwmInit
  22              		.thumb
  23              		.thumb_func
  24              		.type	pwmInit, %function
  25              	pwmInit:
  26              	.LFB118:
  27              		.file 1 "/home/felix/Documents/ChibiOS/os/hal/src/pwm.c"
  28              		.loc 1 68 0
  29              		.cfi_startproc
  30              		@ args = 0, pretend = 0, frame = 0
  31              		@ frame_needed = 0, uses_anonymous_args = 0
  32              		@ link register save eliminated.
  33              		.loc 1 71 0
  34              		.loc 1 70 0
  35 0000 FFF7FEBF 		b	pwm_lld_init
  36              	.LVL0:
  37              		.cfi_endproc
  38              	.LFE118:
  39              		.size	pwmInit, .-pwmInit
  40 0004 AFF30080 		.section	.text.pwmObjectInit,"ax",%progbits
  40      AFF30080 
  40      AFF30080 
  41              		.align	2
  42              		.p2align 4,,15
  43              		.global	pwmObjectInit
  44              		.thumb
  45              		.thumb_func
  46              		.type	pwmObjectInit, %function
  47              	pwmObjectInit:
  48              	.LFB119:
  49              		.loc 1 80 0
  50              		.cfi_startproc
  51              		@ args = 0, pretend = 0, frame = 0
  52              		@ frame_needed = 0, uses_anonymous_args = 0
  53              		@ link register save eliminated.
  54              	.LVL1:
  55              		.loc 1 82 0
ARM GAS  /tmp/ccqocqeD.s 			page 2


  56 0000 0122     		movs	r2, #1
  57              		.loc 1 83 0
  58 0002 0023     		movs	r3, #0
  59              		.loc 1 82 0
  60 0004 0270     		strb	r2, [r0, #0]
  61              		.loc 1 83 0
  62 0006 4360     		str	r3, [r0, #4]
  63 0008 7047     		bx	lr
  64              		.cfi_endproc
  65              	.LFE119:
  66              		.size	pwmObjectInit, .-pwmObjectInit
  67 000a 00BFAFF3 		.section	.text.pwmStart,"ax",%progbits
  67      0080
  68              		.align	2
  69              		.p2align 4,,15
  70              		.global	pwmStart
  71              		.thumb
  72              		.thumb_func
  73              		.type	pwmStart, %function
  74              	pwmStart:
  75              	.LFB120:
  76              		.loc 1 99 0
  77              		.cfi_startproc
  78              		@ args = 0, pretend = 0, frame = 0
  79              		@ frame_needed = 0, uses_anonymous_args = 0
  80              	.LVL2:
  81 0000 10B5     		push	{r4, lr}
  82              	.LCFI0:
  83              		.cfi_def_cfa_offset 8
  84              		.cfi_offset 4, -8
  85              		.cfi_offset 14, -4
  86              	.LBB2:
  87              		.loc 1 103 0
  88 0002 2023     		movs	r3, #32
  89              	.LVL3:
  90              	.LBE2:
  91              		.loc 1 99 0
  92 0004 0446     		mov	r4, r0
  93              	.LBB3:
  94              		.loc 1 103 0
  95              	@ 103 "/home/felix/Documents/ChibiOS/os/hal/src/pwm.c" 1
  96 0006 83F31188 		msr     BASEPRI, r3
  97              	@ 0 "" 2
  98              	.LVL4:
  99              		.thumb
 100              	.LBE3:
 101              		.loc 1 107 0
 102 000a 8B88     		ldrh	r3, [r1, #4]
 103              	.LVL5:
 104              		.loc 1 106 0
 105 000c 4160     		str	r1, [r0, #4]
 106              		.loc 1 107 0
 107 000e 0381     		strh	r3, [r0, #8]	@ movhi
 108              		.loc 1 108 0
 109 0010 FFF7FEFF 		bl	pwm_lld_start
 110              	.LVL6:
 111              		.loc 1 109 0
ARM GAS  /tmp/ccqocqeD.s 			page 3


 112 0014 0223     		movs	r3, #2
 113 0016 2370     		strb	r3, [r4, #0]
 114              	.LBB4:
 115              		.loc 1 110 0
 116 0018 0023     		movs	r3, #0
 117              	.LVL7:
 118              	@ 110 "/home/felix/Documents/ChibiOS/os/hal/src/pwm.c" 1
 119 001a 83F31188 		msr     BASEPRI, r3
 120              	@ 0 "" 2
 121              	.LVL8:
 122              		.thumb
 123 001e 10BD     		pop	{r4, pc}
 124              	.LBE4:
 125              		.cfi_endproc
 126              	.LFE120:
 127              		.size	pwmStart, .-pwmStart
 128              		.section	.text.pwmStop,"ax",%progbits
 129              		.align	2
 130              		.p2align 4,,15
 131              		.global	pwmStop
 132              		.thumb
 133              		.thumb_func
 134              		.type	pwmStop, %function
 135              	pwmStop:
 136              	.LFB121:
 137              		.loc 1 120 0
 138              		.cfi_startproc
 139              		@ args = 0, pretend = 0, frame = 0
 140              		@ frame_needed = 0, uses_anonymous_args = 0
 141              	.LVL9:
 142 0000 10B5     		push	{r4, lr}
 143              	.LCFI1:
 144              		.cfi_def_cfa_offset 8
 145              		.cfi_offset 4, -8
 146              		.cfi_offset 14, -4
 147              	.LBB5:
 148              		.loc 1 124 0
 149 0002 2023     		movs	r3, #32
 150              	.LVL10:
 151              	.LBE5:
 152              		.loc 1 120 0
 153 0004 0446     		mov	r4, r0
 154              	.LBB6:
 155              		.loc 1 124 0
 156              	@ 124 "/home/felix/Documents/ChibiOS/os/hal/src/pwm.c" 1
 157 0006 83F31188 		msr     BASEPRI, r3
 158              	@ 0 "" 2
 159              	.LVL11:
 160              		.thumb
 161              	.LBE6:
 162              		.loc 1 127 0
 163 000a FFF7FEFF 		bl	pwm_lld_stop
 164              	.LVL12:
 165              		.loc 1 128 0
 166 000e 0123     		movs	r3, #1
 167 0010 2370     		strb	r3, [r4, #0]
 168              	.LBB7:
ARM GAS  /tmp/ccqocqeD.s 			page 4


 169              		.loc 1 129 0
 170 0012 0023     		movs	r3, #0
 171              	.LVL13:
 172              	@ 129 "/home/felix/Documents/ChibiOS/os/hal/src/pwm.c" 1
 173 0014 83F31188 		msr     BASEPRI, r3
 174              	@ 0 "" 2
 175              	.LVL14:
 176              		.thumb
 177 0018 10BD     		pop	{r4, pc}
 178              	.LBE7:
 179              		.cfi_endproc
 180              	.LFE121:
 181              		.size	pwmStop, .-pwmStop
 182 001a 00BFAFF3 		.section	.text.pwmChangePeriod,"ax",%progbits
 182      0080
 183              		.align	2
 184              		.p2align 4,,15
 185              		.global	pwmChangePeriod
 186              		.thumb
 187              		.thumb_func
 188              		.type	pwmChangePeriod, %function
 189              	pwmChangePeriod:
 190              	.LFB122:
 191              		.loc 1 147 0
 192              		.cfi_startproc
 193              		@ args = 0, pretend = 0, frame = 0
 194              		@ frame_needed = 0, uses_anonymous_args = 0
 195              		@ link register save eliminated.
 196              	.LVL15:
 197              	.LBB8:
 198              		.loc 1 151 0
 199 0000 2023     		movs	r3, #32
 200              	.LVL16:
 201              	@ 151 "/home/felix/Documents/ChibiOS/os/hal/src/pwm.c" 1
 202 0002 83F31188 		msr     BASEPRI, r3
 203              	@ 0 "" 2
 204              	.LVL17:
 205              		.thumb
 206              	.LBE8:
 207              		.loc 1 154 0
 208 0006 0369     		ldr	r3, [r0, #16]
 209              	.LVL18:
 210 0008 0181     		strh	r1, [r0, #8]	@ movhi
 211 000a 4A1E     		subs	r2, r1, #1
 212 000c 92B2     		uxth	r2, r2
 213 000e DA62     		str	r2, [r3, #44]
 214              	.LBB9:
 215              		.loc 1 155 0
 216 0010 0023     		movs	r3, #0
 217              	.LVL19:
 218              	@ 155 "/home/felix/Documents/ChibiOS/os/hal/src/pwm.c" 1
 219 0012 83F31188 		msr     BASEPRI, r3
 220              	@ 0 "" 2
 221              	.LVL20:
 222              		.thumb
 223 0016 7047     		bx	lr
 224              	.LBE9:
ARM GAS  /tmp/ccqocqeD.s 			page 5


 225              		.cfi_endproc
 226              	.LFE122:
 227              		.size	pwmChangePeriod, .-pwmChangePeriod
 228 0018 AFF30080 		.section	.text.pwmEnableChannel,"ax",%progbits
 228      AFF30080 
 229              		.align	2
 230              		.p2align 4,,15
 231              		.global	pwmEnableChannel
 232              		.thumb
 233              		.thumb_func
 234              		.type	pwmEnableChannel, %function
 235              	pwmEnableChannel:
 236              	.LFB123:
 237              		.loc 1 174 0
 238              		.cfi_startproc
 239              		@ args = 0, pretend = 0, frame = 0
 240              		@ frame_needed = 0, uses_anonymous_args = 0
 241              	.LVL21:
 242 0000 08B5     		push	{r3, lr}
 243              	.LCFI2:
 244              		.cfi_def_cfa_offset 8
 245              		.cfi_offset 3, -8
 246              		.cfi_offset 14, -4
 247              	.LBB10:
 248              		.loc 1 179 0
 249 0002 2023     		movs	r3, #32
 250              	.LVL22:
 251              	@ 179 "/home/felix/Documents/ChibiOS/os/hal/src/pwm.c" 1
 252 0004 83F31188 		msr     BASEPRI, r3
 253              	@ 0 "" 2
 254              	.LVL23:
 255              		.thumb
 256              	.LBE10:
 257              		.loc 1 182 0
 258 0008 FFF7FEFF 		bl	pwm_lld_enable_channel
 259              	.LVL24:
 260              	.LBB11:
 261              		.loc 1 183 0
 262 000c 0023     		movs	r3, #0
 263              	.LVL25:
 264              	@ 183 "/home/felix/Documents/ChibiOS/os/hal/src/pwm.c" 1
 265 000e 83F31188 		msr     BASEPRI, r3
 266              	@ 0 "" 2
 267              	.LVL26:
 268              		.thumb
 269 0012 08BD     		pop	{r3, pc}
 270              	.LBE11:
 271              		.cfi_endproc
 272              	.LFE123:
 273              		.size	pwmEnableChannel, .-pwmEnableChannel
 274 0014 AFF30080 		.section	.text.pwmDisableChannel,"ax",%progbits
 274      AFF30080 
 274      AFF30080 
 275              		.align	2
 276              		.p2align 4,,15
 277              		.global	pwmDisableChannel
 278              		.thumb
ARM GAS  /tmp/ccqocqeD.s 			page 6


 279              		.thumb_func
 280              		.type	pwmDisableChannel, %function
 281              	pwmDisableChannel:
 282              	.LFB124:
 283              		.loc 1 200 0
 284              		.cfi_startproc
 285              		@ args = 0, pretend = 0, frame = 0
 286              		@ frame_needed = 0, uses_anonymous_args = 0
 287              	.LVL27:
 288 0000 08B5     		push	{r3, lr}
 289              	.LCFI3:
 290              		.cfi_def_cfa_offset 8
 291              		.cfi_offset 3, -8
 292              		.cfi_offset 14, -4
 293              	.LBB12:
 294              		.loc 1 205 0
 295 0002 2023     		movs	r3, #32
 296              	.LVL28:
 297              	@ 205 "/home/felix/Documents/ChibiOS/os/hal/src/pwm.c" 1
 298 0004 83F31188 		msr     BASEPRI, r3
 299              	@ 0 "" 2
 300              	.LVL29:
 301              		.thumb
 302              	.LBE12:
 303              		.loc 1 208 0
 304 0008 FFF7FEFF 		bl	pwm_lld_disable_channel
 305              	.LVL30:
 306              	.LBB13:
 307              		.loc 1 209 0
 308 000c 0023     		movs	r3, #0
 309              	.LVL31:
 310              	@ 209 "/home/felix/Documents/ChibiOS/os/hal/src/pwm.c" 1
 311 000e 83F31188 		msr     BASEPRI, r3
 312              	@ 0 "" 2
 313              	.LVL32:
 314              		.thumb
 315 0012 08BD     		pop	{r3, pc}
 316              	.LBE13:
 317              		.cfi_endproc
 318              	.LFE124:
 319              		.size	pwmDisableChannel, .-pwmDisableChannel
 320 0014 AFF30080 		.text
 320      AFF30080 
 320      AFF30080 
 321              	.Letext0:
 322              		.file 2 "/opt/tools_arm/lib/gcc/arm-none-eabi/4.7.3/../../../../arm-none-eabi/include/stdint.h"
 323              		.file 3 "/home/felix/Documents/ChibiOS/os/hal/platforms/STM32/stm32.h"
 324              		.file 4 "/home/felix/Documents/ChibiOS/os/hal/include/pwm.h"
 325              		.file 5 "/home/felix/Documents/ChibiOS/os/hal/platforms/STM32/pwm_lld.h"
 326              		.file 6 "/home/felix/Documents/ChibiOS/os/ports/common/ARMCMx/CMSIS/include/core_cm4.h"
 327              		.section	.debug_info,"",%progbits
 328              	.Ldebug_info0:
 329 0000 67070000 		.4byte	0x767
 330 0004 0200     		.2byte	0x2
 331 0006 00000000 		.4byte	.Ldebug_abbrev0
 332 000a 04       		.byte	0x4
 333 000b 01       		.uleb128 0x1
ARM GAS  /tmp/ccqocqeD.s 			page 7


 334 000c 0E030000 		.4byte	.LASF71
 335 0010 01       		.byte	0x1
 336 0011 A7020000 		.4byte	.LASF72
 337 0015 30000000 		.4byte	.Ldebug_ranges0+0x30
 338 0019 00000000 		.4byte	0
 339 001d 00000000 		.4byte	0
 340 0021 00000000 		.4byte	.Ldebug_line0
 341 0025 02       		.uleb128 0x2
 342 0026 04       		.byte	0x4
 343 0027 05       		.byte	0x5
 344 0028 696E7400 		.ascii	"int\000"
 345 002c 03       		.uleb128 0x3
 346 002d 04       		.byte	0x4
 347 002e 07       		.byte	0x7
 348 002f AB010000 		.4byte	.LASF0
 349 0033 03       		.uleb128 0x3
 350 0034 01       		.byte	0x1
 351 0035 06       		.byte	0x6
 352 0036 7F010000 		.4byte	.LASF1
 353 003a 04       		.uleb128 0x4
 354 003b 8F000000 		.4byte	.LASF4
 355 003f 02       		.byte	0x2
 356 0040 2A       		.byte	0x2a
 357 0041 45000000 		.4byte	0x45
 358 0045 03       		.uleb128 0x3
 359 0046 01       		.byte	0x1
 360 0047 08       		.byte	0x8
 361 0048 48010000 		.4byte	.LASF2
 362 004c 03       		.uleb128 0x3
 363 004d 02       		.byte	0x2
 364 004e 05       		.byte	0x5
 365 004f 23000000 		.4byte	.LASF3
 366 0053 04       		.uleb128 0x4
 367 0054 B8010000 		.4byte	.LASF5
 368 0058 02       		.byte	0x2
 369 0059 36       		.byte	0x36
 370 005a 5E000000 		.4byte	0x5e
 371 005e 03       		.uleb128 0x3
 372 005f 02       		.byte	0x2
 373 0060 07       		.byte	0x7
 374 0061 EF010000 		.4byte	.LASF6
 375 0065 04       		.uleb128 0x4
 376 0066 2A020000 		.4byte	.LASF7
 377 006a 02       		.byte	0x2
 378 006b 4F       		.byte	0x4f
 379 006c 70000000 		.4byte	0x70
 380 0070 03       		.uleb128 0x3
 381 0071 04       		.byte	0x4
 382 0072 05       		.byte	0x5
 383 0073 FD000000 		.4byte	.LASF8
 384 0077 04       		.uleb128 0x4
 385 0078 A2010000 		.4byte	.LASF9
 386 007c 02       		.byte	0x2
 387 007d 50       		.byte	0x50
 388 007e 82000000 		.4byte	0x82
 389 0082 03       		.uleb128 0x3
 390 0083 04       		.byte	0x4
ARM GAS  /tmp/ccqocqeD.s 			page 8


 391 0084 07       		.byte	0x7
 392 0085 50020000 		.4byte	.LASF10
 393 0089 03       		.uleb128 0x3
 394 008a 08       		.byte	0x8
 395 008b 05       		.byte	0x5
 396 008c EF000000 		.4byte	.LASF11
 397 0090 03       		.uleb128 0x3
 398 0091 08       		.byte	0x8
 399 0092 07       		.byte	0x7
 400 0093 8B010000 		.4byte	.LASF12
 401 0097 03       		.uleb128 0x3
 402 0098 01       		.byte	0x1
 403 0099 02       		.byte	0x2
 404 009a 32020000 		.4byte	.LASF13
 405 009e 05       		.uleb128 0x5
 406 009f 77000000 		.4byte	0x77
 407 00a3 03       		.uleb128 0x3
 408 00a4 04       		.byte	0x4
 409 00a5 07       		.byte	0x7
 410 00a6 36000000 		.4byte	.LASF14
 411 00aa 03       		.uleb128 0x3
 412 00ab 01       		.byte	0x1
 413 00ac 08       		.byte	0x8
 414 00ad 0F020000 		.4byte	.LASF15
 415 00b1 06       		.uleb128 0x6
 416 00b2 77000000 		.4byte	0x77
 417 00b6 C1000000 		.4byte	0xc1
 418 00ba 07       		.uleb128 0x7
 419 00bb A3000000 		.4byte	0xa3
 420 00bf 03       		.byte	0x3
 421 00c0 00       		.byte	0
 422 00c1 05       		.uleb128 0x5
 423 00c2 53000000 		.4byte	0x53
 424 00c6 05       		.uleb128 0x5
 425 00c7 65000000 		.4byte	0x65
 426 00cb 08       		.uleb128 0x8
 427 00cc 54       		.byte	0x54
 428 00cd 03       		.byte	0x3
 429 00ce 60       		.byte	0x60
 430 00cf A0020000 		.4byte	0x2a0
 431 00d3 09       		.uleb128 0x9
 432 00d4 43523100 		.ascii	"CR1\000"
 433 00d8 03       		.byte	0x3
 434 00d9 61       		.byte	0x61
 435 00da C1000000 		.4byte	0xc1
 436 00de 02       		.byte	0x2
 437 00df 23       		.byte	0x23
 438 00e0 00       		.uleb128 0
 439 00e1 0A       		.uleb128 0xa
 440 00e2 87000000 		.4byte	.LASF16
 441 00e6 03       		.byte	0x3
 442 00e7 62       		.byte	0x62
 443 00e8 53000000 		.4byte	0x53
 444 00ec 02       		.byte	0x2
 445 00ed 23       		.byte	0x23
 446 00ee 02       		.uleb128 0x2
 447 00ef 09       		.uleb128 0x9
ARM GAS  /tmp/ccqocqeD.s 			page 9


 448 00f0 43523200 		.ascii	"CR2\000"
 449 00f4 03       		.byte	0x3
 450 00f5 63       		.byte	0x63
 451 00f6 C1000000 		.4byte	0xc1
 452 00fa 02       		.byte	0x2
 453 00fb 23       		.byte	0x23
 454 00fc 04       		.uleb128 0x4
 455 00fd 0A       		.uleb128 0xa
 456 00fe ED020000 		.4byte	.LASF17
 457 0102 03       		.byte	0x3
 458 0103 64       		.byte	0x64
 459 0104 53000000 		.4byte	0x53
 460 0108 02       		.byte	0x2
 461 0109 23       		.byte	0x23
 462 010a 06       		.uleb128 0x6
 463 010b 0A       		.uleb128 0xa
 464 010c 38010000 		.4byte	.LASF18
 465 0110 03       		.byte	0x3
 466 0111 65       		.byte	0x65
 467 0112 C1000000 		.4byte	0xc1
 468 0116 02       		.byte	0x2
 469 0117 23       		.byte	0x23
 470 0118 08       		.uleb128 0x8
 471 0119 0A       		.uleb128 0xa
 472 011a 97000000 		.4byte	.LASF19
 473 011e 03       		.byte	0x3
 474 011f 66       		.byte	0x66
 475 0120 53000000 		.4byte	0x53
 476 0124 02       		.byte	0x2
 477 0125 23       		.byte	0x23
 478 0126 0A       		.uleb128 0xa
 479 0127 0A       		.uleb128 0xa
 480 0128 C6010000 		.4byte	.LASF20
 481 012c 03       		.byte	0x3
 482 012d 67       		.byte	0x67
 483 012e C1000000 		.4byte	0xc1
 484 0132 02       		.byte	0x2
 485 0133 23       		.byte	0x23
 486 0134 0C       		.uleb128 0xc
 487 0135 0A       		.uleb128 0xa
 488 0136 9F000000 		.4byte	.LASF21
 489 013a 03       		.byte	0x3
 490 013b 68       		.byte	0x68
 491 013c 53000000 		.4byte	0x53
 492 0140 02       		.byte	0x2
 493 0141 23       		.byte	0x23
 494 0142 0E       		.uleb128 0xe
 495 0143 09       		.uleb128 0x9
 496 0144 535200   		.ascii	"SR\000"
 497 0147 03       		.byte	0x3
 498 0148 69       		.byte	0x69
 499 0149 C1000000 		.4byte	0xc1
 500 014d 02       		.byte	0x2
 501 014e 23       		.byte	0x23
 502 014f 10       		.uleb128 0x10
 503 0150 0A       		.uleb128 0xa
 504 0151 30030000 		.4byte	.LASF22
ARM GAS  /tmp/ccqocqeD.s 			page 10


 505 0155 03       		.byte	0x3
 506 0156 6A       		.byte	0x6a
 507 0157 53000000 		.4byte	0x53
 508 015b 02       		.byte	0x2
 509 015c 23       		.byte	0x23
 510 015d 12       		.uleb128 0x12
 511 015e 09       		.uleb128 0x9
 512 015f 45475200 		.ascii	"EGR\000"
 513 0163 03       		.byte	0x3
 514 0164 6B       		.byte	0x6b
 515 0165 C1000000 		.4byte	0xc1
 516 0169 02       		.byte	0x2
 517 016a 23       		.byte	0x23
 518 016b 14       		.uleb128 0x14
 519 016c 0A       		.uleb128 0xa
 520 016d B8000000 		.4byte	.LASF23
 521 0171 03       		.byte	0x3
 522 0172 6C       		.byte	0x6c
 523 0173 53000000 		.4byte	0x53
 524 0177 02       		.byte	0x2
 525 0178 23       		.byte	0x23
 526 0179 16       		.uleb128 0x16
 527 017a 0A       		.uleb128 0xa
 528 017b 15010000 		.4byte	.LASF24
 529 017f 03       		.byte	0x3
 530 0180 6D       		.byte	0x6d
 531 0181 C1000000 		.4byte	0xc1
 532 0185 02       		.byte	0x2
 533 0186 23       		.byte	0x23
 534 0187 18       		.uleb128 0x18
 535 0188 0A       		.uleb128 0xa
 536 0189 C0000000 		.4byte	.LASF25
 537 018d 03       		.byte	0x3
 538 018e 6E       		.byte	0x6e
 539 018f 53000000 		.4byte	0x53
 540 0193 02       		.byte	0x2
 541 0194 23       		.byte	0x23
 542 0195 1A       		.uleb128 0x1a
 543 0196 0A       		.uleb128 0xa
 544 0197 1D000000 		.4byte	.LASF26
 545 019b 03       		.byte	0x3
 546 019c 6F       		.byte	0x6f
 547 019d C1000000 		.4byte	0xc1
 548 01a1 02       		.byte	0x2
 549 01a2 23       		.byte	0x23
 550 01a3 1C       		.uleb128 0x1c
 551 01a4 0A       		.uleb128 0xa
 552 01a5 C8000000 		.4byte	.LASF27
 553 01a9 03       		.byte	0x3
 554 01aa 70       		.byte	0x70
 555 01ab 53000000 		.4byte	0x53
 556 01af 02       		.byte	0x2
 557 01b0 23       		.byte	0x23
 558 01b1 1E       		.uleb128 0x1e
 559 01b2 0A       		.uleb128 0xa
 560 01b3 00000000 		.4byte	.LASF28
 561 01b7 03       		.byte	0x3
ARM GAS  /tmp/ccqocqeD.s 			page 11


 562 01b8 71       		.byte	0x71
 563 01b9 C1000000 		.4byte	0xc1
 564 01bd 02       		.byte	0x2
 565 01be 23       		.byte	0x23
 566 01bf 20       		.uleb128 0x20
 567 01c0 0A       		.uleb128 0xa
 568 01c1 D0000000 		.4byte	.LASF29
 569 01c5 03       		.byte	0x3
 570 01c6 72       		.byte	0x72
 571 01c7 53000000 		.4byte	0x53
 572 01cb 02       		.byte	0x2
 573 01cc 23       		.byte	0x23
 574 01cd 22       		.uleb128 0x22
 575 01ce 09       		.uleb128 0x9
 576 01cf 434E5400 		.ascii	"CNT\000"
 577 01d3 03       		.byte	0x3
 578 01d4 73       		.byte	0x73
 579 01d5 9E000000 		.4byte	0x9e
 580 01d9 02       		.byte	0x2
 581 01da 23       		.byte	0x23
 582 01db 24       		.uleb128 0x24
 583 01dc 09       		.uleb128 0x9
 584 01dd 50534300 		.ascii	"PSC\000"
 585 01e1 03       		.byte	0x3
 586 01e2 74       		.byte	0x74
 587 01e3 C1000000 		.4byte	0xc1
 588 01e7 02       		.byte	0x2
 589 01e8 23       		.byte	0x23
 590 01e9 28       		.uleb128 0x28
 591 01ea 0A       		.uleb128 0xa
 592 01eb D8000000 		.4byte	.LASF30
 593 01ef 03       		.byte	0x3
 594 01f0 75       		.byte	0x75
 595 01f1 53000000 		.4byte	0x53
 596 01f5 02       		.byte	0x2
 597 01f6 23       		.byte	0x23
 598 01f7 2A       		.uleb128 0x2a
 599 01f8 09       		.uleb128 0x9
 600 01f9 41525200 		.ascii	"ARR\000"
 601 01fd 03       		.byte	0x3
 602 01fe 76       		.byte	0x76
 603 01ff 9E000000 		.4byte	0x9e
 604 0203 02       		.byte	0x2
 605 0204 23       		.byte	0x23
 606 0205 2C       		.uleb128 0x2c
 607 0206 09       		.uleb128 0x9
 608 0207 52435200 		.ascii	"RCR\000"
 609 020b 03       		.byte	0x3
 610 020c 77       		.byte	0x77
 611 020d C1000000 		.4byte	0xc1
 612 0211 02       		.byte	0x2
 613 0212 23       		.byte	0x23
 614 0213 30       		.uleb128 0x30
 615 0214 0A       		.uleb128 0xa
 616 0215 68020000 		.4byte	.LASF31
 617 0219 03       		.byte	0x3
 618 021a 78       		.byte	0x78
ARM GAS  /tmp/ccqocqeD.s 			page 12


 619 021b 53000000 		.4byte	0x53
 620 021f 02       		.byte	0x2
 621 0220 23       		.byte	0x23
 622 0221 32       		.uleb128 0x32
 623 0222 09       		.uleb128 0x9
 624 0223 43435200 		.ascii	"CCR\000"
 625 0227 03       		.byte	0x3
 626 0228 79       		.byte	0x79
 627 0229 A0020000 		.4byte	0x2a0
 628 022d 02       		.byte	0x2
 629 022e 23       		.byte	0x23
 630 022f 34       		.uleb128 0x34
 631 0230 0A       		.uleb128 0xa
 632 0231 C1010000 		.4byte	.LASF32
 633 0235 03       		.byte	0x3
 634 0236 7A       		.byte	0x7a
 635 0237 C1000000 		.4byte	0xc1
 636 023b 02       		.byte	0x2
 637 023c 23       		.byte	0x23
 638 023d 44       		.uleb128 0x44
 639 023e 0A       		.uleb128 0xa
 640 023f CB010000 		.4byte	.LASF33
 641 0243 03       		.byte	0x3
 642 0244 7B       		.byte	0x7b
 643 0245 53000000 		.4byte	0x53
 644 0249 02       		.byte	0x2
 645 024a 23       		.byte	0x23
 646 024b 46       		.uleb128 0x46
 647 024c 09       		.uleb128 0x9
 648 024d 44435200 		.ascii	"DCR\000"
 649 0251 03       		.byte	0x3
 650 0252 7C       		.byte	0x7c
 651 0253 C1000000 		.4byte	0xc1
 652 0257 02       		.byte	0x2
 653 0258 23       		.byte	0x23
 654 0259 48       		.uleb128 0x48
 655 025a 0A       		.uleb128 0xa
 656 025b D4010000 		.4byte	.LASF34
 657 025f 03       		.byte	0x3
 658 0260 7D       		.byte	0x7d
 659 0261 53000000 		.4byte	0x53
 660 0265 02       		.byte	0x2
 661 0266 23       		.byte	0x23
 662 0267 4A       		.uleb128 0x4a
 663 0268 0A       		.uleb128 0xa
 664 0269 12000000 		.4byte	.LASF35
 665 026d 03       		.byte	0x3
 666 026e 7E       		.byte	0x7e
 667 026f C1000000 		.4byte	0xc1
 668 0273 02       		.byte	0x2
 669 0274 23       		.byte	0x23
 670 0275 4C       		.uleb128 0x4c
 671 0276 0A       		.uleb128 0xa
 672 0277 DD010000 		.4byte	.LASF36
 673 027b 03       		.byte	0x3
 674 027c 7F       		.byte	0x7f
 675 027d 53000000 		.4byte	0x53
ARM GAS  /tmp/ccqocqeD.s 			page 13


 676 0281 02       		.byte	0x2
 677 0282 23       		.byte	0x23
 678 0283 4E       		.uleb128 0x4e
 679 0284 09       		.uleb128 0x9
 680 0285 4F5200   		.ascii	"OR\000"
 681 0288 03       		.byte	0x3
 682 0289 80       		.byte	0x80
 683 028a C1000000 		.4byte	0xc1
 684 028e 02       		.byte	0x2
 685 028f 23       		.byte	0x23
 686 0290 50       		.uleb128 0x50
 687 0291 0A       		.uleb128 0xa
 688 0292 E6010000 		.4byte	.LASF37
 689 0296 03       		.byte	0x3
 690 0297 81       		.byte	0x81
 691 0298 53000000 		.4byte	0x53
 692 029c 02       		.byte	0x2
 693 029d 23       		.byte	0x23
 694 029e 52       		.uleb128 0x52
 695 029f 00       		.byte	0
 696 02a0 05       		.uleb128 0x5
 697 02a1 B1000000 		.4byte	0xb1
 698 02a5 04       		.uleb128 0x4
 699 02a6 14020000 		.4byte	.LASF38
 700 02aa 03       		.byte	0x3
 701 02ab 82       		.byte	0x82
 702 02ac CB000000 		.4byte	0xcb
 703 02b0 0B       		.uleb128 0xb
 704 02b1 01       		.byte	0x1
 705 02b2 04       		.byte	0x4
 706 02b3 55       		.byte	0x55
 707 02b4 CB020000 		.4byte	0x2cb
 708 02b8 0C       		.uleb128 0xc
 709 02b9 3D010000 		.4byte	.LASF39
 710 02bd 00       		.sleb128 0
 711 02be 0C       		.uleb128 0xc
 712 02bf 7B020000 		.4byte	.LASF40
 713 02c3 01       		.sleb128 1
 714 02c4 0C       		.uleb128 0xc
 715 02c5 71020000 		.4byte	.LASF41
 716 02c9 02       		.sleb128 2
 717 02ca 00       		.byte	0
 718 02cb 04       		.uleb128 0x4
 719 02cc F5020000 		.4byte	.LASF42
 720 02d0 04       		.byte	0x4
 721 02d1 59       		.byte	0x59
 722 02d2 B0020000 		.4byte	0x2b0
 723 02d6 04       		.uleb128 0x4
 724 02d7 20020000 		.4byte	.LASF43
 725 02db 04       		.byte	0x4
 726 02dc 5E       		.byte	0x5e
 727 02dd E1020000 		.4byte	0x2e1
 728 02e1 0D       		.uleb128 0xd
 729 02e2 20020000 		.4byte	.LASF43
 730 02e6 14       		.byte	0x14
 731 02e7 05       		.byte	0x5
 732 02e8 6701     		.2byte	0x167
ARM GAS  /tmp/ccqocqeD.s 			page 14


 733 02ea 3A030000 		.4byte	0x33a
 734 02ee 0E       		.uleb128 0xe
 735 02ef 17000000 		.4byte	.LASF44
 736 02f3 05       		.byte	0x5
 737 02f4 6B01     		.2byte	0x16b
 738 02f6 CB020000 		.4byte	0x2cb
 739 02fa 02       		.byte	0x2
 740 02fb 23       		.byte	0x23
 741 02fc 00       		.uleb128 0
 742 02fd 0E       		.uleb128 0xe
 743 02fe 72000000 		.4byte	.LASF45
 744 0302 05       		.byte	0x5
 745 0303 6F01     		.2byte	0x16f
 746 0305 26040000 		.4byte	0x426
 747 0309 02       		.byte	0x2
 748 030a 23       		.byte	0x23
 749 030b 04       		.uleb128 0x4
 750 030c 0E       		.uleb128 0xe
 751 030d 0E010000 		.4byte	.LASF46
 752 0311 05       		.byte	0x5
 753 0312 7301     		.2byte	0x173
 754 0314 75030000 		.4byte	0x375
 755 0318 02       		.byte	0x2
 756 0319 23       		.byte	0x23
 757 031a 08       		.uleb128 0x8
 758 031b 0E       		.uleb128 0xe
 759 031c 62020000 		.4byte	.LASF47
 760 0320 05       		.byte	0x5
 761 0321 7B01     		.2byte	0x17b
 762 0323 77000000 		.4byte	0x77
 763 0327 02       		.byte	0x2
 764 0328 23       		.byte	0x23
 765 0329 0C       		.uleb128 0xc
 766 032a 0F       		.uleb128 0xf
 767 032b 74696D00 		.ascii	"tim\000"
 768 032f 05       		.byte	0x5
 769 0330 7F01     		.2byte	0x17f
 770 0332 31040000 		.4byte	0x431
 771 0336 02       		.byte	0x2
 772 0337 23       		.byte	0x23
 773 0338 10       		.uleb128 0x10
 774 0339 00       		.byte	0
 775 033a 04       		.uleb128 0x4
 776 033b 00030000 		.4byte	.LASF48
 777 033f 04       		.byte	0x4
 778 0340 65       		.byte	0x65
 779 0341 45030000 		.4byte	0x345
 780 0345 10       		.uleb128 0x10
 781 0346 04       		.byte	0x4
 782 0347 4B030000 		.4byte	0x34b
 783 034b 11       		.uleb128 0x11
 784 034c 01       		.byte	0x1
 785 034d 57030000 		.4byte	0x357
 786 0351 12       		.uleb128 0x12
 787 0352 57030000 		.4byte	0x357
 788 0356 00       		.byte	0
 789 0357 10       		.uleb128 0x10
ARM GAS  /tmp/ccqocqeD.s 			page 15


 790 0358 04       		.byte	0x4
 791 0359 D6020000 		.4byte	0x2d6
 792 035d 13       		.uleb128 0x13
 793 035e D6020000 		.4byte	.LASF49
 794 0362 05       		.byte	0x5
 795 0363 1E01     		.2byte	0x11e
 796 0365 77000000 		.4byte	0x77
 797 0369 13       		.uleb128 0x13
 798 036a 57000000 		.4byte	.LASF50
 799 036e 05       		.byte	0x5
 800 036f 2301     		.2byte	0x123
 801 0371 3A000000 		.4byte	0x3a
 802 0375 13       		.uleb128 0x13
 803 0376 2D000000 		.4byte	.LASF51
 804 037a 05       		.byte	0x5
 805 037b 2801     		.2byte	0x128
 806 037d 53000000 		.4byte	0x53
 807 0381 14       		.uleb128 0x14
 808 0382 08       		.byte	0x8
 809 0383 05       		.byte	0x5
 810 0384 2D01     		.2byte	0x12d
 811 0386 A9030000 		.4byte	0x3a9
 812 038a 0E       		.uleb128 0xe
 813 038b 64000000 		.4byte	.LASF52
 814 038f 05       		.byte	0x5
 815 0390 3101     		.2byte	0x131
 816 0392 5D030000 		.4byte	0x35d
 817 0396 02       		.byte	0x2
 818 0397 23       		.byte	0x23
 819 0398 00       		.uleb128 0
 820 0399 0E       		.uleb128 0xe
 821 039a 38030000 		.4byte	.LASF53
 822 039e 05       		.byte	0x5
 823 039f 3701     		.2byte	0x137
 824 03a1 3A030000 		.4byte	0x33a
 825 03a5 02       		.byte	0x2
 826 03a6 23       		.byte	0x23
 827 03a7 04       		.uleb128 0x4
 828 03a8 00       		.byte	0
 829 03a9 13       		.uleb128 0x13
 830 03aa 96020000 		.4byte	.LASF54
 831 03ae 05       		.byte	0x5
 832 03af 3901     		.2byte	0x139
 833 03b1 81030000 		.4byte	0x381
 834 03b5 14       		.uleb128 0x14
 835 03b6 30       		.byte	0x30
 836 03b7 05       		.byte	0x5
 837 03b8 3E01     		.2byte	0x13e
 838 03ba 0A040000 		.4byte	0x40a
 839 03be 0E       		.uleb128 0xe
 840 03bf 8C020000 		.4byte	.LASF55
 841 03c3 05       		.byte	0x5
 842 03c4 4401     		.2byte	0x144
 843 03c6 77000000 		.4byte	0x77
 844 03ca 02       		.byte	0x2
 845 03cb 23       		.byte	0x23
 846 03cc 00       		.uleb128 0
ARM GAS  /tmp/ccqocqeD.s 			page 16


 847 03cd 0E       		.uleb128 0xe
 848 03ce 0E010000 		.4byte	.LASF46
 849 03d2 05       		.byte	0x5
 850 03d3 4A01     		.2byte	0x14a
 851 03d5 75030000 		.4byte	0x375
 852 03d9 02       		.byte	0x2
 853 03da 23       		.byte	0x23
 854 03db 04       		.uleb128 0x4
 855 03dc 0E       		.uleb128 0xe
 856 03dd 38030000 		.4byte	.LASF53
 857 03e1 05       		.byte	0x5
 858 03e2 5001     		.2byte	0x150
 859 03e4 3A030000 		.4byte	0x33a
 860 03e8 02       		.byte	0x2
 861 03e9 23       		.byte	0x23
 862 03ea 08       		.uleb128 0x8
 863 03eb 0E       		.uleb128 0xe
 864 03ec 69000000 		.4byte	.LASF56
 865 03f0 05       		.byte	0x5
 866 03f1 5401     		.2byte	0x154
 867 03f3 0A040000 		.4byte	0x40a
 868 03f7 02       		.byte	0x2
 869 03f8 23       		.byte	0x23
 870 03f9 0C       		.uleb128 0xc
 871 03fa 0F       		.uleb128 0xf
 872 03fb 63723200 		.ascii	"cr2\000"
 873 03ff 05       		.byte	0x5
 874 0400 5A01     		.2byte	0x15a
 875 0402 53000000 		.4byte	0x53
 876 0406 02       		.byte	0x2
 877 0407 23       		.byte	0x23
 878 0408 2C       		.uleb128 0x2c
 879 0409 00       		.byte	0
 880 040a 06       		.uleb128 0x6
 881 040b A9030000 		.4byte	0x3a9
 882 040f 1A040000 		.4byte	0x41a
 883 0413 07       		.uleb128 0x7
 884 0414 A3000000 		.4byte	0xa3
 885 0418 03       		.byte	0x3
 886 0419 00       		.byte	0
 887 041a 13       		.uleb128 0x13
 888 041b 29010000 		.4byte	.LASF57
 889 041f 05       		.byte	0x5
 890 0420 6201     		.2byte	0x162
 891 0422 B5030000 		.4byte	0x3b5
 892 0426 10       		.uleb128 0x10
 893 0427 04       		.byte	0x4
 894 0428 2C040000 		.4byte	0x42c
 895 042c 15       		.uleb128 0x15
 896 042d 1A040000 		.4byte	0x41a
 897 0431 10       		.uleb128 0x10
 898 0432 04       		.byte	0x4
 899 0433 A5020000 		.4byte	0x2a5
 900 0437 16       		.uleb128 0x16
 901 0438 01       		.byte	0x1
 902 0439 06010000 		.4byte	.LASF58
 903 043d 01       		.byte	0x1
ARM GAS  /tmp/ccqocqeD.s 			page 17


 904 043e 44       		.byte	0x44
 905 043f 01       		.byte	0x1
 906 0440 00000000 		.4byte	.LFB118
 907 0444 04000000 		.4byte	.LFE118
 908 0448 02       		.byte	0x2
 909 0449 7D       		.byte	0x7d
 910 044a 00       		.sleb128 0
 911 044b 01       		.byte	0x1
 912 044c 5B040000 		.4byte	0x45b
 913 0450 17       		.uleb128 0x17
 914 0451 04000000 		.4byte	.LVL0
 915 0455 01       		.byte	0x1
 916 0456 00070000 		.4byte	0x700
 917 045a 00       		.byte	0
 918 045b 16       		.uleb128 0x16
 919 045c 01       		.byte	0x1
 920 045d 79000000 		.4byte	.LASF59
 921 0461 01       		.byte	0x1
 922 0462 50       		.byte	0x50
 923 0463 01       		.byte	0x1
 924 0464 00000000 		.4byte	.LFB119
 925 0468 0A000000 		.4byte	.LFE119
 926 046c 02       		.byte	0x2
 927 046d 7D       		.byte	0x7d
 928 046e 00       		.sleb128 0
 929 046f 01       		.byte	0x1
 930 0470 82040000 		.4byte	0x482
 931 0474 18       		.uleb128 0x18
 932 0475 33010000 		.4byte	.LASF61
 933 0479 01       		.byte	0x1
 934 047a 50       		.byte	0x50
 935 047b 57030000 		.4byte	0x357
 936 047f 01       		.byte	0x1
 937 0480 50       		.byte	0x50
 938 0481 00       		.byte	0
 939 0482 19       		.uleb128 0x19
 940 0483 01       		.byte	0x1
 941 0484 E6000000 		.4byte	.LASF60
 942 0488 01       		.byte	0x1
 943 0489 63       		.byte	0x63
 944 048a 01       		.byte	0x1
 945 048b 00000000 		.4byte	.LFB120
 946 048f 20000000 		.4byte	.LFE120
 947 0493 00000000 		.4byte	.LLST0
 948 0497 01       		.byte	0x1
 949 0498 01050000 		.4byte	0x501
 950 049c 1A       		.uleb128 0x1a
 951 049d 33010000 		.4byte	.LASF61
 952 04a1 01       		.byte	0x1
 953 04a2 63       		.byte	0x63
 954 04a3 57030000 		.4byte	0x357
 955 04a7 20000000 		.4byte	.LLST1
 956 04ab 1A       		.uleb128 0x1a
 957 04ac 72000000 		.4byte	.LASF45
 958 04b0 01       		.byte	0x1
 959 04b1 63       		.byte	0x63
 960 04b2 26040000 		.4byte	0x426
ARM GAS  /tmp/ccqocqeD.s 			page 18


 961 04b6 3E000000 		.4byte	.LLST2
 962 04ba 1B       		.uleb128 0x1b
 963 04bb 00000000 		.4byte	.Ldebug_ranges0+0
 964 04bf D3040000 		.4byte	0x4d3
 965 04c3 1C       		.uleb128 0x1c
 966 04c4 746D7000 		.ascii	"tmp\000"
 967 04c8 01       		.byte	0x1
 968 04c9 67       		.byte	0x67
 969 04ca 77000000 		.4byte	0x77
 970 04ce 5F000000 		.4byte	.LLST3
 971 04d2 00       		.byte	0
 972 04d3 1D       		.uleb128 0x1d
 973 04d4 18000000 		.4byte	.LBB4
 974 04d8 20000000 		.4byte	.LBE4
 975 04dc F0040000 		.4byte	0x4f0
 976 04e0 1C       		.uleb128 0x1c
 977 04e1 746D7000 		.ascii	"tmp\000"
 978 04e5 01       		.byte	0x1
 979 04e6 6E       		.byte	0x6e
 980 04e7 77000000 		.4byte	0x77
 981 04eb 72000000 		.4byte	.LLST4
 982 04ef 00       		.byte	0
 983 04f0 1E       		.uleb128 0x1e
 984 04f1 14000000 		.4byte	.LVL6
 985 04f5 0B070000 		.4byte	0x70b
 986 04f9 1F       		.uleb128 0x1f
 987 04fa 01       		.byte	0x1
 988 04fb 50       		.byte	0x50
 989 04fc 02       		.byte	0x2
 990 04fd 74       		.byte	0x74
 991 04fe 00       		.sleb128 0
 992 04ff 00       		.byte	0
 993 0500 00       		.byte	0
 994 0501 19       		.uleb128 0x19
 995 0502 01       		.byte	0x1
 996 0503 84020000 		.4byte	.LASF62
 997 0507 01       		.byte	0x1
 998 0508 78       		.byte	0x78
 999 0509 01       		.byte	0x1
 1000 050a 00000000 		.4byte	.LFB121
 1001 050e 1A000000 		.4byte	.LFE121
 1002 0512 85000000 		.4byte	.LLST5
 1003 0516 01       		.byte	0x1
 1004 0517 71050000 		.4byte	0x571
 1005 051b 1A       		.uleb128 0x1a
 1006 051c 33010000 		.4byte	.LASF61
 1007 0520 01       		.byte	0x1
 1008 0521 78       		.byte	0x78
 1009 0522 57030000 		.4byte	0x357
 1010 0526 A5000000 		.4byte	.LLST6
 1011 052a 1B       		.uleb128 0x1b
 1012 052b 18000000 		.4byte	.Ldebug_ranges0+0x18
 1013 052f 43050000 		.4byte	0x543
 1014 0533 1C       		.uleb128 0x1c
 1015 0534 746D7000 		.ascii	"tmp\000"
 1016 0538 01       		.byte	0x1
 1017 0539 7C       		.byte	0x7c
ARM GAS  /tmp/ccqocqeD.s 			page 19


 1018 053a 77000000 		.4byte	0x77
 1019 053e C3000000 		.4byte	.LLST7
 1020 0542 00       		.byte	0
 1021 0543 1D       		.uleb128 0x1d
 1022 0544 12000000 		.4byte	.LBB7
 1023 0548 1A000000 		.4byte	.LBE7
 1024 054c 60050000 		.4byte	0x560
 1025 0550 1C       		.uleb128 0x1c
 1026 0551 746D7000 		.ascii	"tmp\000"
 1027 0555 01       		.byte	0x1
 1028 0556 81       		.byte	0x81
 1029 0557 77000000 		.4byte	0x77
 1030 055b D6000000 		.4byte	.LLST8
 1031 055f 00       		.byte	0
 1032 0560 1E       		.uleb128 0x1e
 1033 0561 0E000000 		.4byte	.LVL12
 1034 0565 20070000 		.4byte	0x720
 1035 0569 1F       		.uleb128 0x1f
 1036 056a 01       		.byte	0x1
 1037 056b 50       		.byte	0x50
 1038 056c 02       		.byte	0x2
 1039 056d 74       		.byte	0x74
 1040 056e 00       		.sleb128 0
 1041 056f 00       		.byte	0
 1042 0570 00       		.byte	0
 1043 0571 16       		.uleb128 0x16
 1044 0572 01       		.byte	0x1
 1045 0573 40020000 		.4byte	.LASF63
 1046 0577 01       		.byte	0x1
 1047 0578 93       		.byte	0x93
 1048 0579 01       		.byte	0x1
 1049 057a 00000000 		.4byte	.LFB122
 1050 057e 18000000 		.4byte	.LFE122
 1051 0582 02       		.byte	0x2
 1052 0583 7D       		.byte	0x7d
 1053 0584 00       		.sleb128 0
 1054 0585 01       		.byte	0x1
 1055 0586 DB050000 		.4byte	0x5db
 1056 058a 18       		.uleb128 0x18
 1057 058b 33010000 		.4byte	.LASF61
 1058 058f 01       		.byte	0x1
 1059 0590 93       		.byte	0x93
 1060 0591 57030000 		.4byte	0x357
 1061 0595 01       		.byte	0x1
 1062 0596 50       		.byte	0x50
 1063 0597 18       		.uleb128 0x18
 1064 0598 0E010000 		.4byte	.LASF46
 1065 059c 01       		.byte	0x1
 1066 059d 93       		.byte	0x93
 1067 059e 75030000 		.4byte	0x375
 1068 05a2 01       		.byte	0x1
 1069 05a3 51       		.byte	0x51
 1070 05a4 1D       		.uleb128 0x1d
 1071 05a5 00000000 		.4byte	.LBB8
 1072 05a9 06000000 		.4byte	.LBE8
 1073 05ad C1050000 		.4byte	0x5c1
 1074 05b1 1C       		.uleb128 0x1c
ARM GAS  /tmp/ccqocqeD.s 			page 20


 1075 05b2 746D7000 		.ascii	"tmp\000"
 1076 05b6 01       		.byte	0x1
 1077 05b7 97       		.byte	0x97
 1078 05b8 77000000 		.4byte	0x77
 1079 05bc E9000000 		.4byte	.LLST9
 1080 05c0 00       		.byte	0
 1081 05c1 20       		.uleb128 0x20
 1082 05c2 10000000 		.4byte	.LBB9
 1083 05c6 18000000 		.4byte	.LBE9
 1084 05ca 1C       		.uleb128 0x1c
 1085 05cb 746D7000 		.ascii	"tmp\000"
 1086 05cf 01       		.byte	0x1
 1087 05d0 9B       		.byte	0x9b
 1088 05d1 77000000 		.4byte	0x77
 1089 05d5 FC000000 		.4byte	.LLST10
 1090 05d9 00       		.byte	0
 1091 05da 00       		.byte	0
 1092 05db 19       		.uleb128 0x19
 1093 05dc 01       		.byte	0x1
 1094 05dd A7000000 		.4byte	.LASF64
 1095 05e1 01       		.byte	0x1
 1096 05e2 AC       		.byte	0xac
 1097 05e3 01       		.byte	0x1
 1098 05e4 00000000 		.4byte	.LFB123
 1099 05e8 14000000 		.4byte	.LFE123
 1100 05ec 0F010000 		.4byte	.LLST11
 1101 05f0 01       		.byte	0x1
 1102 05f1 6E060000 		.4byte	0x66e
 1103 05f5 1A       		.uleb128 0x1a
 1104 05f6 33010000 		.4byte	.LASF61
 1105 05fa 01       		.byte	0x1
 1106 05fb AC       		.byte	0xac
 1107 05fc 57030000 		.4byte	0x357
 1108 0600 2F010000 		.4byte	.LLST12
 1109 0604 1A       		.uleb128 0x1a
 1110 0605 38020000 		.4byte	.LASF65
 1111 0609 01       		.byte	0x1
 1112 060a AD       		.byte	0xad
 1113 060b 69030000 		.4byte	0x369
 1114 060f 50010000 		.4byte	.LLST13
 1115 0613 1A       		.uleb128 0x1a
 1116 0614 E0000000 		.4byte	.LASF66
 1117 0618 01       		.byte	0x1
 1118 0619 AE       		.byte	0xae
 1119 061a 75030000 		.4byte	0x375
 1120 061e 71010000 		.4byte	.LLST14
 1121 0622 1D       		.uleb128 0x1d
 1122 0623 02000000 		.4byte	.LBB10
 1123 0627 08000000 		.4byte	.LBE10
 1124 062b 3F060000 		.4byte	0x63f
 1125 062f 1C       		.uleb128 0x1c
 1126 0630 746D7000 		.ascii	"tmp\000"
 1127 0634 01       		.byte	0x1
 1128 0635 B3       		.byte	0xb3
 1129 0636 77000000 		.4byte	0x77
 1130 063a 92010000 		.4byte	.LLST15
 1131 063e 00       		.byte	0
ARM GAS  /tmp/ccqocqeD.s 			page 21


 1132 063f 1D       		.uleb128 0x1d
 1133 0640 0C000000 		.4byte	.LBB11
 1134 0644 14000000 		.4byte	.LBE11
 1135 0648 5C060000 		.4byte	0x65c
 1136 064c 1C       		.uleb128 0x1c
 1137 064d 746D7000 		.ascii	"tmp\000"
 1138 0651 01       		.byte	0x1
 1139 0652 B7       		.byte	0xb7
 1140 0653 77000000 		.4byte	0x77
 1141 0657 A5010000 		.4byte	.LLST16
 1142 065b 00       		.byte	0
 1143 065c 1E       		.uleb128 0x1e
 1144 065d 0C000000 		.4byte	.LVL24
 1145 0661 35070000 		.4byte	0x735
 1146 0665 1F       		.uleb128 0x1f
 1147 0666 01       		.byte	0x1
 1148 0667 50       		.byte	0x50
 1149 0668 03       		.byte	0x3
 1150 0669 F3       		.byte	0xf3
 1151 066a 01       		.uleb128 0x1
 1152 066b 50       		.byte	0x50
 1153 066c 00       		.byte	0
 1154 066d 00       		.byte	0
 1155 066e 19       		.uleb128 0x19
 1156 066f 01       		.byte	0x1
 1157 0670 6D010000 		.4byte	.LASF67
 1158 0674 01       		.byte	0x1
 1159 0675 C8       		.byte	0xc8
 1160 0676 01       		.byte	0x1
 1161 0677 00000000 		.4byte	.LFB124
 1162 067b 14000000 		.4byte	.LFE124
 1163 067f B8010000 		.4byte	.LLST17
 1164 0683 01       		.byte	0x1
 1165 0684 F2060000 		.4byte	0x6f2
 1166 0688 1A       		.uleb128 0x1a
 1167 0689 33010000 		.4byte	.LASF61
 1168 068d 01       		.byte	0x1
 1169 068e C8       		.byte	0xc8
 1170 068f 57030000 		.4byte	0x357
 1171 0693 D8010000 		.4byte	.LLST18
 1172 0697 1A       		.uleb128 0x1a
 1173 0698 38020000 		.4byte	.LASF65
 1174 069c 01       		.byte	0x1
 1175 069d C8       		.byte	0xc8
 1176 069e 69030000 		.4byte	0x369
 1177 06a2 F9010000 		.4byte	.LLST19
 1178 06a6 1D       		.uleb128 0x1d
 1179 06a7 02000000 		.4byte	.LBB12
 1180 06ab 08000000 		.4byte	.LBE12
 1181 06af C3060000 		.4byte	0x6c3
 1182 06b3 1C       		.uleb128 0x1c
 1183 06b4 746D7000 		.ascii	"tmp\000"
 1184 06b8 01       		.byte	0x1
 1185 06b9 CD       		.byte	0xcd
 1186 06ba 77000000 		.4byte	0x77
 1187 06be 1A020000 		.4byte	.LLST20
 1188 06c2 00       		.byte	0
ARM GAS  /tmp/ccqocqeD.s 			page 22


 1189 06c3 1D       		.uleb128 0x1d
 1190 06c4 0C000000 		.4byte	.LBB13
 1191 06c8 14000000 		.4byte	.LBE13
 1192 06cc E0060000 		.4byte	0x6e0
 1193 06d0 1C       		.uleb128 0x1c
 1194 06d1 746D7000 		.ascii	"tmp\000"
 1195 06d5 01       		.byte	0x1
 1196 06d6 D1       		.byte	0xd1
 1197 06d7 77000000 		.4byte	0x77
 1198 06db 2D020000 		.4byte	.LLST21
 1199 06df 00       		.byte	0
 1200 06e0 1E       		.uleb128 0x1e
 1201 06e1 0C000000 		.4byte	.LVL30
 1202 06e5 54070000 		.4byte	0x754
 1203 06e9 1F       		.uleb128 0x1f
 1204 06ea 01       		.byte	0x1
 1205 06eb 50       		.byte	0x50
 1206 06ec 03       		.byte	0x3
 1207 06ed F3       		.byte	0xf3
 1208 06ee 01       		.uleb128 0x1
 1209 06ef 50       		.byte	0x50
 1210 06f0 00       		.byte	0
 1211 06f1 00       		.byte	0
 1212 06f2 21       		.uleb128 0x21
 1213 06f3 E0020000 		.4byte	.LASF73
 1214 06f7 06       		.byte	0x6
 1215 06f8 9806     		.2byte	0x698
 1216 06fa C6000000 		.4byte	0xc6
 1217 06fe 01       		.byte	0x1
 1218 06ff 01       		.byte	0x1
 1219 0700 22       		.uleb128 0x22
 1220 0701 01       		.byte	0x1
 1221 0702 02020000 		.4byte	.LASF74
 1222 0706 05       		.byte	0x5
 1223 0707 C901     		.2byte	0x1c9
 1224 0709 01       		.byte	0x1
 1225 070a 01       		.byte	0x1
 1226 070b 23       		.uleb128 0x23
 1227 070c 01       		.byte	0x1
 1228 070d 1B010000 		.4byte	.LASF68
 1229 0711 05       		.byte	0x5
 1230 0712 CA01     		.2byte	0x1ca
 1231 0714 01       		.byte	0x1
 1232 0715 01       		.byte	0x1
 1233 0716 20070000 		.4byte	0x720
 1234 071a 12       		.uleb128 0x12
 1235 071b 57030000 		.4byte	0x357
 1236 071f 00       		.byte	0
 1237 0720 23       		.uleb128 0x23
 1238 0721 01       		.byte	0x1
 1239 0722 05000000 		.4byte	.LASF69
 1240 0726 05       		.byte	0x5
 1241 0727 CB01     		.2byte	0x1cb
 1242 0729 01       		.byte	0x1
 1243 072a 01       		.byte	0x1
 1244 072b 35070000 		.4byte	0x735
 1245 072f 12       		.uleb128 0x12
ARM GAS  /tmp/ccqocqeD.s 			page 23


 1246 0730 57030000 		.4byte	0x357
 1247 0734 00       		.byte	0
 1248 0735 23       		.uleb128 0x23
 1249 0736 01       		.byte	0x1
 1250 0737 56010000 		.4byte	.LASF70
 1251 073b 05       		.byte	0x5
 1252 073c CC01     		.2byte	0x1cc
 1253 073e 01       		.byte	0x1
 1254 073f 01       		.byte	0x1
 1255 0740 54070000 		.4byte	0x754
 1256 0744 12       		.uleb128 0x12
 1257 0745 57030000 		.4byte	0x357
 1258 0749 12       		.uleb128 0x12
 1259 074a 69030000 		.4byte	0x369
 1260 074e 12       		.uleb128 0x12
 1261 074f 75030000 		.4byte	0x375
 1262 0753 00       		.byte	0
 1263 0754 24       		.uleb128 0x24
 1264 0755 01       		.byte	0x1
 1265 0756 3F000000 		.4byte	.LASF75
 1266 075a 05       		.byte	0x5
 1267 075b CF01     		.2byte	0x1cf
 1268 075d 01       		.byte	0x1
 1269 075e 01       		.byte	0x1
 1270 075f 12       		.uleb128 0x12
 1271 0760 57030000 		.4byte	0x357
 1272 0764 12       		.uleb128 0x12
 1273 0765 69030000 		.4byte	0x369
 1274 0769 00       		.byte	0
 1275 076a 00       		.byte	0
 1276              		.section	.debug_abbrev,"",%progbits
 1277              	.Ldebug_abbrev0:
 1278 0000 01       		.uleb128 0x1
 1279 0001 11       		.uleb128 0x11
 1280 0002 01       		.byte	0x1
 1281 0003 25       		.uleb128 0x25
 1282 0004 0E       		.uleb128 0xe
 1283 0005 13       		.uleb128 0x13
 1284 0006 0B       		.uleb128 0xb
 1285 0007 03       		.uleb128 0x3
 1286 0008 0E       		.uleb128 0xe
 1287 0009 55       		.uleb128 0x55
 1288 000a 06       		.uleb128 0x6
 1289 000b 11       		.uleb128 0x11
 1290 000c 01       		.uleb128 0x1
 1291 000d 52       		.uleb128 0x52
 1292 000e 01       		.uleb128 0x1
 1293 000f 10       		.uleb128 0x10
 1294 0010 06       		.uleb128 0x6
 1295 0011 00       		.byte	0
 1296 0012 00       		.byte	0
 1297 0013 02       		.uleb128 0x2
 1298 0014 24       		.uleb128 0x24
 1299 0015 00       		.byte	0
 1300 0016 0B       		.uleb128 0xb
 1301 0017 0B       		.uleb128 0xb
 1302 0018 3E       		.uleb128 0x3e
ARM GAS  /tmp/ccqocqeD.s 			page 24


 1303 0019 0B       		.uleb128 0xb
 1304 001a 03       		.uleb128 0x3
 1305 001b 08       		.uleb128 0x8
 1306 001c 00       		.byte	0
 1307 001d 00       		.byte	0
 1308 001e 03       		.uleb128 0x3
 1309 001f 24       		.uleb128 0x24
 1310 0020 00       		.byte	0
 1311 0021 0B       		.uleb128 0xb
 1312 0022 0B       		.uleb128 0xb
 1313 0023 3E       		.uleb128 0x3e
 1314 0024 0B       		.uleb128 0xb
 1315 0025 03       		.uleb128 0x3
 1316 0026 0E       		.uleb128 0xe
 1317 0027 00       		.byte	0
 1318 0028 00       		.byte	0
 1319 0029 04       		.uleb128 0x4
 1320 002a 16       		.uleb128 0x16
 1321 002b 00       		.byte	0
 1322 002c 03       		.uleb128 0x3
 1323 002d 0E       		.uleb128 0xe
 1324 002e 3A       		.uleb128 0x3a
 1325 002f 0B       		.uleb128 0xb
 1326 0030 3B       		.uleb128 0x3b
 1327 0031 0B       		.uleb128 0xb
 1328 0032 49       		.uleb128 0x49
 1329 0033 13       		.uleb128 0x13
 1330 0034 00       		.byte	0
 1331 0035 00       		.byte	0
 1332 0036 05       		.uleb128 0x5
 1333 0037 35       		.uleb128 0x35
 1334 0038 00       		.byte	0
 1335 0039 49       		.uleb128 0x49
 1336 003a 13       		.uleb128 0x13
 1337 003b 00       		.byte	0
 1338 003c 00       		.byte	0
 1339 003d 06       		.uleb128 0x6
 1340 003e 01       		.uleb128 0x1
 1341 003f 01       		.byte	0x1
 1342 0040 49       		.uleb128 0x49
 1343 0041 13       		.uleb128 0x13
 1344 0042 01       		.uleb128 0x1
 1345 0043 13       		.uleb128 0x13
 1346 0044 00       		.byte	0
 1347 0045 00       		.byte	0
 1348 0046 07       		.uleb128 0x7
 1349 0047 21       		.uleb128 0x21
 1350 0048 00       		.byte	0
 1351 0049 49       		.uleb128 0x49
 1352 004a 13       		.uleb128 0x13
 1353 004b 2F       		.uleb128 0x2f
 1354 004c 0B       		.uleb128 0xb
 1355 004d 00       		.byte	0
 1356 004e 00       		.byte	0
 1357 004f 08       		.uleb128 0x8
 1358 0050 13       		.uleb128 0x13
 1359 0051 01       		.byte	0x1
ARM GAS  /tmp/ccqocqeD.s 			page 25


 1360 0052 0B       		.uleb128 0xb
 1361 0053 0B       		.uleb128 0xb
 1362 0054 3A       		.uleb128 0x3a
 1363 0055 0B       		.uleb128 0xb
 1364 0056 3B       		.uleb128 0x3b
 1365 0057 0B       		.uleb128 0xb
 1366 0058 01       		.uleb128 0x1
 1367 0059 13       		.uleb128 0x13
 1368 005a 00       		.byte	0
 1369 005b 00       		.byte	0
 1370 005c 09       		.uleb128 0x9
 1371 005d 0D       		.uleb128 0xd
 1372 005e 00       		.byte	0
 1373 005f 03       		.uleb128 0x3
 1374 0060 08       		.uleb128 0x8
 1375 0061 3A       		.uleb128 0x3a
 1376 0062 0B       		.uleb128 0xb
 1377 0063 3B       		.uleb128 0x3b
 1378 0064 0B       		.uleb128 0xb
 1379 0065 49       		.uleb128 0x49
 1380 0066 13       		.uleb128 0x13
 1381 0067 38       		.uleb128 0x38
 1382 0068 0A       		.uleb128 0xa
 1383 0069 00       		.byte	0
 1384 006a 00       		.byte	0
 1385 006b 0A       		.uleb128 0xa
 1386 006c 0D       		.uleb128 0xd
 1387 006d 00       		.byte	0
 1388 006e 03       		.uleb128 0x3
 1389 006f 0E       		.uleb128 0xe
 1390 0070 3A       		.uleb128 0x3a
 1391 0071 0B       		.uleb128 0xb
 1392 0072 3B       		.uleb128 0x3b
 1393 0073 0B       		.uleb128 0xb
 1394 0074 49       		.uleb128 0x49
 1395 0075 13       		.uleb128 0x13
 1396 0076 38       		.uleb128 0x38
 1397 0077 0A       		.uleb128 0xa
 1398 0078 00       		.byte	0
 1399 0079 00       		.byte	0
 1400 007a 0B       		.uleb128 0xb
 1401 007b 04       		.uleb128 0x4
 1402 007c 01       		.byte	0x1
 1403 007d 0B       		.uleb128 0xb
 1404 007e 0B       		.uleb128 0xb
 1405 007f 3A       		.uleb128 0x3a
 1406 0080 0B       		.uleb128 0xb
 1407 0081 3B       		.uleb128 0x3b
 1408 0082 0B       		.uleb128 0xb
 1409 0083 01       		.uleb128 0x1
 1410 0084 13       		.uleb128 0x13
 1411 0085 00       		.byte	0
 1412 0086 00       		.byte	0
 1413 0087 0C       		.uleb128 0xc
 1414 0088 28       		.uleb128 0x28
 1415 0089 00       		.byte	0
 1416 008a 03       		.uleb128 0x3
ARM GAS  /tmp/ccqocqeD.s 			page 26


 1417 008b 0E       		.uleb128 0xe
 1418 008c 1C       		.uleb128 0x1c
 1419 008d 0D       		.uleb128 0xd
 1420 008e 00       		.byte	0
 1421 008f 00       		.byte	0
 1422 0090 0D       		.uleb128 0xd
 1423 0091 13       		.uleb128 0x13
 1424 0092 01       		.byte	0x1
 1425 0093 03       		.uleb128 0x3
 1426 0094 0E       		.uleb128 0xe
 1427 0095 0B       		.uleb128 0xb
 1428 0096 0B       		.uleb128 0xb
 1429 0097 3A       		.uleb128 0x3a
 1430 0098 0B       		.uleb128 0xb
 1431 0099 3B       		.uleb128 0x3b
 1432 009a 05       		.uleb128 0x5
 1433 009b 01       		.uleb128 0x1
 1434 009c 13       		.uleb128 0x13
 1435 009d 00       		.byte	0
 1436 009e 00       		.byte	0
 1437 009f 0E       		.uleb128 0xe
 1438 00a0 0D       		.uleb128 0xd
 1439 00a1 00       		.byte	0
 1440 00a2 03       		.uleb128 0x3
 1441 00a3 0E       		.uleb128 0xe
 1442 00a4 3A       		.uleb128 0x3a
 1443 00a5 0B       		.uleb128 0xb
 1444 00a6 3B       		.uleb128 0x3b
 1445 00a7 05       		.uleb128 0x5
 1446 00a8 49       		.uleb128 0x49
 1447 00a9 13       		.uleb128 0x13
 1448 00aa 38       		.uleb128 0x38
 1449 00ab 0A       		.uleb128 0xa
 1450 00ac 00       		.byte	0
 1451 00ad 00       		.byte	0
 1452 00ae 0F       		.uleb128 0xf
 1453 00af 0D       		.uleb128 0xd
 1454 00b0 00       		.byte	0
 1455 00b1 03       		.uleb128 0x3
 1456 00b2 08       		.uleb128 0x8
 1457 00b3 3A       		.uleb128 0x3a
 1458 00b4 0B       		.uleb128 0xb
 1459 00b5 3B       		.uleb128 0x3b
 1460 00b6 05       		.uleb128 0x5
 1461 00b7 49       		.uleb128 0x49
 1462 00b8 13       		.uleb128 0x13
 1463 00b9 38       		.uleb128 0x38
 1464 00ba 0A       		.uleb128 0xa
 1465 00bb 00       		.byte	0
 1466 00bc 00       		.byte	0
 1467 00bd 10       		.uleb128 0x10
 1468 00be 0F       		.uleb128 0xf
 1469 00bf 00       		.byte	0
 1470 00c0 0B       		.uleb128 0xb
 1471 00c1 0B       		.uleb128 0xb
 1472 00c2 49       		.uleb128 0x49
 1473 00c3 13       		.uleb128 0x13
ARM GAS  /tmp/ccqocqeD.s 			page 27


 1474 00c4 00       		.byte	0
 1475 00c5 00       		.byte	0
 1476 00c6 11       		.uleb128 0x11
 1477 00c7 15       		.uleb128 0x15
 1478 00c8 01       		.byte	0x1
 1479 00c9 27       		.uleb128 0x27
 1480 00ca 0C       		.uleb128 0xc
 1481 00cb 01       		.uleb128 0x1
 1482 00cc 13       		.uleb128 0x13
 1483 00cd 00       		.byte	0
 1484 00ce 00       		.byte	0
 1485 00cf 12       		.uleb128 0x12
 1486 00d0 05       		.uleb128 0x5
 1487 00d1 00       		.byte	0
 1488 00d2 49       		.uleb128 0x49
 1489 00d3 13       		.uleb128 0x13
 1490 00d4 00       		.byte	0
 1491 00d5 00       		.byte	0
 1492 00d6 13       		.uleb128 0x13
 1493 00d7 16       		.uleb128 0x16
 1494 00d8 00       		.byte	0
 1495 00d9 03       		.uleb128 0x3
 1496 00da 0E       		.uleb128 0xe
 1497 00db 3A       		.uleb128 0x3a
 1498 00dc 0B       		.uleb128 0xb
 1499 00dd 3B       		.uleb128 0x3b
 1500 00de 05       		.uleb128 0x5
 1501 00df 49       		.uleb128 0x49
 1502 00e0 13       		.uleb128 0x13
 1503 00e1 00       		.byte	0
 1504 00e2 00       		.byte	0
 1505 00e3 14       		.uleb128 0x14
 1506 00e4 13       		.uleb128 0x13
 1507 00e5 01       		.byte	0x1
 1508 00e6 0B       		.uleb128 0xb
 1509 00e7 0B       		.uleb128 0xb
 1510 00e8 3A       		.uleb128 0x3a
 1511 00e9 0B       		.uleb128 0xb
 1512 00ea 3B       		.uleb128 0x3b
 1513 00eb 05       		.uleb128 0x5
 1514 00ec 01       		.uleb128 0x1
 1515 00ed 13       		.uleb128 0x13
 1516 00ee 00       		.byte	0
 1517 00ef 00       		.byte	0
 1518 00f0 15       		.uleb128 0x15
 1519 00f1 26       		.uleb128 0x26
 1520 00f2 00       		.byte	0
 1521 00f3 49       		.uleb128 0x49
 1522 00f4 13       		.uleb128 0x13
 1523 00f5 00       		.byte	0
 1524 00f6 00       		.byte	0
 1525 00f7 16       		.uleb128 0x16
 1526 00f8 2E       		.uleb128 0x2e
 1527 00f9 01       		.byte	0x1
 1528 00fa 3F       		.uleb128 0x3f
 1529 00fb 0C       		.uleb128 0xc
 1530 00fc 03       		.uleb128 0x3
ARM GAS  /tmp/ccqocqeD.s 			page 28


 1531 00fd 0E       		.uleb128 0xe
 1532 00fe 3A       		.uleb128 0x3a
 1533 00ff 0B       		.uleb128 0xb
 1534 0100 3B       		.uleb128 0x3b
 1535 0101 0B       		.uleb128 0xb
 1536 0102 27       		.uleb128 0x27
 1537 0103 0C       		.uleb128 0xc
 1538 0104 11       		.uleb128 0x11
 1539 0105 01       		.uleb128 0x1
 1540 0106 12       		.uleb128 0x12
 1541 0107 01       		.uleb128 0x1
 1542 0108 40       		.uleb128 0x40
 1543 0109 0A       		.uleb128 0xa
 1544 010a 9742     		.uleb128 0x2117
 1545 010c 0C       		.uleb128 0xc
 1546 010d 01       		.uleb128 0x1
 1547 010e 13       		.uleb128 0x13
 1548 010f 00       		.byte	0
 1549 0110 00       		.byte	0
 1550 0111 17       		.uleb128 0x17
 1551 0112 898201   		.uleb128 0x4109
 1552 0115 00       		.byte	0
 1553 0116 11       		.uleb128 0x11
 1554 0117 01       		.uleb128 0x1
 1555 0118 9542     		.uleb128 0x2115
 1556 011a 0C       		.uleb128 0xc
 1557 011b 31       		.uleb128 0x31
 1558 011c 13       		.uleb128 0x13
 1559 011d 00       		.byte	0
 1560 011e 00       		.byte	0
 1561 011f 18       		.uleb128 0x18
 1562 0120 05       		.uleb128 0x5
 1563 0121 00       		.byte	0
 1564 0122 03       		.uleb128 0x3
 1565 0123 0E       		.uleb128 0xe
 1566 0124 3A       		.uleb128 0x3a
 1567 0125 0B       		.uleb128 0xb
 1568 0126 3B       		.uleb128 0x3b
 1569 0127 0B       		.uleb128 0xb
 1570 0128 49       		.uleb128 0x49
 1571 0129 13       		.uleb128 0x13
 1572 012a 02       		.uleb128 0x2
 1573 012b 0A       		.uleb128 0xa
 1574 012c 00       		.byte	0
 1575 012d 00       		.byte	0
 1576 012e 19       		.uleb128 0x19
 1577 012f 2E       		.uleb128 0x2e
 1578 0130 01       		.byte	0x1
 1579 0131 3F       		.uleb128 0x3f
 1580 0132 0C       		.uleb128 0xc
 1581 0133 03       		.uleb128 0x3
 1582 0134 0E       		.uleb128 0xe
 1583 0135 3A       		.uleb128 0x3a
 1584 0136 0B       		.uleb128 0xb
 1585 0137 3B       		.uleb128 0x3b
 1586 0138 0B       		.uleb128 0xb
 1587 0139 27       		.uleb128 0x27
ARM GAS  /tmp/ccqocqeD.s 			page 29


 1588 013a 0C       		.uleb128 0xc
 1589 013b 11       		.uleb128 0x11
 1590 013c 01       		.uleb128 0x1
 1591 013d 12       		.uleb128 0x12
 1592 013e 01       		.uleb128 0x1
 1593 013f 40       		.uleb128 0x40
 1594 0140 06       		.uleb128 0x6
 1595 0141 9742     		.uleb128 0x2117
 1596 0143 0C       		.uleb128 0xc
 1597 0144 01       		.uleb128 0x1
 1598 0145 13       		.uleb128 0x13
 1599 0146 00       		.byte	0
 1600 0147 00       		.byte	0
 1601 0148 1A       		.uleb128 0x1a
 1602 0149 05       		.uleb128 0x5
 1603 014a 00       		.byte	0
 1604 014b 03       		.uleb128 0x3
 1605 014c 0E       		.uleb128 0xe
 1606 014d 3A       		.uleb128 0x3a
 1607 014e 0B       		.uleb128 0xb
 1608 014f 3B       		.uleb128 0x3b
 1609 0150 0B       		.uleb128 0xb
 1610 0151 49       		.uleb128 0x49
 1611 0152 13       		.uleb128 0x13
 1612 0153 02       		.uleb128 0x2
 1613 0154 06       		.uleb128 0x6
 1614 0155 00       		.byte	0
 1615 0156 00       		.byte	0
 1616 0157 1B       		.uleb128 0x1b
 1617 0158 0B       		.uleb128 0xb
 1618 0159 01       		.byte	0x1
 1619 015a 55       		.uleb128 0x55
 1620 015b 06       		.uleb128 0x6
 1621 015c 01       		.uleb128 0x1
 1622 015d 13       		.uleb128 0x13
 1623 015e 00       		.byte	0
 1624 015f 00       		.byte	0
 1625 0160 1C       		.uleb128 0x1c
 1626 0161 34       		.uleb128 0x34
 1627 0162 00       		.byte	0
 1628 0163 03       		.uleb128 0x3
 1629 0164 08       		.uleb128 0x8
 1630 0165 3A       		.uleb128 0x3a
 1631 0166 0B       		.uleb128 0xb
 1632 0167 3B       		.uleb128 0x3b
 1633 0168 0B       		.uleb128 0xb
 1634 0169 49       		.uleb128 0x49
 1635 016a 13       		.uleb128 0x13
 1636 016b 02       		.uleb128 0x2
 1637 016c 06       		.uleb128 0x6
 1638 016d 00       		.byte	0
 1639 016e 00       		.byte	0
 1640 016f 1D       		.uleb128 0x1d
 1641 0170 0B       		.uleb128 0xb
 1642 0171 01       		.byte	0x1
 1643 0172 11       		.uleb128 0x11
 1644 0173 01       		.uleb128 0x1
ARM GAS  /tmp/ccqocqeD.s 			page 30


 1645 0174 12       		.uleb128 0x12
 1646 0175 01       		.uleb128 0x1
 1647 0176 01       		.uleb128 0x1
 1648 0177 13       		.uleb128 0x13
 1649 0178 00       		.byte	0
 1650 0179 00       		.byte	0
 1651 017a 1E       		.uleb128 0x1e
 1652 017b 898201   		.uleb128 0x4109
 1653 017e 01       		.byte	0x1
 1654 017f 11       		.uleb128 0x11
 1655 0180 01       		.uleb128 0x1
 1656 0181 31       		.uleb128 0x31
 1657 0182 13       		.uleb128 0x13
 1658 0183 00       		.byte	0
 1659 0184 00       		.byte	0
 1660 0185 1F       		.uleb128 0x1f
 1661 0186 8A8201   		.uleb128 0x410a
 1662 0189 00       		.byte	0
 1663 018a 02       		.uleb128 0x2
 1664 018b 0A       		.uleb128 0xa
 1665 018c 9142     		.uleb128 0x2111
 1666 018e 0A       		.uleb128 0xa
 1667 018f 00       		.byte	0
 1668 0190 00       		.byte	0
 1669 0191 20       		.uleb128 0x20
 1670 0192 0B       		.uleb128 0xb
 1671 0193 01       		.byte	0x1
 1672 0194 11       		.uleb128 0x11
 1673 0195 01       		.uleb128 0x1
 1674 0196 12       		.uleb128 0x12
 1675 0197 01       		.uleb128 0x1
 1676 0198 00       		.byte	0
 1677 0199 00       		.byte	0
 1678 019a 21       		.uleb128 0x21
 1679 019b 34       		.uleb128 0x34
 1680 019c 00       		.byte	0
 1681 019d 03       		.uleb128 0x3
 1682 019e 0E       		.uleb128 0xe
 1683 019f 3A       		.uleb128 0x3a
 1684 01a0 0B       		.uleb128 0xb
 1685 01a1 3B       		.uleb128 0x3b
 1686 01a2 05       		.uleb128 0x5
 1687 01a3 49       		.uleb128 0x49
 1688 01a4 13       		.uleb128 0x13
 1689 01a5 3F       		.uleb128 0x3f
 1690 01a6 0C       		.uleb128 0xc
 1691 01a7 3C       		.uleb128 0x3c
 1692 01a8 0C       		.uleb128 0xc
 1693 01a9 00       		.byte	0
 1694 01aa 00       		.byte	0
 1695 01ab 22       		.uleb128 0x22
 1696 01ac 2E       		.uleb128 0x2e
 1697 01ad 00       		.byte	0
 1698 01ae 3F       		.uleb128 0x3f
 1699 01af 0C       		.uleb128 0xc
 1700 01b0 03       		.uleb128 0x3
 1701 01b1 0E       		.uleb128 0xe
ARM GAS  /tmp/ccqocqeD.s 			page 31


 1702 01b2 3A       		.uleb128 0x3a
 1703 01b3 0B       		.uleb128 0xb
 1704 01b4 3B       		.uleb128 0x3b
 1705 01b5 05       		.uleb128 0x5
 1706 01b6 27       		.uleb128 0x27
 1707 01b7 0C       		.uleb128 0xc
 1708 01b8 3C       		.uleb128 0x3c
 1709 01b9 0C       		.uleb128 0xc
 1710 01ba 00       		.byte	0
 1711 01bb 00       		.byte	0
 1712 01bc 23       		.uleb128 0x23
 1713 01bd 2E       		.uleb128 0x2e
 1714 01be 01       		.byte	0x1
 1715 01bf 3F       		.uleb128 0x3f
 1716 01c0 0C       		.uleb128 0xc
 1717 01c1 03       		.uleb128 0x3
 1718 01c2 0E       		.uleb128 0xe
 1719 01c3 3A       		.uleb128 0x3a
 1720 01c4 0B       		.uleb128 0xb
 1721 01c5 3B       		.uleb128 0x3b
 1722 01c6 05       		.uleb128 0x5
 1723 01c7 27       		.uleb128 0x27
 1724 01c8 0C       		.uleb128 0xc
 1725 01c9 3C       		.uleb128 0x3c
 1726 01ca 0C       		.uleb128 0xc
 1727 01cb 01       		.uleb128 0x1
 1728 01cc 13       		.uleb128 0x13
 1729 01cd 00       		.byte	0
 1730 01ce 00       		.byte	0
 1731 01cf 24       		.uleb128 0x24
 1732 01d0 2E       		.uleb128 0x2e
 1733 01d1 01       		.byte	0x1
 1734 01d2 3F       		.uleb128 0x3f
 1735 01d3 0C       		.uleb128 0xc
 1736 01d4 03       		.uleb128 0x3
 1737 01d5 0E       		.uleb128 0xe
 1738 01d6 3A       		.uleb128 0x3a
 1739 01d7 0B       		.uleb128 0xb
 1740 01d8 3B       		.uleb128 0x3b
 1741 01d9 05       		.uleb128 0x5
 1742 01da 27       		.uleb128 0x27
 1743 01db 0C       		.uleb128 0xc
 1744 01dc 3C       		.uleb128 0x3c
 1745 01dd 0C       		.uleb128 0xc
 1746 01de 00       		.byte	0
 1747 01df 00       		.byte	0
 1748 01e0 00       		.byte	0
 1749              		.section	.debug_loc,"",%progbits
 1750              	.Ldebug_loc0:
 1751              	.LLST0:
 1752 0000 00000000 		.4byte	.LFB120
 1753 0004 02000000 		.4byte	.LCFI0
 1754 0008 0200     		.2byte	0x2
 1755 000a 7D       		.byte	0x7d
 1756 000b 00       		.sleb128 0
 1757 000c 02000000 		.4byte	.LCFI0
 1758 0010 20000000 		.4byte	.LFE120
ARM GAS  /tmp/ccqocqeD.s 			page 32


 1759 0014 0200     		.2byte	0x2
 1760 0016 7D       		.byte	0x7d
 1761 0017 08       		.sleb128 8
 1762 0018 00000000 		.4byte	0
 1763 001c 00000000 		.4byte	0
 1764              	.LLST1:
 1765 0020 00000000 		.4byte	.LVL2
 1766 0024 13000000 		.4byte	.LVL6-1
 1767 0028 0100     		.2byte	0x1
 1768 002a 50       		.byte	0x50
 1769 002b 13000000 		.4byte	.LVL6-1
 1770 002f 20000000 		.4byte	.LFE120
 1771 0033 0100     		.2byte	0x1
 1772 0035 54       		.byte	0x54
 1773 0036 00000000 		.4byte	0
 1774 003a 00000000 		.4byte	0
 1775              	.LLST2:
 1776 003e 00000000 		.4byte	.LVL2
 1777 0042 13000000 		.4byte	.LVL6-1
 1778 0046 0100     		.2byte	0x1
 1779 0048 51       		.byte	0x51
 1780 0049 13000000 		.4byte	.LVL6-1
 1781 004d 20000000 		.4byte	.LFE120
 1782 0051 0400     		.2byte	0x4
 1783 0053 F3       		.byte	0xf3
 1784 0054 01       		.uleb128 0x1
 1785 0055 51       		.byte	0x51
 1786 0056 9F       		.byte	0x9f
 1787 0057 00000000 		.4byte	0
 1788 005b 00000000 		.4byte	0
 1789              	.LLST3:
 1790 005f 0A000000 		.4byte	.LVL4
 1791 0063 0C000000 		.4byte	.LVL5
 1792 0067 0100     		.2byte	0x1
 1793 0069 53       		.byte	0x53
 1794 006a 00000000 		.4byte	0
 1795 006e 00000000 		.4byte	0
 1796              	.LLST4:
 1797 0072 1E000000 		.4byte	.LVL8
 1798 0076 20000000 		.4byte	.LFE120
 1799 007a 0100     		.2byte	0x1
 1800 007c 53       		.byte	0x53
 1801 007d 00000000 		.4byte	0
 1802 0081 00000000 		.4byte	0
 1803              	.LLST5:
 1804 0085 00000000 		.4byte	.LFB121
 1805 0089 02000000 		.4byte	.LCFI1
 1806 008d 0200     		.2byte	0x2
 1807 008f 7D       		.byte	0x7d
 1808 0090 00       		.sleb128 0
 1809 0091 02000000 		.4byte	.LCFI1
 1810 0095 1A000000 		.4byte	.LFE121
 1811 0099 0200     		.2byte	0x2
 1812 009b 7D       		.byte	0x7d
 1813 009c 08       		.sleb128 8
 1814 009d 00000000 		.4byte	0
 1815 00a1 00000000 		.4byte	0
ARM GAS  /tmp/ccqocqeD.s 			page 33


 1816              	.LLST6:
 1817 00a5 00000000 		.4byte	.LVL9
 1818 00a9 0D000000 		.4byte	.LVL12-1
 1819 00ad 0100     		.2byte	0x1
 1820 00af 50       		.byte	0x50
 1821 00b0 0D000000 		.4byte	.LVL12-1
 1822 00b4 1A000000 		.4byte	.LFE121
 1823 00b8 0100     		.2byte	0x1
 1824 00ba 54       		.byte	0x54
 1825 00bb 00000000 		.4byte	0
 1826 00bf 00000000 		.4byte	0
 1827              	.LLST7:
 1828 00c3 0A000000 		.4byte	.LVL11
 1829 00c7 0D000000 		.4byte	.LVL12-1
 1830 00cb 0100     		.2byte	0x1
 1831 00cd 53       		.byte	0x53
 1832 00ce 00000000 		.4byte	0
 1833 00d2 00000000 		.4byte	0
 1834              	.LLST8:
 1835 00d6 18000000 		.4byte	.LVL14
 1836 00da 1A000000 		.4byte	.LFE121
 1837 00de 0100     		.2byte	0x1
 1838 00e0 53       		.byte	0x53
 1839 00e1 00000000 		.4byte	0
 1840 00e5 00000000 		.4byte	0
 1841              	.LLST9:
 1842 00e9 06000000 		.4byte	.LVL17
 1843 00ed 08000000 		.4byte	.LVL18
 1844 00f1 0100     		.2byte	0x1
 1845 00f3 53       		.byte	0x53
 1846 00f4 00000000 		.4byte	0
 1847 00f8 00000000 		.4byte	0
 1848              	.LLST10:
 1849 00fc 16000000 		.4byte	.LVL20
 1850 0100 18000000 		.4byte	.LFE122
 1851 0104 0100     		.2byte	0x1
 1852 0106 53       		.byte	0x53
 1853 0107 00000000 		.4byte	0
 1854 010b 00000000 		.4byte	0
 1855              	.LLST11:
 1856 010f 00000000 		.4byte	.LFB123
 1857 0113 02000000 		.4byte	.LCFI2
 1858 0117 0200     		.2byte	0x2
 1859 0119 7D       		.byte	0x7d
 1860 011a 00       		.sleb128 0
 1861 011b 02000000 		.4byte	.LCFI2
 1862 011f 14000000 		.4byte	.LFE123
 1863 0123 0200     		.2byte	0x2
 1864 0125 7D       		.byte	0x7d
 1865 0126 08       		.sleb128 8
 1866 0127 00000000 		.4byte	0
 1867 012b 00000000 		.4byte	0
 1868              	.LLST12:
 1869 012f 00000000 		.4byte	.LVL21
 1870 0133 0B000000 		.4byte	.LVL24-1
 1871 0137 0100     		.2byte	0x1
 1872 0139 50       		.byte	0x50
ARM GAS  /tmp/ccqocqeD.s 			page 34


 1873 013a 0B000000 		.4byte	.LVL24-1
 1874 013e 14000000 		.4byte	.LFE123
 1875 0142 0400     		.2byte	0x4
 1876 0144 F3       		.byte	0xf3
 1877 0145 01       		.uleb128 0x1
 1878 0146 50       		.byte	0x50
 1879 0147 9F       		.byte	0x9f
 1880 0148 00000000 		.4byte	0
 1881 014c 00000000 		.4byte	0
 1882              	.LLST13:
 1883 0150 00000000 		.4byte	.LVL21
 1884 0154 0B000000 		.4byte	.LVL24-1
 1885 0158 0100     		.2byte	0x1
 1886 015a 51       		.byte	0x51
 1887 015b 0B000000 		.4byte	.LVL24-1
 1888 015f 14000000 		.4byte	.LFE123
 1889 0163 0400     		.2byte	0x4
 1890 0165 F3       		.byte	0xf3
 1891 0166 01       		.uleb128 0x1
 1892 0167 51       		.byte	0x51
 1893 0168 9F       		.byte	0x9f
 1894 0169 00000000 		.4byte	0
 1895 016d 00000000 		.4byte	0
 1896              	.LLST14:
 1897 0171 00000000 		.4byte	.LVL21
 1898 0175 0B000000 		.4byte	.LVL24-1
 1899 0179 0100     		.2byte	0x1
 1900 017b 52       		.byte	0x52
 1901 017c 0B000000 		.4byte	.LVL24-1
 1902 0180 14000000 		.4byte	.LFE123
 1903 0184 0400     		.2byte	0x4
 1904 0186 F3       		.byte	0xf3
 1905 0187 01       		.uleb128 0x1
 1906 0188 52       		.byte	0x52
 1907 0189 9F       		.byte	0x9f
 1908 018a 00000000 		.4byte	0
 1909 018e 00000000 		.4byte	0
 1910              	.LLST15:
 1911 0192 08000000 		.4byte	.LVL23
 1912 0196 0B000000 		.4byte	.LVL24-1
 1913 019a 0100     		.2byte	0x1
 1914 019c 53       		.byte	0x53
 1915 019d 00000000 		.4byte	0
 1916 01a1 00000000 		.4byte	0
 1917              	.LLST16:
 1918 01a5 12000000 		.4byte	.LVL26
 1919 01a9 14000000 		.4byte	.LFE123
 1920 01ad 0100     		.2byte	0x1
 1921 01af 53       		.byte	0x53
 1922 01b0 00000000 		.4byte	0
 1923 01b4 00000000 		.4byte	0
 1924              	.LLST17:
 1925 01b8 00000000 		.4byte	.LFB124
 1926 01bc 02000000 		.4byte	.LCFI3
 1927 01c0 0200     		.2byte	0x2
 1928 01c2 7D       		.byte	0x7d
 1929 01c3 00       		.sleb128 0
ARM GAS  /tmp/ccqocqeD.s 			page 35


 1930 01c4 02000000 		.4byte	.LCFI3
 1931 01c8 14000000 		.4byte	.LFE124
 1932 01cc 0200     		.2byte	0x2
 1933 01ce 7D       		.byte	0x7d
 1934 01cf 08       		.sleb128 8
 1935 01d0 00000000 		.4byte	0
 1936 01d4 00000000 		.4byte	0
 1937              	.LLST18:
 1938 01d8 00000000 		.4byte	.LVL27
 1939 01dc 0B000000 		.4byte	.LVL30-1
 1940 01e0 0100     		.2byte	0x1
 1941 01e2 50       		.byte	0x50
 1942 01e3 0B000000 		.4byte	.LVL30-1
 1943 01e7 14000000 		.4byte	.LFE124
 1944 01eb 0400     		.2byte	0x4
 1945 01ed F3       		.byte	0xf3
 1946 01ee 01       		.uleb128 0x1
 1947 01ef 50       		.byte	0x50
 1948 01f0 9F       		.byte	0x9f
 1949 01f1 00000000 		.4byte	0
 1950 01f5 00000000 		.4byte	0
 1951              	.LLST19:
 1952 01f9 00000000 		.4byte	.LVL27
 1953 01fd 0B000000 		.4byte	.LVL30-1
 1954 0201 0100     		.2byte	0x1
 1955 0203 51       		.byte	0x51
 1956 0204 0B000000 		.4byte	.LVL30-1
 1957 0208 14000000 		.4byte	.LFE124
 1958 020c 0400     		.2byte	0x4
 1959 020e F3       		.byte	0xf3
 1960 020f 01       		.uleb128 0x1
 1961 0210 51       		.byte	0x51
 1962 0211 9F       		.byte	0x9f
 1963 0212 00000000 		.4byte	0
 1964 0216 00000000 		.4byte	0
 1965              	.LLST20:
 1966 021a 08000000 		.4byte	.LVL29
 1967 021e 0B000000 		.4byte	.LVL30-1
 1968 0222 0100     		.2byte	0x1
 1969 0224 53       		.byte	0x53
 1970 0225 00000000 		.4byte	0
 1971 0229 00000000 		.4byte	0
 1972              	.LLST21:
 1973 022d 12000000 		.4byte	.LVL32
 1974 0231 14000000 		.4byte	.LFE124
 1975 0235 0100     		.2byte	0x1
 1976 0237 53       		.byte	0x53
 1977 0238 00000000 		.4byte	0
 1978 023c 00000000 		.4byte	0
 1979              		.section	.debug_aranges,"",%progbits
 1980 0000 4C000000 		.4byte	0x4c
 1981 0004 0200     		.2byte	0x2
 1982 0006 00000000 		.4byte	.Ldebug_info0
 1983 000a 04       		.byte	0x4
 1984 000b 00       		.byte	0
 1985 000c 0000     		.2byte	0
 1986 000e 0000     		.2byte	0
ARM GAS  /tmp/ccqocqeD.s 			page 36


 1987 0010 00000000 		.4byte	.LFB118
 1988 0014 04000000 		.4byte	.LFE118-.LFB118
 1989 0018 00000000 		.4byte	.LFB119
 1990 001c 0A000000 		.4byte	.LFE119-.LFB119
 1991 0020 00000000 		.4byte	.LFB120
 1992 0024 20000000 		.4byte	.LFE120-.LFB120
 1993 0028 00000000 		.4byte	.LFB121
 1994 002c 1A000000 		.4byte	.LFE121-.LFB121
 1995 0030 00000000 		.4byte	.LFB122
 1996 0034 18000000 		.4byte	.LFE122-.LFB122
 1997 0038 00000000 		.4byte	.LFB123
 1998 003c 14000000 		.4byte	.LFE123-.LFB123
 1999 0040 00000000 		.4byte	.LFB124
 2000 0044 14000000 		.4byte	.LFE124-.LFB124
 2001 0048 00000000 		.4byte	0
 2002 004c 00000000 		.4byte	0
 2003              		.section	.debug_ranges,"",%progbits
 2004              	.Ldebug_ranges0:
 2005 0000 02000000 		.4byte	.LBB2
 2006 0004 04000000 		.4byte	.LBE2
 2007 0008 06000000 		.4byte	.LBB3
 2008 000c 0A000000 		.4byte	.LBE3
 2009 0010 00000000 		.4byte	0
 2010 0014 00000000 		.4byte	0
 2011 0018 02000000 		.4byte	.LBB5
 2012 001c 04000000 		.4byte	.LBE5
 2013 0020 06000000 		.4byte	.LBB6
 2014 0024 0A000000 		.4byte	.LBE6
 2015 0028 00000000 		.4byte	0
 2016 002c 00000000 		.4byte	0
 2017 0030 00000000 		.4byte	.LFB118
 2018 0034 04000000 		.4byte	.LFE118
 2019 0038 00000000 		.4byte	.LFB119
 2020 003c 0A000000 		.4byte	.LFE119
 2021 0040 00000000 		.4byte	.LFB120
 2022 0044 20000000 		.4byte	.LFE120
 2023 0048 00000000 		.4byte	.LFB121
 2024 004c 1A000000 		.4byte	.LFE121
 2025 0050 00000000 		.4byte	.LFB122
 2026 0054 18000000 		.4byte	.LFE122
 2027 0058 00000000 		.4byte	.LFB123
 2028 005c 14000000 		.4byte	.LFE123
 2029 0060 00000000 		.4byte	.LFB124
 2030 0064 14000000 		.4byte	.LFE124
 2031 0068 00000000 		.4byte	0
 2032 006c 00000000 		.4byte	0
 2033              		.section	.debug_line,"",%progbits
 2034              	.Ldebug_line0:
 2035 0000 06020000 		.section	.debug_str,"MS",%progbits,1
 2035      02007201 
 2035      00000201 
 2035      FB0E0D00 
 2035      01010101 
 2036              	.LASF28:
 2037 0000 43434552 		.ascii	"CCER\000"
 2037      00
 2038              	.LASF69:
ARM GAS  /tmp/ccqocqeD.s 			page 37


 2039 0005 70776D5F 		.ascii	"pwm_lld_stop\000"
 2039      6C6C645F 
 2039      73746F70 
 2039      00
 2040              	.LASF35:
 2041 0012 444D4152 		.ascii	"DMAR\000"
 2041      00
 2042              	.LASF44:
 2043 0017 73746174 		.ascii	"state\000"
 2043      6500
 2044              	.LASF26:
 2045 001d 43434D52 		.ascii	"CCMR2\000"
 2045      3200
 2046              	.LASF3:
 2047 0023 73686F72 		.ascii	"short int\000"
 2047      7420696E 
 2047      7400
 2048              	.LASF51:
 2049 002d 70776D63 		.ascii	"pwmcnt_t\000"
 2049      6E745F74 
 2049      00
 2050              	.LASF14:
 2051 0036 73697A65 		.ascii	"sizetype\000"
 2051      74797065 
 2051      00
 2052              	.LASF75:
 2053 003f 70776D5F 		.ascii	"pwm_lld_disable_channel\000"
 2053      6C6C645F 
 2053      64697361 
 2053      626C655F 
 2053      6368616E 
 2054              	.LASF50:
 2055 0057 70776D63 		.ascii	"pwmchannel_t\000"
 2055      68616E6E 
 2055      656C5F74 
 2055      00
 2056              	.LASF52:
 2057 0064 6D6F6465 		.ascii	"mode\000"
 2057      00
 2058              	.LASF56:
 2059 0069 6368616E 		.ascii	"channels\000"
 2059      6E656C73 
 2059      00
 2060              	.LASF45:
 2061 0072 636F6E66 		.ascii	"config\000"
 2061      696700
 2062              	.LASF59:
 2063 0079 70776D4F 		.ascii	"pwmObjectInit\000"
 2063      626A6563 
 2063      74496E69 
 2063      7400
 2064              	.LASF16:
 2065 0087 5F726573 		.ascii	"_resvd0\000"
 2065      76643000 
 2066              	.LASF4:
 2067 008f 75696E74 		.ascii	"uint8_t\000"
 2067      385F7400 
ARM GAS  /tmp/ccqocqeD.s 			page 38


 2068              	.LASF19:
 2069 0097 5F726573 		.ascii	"_resvd2\000"
 2069      76643200 
 2070              	.LASF21:
 2071 009f 5F726573 		.ascii	"_resvd3\000"
 2071      76643300 
 2072              	.LASF64:
 2073 00a7 70776D45 		.ascii	"pwmEnableChannel\000"
 2073      6E61626C 
 2073      65436861 
 2073      6E6E656C 
 2073      00
 2074              	.LASF23:
 2075 00b8 5F726573 		.ascii	"_resvd5\000"
 2075      76643500 
 2076              	.LASF25:
 2077 00c0 5F726573 		.ascii	"_resvd6\000"
 2077      76643600 
 2078              	.LASF27:
 2079 00c8 5F726573 		.ascii	"_resvd7\000"
 2079      76643700 
 2080              	.LASF29:
 2081 00d0 5F726573 		.ascii	"_resvd8\000"
 2081      76643800 
 2082              	.LASF30:
 2083 00d8 5F726573 		.ascii	"_resvd9\000"
 2083      76643900 
 2084              	.LASF66:
 2085 00e0 77696474 		.ascii	"width\000"
 2085      6800
 2086              	.LASF60:
 2087 00e6 70776D53 		.ascii	"pwmStart\000"
 2087      74617274 
 2087      00
 2088              	.LASF11:
 2089 00ef 6C6F6E67 		.ascii	"long long int\000"
 2089      206C6F6E 
 2089      6720696E 
 2089      7400
 2090              	.LASF8:
 2091 00fd 6C6F6E67 		.ascii	"long int\000"
 2091      20696E74 
 2091      00
 2092              	.LASF58:
 2093 0106 70776D49 		.ascii	"pwmInit\000"
 2093      6E697400 
 2094              	.LASF46:
 2095 010e 70657269 		.ascii	"period\000"
 2095      6F6400
 2096              	.LASF24:
 2097 0115 43434D52 		.ascii	"CCMR1\000"
 2097      3100
 2098              	.LASF68:
 2099 011b 70776D5F 		.ascii	"pwm_lld_start\000"
 2099      6C6C645F 
 2099      73746172 
 2099      7400
ARM GAS  /tmp/ccqocqeD.s 			page 39


 2100              	.LASF57:
 2101 0129 50574D43 		.ascii	"PWMConfig\000"
 2101      6F6E6669 
 2101      6700
 2102              	.LASF61:
 2103 0133 70776D70 		.ascii	"pwmp\000"
 2103      00
 2104              	.LASF18:
 2105 0138 534D4352 		.ascii	"SMCR\000"
 2105      00
 2106              	.LASF39:
 2107 013d 50574D5F 		.ascii	"PWM_UNINIT\000"
 2107      554E494E 
 2107      495400
 2108              	.LASF2:
 2109 0148 756E7369 		.ascii	"unsigned char\000"
 2109      676E6564 
 2109      20636861 
 2109      7200
 2110              	.LASF70:
 2111 0156 70776D5F 		.ascii	"pwm_lld_enable_channel\000"
 2111      6C6C645F 
 2111      656E6162 
 2111      6C655F63 
 2111      68616E6E 
 2112              	.LASF67:
 2113 016d 70776D44 		.ascii	"pwmDisableChannel\000"
 2113      69736162 
 2113      6C654368 
 2113      616E6E65 
 2113      6C00
 2114              	.LASF1:
 2115 017f 7369676E 		.ascii	"signed char\000"
 2115      65642063 
 2115      68617200 
 2116              	.LASF12:
 2117 018b 6C6F6E67 		.ascii	"long long unsigned int\000"
 2117      206C6F6E 
 2117      6720756E 
 2117      7369676E 
 2117      65642069 
 2118              	.LASF9:
 2119 01a2 75696E74 		.ascii	"uint32_t\000"
 2119      33325F74 
 2119      00
 2120              	.LASF0:
 2121 01ab 756E7369 		.ascii	"unsigned int\000"
 2121      676E6564 
 2121      20696E74 
 2121      00
 2122              	.LASF5:
 2123 01b8 75696E74 		.ascii	"uint16_t\000"
 2123      31365F74 
 2123      00
 2124              	.LASF32:
 2125 01c1 42445452 		.ascii	"BDTR\000"
 2125      00
ARM GAS  /tmp/ccqocqeD.s 			page 40


 2126              	.LASF20:
 2127 01c6 44494552 		.ascii	"DIER\000"
 2127      00
 2128              	.LASF33:
 2129 01cb 5F726573 		.ascii	"_resvd11\000"
 2129      76643131 
 2129      00
 2130              	.LASF34:
 2131 01d4 5F726573 		.ascii	"_resvd12\000"
 2131      76643132 
 2131      00
 2132              	.LASF36:
 2133 01dd 5F726573 		.ascii	"_resvd13\000"
 2133      76643133 
 2133      00
 2134              	.LASF37:
 2135 01e6 5F726573 		.ascii	"_resvd14\000"
 2135      76643134 
 2135      00
 2136              	.LASF6:
 2137 01ef 73686F72 		.ascii	"short unsigned int\000"
 2137      7420756E 
 2137      7369676E 
 2137      65642069 
 2137      6E7400
 2138              	.LASF74:
 2139 0202 70776D5F 		.ascii	"pwm_lld_init\000"
 2139      6C6C645F 
 2139      696E6974 
 2139      00
 2140              	.LASF15:
 2141 020f 63686172 		.ascii	"char\000"
 2141      00
 2142              	.LASF38:
 2143 0214 73746D33 		.ascii	"stm32_tim_t\000"
 2143      325F7469 
 2143      6D5F7400 
 2144              	.LASF43:
 2145 0220 50574D44 		.ascii	"PWMDriver\000"
 2145      72697665 
 2145      7200
 2146              	.LASF7:
 2147 022a 696E7433 		.ascii	"int32_t\000"
 2147      325F7400 
 2148              	.LASF13:
 2149 0232 5F426F6F 		.ascii	"_Bool\000"
 2149      6C00
 2150              	.LASF65:
 2151 0238 6368616E 		.ascii	"channel\000"
 2151      6E656C00 
 2152              	.LASF63:
 2153 0240 70776D43 		.ascii	"pwmChangePeriod\000"
 2153      68616E67 
 2153      65506572 
 2153      696F6400 
 2154              	.LASF10:
 2155 0250 6C6F6E67 		.ascii	"long unsigned int\000"
ARM GAS  /tmp/ccqocqeD.s 			page 41


 2155      20756E73 
 2155      69676E65 
 2155      6420696E 
 2155      7400
 2156              	.LASF47:
 2157 0262 636C6F63 		.ascii	"clock\000"
 2157      6B00
 2158              	.LASF31:
 2159 0268 5F726573 		.ascii	"_resvd10\000"
 2159      76643130 
 2159      00
 2160              	.LASF41:
 2161 0271 50574D5F 		.ascii	"PWM_READY\000"
 2161      52454144 
 2161      5900
 2162              	.LASF40:
 2163 027b 50574D5F 		.ascii	"PWM_STOP\000"
 2163      53544F50 
 2163      00
 2164              	.LASF62:
 2165 0284 70776D53 		.ascii	"pwmStop\000"
 2165      746F7000 
 2166              	.LASF55:
 2167 028c 66726571 		.ascii	"frequency\000"
 2167      75656E63 
 2167      7900
 2168              	.LASF54:
 2169 0296 50574D43 		.ascii	"PWMChannelConfig\000"
 2169      68616E6E 
 2169      656C436F 
 2169      6E666967 
 2169      00
 2170              	.LASF72:
 2171 02a7 2F686F6D 		.ascii	"/home/felix/Documents/ChibiOS/os/hal/src/pwm.c\000"
 2171      652F6665 
 2171      6C69782F 
 2171      446F6375 
 2171      6D656E74 
 2172              	.LASF49:
 2173 02d6 70776D6D 		.ascii	"pwmmode_t\000"
 2173      6F64655F 
 2173      7400
 2174              	.LASF73:
 2175 02e0 49544D5F 		.ascii	"ITM_RxBuffer\000"
 2175      52784275 
 2175      66666572 
 2175      00
 2176              	.LASF17:
 2177 02ed 5F726573 		.ascii	"_resvd1\000"
 2177      76643100 
 2178              	.LASF42:
 2179 02f5 70776D73 		.ascii	"pwmstate_t\000"
 2179      74617465 
 2179      5F7400
 2180              	.LASF48:
 2181 0300 70776D63 		.ascii	"pwmcallback_t\000"
 2181      616C6C62 
ARM GAS  /tmp/ccqocqeD.s 			page 42


 2181      61636B5F 
 2181      7400
 2182              	.LASF71:
 2183 030e 474E5520 		.ascii	"GNU C 4.7.3 20121205 (prerelease)\000"
 2183      4320342E 
 2183      372E3320 
 2183      32303132 
 2183      31323035 
 2184              	.LASF22:
 2185 0330 5F726573 		.ascii	"_resvd4\000"
 2185      76643400 
 2186              	.LASF53:
 2187 0338 63616C6C 		.ascii	"callback\000"
 2187      6261636B 
 2187      00
 2188              		.ident	"GCC: (Linaro GCC 4.7-2012.12) 4.7.3 20121205 (prerelease)"
ARM GAS  /tmp/ccqocqeD.s 			page 43


DEFINED SYMBOLS
                            *ABS*:0000000000000000 pwm.c
     /tmp/ccqocqeD.s:19     .text.pwmInit:0000000000000000 $t
     /tmp/ccqocqeD.s:25     .text.pwmInit:0000000000000000 pwmInit
     /tmp/ccqocqeD.s:41     .text.pwmObjectInit:0000000000000000 $t
     /tmp/ccqocqeD.s:47     .text.pwmObjectInit:0000000000000000 pwmObjectInit
     /tmp/ccqocqeD.s:68     .text.pwmStart:0000000000000000 $t
     /tmp/ccqocqeD.s:74     .text.pwmStart:0000000000000000 pwmStart
     /tmp/ccqocqeD.s:129    .text.pwmStop:0000000000000000 $t
     /tmp/ccqocqeD.s:135    .text.pwmStop:0000000000000000 pwmStop
     /tmp/ccqocqeD.s:183    .text.pwmChangePeriod:0000000000000000 $t
     /tmp/ccqocqeD.s:189    .text.pwmChangePeriod:0000000000000000 pwmChangePeriod
     /tmp/ccqocqeD.s:229    .text.pwmEnableChannel:0000000000000000 $t
     /tmp/ccqocqeD.s:235    .text.pwmEnableChannel:0000000000000000 pwmEnableChannel
     /tmp/ccqocqeD.s:275    .text.pwmDisableChannel:0000000000000000 $t
     /tmp/ccqocqeD.s:281    .text.pwmDisableChannel:0000000000000000 pwmDisableChannel
                     .debug_frame:0000000000000010 $d

UNDEFINED SYMBOLS
pwm_lld_init
pwm_lld_start
pwm_lld_stop
pwm_lld_enable_channel
pwm_lld_disable_channel
