ARM GAS  /tmp/cc47Q6uu.s 			page 1


   1              		.syntax unified
   2              		.cpu cortex-m4
   3              		.fpu softvfp
   4              		.eabi_attribute 20, 1
   5              		.eabi_attribute 21, 1
   6              		.eabi_attribute 23, 3
   7              		.eabi_attribute 24, 1
   8              		.eabi_attribute 25, 1
   9              		.eabi_attribute 26, 1
  10              		.eabi_attribute 30, 2
  11              		.eabi_attribute 34, 1
  12              		.eabi_attribute 18, 4
  13              		.thumb
  14              		.file	"receive_thread.c"
  15              		.text
  16              	.Ltext0:
  17              		.cfi_sections	.debug_frame
  18              		.section	.text.receive_thread,"ax",%progbits
  19              		.align	2
  20              		.p2align 4,,15
  21              		.global	receive_thread
  22              		.thumb
  23              		.thumb_func
  24              		.type	receive_thread, %function
  25              	receive_thread:
  26              	.LFB118:
  27              		.file 1 "receive_thread.c"
  28              		.loc 1 4 0
  29              		.cfi_startproc
  30              		@ Volatile: function does not return.
  31              		@ args = 0, pretend = 0, frame = 0
  32              		@ frame_needed = 0, uses_anonymous_args = 0
  33              	.LVL0:
  34 0000 08B5     		push	{r3, lr}
  35              	.LCFI0:
  36              		.cfi_def_cfa_offset 8
  37              		.cfi_offset 3, -8
  38              		.cfi_offset 14, -4
  39              	.LVL1:
  40              	.L2:
  41              		.loc 1 6 0 discriminator 1
  42 0002 4FF0FF31 		mov	r1, #-1
  43 0006 0548     		ldr	r0, .L4
  44 0008 FFF7FEFF 		bl	chIQGetTimeout
  45              	.LVL2:
  46 000c 4FF0FF32 		mov	r2, #-1
  47 0010 C1B2     		uxtb	r1, r0
  48 0012 0348     		ldr	r0, .L4+4
  49 0014 FFF7FEFF 		bl	chOQPutTimeout
  50              	.LVL3:
  51 0018 F3E7     		b	.L2
  52              	.L5:
  53 001a 00BF     		.align	2
  54              	.L4:
  55 001c 0C000000 		.word	SD3+12
  56 0020 30000000 		.word	SD1+48
  57              		.cfi_endproc
ARM GAS  /tmp/cc47Q6uu.s 			page 2


  58              	.LFE118:
  59              		.size	receive_thread, .-receive_thread
  60 0024 AFF30080 		.text
  60      AFF30080 
  60      AFF30080 
  61              	.Letext0:
  62              		.file 2 "/opt/tools_arm/lib/gcc/arm-none-eabi/4.7.3/include/stddef.h"
  63              		.file 3 "/opt/tools_arm/lib/gcc/arm-none-eabi/4.7.3/../../../../arm-none-eabi/include/stdint.h"
  64              		.file 4 "/home/felix/Documents/ChibiOS/os/ports/GCC/ARMCMx/chtypes.h"
  65              		.file 5 "/home/felix/Documents/ChibiOS/os/kernel/include/chlists.h"
  66              		.file 6 "/home/felix/Documents/ChibiOS/os/kernel/include/chthreads.h"
  67              		.file 7 "/home/felix/Documents/ChibiOS/os/ports/GCC/ARMCMx/chcore_v7m.h"
  68              		.file 8 "/home/felix/Documents/ChibiOS/os/kernel/include/chmtx.h"
  69              		.file 9 "/home/felix/Documents/ChibiOS/os/kernel/include/chevents.h"
  70              		.file 10 "/home/felix/Documents/ChibiOS/os/kernel/include/chqueues.h"
  71              		.file 11 "/home/felix/Documents/ChibiOS/os/hal/platforms/STM32F4xx/stm32f4xx.h"
  72              		.file 12 "/home/felix/Documents/ChibiOS/os/hal/include/serial.h"
  73              		.file 13 "/home/felix/Documents/ChibiOS/os/hal/platforms/STM32/USARTv1/serial_lld.h"
  74              		.file 14 "/home/felix/Documents/ChibiOS/os/ports/common/ARMCMx/CMSIS/include/core_cm4.h"
  75              		.section	.debug_info,"",%progbits
  76              	.Ldebug_info0:
  77 0000 3B090000 		.4byte	0x93b
  78 0004 0200     		.2byte	0x2
  79 0006 00000000 		.4byte	.Ldebug_abbrev0
  80 000a 04       		.byte	0x4
  81 000b 01       		.uleb128 0x1
  82 000c C7030000 		.4byte	.LASF107
  83 0010 01       		.byte	0x1
  84 0011 04040000 		.4byte	.LASF108
  85 0015 FB010000 		.4byte	.LASF109
  86 0019 00000000 		.4byte	.Ldebug_ranges0+0
  87 001d 00000000 		.4byte	0
  88 0021 00000000 		.4byte	0
  89 0025 00000000 		.4byte	.Ldebug_line0
  90 0029 02       		.uleb128 0x2
  91 002a 04       		.byte	0x4
  92 002b 05       		.byte	0x5
  93 002c 696E7400 		.ascii	"int\000"
  94 0030 03       		.uleb128 0x3
  95 0031 0F000000 		.4byte	.LASF2
  96 0035 02       		.byte	0x2
  97 0036 D5       		.byte	0xd5
  98 0037 3B000000 		.4byte	0x3b
  99 003b 04       		.uleb128 0x4
 100 003c 04       		.byte	0x4
 101 003d 07       		.byte	0x7
 102 003e 00010000 		.4byte	.LASF0
 103 0042 04       		.uleb128 0x4
 104 0043 01       		.byte	0x1
 105 0044 06       		.byte	0x6
 106 0045 7B000000 		.4byte	.LASF1
 107 0049 03       		.uleb128 0x3
 108 004a BF030000 		.4byte	.LASF3
 109 004e 03       		.byte	0x3
 110 004f 2A       		.byte	0x2a
 111 0050 54000000 		.4byte	0x54
 112 0054 04       		.uleb128 0x4
ARM GAS  /tmp/cc47Q6uu.s 			page 3


 113 0055 01       		.byte	0x1
 114 0056 08       		.byte	0x8
 115 0057 90020000 		.4byte	.LASF4
 116 005b 04       		.uleb128 0x4
 117 005c 02       		.byte	0x2
 118 005d 05       		.byte	0x5
 119 005e BD020000 		.4byte	.LASF5
 120 0062 03       		.uleb128 0x3
 121 0063 0D010000 		.4byte	.LASF6
 122 0067 03       		.byte	0x3
 123 0068 36       		.byte	0x36
 124 0069 6D000000 		.4byte	0x6d
 125 006d 04       		.uleb128 0x4
 126 006e 02       		.byte	0x2
 127 006f 07       		.byte	0x7
 128 0070 43010000 		.4byte	.LASF7
 129 0074 03       		.uleb128 0x3
 130 0075 88020000 		.4byte	.LASF8
 131 0079 03       		.byte	0x3
 132 007a 4F       		.byte	0x4f
 133 007b 7F000000 		.4byte	0x7f
 134 007f 04       		.uleb128 0x4
 135 0080 04       		.byte	0x4
 136 0081 05       		.byte	0x5
 137 0082 AC000000 		.4byte	.LASF9
 138 0086 03       		.uleb128 0x3
 139 0087 25030000 		.4byte	.LASF10
 140 008b 03       		.byte	0x3
 141 008c 50       		.byte	0x50
 142 008d 91000000 		.4byte	0x91
 143 0091 04       		.uleb128 0x4
 144 0092 04       		.byte	0x4
 145 0093 07       		.byte	0x7
 146 0094 45030000 		.4byte	.LASF11
 147 0098 04       		.uleb128 0x4
 148 0099 08       		.byte	0x8
 149 009a 05       		.byte	0x5
 150 009b 6D000000 		.4byte	.LASF12
 151 009f 04       		.uleb128 0x4
 152 00a0 08       		.byte	0x8
 153 00a1 07       		.byte	0x7
 154 00a2 29000000 		.4byte	.LASF13
 155 00a6 04       		.uleb128 0x4
 156 00a7 01       		.byte	0x1
 157 00a8 02       		.byte	0x2
 158 00a9 82020000 		.4byte	.LASF14
 159 00ad 03       		.uleb128 0x3
 160 00ae 78010000 		.4byte	.LASF15
 161 00b2 04       		.byte	0x4
 162 00b3 2C       		.byte	0x2c
 163 00b4 49000000 		.4byte	0x49
 164 00b8 03       		.uleb128 0x3
 165 00b9 B5000000 		.4byte	.LASF16
 166 00bd 04       		.byte	0x4
 167 00be 2D       		.byte	0x2d
 168 00bf 49000000 		.4byte	0x49
 169 00c3 03       		.uleb128 0x3
ARM GAS  /tmp/cc47Q6uu.s 			page 4


 170 00c4 27020000 		.4byte	.LASF17
 171 00c8 04       		.byte	0x4
 172 00c9 2E       		.byte	0x2e
 173 00ca 49000000 		.4byte	0x49
 174 00ce 03       		.uleb128 0x3
 175 00cf 9C000000 		.4byte	.LASF18
 176 00d3 04       		.byte	0x4
 177 00d4 2F       		.byte	0x2f
 178 00d5 49000000 		.4byte	0x49
 179 00d9 03       		.uleb128 0x3
 180 00da 72020000 		.4byte	.LASF19
 181 00de 04       		.byte	0x4
 182 00df 30       		.byte	0x30
 183 00e0 86000000 		.4byte	0x86
 184 00e4 03       		.uleb128 0x3
 185 00e5 56010000 		.4byte	.LASF20
 186 00e9 04       		.byte	0x4
 187 00ea 31       		.byte	0x31
 188 00eb 74000000 		.4byte	0x74
 189 00ef 03       		.uleb128 0x3
 190 00f0 8C010000 		.4byte	.LASF21
 191 00f4 04       		.byte	0x4
 192 00f5 33       		.byte	0x33
 193 00f6 86000000 		.4byte	0x86
 194 00fa 03       		.uleb128 0x3
 195 00fb 95030000 		.4byte	.LASF22
 196 00ff 04       		.byte	0x4
 197 0100 34       		.byte	0x34
 198 0101 86000000 		.4byte	0x86
 199 0105 03       		.uleb128 0x3
 200 0106 68030000 		.4byte	.LASF23
 201 010a 04       		.byte	0x4
 202 010b 35       		.byte	0x35
 203 010c 86000000 		.4byte	0x86
 204 0110 03       		.uleb128 0x3
 205 0111 FF020000 		.4byte	.LASF24
 206 0115 05       		.byte	0x5
 207 0116 2A       		.byte	0x2a
 208 0117 1B010000 		.4byte	0x11b
 209 011b 05       		.uleb128 0x5
 210 011c FF020000 		.4byte	.LASF24
 211 0120 48       		.byte	0x48
 212 0121 06       		.byte	0x6
 213 0122 5E       		.byte	0x5e
 214 0123 40020000 		.4byte	0x240
 215 0127 06       		.uleb128 0x6
 216 0128 E0020000 		.4byte	.LASF25
 217 012c 06       		.byte	0x6
 218 012d 5F       		.byte	0x5f
 219 012e 65020000 		.4byte	0x265
 220 0132 02       		.byte	0x2
 221 0133 23       		.byte	0x23
 222 0134 00       		.uleb128 0
 223 0135 06       		.uleb128 0x6
 224 0136 61020000 		.4byte	.LASF26
 225 013a 06       		.byte	0x6
 226 013b 61       		.byte	0x61
ARM GAS  /tmp/cc47Q6uu.s 			page 5


 227 013c 65020000 		.4byte	0x265
 228 0140 02       		.byte	0x2
 229 0141 23       		.byte	0x23
 230 0142 04       		.uleb128 0x4
 231 0143 06       		.uleb128 0x6
 232 0144 56000000 		.4byte	.LASF27
 233 0148 06       		.byte	0x6
 234 0149 63       		.byte	0x63
 235 014a D9000000 		.4byte	0xd9
 236 014e 02       		.byte	0x2
 237 014f 23       		.byte	0x23
 238 0150 08       		.uleb128 0x8
 239 0151 06       		.uleb128 0x6
 240 0152 33040000 		.4byte	.LASF28
 241 0156 06       		.byte	0x6
 242 0157 64       		.byte	0x64
 243 0158 33030000 		.4byte	0x333
 244 015c 02       		.byte	0x2
 245 015d 23       		.byte	0x23
 246 015e 0C       		.uleb128 0xc
 247 015f 06       		.uleb128 0x6
 248 0160 DD000000 		.4byte	.LASF29
 249 0164 06       		.byte	0x6
 250 0165 66       		.byte	0x66
 251 0166 65020000 		.4byte	0x265
 252 016a 02       		.byte	0x2
 253 016b 23       		.byte	0x23
 254 016c 10       		.uleb128 0x10
 255 016d 06       		.uleb128 0x6
 256 016e DE010000 		.4byte	.LASF30
 257 0172 06       		.byte	0x6
 258 0173 67       		.byte	0x67
 259 0174 65020000 		.4byte	0x265
 260 0178 02       		.byte	0x2
 261 0179 23       		.byte	0x23
 262 017a 14       		.uleb128 0x14
 263 017b 06       		.uleb128 0x6
 264 017c A7030000 		.4byte	.LASF31
 265 0180 06       		.byte	0x6
 266 0181 6E       		.byte	0x6e
 267 0182 5B040000 		.4byte	0x45b
 268 0186 02       		.byte	0x2
 269 0187 23       		.byte	0x23
 270 0188 18       		.uleb128 0x18
 271 0189 06       		.uleb128 0x6
 272 018a C7020000 		.4byte	.LASF32
 273 018e 06       		.byte	0x6
 274 018f 79       		.byte	0x79
 275 0190 B8000000 		.4byte	0xb8
 276 0194 02       		.byte	0x2
 277 0195 23       		.byte	0x23
 278 0196 1C       		.uleb128 0x1c
 279 0197 06       		.uleb128 0x6
 280 0198 E7020000 		.4byte	.LASF33
 281 019c 06       		.byte	0x6
 282 019d 7D       		.byte	0x7d
 283 019e AD000000 		.4byte	0xad
ARM GAS  /tmp/cc47Q6uu.s 			page 6


 284 01a2 02       		.byte	0x2
 285 01a3 23       		.byte	0x23
 286 01a4 1D       		.uleb128 0x1d
 287 01a5 06       		.uleb128 0x6
 288 01a6 BE000000 		.4byte	.LASF34
 289 01aa 06       		.byte	0x6
 290 01ab 82       		.byte	0x82
 291 01ac C3000000 		.4byte	0xc3
 292 01b0 02       		.byte	0x2
 293 01b1 23       		.byte	0x23
 294 01b2 1E       		.uleb128 0x1e
 295 01b3 06       		.uleb128 0x6
 296 01b4 CF020000 		.4byte	.LASF35
 297 01b8 06       		.byte	0x6
 298 01b9 88       		.byte	0x88
 299 01ba CE000000 		.4byte	0xce
 300 01be 02       		.byte	0x2
 301 01bf 23       		.byte	0x23
 302 01c0 1F       		.uleb128 0x1f
 303 01c1 06       		.uleb128 0x6
 304 01c2 D6000000 		.4byte	.LASF36
 305 01c6 06       		.byte	0x6
 306 01c7 8F       		.byte	0x8f
 307 01c8 5D030000 		.4byte	0x35d
 308 01cc 02       		.byte	0x2
 309 01cd 23       		.byte	0x23
 310 01ce 20       		.uleb128 0x20
 311 01cf 07       		.uleb128 0x7
 312 01d0 705F7500 		.ascii	"p_u\000"
 313 01d4 06       		.byte	0x6
 314 01d5 B4       		.byte	0xb4
 315 01d6 26040000 		.4byte	0x426
 316 01da 02       		.byte	0x2
 317 01db 23       		.byte	0x23
 318 01dc 24       		.uleb128 0x24
 319 01dd 06       		.uleb128 0x6
 320 01de 39040000 		.4byte	.LASF37
 321 01e2 06       		.byte	0x6
 322 01e3 B9       		.byte	0xb9
 323 01e4 8D020000 		.4byte	0x28d
 324 01e8 02       		.byte	0x2
 325 01e9 23       		.byte	0x23
 326 01ea 28       		.uleb128 0x28
 327 01eb 06       		.uleb128 0x6
 328 01ec 2D010000 		.4byte	.LASF38
 329 01f0 06       		.byte	0x6
 330 01f1 BF       		.byte	0xbf
 331 01f2 6B020000 		.4byte	0x26b
 332 01f6 02       		.byte	0x2
 333 01f7 23       		.byte	0x23
 334 01f8 2C       		.uleb128 0x2c
 335 01f9 06       		.uleb128 0x6
 336 01fa FE030000 		.4byte	.LASF39
 337 01fe 06       		.byte	0x6
 338 01ff C3       		.byte	0xc3
 339 0200 E4000000 		.4byte	0xe4
 340 0204 02       		.byte	0x2
ARM GAS  /tmp/cc47Q6uu.s 			page 7


 341 0205 23       		.byte	0x23
 342 0206 34       		.uleb128 0x34
 343 0207 06       		.uleb128 0x6
 344 0208 06030000 		.4byte	.LASF40
 345 020c 06       		.byte	0x6
 346 020d C9       		.byte	0xc9
 347 020e EF000000 		.4byte	0xef
 348 0212 02       		.byte	0x2
 349 0213 23       		.byte	0x23
 350 0214 38       		.uleb128 0x38
 351 0215 06       		.uleb128 0x6
 352 0216 B3020000 		.4byte	.LASF41
 353 021a 06       		.byte	0x6
 354 021b D0       		.byte	0xd0
 355 021c 6D040000 		.4byte	0x46d
 356 0220 02       		.byte	0x2
 357 0221 23       		.byte	0x23
 358 0222 3C       		.uleb128 0x3c
 359 0223 06       		.uleb128 0x6
 360 0224 72030000 		.4byte	.LASF42
 361 0228 06       		.byte	0x6
 362 0229 D4       		.byte	0xd4
 363 022a D9000000 		.4byte	0xd9
 364 022e 02       		.byte	0x2
 365 022f 23       		.byte	0x23
 366 0230 40       		.uleb128 0x40
 367 0231 06       		.uleb128 0x6
 368 0232 8C000000 		.4byte	.LASF43
 369 0236 06       		.byte	0x6
 370 0237 DA       		.byte	0xda
 371 0238 A3020000 		.4byte	0x2a3
 372 023c 02       		.byte	0x2
 373 023d 23       		.byte	0x23
 374 023e 44       		.uleb128 0x44
 375 023f 00       		.byte	0
 376 0240 08       		.uleb128 0x8
 377 0241 08       		.byte	0x8
 378 0242 05       		.byte	0x5
 379 0243 61       		.byte	0x61
 380 0244 65020000 		.4byte	0x265
 381 0248 06       		.uleb128 0x6
 382 0249 E0020000 		.4byte	.LASF25
 383 024d 05       		.byte	0x5
 384 024e 62       		.byte	0x62
 385 024f 65020000 		.4byte	0x265
 386 0253 02       		.byte	0x2
 387 0254 23       		.byte	0x23
 388 0255 00       		.uleb128 0
 389 0256 06       		.uleb128 0x6
 390 0257 61020000 		.4byte	.LASF26
 391 025b 05       		.byte	0x5
 392 025c 64       		.byte	0x64
 393 025d 65020000 		.4byte	0x265
 394 0261 02       		.byte	0x2
 395 0262 23       		.byte	0x23
 396 0263 04       		.uleb128 0x4
 397 0264 00       		.byte	0
ARM GAS  /tmp/cc47Q6uu.s 			page 8


 398 0265 09       		.uleb128 0x9
 399 0266 04       		.byte	0x4
 400 0267 10010000 		.4byte	0x110
 401 026b 03       		.uleb128 0x3
 402 026c E6010000 		.4byte	.LASF44
 403 0270 05       		.byte	0x5
 404 0271 66       		.byte	0x66
 405 0272 40020000 		.4byte	0x240
 406 0276 08       		.uleb128 0x8
 407 0277 04       		.byte	0x4
 408 0278 05       		.byte	0x5
 409 0279 6B       		.byte	0x6b
 410 027a 8D020000 		.4byte	0x28d
 411 027e 06       		.uleb128 0x6
 412 027f E0020000 		.4byte	.LASF25
 413 0283 05       		.byte	0x5
 414 0284 6D       		.byte	0x6d
 415 0285 65020000 		.4byte	0x265
 416 0289 02       		.byte	0x2
 417 028a 23       		.byte	0x23
 418 028b 00       		.uleb128 0
 419 028c 00       		.byte	0
 420 028d 03       		.uleb128 0x3
 421 028e 80010000 		.4byte	.LASF45
 422 0292 05       		.byte	0x5
 423 0293 70       		.byte	0x70
 424 0294 76020000 		.4byte	0x276
 425 0298 03       		.uleb128 0x3
 426 0299 E5000000 		.4byte	.LASF46
 427 029d 07       		.byte	0x7
 428 029e E5       		.byte	0xe5
 429 029f A3020000 		.4byte	0x2a3
 430 02a3 0A       		.uleb128 0xa
 431 02a4 04       		.byte	0x4
 432 02a5 0B       		.uleb128 0xb
 433 02a6 85030000 		.4byte	.LASF47
 434 02aa 24       		.byte	0x24
 435 02ab 07       		.byte	0x7
 436 02ac 0C01     		.2byte	0x10c
 437 02ae 33030000 		.4byte	0x333
 438 02b2 0C       		.uleb128 0xc
 439 02b3 723400   		.ascii	"r4\000"
 440 02b6 07       		.byte	0x7
 441 02b7 1F01     		.2byte	0x11f
 442 02b9 98020000 		.4byte	0x298
 443 02bd 02       		.byte	0x2
 444 02be 23       		.byte	0x23
 445 02bf 00       		.uleb128 0
 446 02c0 0C       		.uleb128 0xc
 447 02c1 723500   		.ascii	"r5\000"
 448 02c4 07       		.byte	0x7
 449 02c5 2001     		.2byte	0x120
 450 02c7 98020000 		.4byte	0x298
 451 02cb 02       		.byte	0x2
 452 02cc 23       		.byte	0x23
 453 02cd 04       		.uleb128 0x4
 454 02ce 0C       		.uleb128 0xc
ARM GAS  /tmp/cc47Q6uu.s 			page 9


 455 02cf 723600   		.ascii	"r6\000"
 456 02d2 07       		.byte	0x7
 457 02d3 2101     		.2byte	0x121
 458 02d5 98020000 		.4byte	0x298
 459 02d9 02       		.byte	0x2
 460 02da 23       		.byte	0x23
 461 02db 08       		.uleb128 0x8
 462 02dc 0C       		.uleb128 0xc
 463 02dd 723700   		.ascii	"r7\000"
 464 02e0 07       		.byte	0x7
 465 02e1 2201     		.2byte	0x122
 466 02e3 98020000 		.4byte	0x298
 467 02e7 02       		.byte	0x2
 468 02e8 23       		.byte	0x23
 469 02e9 0C       		.uleb128 0xc
 470 02ea 0C       		.uleb128 0xc
 471 02eb 723800   		.ascii	"r8\000"
 472 02ee 07       		.byte	0x7
 473 02ef 2301     		.2byte	0x123
 474 02f1 98020000 		.4byte	0x298
 475 02f5 02       		.byte	0x2
 476 02f6 23       		.byte	0x23
 477 02f7 10       		.uleb128 0x10
 478 02f8 0C       		.uleb128 0xc
 479 02f9 723900   		.ascii	"r9\000"
 480 02fc 07       		.byte	0x7
 481 02fd 2401     		.2byte	0x124
 482 02ff 98020000 		.4byte	0x298
 483 0303 02       		.byte	0x2
 484 0304 23       		.byte	0x23
 485 0305 14       		.uleb128 0x14
 486 0306 0C       		.uleb128 0xc
 487 0307 72313000 		.ascii	"r10\000"
 488 030b 07       		.byte	0x7
 489 030c 2501     		.2byte	0x125
 490 030e 98020000 		.4byte	0x298
 491 0312 02       		.byte	0x2
 492 0313 23       		.byte	0x23
 493 0314 18       		.uleb128 0x18
 494 0315 0C       		.uleb128 0xc
 495 0316 72313100 		.ascii	"r11\000"
 496 031a 07       		.byte	0x7
 497 031b 2601     		.2byte	0x126
 498 031d 98020000 		.4byte	0x298
 499 0321 02       		.byte	0x2
 500 0322 23       		.byte	0x23
 501 0323 1C       		.uleb128 0x1c
 502 0324 0C       		.uleb128 0xc
 503 0325 6C7200   		.ascii	"lr\000"
 504 0328 07       		.byte	0x7
 505 0329 2701     		.2byte	0x127
 506 032b 98020000 		.4byte	0x298
 507 032f 02       		.byte	0x2
 508 0330 23       		.byte	0x23
 509 0331 20       		.uleb128 0x20
 510 0332 00       		.byte	0
 511 0333 0B       		.uleb128 0xb
ARM GAS  /tmp/cc47Q6uu.s 			page 10


 512 0334 7D030000 		.4byte	.LASF48
 513 0338 04       		.byte	0x4
 514 0339 07       		.byte	0x7
 515 033a 3101     		.2byte	0x131
 516 033c 50030000 		.4byte	0x350
 517 0340 0C       		.uleb128 0xc
 518 0341 72313300 		.ascii	"r13\000"
 519 0345 07       		.byte	0x7
 520 0346 3201     		.2byte	0x132
 521 0348 50030000 		.4byte	0x350
 522 034c 02       		.byte	0x2
 523 034d 23       		.byte	0x23
 524 034e 00       		.uleb128 0
 525 034f 00       		.byte	0
 526 0350 09       		.uleb128 0x9
 527 0351 04       		.byte	0x4
 528 0352 A5020000 		.4byte	0x2a5
 529 0356 04       		.uleb128 0x4
 530 0357 04       		.byte	0x4
 531 0358 07       		.byte	0x7
 532 0359 C5010000 		.4byte	.LASF49
 533 035d 0D       		.uleb128 0xd
 534 035e 05010000 		.4byte	0x105
 535 0362 05       		.uleb128 0x5
 536 0363 D8010000 		.4byte	.LASF50
 537 0367 10       		.byte	0x10
 538 0368 08       		.byte	0x8
 539 0369 2C       		.byte	0x2c
 540 036a 99030000 		.4byte	0x399
 541 036e 06       		.uleb128 0x6
 542 036f 94000000 		.4byte	.LASF51
 543 0373 08       		.byte	0x8
 544 0374 2D       		.byte	0x2d
 545 0375 6B020000 		.4byte	0x26b
 546 0379 02       		.byte	0x2
 547 037a 23       		.byte	0x23
 548 037b 00       		.uleb128 0
 549 037c 06       		.uleb128 0x6
 550 037d 1C040000 		.4byte	.LASF52
 551 0381 08       		.byte	0x8
 552 0382 2F       		.byte	0x2f
 553 0383 65020000 		.4byte	0x265
 554 0387 02       		.byte	0x2
 555 0388 23       		.byte	0x23
 556 0389 08       		.uleb128 0x8
 557 038a 06       		.uleb128 0x6
 558 038b 61030000 		.4byte	.LASF53
 559 038f 08       		.byte	0x8
 560 0390 31       		.byte	0x31
 561 0391 99030000 		.4byte	0x399
 562 0395 02       		.byte	0x2
 563 0396 23       		.byte	0x23
 564 0397 0C       		.uleb128 0xc
 565 0398 00       		.byte	0
 566 0399 09       		.uleb128 0x9
 567 039a 04       		.byte	0x4
 568 039b 62030000 		.4byte	0x362
ARM GAS  /tmp/cc47Q6uu.s 			page 11


 569 039f 03       		.uleb128 0x3
 570 03a0 D8010000 		.4byte	.LASF50
 571 03a4 08       		.byte	0x8
 572 03a5 33       		.byte	0x33
 573 03a6 62030000 		.4byte	0x362
 574 03aa 03       		.uleb128 0x3
 575 03ab E9030000 		.4byte	.LASF54
 576 03af 09       		.byte	0x9
 577 03b0 2C       		.byte	0x2c
 578 03b1 B5030000 		.4byte	0x3b5
 579 03b5 05       		.uleb128 0x5
 580 03b6 E9030000 		.4byte	.LASF54
 581 03ba 10       		.byte	0x10
 582 03bb 09       		.byte	0x9
 583 03bc 31       		.byte	0x31
 584 03bd FA030000 		.4byte	0x3fa
 585 03c1 06       		.uleb128 0x6
 586 03c2 EF020000 		.4byte	.LASF55
 587 03c6 09       		.byte	0x9
 588 03c7 32       		.byte	0x32
 589 03c8 FA030000 		.4byte	0x3fa
 590 03cc 02       		.byte	0x2
 591 03cd 23       		.byte	0x23
 592 03ce 00       		.uleb128 0
 593 03cf 06       		.uleb128 0x6
 594 03d0 9E020000 		.4byte	.LASF56
 595 03d4 09       		.byte	0x9
 596 03d5 35       		.byte	0x35
 597 03d6 65020000 		.4byte	0x265
 598 03da 02       		.byte	0x2
 599 03db 23       		.byte	0x23
 600 03dc 04       		.uleb128 0x4
 601 03dd 06       		.uleb128 0x6
 602 03de F3010000 		.4byte	.LASF57
 603 03e2 09       		.byte	0x9
 604 03e3 37       		.byte	0x37
 605 03e4 EF000000 		.4byte	0xef
 606 03e8 02       		.byte	0x2
 607 03e9 23       		.byte	0x23
 608 03ea 08       		.uleb128 0x8
 609 03eb 06       		.uleb128 0x6
 610 03ec AA020000 		.4byte	.LASF58
 611 03f0 09       		.byte	0x9
 612 03f1 3A       		.byte	0x3a
 613 03f2 FA000000 		.4byte	0xfa
 614 03f6 02       		.byte	0x2
 615 03f7 23       		.byte	0x23
 616 03f8 0C       		.uleb128 0xc
 617 03f9 00       		.byte	0
 618 03fa 09       		.uleb128 0x9
 619 03fb 04       		.byte	0x4
 620 03fc AA030000 		.4byte	0x3aa
 621 0400 05       		.uleb128 0x5
 622 0401 EE000000 		.4byte	.LASF59
 623 0405 04       		.byte	0x4
 624 0406 09       		.byte	0x9
 625 0407 41       		.byte	0x41
ARM GAS  /tmp/cc47Q6uu.s 			page 12


 626 0408 1B040000 		.4byte	0x41b
 627 040c 06       		.uleb128 0x6
 628 040d AE030000 		.4byte	.LASF60
 629 0411 09       		.byte	0x9
 630 0412 42       		.byte	0x42
 631 0413 FA030000 		.4byte	0x3fa
 632 0417 02       		.byte	0x2
 633 0418 23       		.byte	0x23
 634 0419 00       		.uleb128 0
 635 041a 00       		.byte	0
 636 041b 03       		.uleb128 0x3
 637 041c EE000000 		.4byte	.LASF59
 638 0420 09       		.byte	0x9
 639 0421 45       		.byte	0x45
 640 0422 00040000 		.4byte	0x400
 641 0426 0E       		.uleb128 0xe
 642 0427 04       		.byte	0x4
 643 0428 06       		.byte	0x6
 644 0429 96       		.byte	0x96
 645 042a 5B040000 		.4byte	0x45b
 646 042e 0F       		.uleb128 0xf
 647 042f 16000000 		.4byte	.LASF61
 648 0433 06       		.byte	0x6
 649 0434 9D       		.byte	0x9d
 650 0435 E4000000 		.4byte	0xe4
 651 0439 0F       		.uleb128 0xf
 652 043a 40000000 		.4byte	.LASF62
 653 043e 06       		.byte	0x6
 654 043f A4       		.byte	0xa4
 655 0440 E4000000 		.4byte	0xe4
 656 0444 0F       		.uleb128 0xf
 657 0445 F7030000 		.4byte	.LASF63
 658 0449 06       		.byte	0x6
 659 044a AB       		.byte	0xab
 660 044b A3020000 		.4byte	0x2a3
 661 044f 0F       		.uleb128 0xf
 662 0450 D9020000 		.4byte	.LASF64
 663 0454 06       		.byte	0x6
 664 0455 B2       		.byte	0xb2
 665 0456 EF000000 		.4byte	0xef
 666 045a 00       		.byte	0
 667 045b 09       		.uleb128 0x9
 668 045c 04       		.byte	0x4
 669 045d 61040000 		.4byte	0x461
 670 0461 10       		.uleb128 0x10
 671 0462 66040000 		.4byte	0x466
 672 0466 04       		.uleb128 0x4
 673 0467 01       		.byte	0x1
 674 0468 08       		.byte	0x8
 675 0469 5C030000 		.4byte	.LASF65
 676 046d 09       		.uleb128 0x9
 677 046e 04       		.byte	0x4
 678 046f 9F030000 		.4byte	0x39f
 679 0473 09       		.uleb128 0x9
 680 0474 04       		.byte	0x4
 681 0475 79040000 		.4byte	0x479
 682 0479 11       		.uleb128 0x11
ARM GAS  /tmp/cc47Q6uu.s 			page 13


 683 047a 01       		.byte	0x1
 684 047b E4000000 		.4byte	0xe4
 685 047f 89040000 		.4byte	0x489
 686 0483 12       		.uleb128 0x12
 687 0484 A3020000 		.4byte	0x2a3
 688 0488 00       		.byte	0
 689 0489 03       		.uleb128 0x3
 690 048a AD010000 		.4byte	.LASF66
 691 048e 0A       		.byte	0xa
 692 048f 37       		.byte	0x37
 693 0490 94040000 		.4byte	0x494
 694 0494 05       		.uleb128 0x5
 695 0495 AD010000 		.4byte	.LASF66
 696 0499 24       		.byte	0x24
 697 049a 0A       		.byte	0xa
 698 049b 45       		.byte	0x45
 699 049c 11050000 		.4byte	0x511
 700 04a0 06       		.uleb128 0x6
 701 04a1 63000000 		.4byte	.LASF67
 702 04a5 0A       		.byte	0xa
 703 04a6 46       		.byte	0x46
 704 04a7 6B020000 		.4byte	0x26b
 705 04ab 02       		.byte	0x2
 706 04ac 23       		.byte	0x23
 707 04ad 00       		.uleb128 0
 708 04ae 06       		.uleb128 0x6
 709 04af CE010000 		.4byte	.LASF68
 710 04b3 0A       		.byte	0xa
 711 04b4 47       		.byte	0x47
 712 04b5 30000000 		.4byte	0x30
 713 04b9 02       		.byte	0x2
 714 04ba 23       		.byte	0x23
 715 04bb 08       		.uleb128 0x8
 716 04bc 06       		.uleb128 0x6
 717 04bd C5000000 		.4byte	.LASF69
 718 04c1 0A       		.byte	0xa
 719 04c2 48       		.byte	0x48
 720 04c3 34050000 		.4byte	0x534
 721 04c7 02       		.byte	0x2
 722 04c8 23       		.byte	0x23
 723 04c9 0C       		.uleb128 0xc
 724 04ca 06       		.uleb128 0x6
 725 04cb A1030000 		.4byte	.LASF70
 726 04cf 0A       		.byte	0xa
 727 04d0 49       		.byte	0x49
 728 04d1 34050000 		.4byte	0x534
 729 04d5 02       		.byte	0x2
 730 04d6 23       		.byte	0x23
 731 04d7 10       		.uleb128 0x10
 732 04d8 06       		.uleb128 0x6
 733 04d9 CE000000 		.4byte	.LASF71
 734 04dd 0A       		.byte	0xa
 735 04de 4B       		.byte	0x4b
 736 04df 34050000 		.4byte	0x534
 737 04e3 02       		.byte	0x2
 738 04e4 23       		.byte	0x23
 739 04e5 14       		.uleb128 0x14
ARM GAS  /tmp/cc47Q6uu.s 			page 14


 740 04e6 06       		.uleb128 0x6
 741 04e7 7A020000 		.4byte	.LASF72
 742 04eb 0A       		.byte	0xa
 743 04ec 4C       		.byte	0x4c
 744 04ed 34050000 		.4byte	0x534
 745 04f1 02       		.byte	0x2
 746 04f2 23       		.byte	0x23
 747 04f3 18       		.uleb128 0x18
 748 04f4 06       		.uleb128 0x6
 749 04f5 B6030000 		.4byte	.LASF73
 750 04f9 0A       		.byte	0xa
 751 04fa 4D       		.byte	0x4d
 752 04fb 11050000 		.4byte	0x511
 753 04ff 02       		.byte	0x2
 754 0500 23       		.byte	0x23
 755 0501 1C       		.uleb128 0x1c
 756 0502 06       		.uleb128 0x6
 757 0503 15040000 		.4byte	.LASF74
 758 0507 0A       		.byte	0xa
 759 0508 4E       		.byte	0x4e
 760 0509 A3020000 		.4byte	0x2a3
 761 050d 02       		.byte	0x2
 762 050e 23       		.byte	0x23
 763 050f 20       		.uleb128 0x20
 764 0510 00       		.byte	0
 765 0511 03       		.uleb128 0x3
 766 0512 A3010000 		.4byte	.LASF75
 767 0516 0A       		.byte	0xa
 768 0517 3A       		.byte	0x3a
 769 0518 1C050000 		.4byte	0x51c
 770 051c 09       		.uleb128 0x9
 771 051d 04       		.byte	0x4
 772 051e 22050000 		.4byte	0x522
 773 0522 13       		.uleb128 0x13
 774 0523 01       		.byte	0x1
 775 0524 2E050000 		.4byte	0x52e
 776 0528 12       		.uleb128 0x12
 777 0529 2E050000 		.4byte	0x52e
 778 052d 00       		.byte	0
 779 052e 09       		.uleb128 0x9
 780 052f 04       		.byte	0x4
 781 0530 89040000 		.4byte	0x489
 782 0534 09       		.uleb128 0x9
 783 0535 04       		.byte	0x4
 784 0536 49000000 		.4byte	0x49
 785 053a 03       		.uleb128 0x3
 786 053b 98010000 		.4byte	.LASF76
 787 053f 0A       		.byte	0xa
 788 0540 82       		.byte	0x82
 789 0541 89040000 		.4byte	0x489
 790 0545 03       		.uleb128 0x3
 791 0546 1D000000 		.4byte	.LASF77
 792 054a 0A       		.byte	0xa
 793 054b F5       		.byte	0xf5
 794 054c 89040000 		.4byte	0x489
 795 0550 11       		.uleb128 0x11
 796 0551 01       		.byte	0x1
ARM GAS  /tmp/cc47Q6uu.s 			page 15


 797 0552 30000000 		.4byte	0x30
 798 0556 6A050000 		.4byte	0x56a
 799 055a 12       		.uleb128 0x12
 800 055b A3020000 		.4byte	0x2a3
 801 055f 12       		.uleb128 0x12
 802 0560 6A050000 		.4byte	0x56a
 803 0564 12       		.uleb128 0x12
 804 0565 30000000 		.4byte	0x30
 805 0569 00       		.byte	0
 806 056a 09       		.uleb128 0x9
 807 056b 04       		.byte	0x4
 808 056c 70050000 		.4byte	0x570
 809 0570 10       		.uleb128 0x10
 810 0571 49000000 		.4byte	0x49
 811 0575 09       		.uleb128 0x9
 812 0576 04       		.byte	0x4
 813 0577 50050000 		.4byte	0x550
 814 057b 11       		.uleb128 0x11
 815 057c 01       		.byte	0x1
 816 057d 30000000 		.4byte	0x30
 817 0581 95050000 		.4byte	0x595
 818 0585 12       		.uleb128 0x12
 819 0586 A3020000 		.4byte	0x2a3
 820 058a 12       		.uleb128 0x12
 821 058b 34050000 		.4byte	0x534
 822 058f 12       		.uleb128 0x12
 823 0590 30000000 		.4byte	0x30
 824 0594 00       		.byte	0
 825 0595 09       		.uleb128 0x9
 826 0596 04       		.byte	0x4
 827 0597 7B050000 		.4byte	0x57b
 828 059b 11       		.uleb128 0x11
 829 059c 01       		.byte	0x1
 830 059d E4000000 		.4byte	0xe4
 831 05a1 B0050000 		.4byte	0x5b0
 832 05a5 12       		.uleb128 0x12
 833 05a6 A3020000 		.4byte	0x2a3
 834 05aa 12       		.uleb128 0x12
 835 05ab 49000000 		.4byte	0x49
 836 05af 00       		.byte	0
 837 05b0 09       		.uleb128 0x9
 838 05b1 04       		.byte	0x4
 839 05b2 9B050000 		.4byte	0x59b
 840 05b6 0D       		.uleb128 0xd
 841 05b7 62000000 		.4byte	0x62
 842 05bb 0D       		.uleb128 0xd
 843 05bc 74000000 		.4byte	0x74
 844 05c0 14       		.uleb128 0x14
 845 05c1 1C       		.byte	0x1c
 846 05c2 0B       		.byte	0xb
 847 05c3 9303     		.2byte	0x393
 848 05c5 9A060000 		.4byte	0x69a
 849 05c9 0C       		.uleb128 0xc
 850 05ca 535200   		.ascii	"SR\000"
 851 05cd 0B       		.byte	0xb
 852 05ce 9503     		.2byte	0x395
 853 05d0 B6050000 		.4byte	0x5b6
ARM GAS  /tmp/cc47Q6uu.s 			page 16


 854 05d4 02       		.byte	0x2
 855 05d5 23       		.byte	0x23
 856 05d6 00       		.uleb128 0
 857 05d7 15       		.uleb128 0x15
 858 05d8 2F020000 		.4byte	.LASF78
 859 05dc 0B       		.byte	0xb
 860 05dd 9603     		.2byte	0x396
 861 05df 62000000 		.4byte	0x62
 862 05e3 02       		.byte	0x2
 863 05e4 23       		.byte	0x23
 864 05e5 02       		.uleb128 0x2
 865 05e6 0C       		.uleb128 0xc
 866 05e7 445200   		.ascii	"DR\000"
 867 05ea 0B       		.byte	0xb
 868 05eb 9703     		.2byte	0x397
 869 05ed B6050000 		.4byte	0x5b6
 870 05f1 02       		.byte	0x2
 871 05f2 23       		.byte	0x23
 872 05f3 04       		.uleb128 0x4
 873 05f4 15       		.uleb128 0x15
 874 05f5 39020000 		.4byte	.LASF79
 875 05f9 0B       		.byte	0xb
 876 05fa 9803     		.2byte	0x398
 877 05fc 62000000 		.4byte	0x62
 878 0600 02       		.byte	0x2
 879 0601 23       		.byte	0x23
 880 0602 06       		.uleb128 0x6
 881 0603 0C       		.uleb128 0xc
 882 0604 42525200 		.ascii	"BRR\000"
 883 0608 0B       		.byte	0xb
 884 0609 9903     		.2byte	0x399
 885 060b B6050000 		.4byte	0x5b6
 886 060f 02       		.byte	0x2
 887 0610 23       		.byte	0x23
 888 0611 08       		.uleb128 0x8
 889 0612 15       		.uleb128 0x15
 890 0613 43020000 		.4byte	.LASF80
 891 0617 0B       		.byte	0xb
 892 0618 9A03     		.2byte	0x39a
 893 061a 62000000 		.4byte	0x62
 894 061e 02       		.byte	0x2
 895 061f 23       		.byte	0x23
 896 0620 0A       		.uleb128 0xa
 897 0621 0C       		.uleb128 0xc
 898 0622 43523100 		.ascii	"CR1\000"
 899 0626 0B       		.byte	0xb
 900 0627 9B03     		.2byte	0x39b
 901 0629 B6050000 		.4byte	0x5b6
 902 062d 02       		.byte	0x2
 903 062e 23       		.byte	0x23
 904 062f 0C       		.uleb128 0xc
 905 0630 15       		.uleb128 0x15
 906 0631 4D020000 		.4byte	.LASF81
 907 0635 0B       		.byte	0xb
 908 0636 9C03     		.2byte	0x39c
 909 0638 62000000 		.4byte	0x62
 910 063c 02       		.byte	0x2
ARM GAS  /tmp/cc47Q6uu.s 			page 17


 911 063d 23       		.byte	0x23
 912 063e 0E       		.uleb128 0xe
 913 063f 0C       		.uleb128 0xc
 914 0640 43523200 		.ascii	"CR2\000"
 915 0644 0B       		.byte	0xb
 916 0645 9D03     		.2byte	0x39d
 917 0647 B6050000 		.4byte	0x5b6
 918 064b 02       		.byte	0x2
 919 064c 23       		.byte	0x23
 920 064d 10       		.uleb128 0x10
 921 064e 15       		.uleb128 0x15
 922 064f 57020000 		.4byte	.LASF82
 923 0653 0B       		.byte	0xb
 924 0654 9E03     		.2byte	0x39e
 925 0656 62000000 		.4byte	0x62
 926 065a 02       		.byte	0x2
 927 065b 23       		.byte	0x23
 928 065c 12       		.uleb128 0x12
 929 065d 0C       		.uleb128 0xc
 930 065e 43523300 		.ascii	"CR3\000"
 931 0662 0B       		.byte	0xb
 932 0663 9F03     		.2byte	0x39f
 933 0665 B6050000 		.4byte	0x5b6
 934 0669 02       		.byte	0x2
 935 066a 23       		.byte	0x23
 936 066b 14       		.uleb128 0x14
 937 066c 15       		.uleb128 0x15
 938 066d 1B030000 		.4byte	.LASF83
 939 0671 0B       		.byte	0xb
 940 0672 A003     		.2byte	0x3a0
 941 0674 62000000 		.4byte	0x62
 942 0678 02       		.byte	0x2
 943 0679 23       		.byte	0x23
 944 067a 16       		.uleb128 0x16
 945 067b 15       		.uleb128 0x15
 946 067c 87000000 		.4byte	.LASF84
 947 0680 0B       		.byte	0xb
 948 0681 A103     		.2byte	0x3a1
 949 0683 B6050000 		.4byte	0x5b6
 950 0687 02       		.byte	0x2
 951 0688 23       		.byte	0x23
 952 0689 18       		.uleb128 0x18
 953 068a 15       		.uleb128 0x15
 954 068b 68020000 		.4byte	.LASF85
 955 068f 0B       		.byte	0xb
 956 0690 A203     		.2byte	0x3a2
 957 0692 62000000 		.4byte	0x62
 958 0696 02       		.byte	0x2
 959 0697 23       		.byte	0x23
 960 0698 1A       		.uleb128 0x1a
 961 0699 00       		.byte	0
 962 069a 16       		.uleb128 0x16
 963 069b 63010000 		.4byte	.LASF86
 964 069f 0B       		.byte	0xb
 965 06a0 A303     		.2byte	0x3a3
 966 06a2 C0050000 		.4byte	0x5c0
 967 06a6 11       		.uleb128 0x11
ARM GAS  /tmp/cc47Q6uu.s 			page 18


 968 06a7 01       		.byte	0x1
 969 06a8 E4000000 		.4byte	0xe4
 970 06ac C0060000 		.4byte	0x6c0
 971 06b0 12       		.uleb128 0x12
 972 06b1 A3020000 		.4byte	0x2a3
 973 06b5 12       		.uleb128 0x12
 974 06b6 49000000 		.4byte	0x49
 975 06ba 12       		.uleb128 0x12
 976 06bb 05010000 		.4byte	0x105
 977 06bf 00       		.byte	0
 978 06c0 09       		.uleb128 0x9
 979 06c1 04       		.byte	0x4
 980 06c2 A6060000 		.4byte	0x6a6
 981 06c6 11       		.uleb128 0x11
 982 06c7 01       		.byte	0x1
 983 06c8 E4000000 		.4byte	0xe4
 984 06cc DB060000 		.4byte	0x6db
 985 06d0 12       		.uleb128 0x12
 986 06d1 A3020000 		.4byte	0x2a3
 987 06d5 12       		.uleb128 0x12
 988 06d6 05010000 		.4byte	0x105
 989 06da 00       		.byte	0
 990 06db 09       		.uleb128 0x9
 991 06dc 04       		.byte	0x4
 992 06dd C6060000 		.4byte	0x6c6
 993 06e1 11       		.uleb128 0x11
 994 06e2 01       		.byte	0x1
 995 06e3 30000000 		.4byte	0x30
 996 06e7 00070000 		.4byte	0x700
 997 06eb 12       		.uleb128 0x12
 998 06ec A3020000 		.4byte	0x2a3
 999 06f0 12       		.uleb128 0x12
 1000 06f1 6A050000 		.4byte	0x56a
 1001 06f5 12       		.uleb128 0x12
 1002 06f6 30000000 		.4byte	0x30
 1003 06fa 12       		.uleb128 0x12
 1004 06fb 05010000 		.4byte	0x105
 1005 06ff 00       		.byte	0
 1006 0700 09       		.uleb128 0x9
 1007 0701 04       		.byte	0x4
 1008 0702 E1060000 		.4byte	0x6e1
 1009 0706 11       		.uleb128 0x11
 1010 0707 01       		.byte	0x1
 1011 0708 30000000 		.4byte	0x30
 1012 070c 25070000 		.4byte	0x725
 1013 0710 12       		.uleb128 0x12
 1014 0711 A3020000 		.4byte	0x2a3
 1015 0715 12       		.uleb128 0x12
 1016 0716 34050000 		.4byte	0x534
 1017 071a 12       		.uleb128 0x12
 1018 071b 30000000 		.4byte	0x30
 1019 071f 12       		.uleb128 0x12
 1020 0720 05010000 		.4byte	0x105
 1021 0724 00       		.byte	0
 1022 0725 09       		.uleb128 0x9
 1023 0726 04       		.byte	0x4
 1024 0727 06070000 		.4byte	0x706
ARM GAS  /tmp/cc47Q6uu.s 			page 19


 1025 072b 17       		.uleb128 0x17
 1026 072c 01       		.byte	0x1
 1027 072d 0C       		.byte	0xc
 1028 072e 64       		.byte	0x64
 1029 072f 46070000 		.4byte	0x746
 1030 0733 18       		.uleb128 0x18
 1031 0734 11030000 		.4byte	.LASF87
 1032 0738 00       		.sleb128 0
 1033 0739 18       		.uleb128 0x18
 1034 073a F7020000 		.4byte	.LASF88
 1035 073e 01       		.sleb128 1
 1036 073f 18       		.uleb128 0x18
 1037 0740 8C030000 		.4byte	.LASF89
 1038 0744 02       		.sleb128 2
 1039 0745 00       		.byte	0
 1040 0746 03       		.uleb128 0x3
 1041 0747 2E030000 		.4byte	.LASF90
 1042 074b 0C       		.byte	0xc
 1043 074c 68       		.byte	0x68
 1044 074d 2B070000 		.4byte	0x72b
 1045 0751 03       		.uleb128 0x3
 1046 0752 38030000 		.4byte	.LASF91
 1047 0756 0C       		.byte	0xc
 1048 0757 6D       		.byte	0x6d
 1049 0758 5C070000 		.4byte	0x75c
 1050 075c 05       		.uleb128 0x5
 1051 075d 38030000 		.4byte	.LASF91
 1052 0761 78       		.byte	0x78
 1053 0762 0C       		.byte	0xc
 1054 0763 87       		.byte	0x87
 1055 0764 D7070000 		.4byte	0x7d7
 1056 0768 07       		.uleb128 0x7
 1057 0769 766D7400 		.ascii	"vmt\000"
 1058 076d 0C       		.byte	0xc
 1059 076e 89       		.byte	0x89
 1060 076f 54080000 		.4byte	0x854
 1061 0773 02       		.byte	0x2
 1062 0774 23       		.byte	0x23
 1063 0775 00       		.uleb128 0
 1064 0776 06       		.uleb128 0x6
 1065 0777 3D010000 		.4byte	.LASF92
 1066 077b 0C       		.byte	0xc
 1067 077c 8A       		.byte	0x8a
 1068 077d 1B040000 		.4byte	0x41b
 1069 0781 02       		.byte	0x2
 1070 0782 23       		.byte	0x23
 1071 0783 04       		.uleb128 0x4
 1072 0784 06       		.uleb128 0x6
 1073 0785 A6000000 		.4byte	.LASF93
 1074 0789 0C       		.byte	0xc
 1075 078a 8A       		.byte	0x8a
 1076 078b 46070000 		.4byte	0x746
 1077 078f 02       		.byte	0x2
 1078 0790 23       		.byte	0x23
 1079 0791 08       		.uleb128 0x8
 1080 0792 06       		.uleb128 0x6
 1081 0793 26010000 		.4byte	.LASF94
ARM GAS  /tmp/cc47Q6uu.s 			page 20


 1082 0797 0C       		.byte	0xc
 1083 0798 8A       		.byte	0x8a
 1084 0799 3A050000 		.4byte	0x53a
 1085 079d 02       		.byte	0x2
 1086 079e 23       		.byte	0x23
 1087 079f 0C       		.uleb128 0xc
 1088 07a0 06       		.uleb128 0x6
 1089 07a1 5C010000 		.4byte	.LASF95
 1090 07a5 0C       		.byte	0xc
 1091 07a6 8A       		.byte	0x8a
 1092 07a7 45050000 		.4byte	0x545
 1093 07ab 02       		.byte	0x2
 1094 07ac 23       		.byte	0x23
 1095 07ad 30       		.uleb128 0x30
 1096 07ae 07       		.uleb128 0x7
 1097 07af 696200   		.ascii	"ib\000"
 1098 07b2 0C       		.byte	0xc
 1099 07b3 8A       		.byte	0x8a
 1100 07b4 5F080000 		.4byte	0x85f
 1101 07b8 02       		.byte	0x2
 1102 07b9 23       		.byte	0x23
 1103 07ba 54       		.uleb128 0x54
 1104 07bb 07       		.uleb128 0x7
 1105 07bc 6F6200   		.ascii	"ob\000"
 1106 07bf 0C       		.byte	0xc
 1107 07c0 8A       		.byte	0x8a
 1108 07c1 5F080000 		.4byte	0x85f
 1109 07c5 02       		.byte	0x2
 1110 07c6 23       		.byte	0x23
 1111 07c7 64       		.uleb128 0x64
 1112 07c8 06       		.uleb128 0x6
 1113 07c9 FA000000 		.4byte	.LASF96
 1114 07cd 0C       		.byte	0xc
 1115 07ce 8A       		.byte	0x8a
 1116 07cf 6F080000 		.4byte	0x86f
 1117 07d3 02       		.byte	0x2
 1118 07d4 23       		.byte	0x23
 1119 07d5 74       		.uleb128 0x74
 1120 07d6 00       		.byte	0
 1121 07d7 05       		.uleb128 0x5
 1122 07d8 16010000 		.4byte	.LASF97
 1123 07dc 20       		.byte	0x20
 1124 07dd 0C       		.byte	0xc
 1125 07de 7C       		.byte	0x7c
 1126 07df 54080000 		.4byte	0x854
 1127 07e3 06       		.uleb128 0x6
 1128 07e4 BA010000 		.4byte	.LASF98
 1129 07e8 0C       		.byte	0xc
 1130 07e9 7D       		.byte	0x7d
 1131 07ea 75050000 		.4byte	0x575
 1132 07ee 02       		.byte	0x2
 1133 07ef 23       		.byte	0x23
 1134 07f0 00       		.uleb128 0
 1135 07f1 06       		.uleb128 0x6
 1136 07f2 57030000 		.4byte	.LASF99
 1137 07f6 0C       		.byte	0xc
 1138 07f7 7D       		.byte	0x7d
ARM GAS  /tmp/cc47Q6uu.s 			page 21


 1139 07f8 95050000 		.4byte	0x595
 1140 07fc 02       		.byte	0x2
 1141 07fd 23       		.byte	0x23
 1142 07fe 04       		.uleb128 0x4
 1143 07ff 07       		.uleb128 0x7
 1144 0800 70757400 		.ascii	"put\000"
 1145 0804 0C       		.byte	0xc
 1146 0805 7D       		.byte	0x7d
 1147 0806 B0050000 		.4byte	0x5b0
 1148 080a 02       		.byte	0x2
 1149 080b 23       		.byte	0x23
 1150 080c 08       		.uleb128 0x8
 1151 080d 07       		.uleb128 0x7
 1152 080e 67657400 		.ascii	"get\000"
 1153 0812 0C       		.byte	0xc
 1154 0813 7D       		.byte	0x7d
 1155 0814 73040000 		.4byte	0x473
 1156 0818 02       		.byte	0x2
 1157 0819 23       		.byte	0x23
 1158 081a 0C       		.uleb128 0xc
 1159 081b 06       		.uleb128 0x6
 1160 081c C0010000 		.4byte	.LASF100
 1161 0820 0C       		.byte	0xc
 1162 0821 7D       		.byte	0x7d
 1163 0822 C0060000 		.4byte	0x6c0
 1164 0826 02       		.byte	0x2
 1165 0827 23       		.byte	0x23
 1166 0828 10       		.uleb128 0x10
 1167 0829 06       		.uleb128 0x6
 1168 082a 38010000 		.4byte	.LASF101
 1169 082e 0C       		.byte	0xc
 1170 082f 7D       		.byte	0x7d
 1171 0830 DB060000 		.4byte	0x6db
 1172 0834 02       		.byte	0x2
 1173 0835 23       		.byte	0x23
 1174 0836 14       		.uleb128 0x14
 1175 0837 06       		.uleb128 0x6
 1176 0838 71010000 		.4byte	.LASF102
 1177 083c 0C       		.byte	0xc
 1178 083d 7D       		.byte	0x7d
 1179 083e 00070000 		.4byte	0x700
 1180 0842 02       		.byte	0x2
 1181 0843 23       		.byte	0x23
 1182 0844 18       		.uleb128 0x18
 1183 0845 06       		.uleb128 0x6
 1184 0846 5D000000 		.4byte	.LASF103
 1185 084a 0C       		.byte	0xc
 1186 084b 7D       		.byte	0x7d
 1187 084c 25070000 		.4byte	0x725
 1188 0850 02       		.byte	0x2
 1189 0851 23       		.byte	0x23
 1190 0852 1C       		.uleb128 0x1c
 1191 0853 00       		.byte	0
 1192 0854 09       		.uleb128 0x9
 1193 0855 04       		.byte	0x4
 1194 0856 5A080000 		.4byte	0x85a
 1195 085a 10       		.uleb128 0x10
ARM GAS  /tmp/cc47Q6uu.s 			page 22


 1196 085b D7070000 		.4byte	0x7d7
 1197 085f 19       		.uleb128 0x19
 1198 0860 49000000 		.4byte	0x49
 1199 0864 6F080000 		.4byte	0x86f
 1200 0868 1A       		.uleb128 0x1a
 1201 0869 56030000 		.4byte	0x356
 1202 086d 0F       		.byte	0xf
 1203 086e 00       		.byte	0
 1204 086f 09       		.uleb128 0x9
 1205 0870 04       		.byte	0x4
 1206 0871 9A060000 		.4byte	0x69a
 1207 0875 1B       		.uleb128 0x1b
 1208 0876 01       		.byte	0x1
 1209 0877 24040000 		.4byte	.LASF110
 1210 087b 01       		.byte	0x1
 1211 087c 04       		.byte	0x4
 1212 087d 01       		.byte	0x1
 1213 087e E4000000 		.4byte	0xe4
 1214 0882 00000000 		.4byte	.LFB118
 1215 0886 24000000 		.4byte	.LFE118
 1216 088a 00000000 		.4byte	.LLST0
 1217 088e 01       		.byte	0x1
 1218 088f C7080000 		.4byte	0x8c7
 1219 0893 1C       		.uleb128 0x1c
 1220 0894 61726700 		.ascii	"arg\000"
 1221 0898 01       		.byte	0x1
 1222 0899 04       		.byte	0x4
 1223 089a A3020000 		.4byte	0x2a3
 1224 089e 20000000 		.4byte	.LLST1
 1225 08a2 1D       		.uleb128 0x1d
 1226 08a3 0C000000 		.4byte	.LVL2
 1227 08a7 F1080000 		.4byte	0x8f1
 1228 08ab B6080000 		.4byte	0x8b6
 1229 08af 1E       		.uleb128 0x1e
 1230 08b0 01       		.byte	0x1
 1231 08b1 51       		.byte	0x51
 1232 08b2 02       		.byte	0x2
 1233 08b3 09       		.byte	0x9
 1234 08b4 FF       		.byte	0xff
 1235 08b5 00       		.byte	0
 1236 08b6 1F       		.uleb128 0x1f
 1237 08b7 18000000 		.4byte	.LVL3
 1238 08bb 15090000 		.4byte	0x915
 1239 08bf 1E       		.uleb128 0x1e
 1240 08c0 01       		.byte	0x1
 1241 08c1 52       		.byte	0x52
 1242 08c2 02       		.byte	0x2
 1243 08c3 09       		.byte	0x9
 1244 08c4 FF       		.byte	0xff
 1245 08c5 00       		.byte	0
 1246 08c6 00       		.byte	0
 1247 08c7 20       		.uleb128 0x20
 1248 08c8 49000000 		.4byte	.LASF104
 1249 08cc 0E       		.byte	0xe
 1250 08cd 9806     		.2byte	0x698
 1251 08cf BB050000 		.4byte	0x5bb
 1252 08d3 01       		.byte	0x1
ARM GAS  /tmp/cc47Q6uu.s 			page 23


 1253 08d4 01       		.byte	0x1
 1254 08d5 21       		.uleb128 0x21
 1255 08d6 53443100 		.ascii	"SD1\000"
 1256 08da 0D       		.byte	0xd
 1257 08db 0F01     		.2byte	0x10f
 1258 08dd 51070000 		.4byte	0x751
 1259 08e1 01       		.byte	0x1
 1260 08e2 01       		.byte	0x1
 1261 08e3 21       		.uleb128 0x21
 1262 08e4 53443300 		.ascii	"SD3\000"
 1263 08e8 0D       		.byte	0xd
 1264 08e9 1501     		.2byte	0x115
 1265 08eb 51070000 		.4byte	0x751
 1266 08ef 01       		.byte	0x1
 1267 08f0 01       		.byte	0x1
 1268 08f1 22       		.uleb128 0x22
 1269 08f2 01       		.byte	0x1
 1270 08f3 43040000 		.4byte	.LASF105
 1271 08f7 0A       		.byte	0xa
 1272 08f8 6601     		.2byte	0x166
 1273 08fa 01       		.byte	0x1
 1274 08fb E4000000 		.4byte	0xe4
 1275 08ff 01       		.byte	0x1
 1276 0900 0F090000 		.4byte	0x90f
 1277 0904 12       		.uleb128 0x12
 1278 0905 0F090000 		.4byte	0x90f
 1279 0909 12       		.uleb128 0x12
 1280 090a 05010000 		.4byte	0x105
 1281 090e 00       		.byte	0
 1282 090f 09       		.uleb128 0x9
 1283 0910 04       		.byte	0x4
 1284 0911 3A050000 		.4byte	0x53a
 1285 0915 22       		.uleb128 0x22
 1286 0916 01       		.byte	0x1
 1287 0917 00000000 		.4byte	.LASF106
 1288 091b 0A       		.byte	0xa
 1289 091c 6D01     		.2byte	0x16d
 1290 091e 01       		.byte	0x1
 1291 091f E4000000 		.4byte	0xe4
 1292 0923 01       		.byte	0x1
 1293 0924 38090000 		.4byte	0x938
 1294 0928 12       		.uleb128 0x12
 1295 0929 38090000 		.4byte	0x938
 1296 092d 12       		.uleb128 0x12
 1297 092e 49000000 		.4byte	0x49
 1298 0932 12       		.uleb128 0x12
 1299 0933 05010000 		.4byte	0x105
 1300 0937 00       		.byte	0
 1301 0938 09       		.uleb128 0x9
 1302 0939 04       		.byte	0x4
 1303 093a 45050000 		.4byte	0x545
 1304 093e 00       		.byte	0
 1305              		.section	.debug_abbrev,"",%progbits
 1306              	.Ldebug_abbrev0:
 1307 0000 01       		.uleb128 0x1
 1308 0001 11       		.uleb128 0x11
 1309 0002 01       		.byte	0x1
ARM GAS  /tmp/cc47Q6uu.s 			page 24


 1310 0003 25       		.uleb128 0x25
 1311 0004 0E       		.uleb128 0xe
 1312 0005 13       		.uleb128 0x13
 1313 0006 0B       		.uleb128 0xb
 1314 0007 03       		.uleb128 0x3
 1315 0008 0E       		.uleb128 0xe
 1316 0009 1B       		.uleb128 0x1b
 1317 000a 0E       		.uleb128 0xe
 1318 000b 55       		.uleb128 0x55
 1319 000c 06       		.uleb128 0x6
 1320 000d 11       		.uleb128 0x11
 1321 000e 01       		.uleb128 0x1
 1322 000f 52       		.uleb128 0x52
 1323 0010 01       		.uleb128 0x1
 1324 0011 10       		.uleb128 0x10
 1325 0012 06       		.uleb128 0x6
 1326 0013 00       		.byte	0
 1327 0014 00       		.byte	0
 1328 0015 02       		.uleb128 0x2
 1329 0016 24       		.uleb128 0x24
 1330 0017 00       		.byte	0
 1331 0018 0B       		.uleb128 0xb
 1332 0019 0B       		.uleb128 0xb
 1333 001a 3E       		.uleb128 0x3e
 1334 001b 0B       		.uleb128 0xb
 1335 001c 03       		.uleb128 0x3
 1336 001d 08       		.uleb128 0x8
 1337 001e 00       		.byte	0
 1338 001f 00       		.byte	0
 1339 0020 03       		.uleb128 0x3
 1340 0021 16       		.uleb128 0x16
 1341 0022 00       		.byte	0
 1342 0023 03       		.uleb128 0x3
 1343 0024 0E       		.uleb128 0xe
 1344 0025 3A       		.uleb128 0x3a
 1345 0026 0B       		.uleb128 0xb
 1346 0027 3B       		.uleb128 0x3b
 1347 0028 0B       		.uleb128 0xb
 1348 0029 49       		.uleb128 0x49
 1349 002a 13       		.uleb128 0x13
 1350 002b 00       		.byte	0
 1351 002c 00       		.byte	0
 1352 002d 04       		.uleb128 0x4
 1353 002e 24       		.uleb128 0x24
 1354 002f 00       		.byte	0
 1355 0030 0B       		.uleb128 0xb
 1356 0031 0B       		.uleb128 0xb
 1357 0032 3E       		.uleb128 0x3e
 1358 0033 0B       		.uleb128 0xb
 1359 0034 03       		.uleb128 0x3
 1360 0035 0E       		.uleb128 0xe
 1361 0036 00       		.byte	0
 1362 0037 00       		.byte	0
 1363 0038 05       		.uleb128 0x5
 1364 0039 13       		.uleb128 0x13
 1365 003a 01       		.byte	0x1
 1366 003b 03       		.uleb128 0x3
ARM GAS  /tmp/cc47Q6uu.s 			page 25


 1367 003c 0E       		.uleb128 0xe
 1368 003d 0B       		.uleb128 0xb
 1369 003e 0B       		.uleb128 0xb
 1370 003f 3A       		.uleb128 0x3a
 1371 0040 0B       		.uleb128 0xb
 1372 0041 3B       		.uleb128 0x3b
 1373 0042 0B       		.uleb128 0xb
 1374 0043 01       		.uleb128 0x1
 1375 0044 13       		.uleb128 0x13
 1376 0045 00       		.byte	0
 1377 0046 00       		.byte	0
 1378 0047 06       		.uleb128 0x6
 1379 0048 0D       		.uleb128 0xd
 1380 0049 00       		.byte	0
 1381 004a 03       		.uleb128 0x3
 1382 004b 0E       		.uleb128 0xe
 1383 004c 3A       		.uleb128 0x3a
 1384 004d 0B       		.uleb128 0xb
 1385 004e 3B       		.uleb128 0x3b
 1386 004f 0B       		.uleb128 0xb
 1387 0050 49       		.uleb128 0x49
 1388 0051 13       		.uleb128 0x13
 1389 0052 38       		.uleb128 0x38
 1390 0053 0A       		.uleb128 0xa
 1391 0054 00       		.byte	0
 1392 0055 00       		.byte	0
 1393 0056 07       		.uleb128 0x7
 1394 0057 0D       		.uleb128 0xd
 1395 0058 00       		.byte	0
 1396 0059 03       		.uleb128 0x3
 1397 005a 08       		.uleb128 0x8
 1398 005b 3A       		.uleb128 0x3a
 1399 005c 0B       		.uleb128 0xb
 1400 005d 3B       		.uleb128 0x3b
 1401 005e 0B       		.uleb128 0xb
 1402 005f 49       		.uleb128 0x49
 1403 0060 13       		.uleb128 0x13
 1404 0061 38       		.uleb128 0x38
 1405 0062 0A       		.uleb128 0xa
 1406 0063 00       		.byte	0
 1407 0064 00       		.byte	0
 1408 0065 08       		.uleb128 0x8
 1409 0066 13       		.uleb128 0x13
 1410 0067 01       		.byte	0x1
 1411 0068 0B       		.uleb128 0xb
 1412 0069 0B       		.uleb128 0xb
 1413 006a 3A       		.uleb128 0x3a
 1414 006b 0B       		.uleb128 0xb
 1415 006c 3B       		.uleb128 0x3b
 1416 006d 0B       		.uleb128 0xb
 1417 006e 01       		.uleb128 0x1
 1418 006f 13       		.uleb128 0x13
 1419 0070 00       		.byte	0
 1420 0071 00       		.byte	0
 1421 0072 09       		.uleb128 0x9
 1422 0073 0F       		.uleb128 0xf
 1423 0074 00       		.byte	0
ARM GAS  /tmp/cc47Q6uu.s 			page 26


 1424 0075 0B       		.uleb128 0xb
 1425 0076 0B       		.uleb128 0xb
 1426 0077 49       		.uleb128 0x49
 1427 0078 13       		.uleb128 0x13
 1428 0079 00       		.byte	0
 1429 007a 00       		.byte	0
 1430 007b 0A       		.uleb128 0xa
 1431 007c 0F       		.uleb128 0xf
 1432 007d 00       		.byte	0
 1433 007e 0B       		.uleb128 0xb
 1434 007f 0B       		.uleb128 0xb
 1435 0080 00       		.byte	0
 1436 0081 00       		.byte	0
 1437 0082 0B       		.uleb128 0xb
 1438 0083 13       		.uleb128 0x13
 1439 0084 01       		.byte	0x1
 1440 0085 03       		.uleb128 0x3
 1441 0086 0E       		.uleb128 0xe
 1442 0087 0B       		.uleb128 0xb
 1443 0088 0B       		.uleb128 0xb
 1444 0089 3A       		.uleb128 0x3a
 1445 008a 0B       		.uleb128 0xb
 1446 008b 3B       		.uleb128 0x3b
 1447 008c 05       		.uleb128 0x5
 1448 008d 01       		.uleb128 0x1
 1449 008e 13       		.uleb128 0x13
 1450 008f 00       		.byte	0
 1451 0090 00       		.byte	0
 1452 0091 0C       		.uleb128 0xc
 1453 0092 0D       		.uleb128 0xd
 1454 0093 00       		.byte	0
 1455 0094 03       		.uleb128 0x3
 1456 0095 08       		.uleb128 0x8
 1457 0096 3A       		.uleb128 0x3a
 1458 0097 0B       		.uleb128 0xb
 1459 0098 3B       		.uleb128 0x3b
 1460 0099 05       		.uleb128 0x5
 1461 009a 49       		.uleb128 0x49
 1462 009b 13       		.uleb128 0x13
 1463 009c 38       		.uleb128 0x38
 1464 009d 0A       		.uleb128 0xa
 1465 009e 00       		.byte	0
 1466 009f 00       		.byte	0
 1467 00a0 0D       		.uleb128 0xd
 1468 00a1 35       		.uleb128 0x35
 1469 00a2 00       		.byte	0
 1470 00a3 49       		.uleb128 0x49
 1471 00a4 13       		.uleb128 0x13
 1472 00a5 00       		.byte	0
 1473 00a6 00       		.byte	0
 1474 00a7 0E       		.uleb128 0xe
 1475 00a8 17       		.uleb128 0x17
 1476 00a9 01       		.byte	0x1
 1477 00aa 0B       		.uleb128 0xb
 1478 00ab 0B       		.uleb128 0xb
 1479 00ac 3A       		.uleb128 0x3a
 1480 00ad 0B       		.uleb128 0xb
ARM GAS  /tmp/cc47Q6uu.s 			page 27


 1481 00ae 3B       		.uleb128 0x3b
 1482 00af 0B       		.uleb128 0xb
 1483 00b0 01       		.uleb128 0x1
 1484 00b1 13       		.uleb128 0x13
 1485 00b2 00       		.byte	0
 1486 00b3 00       		.byte	0
 1487 00b4 0F       		.uleb128 0xf
 1488 00b5 0D       		.uleb128 0xd
 1489 00b6 00       		.byte	0
 1490 00b7 03       		.uleb128 0x3
 1491 00b8 0E       		.uleb128 0xe
 1492 00b9 3A       		.uleb128 0x3a
 1493 00ba 0B       		.uleb128 0xb
 1494 00bb 3B       		.uleb128 0x3b
 1495 00bc 0B       		.uleb128 0xb
 1496 00bd 49       		.uleb128 0x49
 1497 00be 13       		.uleb128 0x13
 1498 00bf 00       		.byte	0
 1499 00c0 00       		.byte	0
 1500 00c1 10       		.uleb128 0x10
 1501 00c2 26       		.uleb128 0x26
 1502 00c3 00       		.byte	0
 1503 00c4 49       		.uleb128 0x49
 1504 00c5 13       		.uleb128 0x13
 1505 00c6 00       		.byte	0
 1506 00c7 00       		.byte	0
 1507 00c8 11       		.uleb128 0x11
 1508 00c9 15       		.uleb128 0x15
 1509 00ca 01       		.byte	0x1
 1510 00cb 27       		.uleb128 0x27
 1511 00cc 0C       		.uleb128 0xc
 1512 00cd 49       		.uleb128 0x49
 1513 00ce 13       		.uleb128 0x13
 1514 00cf 01       		.uleb128 0x1
 1515 00d0 13       		.uleb128 0x13
 1516 00d1 00       		.byte	0
 1517 00d2 00       		.byte	0
 1518 00d3 12       		.uleb128 0x12
 1519 00d4 05       		.uleb128 0x5
 1520 00d5 00       		.byte	0
 1521 00d6 49       		.uleb128 0x49
 1522 00d7 13       		.uleb128 0x13
 1523 00d8 00       		.byte	0
 1524 00d9 00       		.byte	0
 1525 00da 13       		.uleb128 0x13
 1526 00db 15       		.uleb128 0x15
 1527 00dc 01       		.byte	0x1
 1528 00dd 27       		.uleb128 0x27
 1529 00de 0C       		.uleb128 0xc
 1530 00df 01       		.uleb128 0x1
 1531 00e0 13       		.uleb128 0x13
 1532 00e1 00       		.byte	0
 1533 00e2 00       		.byte	0
 1534 00e3 14       		.uleb128 0x14
 1535 00e4 13       		.uleb128 0x13
 1536 00e5 01       		.byte	0x1
 1537 00e6 0B       		.uleb128 0xb
ARM GAS  /tmp/cc47Q6uu.s 			page 28


 1538 00e7 0B       		.uleb128 0xb
 1539 00e8 3A       		.uleb128 0x3a
 1540 00e9 0B       		.uleb128 0xb
 1541 00ea 3B       		.uleb128 0x3b
 1542 00eb 05       		.uleb128 0x5
 1543 00ec 01       		.uleb128 0x1
 1544 00ed 13       		.uleb128 0x13
 1545 00ee 00       		.byte	0
 1546 00ef 00       		.byte	0
 1547 00f0 15       		.uleb128 0x15
 1548 00f1 0D       		.uleb128 0xd
 1549 00f2 00       		.byte	0
 1550 00f3 03       		.uleb128 0x3
 1551 00f4 0E       		.uleb128 0xe
 1552 00f5 3A       		.uleb128 0x3a
 1553 00f6 0B       		.uleb128 0xb
 1554 00f7 3B       		.uleb128 0x3b
 1555 00f8 05       		.uleb128 0x5
 1556 00f9 49       		.uleb128 0x49
 1557 00fa 13       		.uleb128 0x13
 1558 00fb 38       		.uleb128 0x38
 1559 00fc 0A       		.uleb128 0xa
 1560 00fd 00       		.byte	0
 1561 00fe 00       		.byte	0
 1562 00ff 16       		.uleb128 0x16
 1563 0100 16       		.uleb128 0x16
 1564 0101 00       		.byte	0
 1565 0102 03       		.uleb128 0x3
 1566 0103 0E       		.uleb128 0xe
 1567 0104 3A       		.uleb128 0x3a
 1568 0105 0B       		.uleb128 0xb
 1569 0106 3B       		.uleb128 0x3b
 1570 0107 05       		.uleb128 0x5
 1571 0108 49       		.uleb128 0x49
 1572 0109 13       		.uleb128 0x13
 1573 010a 00       		.byte	0
 1574 010b 00       		.byte	0
 1575 010c 17       		.uleb128 0x17
 1576 010d 04       		.uleb128 0x4
 1577 010e 01       		.byte	0x1
 1578 010f 0B       		.uleb128 0xb
 1579 0110 0B       		.uleb128 0xb
 1580 0111 3A       		.uleb128 0x3a
 1581 0112 0B       		.uleb128 0xb
 1582 0113 3B       		.uleb128 0x3b
 1583 0114 0B       		.uleb128 0xb
 1584 0115 01       		.uleb128 0x1
 1585 0116 13       		.uleb128 0x13
 1586 0117 00       		.byte	0
 1587 0118 00       		.byte	0
 1588 0119 18       		.uleb128 0x18
 1589 011a 28       		.uleb128 0x28
 1590 011b 00       		.byte	0
 1591 011c 03       		.uleb128 0x3
 1592 011d 0E       		.uleb128 0xe
 1593 011e 1C       		.uleb128 0x1c
 1594 011f 0D       		.uleb128 0xd
ARM GAS  /tmp/cc47Q6uu.s 			page 29


 1595 0120 00       		.byte	0
 1596 0121 00       		.byte	0
 1597 0122 19       		.uleb128 0x19
 1598 0123 01       		.uleb128 0x1
 1599 0124 01       		.byte	0x1
 1600 0125 49       		.uleb128 0x49
 1601 0126 13       		.uleb128 0x13
 1602 0127 01       		.uleb128 0x1
 1603 0128 13       		.uleb128 0x13
 1604 0129 00       		.byte	0
 1605 012a 00       		.byte	0
 1606 012b 1A       		.uleb128 0x1a
 1607 012c 21       		.uleb128 0x21
 1608 012d 00       		.byte	0
 1609 012e 49       		.uleb128 0x49
 1610 012f 13       		.uleb128 0x13
 1611 0130 2F       		.uleb128 0x2f
 1612 0131 0B       		.uleb128 0xb
 1613 0132 00       		.byte	0
 1614 0133 00       		.byte	0
 1615 0134 1B       		.uleb128 0x1b
 1616 0135 2E       		.uleb128 0x2e
 1617 0136 01       		.byte	0x1
 1618 0137 3F       		.uleb128 0x3f
 1619 0138 0C       		.uleb128 0xc
 1620 0139 03       		.uleb128 0x3
 1621 013a 0E       		.uleb128 0xe
 1622 013b 3A       		.uleb128 0x3a
 1623 013c 0B       		.uleb128 0xb
 1624 013d 3B       		.uleb128 0x3b
 1625 013e 0B       		.uleb128 0xb
 1626 013f 27       		.uleb128 0x27
 1627 0140 0C       		.uleb128 0xc
 1628 0141 49       		.uleb128 0x49
 1629 0142 13       		.uleb128 0x13
 1630 0143 11       		.uleb128 0x11
 1631 0144 01       		.uleb128 0x1
 1632 0145 12       		.uleb128 0x12
 1633 0146 01       		.uleb128 0x1
 1634 0147 40       		.uleb128 0x40
 1635 0148 06       		.uleb128 0x6
 1636 0149 9742     		.uleb128 0x2117
 1637 014b 0C       		.uleb128 0xc
 1638 014c 01       		.uleb128 0x1
 1639 014d 13       		.uleb128 0x13
 1640 014e 00       		.byte	0
 1641 014f 00       		.byte	0
 1642 0150 1C       		.uleb128 0x1c
 1643 0151 05       		.uleb128 0x5
 1644 0152 00       		.byte	0
 1645 0153 03       		.uleb128 0x3
 1646 0154 08       		.uleb128 0x8
 1647 0155 3A       		.uleb128 0x3a
 1648 0156 0B       		.uleb128 0xb
 1649 0157 3B       		.uleb128 0x3b
 1650 0158 0B       		.uleb128 0xb
 1651 0159 49       		.uleb128 0x49
ARM GAS  /tmp/cc47Q6uu.s 			page 30


 1652 015a 13       		.uleb128 0x13
 1653 015b 02       		.uleb128 0x2
 1654 015c 06       		.uleb128 0x6
 1655 015d 00       		.byte	0
 1656 015e 00       		.byte	0
 1657 015f 1D       		.uleb128 0x1d
 1658 0160 898201   		.uleb128 0x4109
 1659 0163 01       		.byte	0x1
 1660 0164 11       		.uleb128 0x11
 1661 0165 01       		.uleb128 0x1
 1662 0166 31       		.uleb128 0x31
 1663 0167 13       		.uleb128 0x13
 1664 0168 01       		.uleb128 0x1
 1665 0169 13       		.uleb128 0x13
 1666 016a 00       		.byte	0
 1667 016b 00       		.byte	0
 1668 016c 1E       		.uleb128 0x1e
 1669 016d 8A8201   		.uleb128 0x410a
 1670 0170 00       		.byte	0
 1671 0171 02       		.uleb128 0x2
 1672 0172 0A       		.uleb128 0xa
 1673 0173 9142     		.uleb128 0x2111
 1674 0175 0A       		.uleb128 0xa
 1675 0176 00       		.byte	0
 1676 0177 00       		.byte	0
 1677 0178 1F       		.uleb128 0x1f
 1678 0179 898201   		.uleb128 0x4109
 1679 017c 01       		.byte	0x1
 1680 017d 11       		.uleb128 0x11
 1681 017e 01       		.uleb128 0x1
 1682 017f 31       		.uleb128 0x31
 1683 0180 13       		.uleb128 0x13
 1684 0181 00       		.byte	0
 1685 0182 00       		.byte	0
 1686 0183 20       		.uleb128 0x20
 1687 0184 34       		.uleb128 0x34
 1688 0185 00       		.byte	0
 1689 0186 03       		.uleb128 0x3
 1690 0187 0E       		.uleb128 0xe
 1691 0188 3A       		.uleb128 0x3a
 1692 0189 0B       		.uleb128 0xb
 1693 018a 3B       		.uleb128 0x3b
 1694 018b 05       		.uleb128 0x5
 1695 018c 49       		.uleb128 0x49
 1696 018d 13       		.uleb128 0x13
 1697 018e 3F       		.uleb128 0x3f
 1698 018f 0C       		.uleb128 0xc
 1699 0190 3C       		.uleb128 0x3c
 1700 0191 0C       		.uleb128 0xc
 1701 0192 00       		.byte	0
 1702 0193 00       		.byte	0
 1703 0194 21       		.uleb128 0x21
 1704 0195 34       		.uleb128 0x34
 1705 0196 00       		.byte	0
 1706 0197 03       		.uleb128 0x3
 1707 0198 08       		.uleb128 0x8
 1708 0199 3A       		.uleb128 0x3a
ARM GAS  /tmp/cc47Q6uu.s 			page 31


 1709 019a 0B       		.uleb128 0xb
 1710 019b 3B       		.uleb128 0x3b
 1711 019c 05       		.uleb128 0x5
 1712 019d 49       		.uleb128 0x49
 1713 019e 13       		.uleb128 0x13
 1714 019f 3F       		.uleb128 0x3f
 1715 01a0 0C       		.uleb128 0xc
 1716 01a1 3C       		.uleb128 0x3c
 1717 01a2 0C       		.uleb128 0xc
 1718 01a3 00       		.byte	0
 1719 01a4 00       		.byte	0
 1720 01a5 22       		.uleb128 0x22
 1721 01a6 2E       		.uleb128 0x2e
 1722 01a7 01       		.byte	0x1
 1723 01a8 3F       		.uleb128 0x3f
 1724 01a9 0C       		.uleb128 0xc
 1725 01aa 03       		.uleb128 0x3
 1726 01ab 0E       		.uleb128 0xe
 1727 01ac 3A       		.uleb128 0x3a
 1728 01ad 0B       		.uleb128 0xb
 1729 01ae 3B       		.uleb128 0x3b
 1730 01af 05       		.uleb128 0x5
 1731 01b0 27       		.uleb128 0x27
 1732 01b1 0C       		.uleb128 0xc
 1733 01b2 49       		.uleb128 0x49
 1734 01b3 13       		.uleb128 0x13
 1735 01b4 3C       		.uleb128 0x3c
 1736 01b5 0C       		.uleb128 0xc
 1737 01b6 01       		.uleb128 0x1
 1738 01b7 13       		.uleb128 0x13
 1739 01b8 00       		.byte	0
 1740 01b9 00       		.byte	0
 1741 01ba 00       		.byte	0
 1742              		.section	.debug_loc,"",%progbits
 1743              	.Ldebug_loc0:
 1744              	.LLST0:
 1745 0000 00000000 		.4byte	.LFB118
 1746 0004 02000000 		.4byte	.LCFI0
 1747 0008 0200     		.2byte	0x2
 1748 000a 7D       		.byte	0x7d
 1749 000b 00       		.sleb128 0
 1750 000c 02000000 		.4byte	.LCFI0
 1751 0010 24000000 		.4byte	.LFE118
 1752 0014 0200     		.2byte	0x2
 1753 0016 7D       		.byte	0x7d
 1754 0017 08       		.sleb128 8
 1755 0018 00000000 		.4byte	0
 1756 001c 00000000 		.4byte	0
 1757              	.LLST1:
 1758 0020 00000000 		.4byte	.LVL0
 1759 0024 02000000 		.4byte	.LVL1
 1760 0028 0100     		.2byte	0x1
 1761 002a 50       		.byte	0x50
 1762 002b 02000000 		.4byte	.LVL1
 1763 002f 24000000 		.4byte	.LFE118
 1764 0033 0400     		.2byte	0x4
 1765 0035 F3       		.byte	0xf3
ARM GAS  /tmp/cc47Q6uu.s 			page 32


 1766 0036 01       		.uleb128 0x1
 1767 0037 50       		.byte	0x50
 1768 0038 9F       		.byte	0x9f
 1769 0039 00000000 		.4byte	0
 1770 003d 00000000 		.4byte	0
 1771              		.section	.debug_aranges,"",%progbits
 1772 0000 1C000000 		.4byte	0x1c
 1773 0004 0200     		.2byte	0x2
 1774 0006 00000000 		.4byte	.Ldebug_info0
 1775 000a 04       		.byte	0x4
 1776 000b 00       		.byte	0
 1777 000c 0000     		.2byte	0
 1778 000e 0000     		.2byte	0
 1779 0010 00000000 		.4byte	.LFB118
 1780 0014 24000000 		.4byte	.LFE118-.LFB118
 1781 0018 00000000 		.4byte	0
 1782 001c 00000000 		.4byte	0
 1783              		.section	.debug_ranges,"",%progbits
 1784              	.Ldebug_ranges0:
 1785 0000 00000000 		.4byte	.LFB118
 1786 0004 24000000 		.4byte	.LFE118
 1787 0008 00000000 		.4byte	0
 1788 000c 00000000 		.4byte	0
 1789              		.section	.debug_line,"",%progbits
 1790              	.Ldebug_line0:
 1791 0000 B7020000 		.section	.debug_str,"MS",%progbits,1
 1791      0200A002 
 1791      00000201 
 1791      FB0E0D00 
 1791      01010101 
 1792              	.LASF106:
 1793 0000 63684F51 		.ascii	"chOQPutTimeout\000"
 1793      50757454 
 1793      696D656F 
 1793      757400
 1794              	.LASF2:
 1795 000f 73697A65 		.ascii	"size_t\000"
 1795      5F7400
 1796              	.LASF61:
 1797 0016 7264796D 		.ascii	"rdymsg\000"
 1797      736700
 1798              	.LASF77:
 1799 001d 4F757470 		.ascii	"OutputQueue\000"
 1799      75745175 
 1799      65756500 
 1800              	.LASF13:
 1801 0029 6C6F6E67 		.ascii	"long long unsigned int\000"
 1801      206C6F6E 
 1801      6720756E 
 1801      7369676E 
 1801      65642069 
 1802              	.LASF62:
 1803 0040 65786974 		.ascii	"exitcode\000"
 1803      636F6465 
 1803      00
 1804              	.LASF104:
 1805 0049 49544D5F 		.ascii	"ITM_RxBuffer\000"
ARM GAS  /tmp/cc47Q6uu.s 			page 33


 1805      52784275 
 1805      66666572 
 1805      00
 1806              	.LASF27:
 1807 0056 705F7072 		.ascii	"p_prio\000"
 1807      696F00
 1808              	.LASF103:
 1809 005d 72656164 		.ascii	"readt\000"
 1809      7400
 1810              	.LASF67:
 1811 0063 715F7761 		.ascii	"q_waiting\000"
 1811      6974696E 
 1811      6700
 1812              	.LASF12:
 1813 006d 6C6F6E67 		.ascii	"long long int\000"
 1813      206C6F6E 
 1813      6720696E 
 1813      7400
 1814              	.LASF1:
 1815 007b 7369676E 		.ascii	"signed char\000"
 1815      65642063 
 1815      68617200 
 1816              	.LASF84:
 1817 0087 47545052 		.ascii	"GTPR\000"
 1817      00
 1818              	.LASF43:
 1819 008c 705F6D70 		.ascii	"p_mpool\000"
 1819      6F6F6C00 
 1820              	.LASF51:
 1821 0094 6D5F7175 		.ascii	"m_queue\000"
 1821      65756500 
 1822              	.LASF18:
 1823 009c 74736C69 		.ascii	"tslices_t\000"
 1823      6365735F 
 1823      7400
 1824              	.LASF93:
 1825 00a6 73746174 		.ascii	"state\000"
 1825      6500
 1826              	.LASF9:
 1827 00ac 6C6F6E67 		.ascii	"long int\000"
 1827      20696E74 
 1827      00
 1828              	.LASF16:
 1829 00b5 74737461 		.ascii	"tstate_t\000"
 1829      74655F74 
 1829      00
 1830              	.LASF34:
 1831 00be 705F7265 		.ascii	"p_refs\000"
 1831      667300
 1832              	.LASF69:
 1833 00c5 715F6275 		.ascii	"q_buffer\000"
 1833      66666572 
 1833      00
 1834              	.LASF71:
 1835 00ce 715F7772 		.ascii	"q_wrptr\000"
 1835      70747200 
 1836              	.LASF36:
ARM GAS  /tmp/cc47Q6uu.s 			page 34


 1837 00d6 705F7469 		.ascii	"p_time\000"
 1837      6D6500
 1838              	.LASF29:
 1839 00dd 705F6E65 		.ascii	"p_newer\000"
 1839      77657200 
 1840              	.LASF46:
 1841 00e5 72656761 		.ascii	"regarm_t\000"
 1841      726D5F74 
 1841      00
 1842              	.LASF59:
 1843 00ee 4576656E 		.ascii	"EventSource\000"
 1843      74536F75 
 1843      72636500 
 1844              	.LASF96:
 1845 00fa 75736172 		.ascii	"usart\000"
 1845      7400
 1846              	.LASF0:
 1847 0100 756E7369 		.ascii	"unsigned int\000"
 1847      676E6564 
 1847      20696E74 
 1847      00
 1848              	.LASF6:
 1849 010d 75696E74 		.ascii	"uint16_t\000"
 1849      31365F74 
 1849      00
 1850              	.LASF97:
 1851 0116 53657269 		.ascii	"SerialDriverVMT\000"
 1851      616C4472 
 1851      69766572 
 1851      564D5400 
 1852              	.LASF94:
 1853 0126 69717565 		.ascii	"iqueue\000"
 1853      756500
 1854              	.LASF38:
 1855 012d 705F6D73 		.ascii	"p_msgqueue\000"
 1855      67717565 
 1855      756500
 1856              	.LASF101:
 1857 0138 67657474 		.ascii	"gett\000"
 1857      00
 1858              	.LASF92:
 1859 013d 6576656E 		.ascii	"event\000"
 1859      7400
 1860              	.LASF7:
 1861 0143 73686F72 		.ascii	"short unsigned int\000"
 1861      7420756E 
 1861      7369676E 
 1861      65642069 
 1861      6E7400
 1862              	.LASF20:
 1863 0156 6D73675F 		.ascii	"msg_t\000"
 1863      7400
 1864              	.LASF95:
 1865 015c 6F717565 		.ascii	"oqueue\000"
 1865      756500
 1866              	.LASF86:
 1867 0163 55534152 		.ascii	"USART_TypeDef\000"
ARM GAS  /tmp/cc47Q6uu.s 			page 35


 1867      545F5479 
 1867      70654465 
 1867      6600
 1868              	.LASF102:
 1869 0171 77726974 		.ascii	"writet\000"
 1869      657400
 1870              	.LASF15:
 1871 0178 746D6F64 		.ascii	"tmode_t\000"
 1871      655F7400 
 1872              	.LASF45:
 1873 0180 54687265 		.ascii	"ThreadsList\000"
 1873      6164734C 
 1873      69737400 
 1874              	.LASF21:
 1875 018c 6576656E 		.ascii	"eventmask_t\000"
 1875      746D6173 
 1875      6B5F7400 
 1876              	.LASF76:
 1877 0198 496E7075 		.ascii	"InputQueue\000"
 1877      74517565 
 1877      756500
 1878              	.LASF75:
 1879 01a3 716E6F74 		.ascii	"qnotify_t\000"
 1879      6966795F 
 1879      7400
 1880              	.LASF66:
 1881 01ad 47656E65 		.ascii	"GenericQueue\000"
 1881      72696351 
 1881      75657565 
 1881      00
 1882              	.LASF98:
 1883 01ba 77726974 		.ascii	"write\000"
 1883      6500
 1884              	.LASF100:
 1885 01c0 70757474 		.ascii	"putt\000"
 1885      00
 1886              	.LASF49:
 1887 01c5 73697A65 		.ascii	"sizetype\000"
 1887      74797065 
 1887      00
 1888              	.LASF68:
 1889 01ce 715F636F 		.ascii	"q_counter\000"
 1889      756E7465 
 1889      7200
 1890              	.LASF50:
 1891 01d8 4D757465 		.ascii	"Mutex\000"
 1891      7800
 1892              	.LASF30:
 1893 01de 705F6F6C 		.ascii	"p_older\000"
 1893      64657200 
 1894              	.LASF44:
 1895 01e6 54687265 		.ascii	"ThreadsQueue\000"
 1895      61647351 
 1895      75657565 
 1895      00
 1896              	.LASF57:
 1897 01f3 656C5F6D 		.ascii	"el_mask\000"
ARM GAS  /tmp/cc47Q6uu.s 			page 36


 1897      61736B00 
 1898              	.LASF109:
 1899 01fb 2F686F6D 		.ascii	"/home/felix/Documents/Projects/AX12_respond\000"
 1899      652F6665 
 1899      6C69782F 
 1899      446F6375 
 1899      6D656E74 
 1900              	.LASF17:
 1901 0227 74726566 		.ascii	"trefs_t\000"
 1901      735F7400 
 1902              	.LASF78:
 1903 022f 52455345 		.ascii	"RESERVED0\000"
 1903      52564544 
 1903      3000
 1904              	.LASF79:
 1905 0239 52455345 		.ascii	"RESERVED1\000"
 1905      52564544 
 1905      3100
 1906              	.LASF80:
 1907 0243 52455345 		.ascii	"RESERVED2\000"
 1907      52564544 
 1907      3200
 1908              	.LASF81:
 1909 024d 52455345 		.ascii	"RESERVED3\000"
 1909      52564544 
 1909      3300
 1910              	.LASF82:
 1911 0257 52455345 		.ascii	"RESERVED4\000"
 1911      52564544 
 1911      3400
 1912              	.LASF26:
 1913 0261 705F7072 		.ascii	"p_prev\000"
 1913      657600
 1914              	.LASF85:
 1915 0268 52455345 		.ascii	"RESERVED6\000"
 1915      52564544 
 1915      3600
 1916              	.LASF19:
 1917 0272 74707269 		.ascii	"tprio_t\000"
 1917      6F5F7400 
 1918              	.LASF72:
 1919 027a 715F7264 		.ascii	"q_rdptr\000"
 1919      70747200 
 1920              	.LASF14:
 1921 0282 5F426F6F 		.ascii	"_Bool\000"
 1921      6C00
 1922              	.LASF8:
 1923 0288 696E7433 		.ascii	"int32_t\000"
 1923      325F7400 
 1924              	.LASF4:
 1925 0290 756E7369 		.ascii	"unsigned char\000"
 1925      676E6564 
 1925      20636861 
 1925      7200
 1926              	.LASF56:
 1927 029e 656C5F6C 		.ascii	"el_listener\000"
 1927      69737465 
ARM GAS  /tmp/cc47Q6uu.s 			page 37


 1927      6E657200 
 1928              	.LASF58:
 1929 02aa 656C5F66 		.ascii	"el_flags\000"
 1929      6C616773 
 1929      00
 1930              	.LASF41:
 1931 02b3 705F6D74 		.ascii	"p_mtxlist\000"
 1931      786C6973 
 1931      7400
 1932              	.LASF5:
 1933 02bd 73686F72 		.ascii	"short int\000"
 1933      7420696E 
 1933      7400
 1934              	.LASF32:
 1935 02c7 705F7374 		.ascii	"p_state\000"
 1935      61746500 
 1936              	.LASF35:
 1937 02cf 705F7072 		.ascii	"p_preempt\000"
 1937      65656D70 
 1937      7400
 1938              	.LASF64:
 1939 02d9 65776D61 		.ascii	"ewmask\000"
 1939      736B00
 1940              	.LASF25:
 1941 02e0 705F6E65 		.ascii	"p_next\000"
 1941      787400
 1942              	.LASF33:
 1943 02e7 705F666C 		.ascii	"p_flags\000"
 1943      61677300 
 1944              	.LASF55:
 1945 02ef 656C5F6E 		.ascii	"el_next\000"
 1945      65787400 
 1946              	.LASF88:
 1947 02f7 53445F53 		.ascii	"SD_STOP\000"
 1947      544F5000 
 1948              	.LASF24:
 1949 02ff 54687265 		.ascii	"Thread\000"
 1949      616400
 1950              	.LASF40:
 1951 0306 705F6570 		.ascii	"p_epending\000"
 1951      656E6469 
 1951      6E6700
 1952              	.LASF87:
 1953 0311 53445F55 		.ascii	"SD_UNINIT\000"
 1953      4E494E49 
 1953      5400
 1954              	.LASF83:
 1955 031b 52455345 		.ascii	"RESERVED5\000"
 1955      52564544 
 1955      3500
 1956              	.LASF10:
 1957 0325 75696E74 		.ascii	"uint32_t\000"
 1957      33325F74 
 1957      00
 1958              	.LASF90:
 1959 032e 73647374 		.ascii	"sdstate_t\000"
 1959      6174655F 
ARM GAS  /tmp/cc47Q6uu.s 			page 38


 1959      7400
 1960              	.LASF91:
 1961 0338 53657269 		.ascii	"SerialDriver\000"
 1961      616C4472 
 1961      69766572 
 1961      00
 1962              	.LASF11:
 1963 0345 6C6F6E67 		.ascii	"long unsigned int\000"
 1963      20756E73 
 1963      69676E65 
 1963      6420696E 
 1963      7400
 1964              	.LASF99:
 1965 0357 72656164 		.ascii	"read\000"
 1965      00
 1966              	.LASF65:
 1967 035c 63686172 		.ascii	"char\000"
 1967      00
 1968              	.LASF53:
 1969 0361 6D5F6E65 		.ascii	"m_next\000"
 1969      787400
 1970              	.LASF23:
 1971 0368 73797374 		.ascii	"systime_t\000"
 1971      696D655F 
 1971      7400
 1972              	.LASF42:
 1973 0372 705F7265 		.ascii	"p_realprio\000"
 1973      616C7072 
 1973      696F00
 1974              	.LASF48:
 1975 037d 636F6E74 		.ascii	"context\000"
 1975      65787400 
 1976              	.LASF47:
 1977 0385 696E7463 		.ascii	"intctx\000"
 1977      747800
 1978              	.LASF89:
 1979 038c 53445F52 		.ascii	"SD_READY\000"
 1979      45414459 
 1979      00
 1980              	.LASF22:
 1981 0395 666C6167 		.ascii	"flagsmask_t\000"
 1981      736D6173 
 1981      6B5F7400 
 1982              	.LASF70:
 1983 03a1 715F746F 		.ascii	"q_top\000"
 1983      7000
 1984              	.LASF31:
 1985 03a7 705F6E61 		.ascii	"p_name\000"
 1985      6D6500
 1986              	.LASF60:
 1987 03ae 65735F6E 		.ascii	"es_next\000"
 1987      65787400 
 1988              	.LASF73:
 1989 03b6 715F6E6F 		.ascii	"q_notify\000"
 1989      74696679 
 1989      00
 1990              	.LASF3:
ARM GAS  /tmp/cc47Q6uu.s 			page 39


 1991 03bf 75696E74 		.ascii	"uint8_t\000"
 1991      385F7400 
 1992              	.LASF107:
 1993 03c7 474E5520 		.ascii	"GNU C 4.7.3 20121205 (prerelease)\000"
 1993      4320342E 
 1993      372E3320 
 1993      32303132 
 1993      31323035 
 1994              	.LASF54:
 1995 03e9 4576656E 		.ascii	"EventListener\000"
 1995      744C6973 
 1995      74656E65 
 1995      7200
 1996              	.LASF63:
 1997 03f7 77746F62 		.ascii	"wtobjp\000"
 1997      6A7000
 1998              	.LASF39:
 1999 03fe 705F6D73 		.ascii	"p_msg\000"
 1999      6700
 2000              	.LASF108:
 2001 0404 72656365 		.ascii	"receive_thread.c\000"
 2001      6976655F 
 2001      74687265 
 2001      61642E63 
 2001      00
 2002              	.LASF74:
 2003 0415 715F6C69 		.ascii	"q_link\000"
 2003      6E6B00
 2004              	.LASF52:
 2005 041c 6D5F6F77 		.ascii	"m_owner\000"
 2005      6E657200 
 2006              	.LASF110:
 2007 0424 72656365 		.ascii	"receive_thread\000"
 2007      6976655F 
 2007      74687265 
 2007      616400
 2008              	.LASF28:
 2009 0433 705F6374 		.ascii	"p_ctx\000"
 2009      7800
 2010              	.LASF37:
 2011 0439 705F7761 		.ascii	"p_waiting\000"
 2011      6974696E 
 2011      6700
 2012              	.LASF105:
 2013 0443 63684951 		.ascii	"chIQGetTimeout\000"
 2013      47657454 
 2013      696D656F 
 2013      757400
 2014              		.ident	"GCC: (Linaro GCC 4.7-2012.12) 4.7.3 20121205 (prerelease)"
ARM GAS  /tmp/cc47Q6uu.s 			page 40


DEFINED SYMBOLS
                            *ABS*:0000000000000000 receive_thread.c
     /tmp/cc47Q6uu.s:19     .text.receive_thread:0000000000000000 $t
     /tmp/cc47Q6uu.s:25     .text.receive_thread:0000000000000000 receive_thread
     /tmp/cc47Q6uu.s:55     .text.receive_thread:000000000000001c $d
                     .debug_frame:0000000000000010 $d
     /tmp/cc47Q6uu.s:60     .text.receive_thread:0000000000000024 $t

UNDEFINED SYMBOLS
chIQGetTimeout
chOQPutTimeout
SD3
SD1
