ARM GAS  /tmp/ccdOCYZW.s 			page 1


   1              		.syntax unified
   2              		.cpu cortex-m4
   3              		.fpu softvfp
   4              		.eabi_attribute 20, 1
   5              		.eabi_attribute 21, 1
   6              		.eabi_attribute 23, 3
   7              		.eabi_attribute 24, 1
   8              		.eabi_attribute 25, 1
   9              		.eabi_attribute 26, 1
  10              		.eabi_attribute 30, 2
  11              		.eabi_attribute 34, 1
  12              		.eabi_attribute 18, 4
  13              		.thumb
  14              		.file	"vectors.c"
  15              		.text
  16              	.Ltext0:
  17              		.cfi_sections	.debug_frame
  18              		.section	.text._unhandled_exception,"ax",%progbits
  19              		.align	2
  20              		.p2align 4,,15
  21              		.global	_unhandled_exception
  22              		.thumb
  23              		.thumb_func
  24              		.type	_unhandled_exception, %function
  25              	_unhandled_exception:
  26              	.LFB7:
  27              		.file 1 "/home/felix/Documents/ChibiOS/os/ports/GCC/ARMCMx/STM32F4xx/vectors.c"
  28              		.loc 1 215 0
  29              		.cfi_startproc
  30              		@ Naked Function: prologue and epilogue provided by programmer.
  31              		@ Volatile: function does not return.
  32              		@ args = 0, pretend = 0, frame = 0
  33              		@ frame_needed = 0, uses_anonymous_args = 0
  34              	.L2:
  35 0000 FEE7     		b	.L2
  36              		.cfi_endproc
  37              	.LFE7:
  38              		.size	_unhandled_exception, .-_unhandled_exception
  39              		.weak	HardFaultVector
  40              		.thumb_set HardFaultVector,_unhandled_exception
  41              		.weak	MemManageVector
  42              		.thumb_set MemManageVector,_unhandled_exception
  43              		.weak	BusFaultVector
  44              		.thumb_set BusFaultVector,_unhandled_exception
  45              		.weak	UsageFaultVector
  46              		.thumb_set UsageFaultVector,_unhandled_exception
  47              		.weak	Vector1C
  48              		.thumb_set Vector1C,_unhandled_exception
  49              		.weak	Vector20
  50              		.thumb_set Vector20,_unhandled_exception
  51              		.weak	Vector24
  52              		.thumb_set Vector24,_unhandled_exception
  53              		.weak	Vector28
  54              		.thumb_set Vector28,_unhandled_exception
  55              		.weak	SVCallVector
  56              		.thumb_set SVCallVector,_unhandled_exception
  57              		.weak	DebugMonitorVector
ARM GAS  /tmp/ccdOCYZW.s 			page 2


  58              		.thumb_set DebugMonitorVector,_unhandled_exception
  59              		.weak	Vector34
  60              		.thumb_set Vector34,_unhandled_exception
  61              		.weak	PendSVVector
  62              		.thumb_set PendSVVector,_unhandled_exception
  63              		.weak	SysTickVector
  64              		.thumb_set SysTickVector,_unhandled_exception
  65              		.weak	Vector40
  66              		.thumb_set Vector40,_unhandled_exception
  67              		.weak	Vector44
  68              		.thumb_set Vector44,_unhandled_exception
  69              		.weak	Vector48
  70              		.thumb_set Vector48,_unhandled_exception
  71              		.weak	Vector4C
  72              		.thumb_set Vector4C,_unhandled_exception
  73              		.weak	Vector50
  74              		.thumb_set Vector50,_unhandled_exception
  75              		.weak	Vector54
  76              		.thumb_set Vector54,_unhandled_exception
  77              		.weak	Vector58
  78              		.thumb_set Vector58,_unhandled_exception
  79              		.weak	Vector5C
  80              		.thumb_set Vector5C,_unhandled_exception
  81              		.weak	Vector60
  82              		.thumb_set Vector60,_unhandled_exception
  83              		.weak	Vector64
  84              		.thumb_set Vector64,_unhandled_exception
  85              		.weak	Vector68
  86              		.thumb_set Vector68,_unhandled_exception
  87              		.weak	Vector6C
  88              		.thumb_set Vector6C,_unhandled_exception
  89              		.weak	Vector70
  90              		.thumb_set Vector70,_unhandled_exception
  91              		.weak	Vector74
  92              		.thumb_set Vector74,_unhandled_exception
  93              		.weak	Vector78
  94              		.thumb_set Vector78,_unhandled_exception
  95              		.weak	Vector7C
  96              		.thumb_set Vector7C,_unhandled_exception
  97              		.weak	Vector80
  98              		.thumb_set Vector80,_unhandled_exception
  99              		.weak	Vector84
 100              		.thumb_set Vector84,_unhandled_exception
 101              		.weak	Vector88
 102              		.thumb_set Vector88,_unhandled_exception
 103              		.weak	Vector8C
 104              		.thumb_set Vector8C,_unhandled_exception
 105              		.weak	Vector90
 106              		.thumb_set Vector90,_unhandled_exception
 107              		.weak	Vector94
 108              		.thumb_set Vector94,_unhandled_exception
 109              		.weak	Vector98
 110              		.thumb_set Vector98,_unhandled_exception
 111              		.weak	Vector9C
 112              		.thumb_set Vector9C,_unhandled_exception
 113              		.weak	VectorA0
 114              		.thumb_set VectorA0,_unhandled_exception
ARM GAS  /tmp/ccdOCYZW.s 			page 3


 115              		.weak	VectorA4
 116              		.thumb_set VectorA4,_unhandled_exception
 117              		.weak	VectorA8
 118              		.thumb_set VectorA8,_unhandled_exception
 119              		.weak	VectorAC
 120              		.thumb_set VectorAC,_unhandled_exception
 121              		.weak	VectorB0
 122              		.thumb_set VectorB0,_unhandled_exception
 123              		.weak	VectorB4
 124              		.thumb_set VectorB4,_unhandled_exception
 125              		.weak	VectorB8
 126              		.thumb_set VectorB8,_unhandled_exception
 127              		.weak	VectorBC
 128              		.thumb_set VectorBC,_unhandled_exception
 129              		.weak	VectorC0
 130              		.thumb_set VectorC0,_unhandled_exception
 131              		.weak	VectorC4
 132              		.thumb_set VectorC4,_unhandled_exception
 133              		.weak	VectorC8
 134              		.thumb_set VectorC8,_unhandled_exception
 135              		.weak	VectorCC
 136              		.thumb_set VectorCC,_unhandled_exception
 137              		.weak	VectorD0
 138              		.thumb_set VectorD0,_unhandled_exception
 139              		.weak	VectorD4
 140              		.thumb_set VectorD4,_unhandled_exception
 141              		.weak	VectorD8
 142              		.thumb_set VectorD8,_unhandled_exception
 143              		.weak	VectorDC
 144              		.thumb_set VectorDC,_unhandled_exception
 145              		.weak	VectorE0
 146              		.thumb_set VectorE0,_unhandled_exception
 147              		.weak	VectorE4
 148              		.thumb_set VectorE4,_unhandled_exception
 149              		.weak	VectorE8
 150              		.thumb_set VectorE8,_unhandled_exception
 151              		.weak	VectorEC
 152              		.thumb_set VectorEC,_unhandled_exception
 153              		.weak	VectorF0
 154              		.thumb_set VectorF0,_unhandled_exception
 155              		.weak	VectorF4
 156              		.thumb_set VectorF4,_unhandled_exception
 157              		.weak	VectorF8
 158              		.thumb_set VectorF8,_unhandled_exception
 159              		.weak	VectorFC
 160              		.thumb_set VectorFC,_unhandled_exception
 161              		.weak	Vector100
 162              		.thumb_set Vector100,_unhandled_exception
 163              		.weak	Vector104
 164              		.thumb_set Vector104,_unhandled_exception
 165              		.weak	Vector108
 166              		.thumb_set Vector108,_unhandled_exception
 167              		.weak	Vector10C
 168              		.thumb_set Vector10C,_unhandled_exception
 169              		.weak	Vector110
 170              		.thumb_set Vector110,_unhandled_exception
 171              		.weak	Vector114
ARM GAS  /tmp/ccdOCYZW.s 			page 4


 172              		.thumb_set Vector114,_unhandled_exception
 173              		.weak	Vector118
 174              		.thumb_set Vector118,_unhandled_exception
 175              		.weak	Vector11C
 176              		.thumb_set Vector11C,_unhandled_exception
 177              		.weak	Vector120
 178              		.thumb_set Vector120,_unhandled_exception
 179              		.weak	Vector124
 180              		.thumb_set Vector124,_unhandled_exception
 181              		.weak	Vector128
 182              		.thumb_set Vector128,_unhandled_exception
 183              		.weak	Vector12C
 184              		.thumb_set Vector12C,_unhandled_exception
 185              		.weak	Vector130
 186              		.thumb_set Vector130,_unhandled_exception
 187              		.weak	Vector134
 188              		.thumb_set Vector134,_unhandled_exception
 189              		.weak	Vector138
 190              		.thumb_set Vector138,_unhandled_exception
 191              		.weak	Vector13C
 192              		.thumb_set Vector13C,_unhandled_exception
 193              		.weak	Vector140
 194              		.thumb_set Vector140,_unhandled_exception
 195              		.weak	Vector144
 196              		.thumb_set Vector144,_unhandled_exception
 197              		.weak	Vector148
 198              		.thumb_set Vector148,_unhandled_exception
 199              		.weak	Vector14C
 200              		.thumb_set Vector14C,_unhandled_exception
 201              		.weak	Vector150
 202              		.thumb_set Vector150,_unhandled_exception
 203              		.weak	Vector154
 204              		.thumb_set Vector154,_unhandled_exception
 205              		.weak	Vector158
 206              		.thumb_set Vector158,_unhandled_exception
 207              		.weak	Vector15C
 208              		.thumb_set Vector15C,_unhandled_exception
 209              		.weak	Vector160
 210              		.thumb_set Vector160,_unhandled_exception
 211              		.weak	Vector164
 212              		.thumb_set Vector164,_unhandled_exception
 213              		.weak	Vector168
 214              		.thumb_set Vector168,_unhandled_exception
 215              		.weak	Vector16C
 216              		.thumb_set Vector16C,_unhandled_exception
 217              		.weak	Vector170
 218              		.thumb_set Vector170,_unhandled_exception
 219              		.weak	Vector174
 220              		.thumb_set Vector174,_unhandled_exception
 221              		.weak	Vector178
 222              		.thumb_set Vector178,_unhandled_exception
 223              		.weak	Vector17C
 224              		.thumb_set Vector17C,_unhandled_exception
 225              		.weak	Vector180
 226              		.thumb_set Vector180,_unhandled_exception
 227              		.weak	Vector184
 228              		.thumb_set Vector184,_unhandled_exception
ARM GAS  /tmp/ccdOCYZW.s 			page 5


 229              		.weak	NMIVector
 230              		.thumb_set NMIVector,_unhandled_exception
 231              		.global	_vectors
 232 0002 00BFAFF3 		.section	vectors,"aw",%progbits
 232      0080AFF3 
 232      0080AFF3 
 232      0080
 233              		.align	2
 234              		.type	_vectors, %object
 235              		.size	_vectors, 392
 236              	_vectors:
 237 0000 00000000 		.word	__main_stack_end__
 238 0004 00000000 		.word	ResetHandler
 239 0008 00000000 		.word	NMIVector
 240 000c 00000000 		.word	HardFaultVector
 241 0010 00000000 		.word	MemManageVector
 242 0014 00000000 		.word	BusFaultVector
 243 0018 00000000 		.word	UsageFaultVector
 244 001c 00000000 		.word	Vector1C
 245 0020 00000000 		.word	Vector20
 246 0024 00000000 		.word	Vector24
 247 0028 00000000 		.word	Vector28
 248 002c 00000000 		.word	SVCallVector
 249 0030 00000000 		.word	DebugMonitorVector
 250 0034 00000000 		.word	Vector34
 251 0038 00000000 		.word	PendSVVector
 252 003c 00000000 		.word	SysTickVector
 253 0040 00000000 		.word	Vector40
 254 0044 00000000 		.word	Vector44
 255 0048 00000000 		.word	Vector48
 256 004c 00000000 		.word	Vector4C
 257 0050 00000000 		.word	Vector50
 258 0054 00000000 		.word	Vector54
 259 0058 00000000 		.word	Vector58
 260 005c 00000000 		.word	Vector5C
 261 0060 00000000 		.word	Vector60
 262 0064 00000000 		.word	Vector64
 263 0068 00000000 		.word	Vector68
 264 006c 00000000 		.word	Vector6C
 265 0070 00000000 		.word	Vector70
 266 0074 00000000 		.word	Vector74
 267 0078 00000000 		.word	Vector78
 268 007c 00000000 		.word	Vector7C
 269 0080 00000000 		.word	Vector80
 270 0084 00000000 		.word	Vector84
 271 0088 00000000 		.word	Vector88
 272 008c 00000000 		.word	Vector8C
 273 0090 00000000 		.word	Vector90
 274 0094 00000000 		.word	Vector94
 275 0098 00000000 		.word	Vector98
 276 009c 00000000 		.word	Vector9C
 277 00a0 00000000 		.word	VectorA0
 278 00a4 00000000 		.word	VectorA4
 279 00a8 00000000 		.word	VectorA8
 280 00ac 00000000 		.word	VectorAC
 281 00b0 00000000 		.word	VectorB0
 282 00b4 00000000 		.word	VectorB4
ARM GAS  /tmp/ccdOCYZW.s 			page 6


 283 00b8 00000000 		.word	VectorB8
 284 00bc 00000000 		.word	VectorBC
 285 00c0 00000000 		.word	VectorC0
 286 00c4 00000000 		.word	VectorC4
 287 00c8 00000000 		.word	VectorC8
 288 00cc 00000000 		.word	VectorCC
 289 00d0 00000000 		.word	VectorD0
 290 00d4 00000000 		.word	VectorD4
 291 00d8 00000000 		.word	VectorD8
 292 00dc 00000000 		.word	VectorDC
 293 00e0 00000000 		.word	VectorE0
 294 00e4 00000000 		.word	VectorE4
 295 00e8 00000000 		.word	VectorE8
 296 00ec 00000000 		.word	VectorEC
 297 00f0 00000000 		.word	VectorF0
 298 00f4 00000000 		.word	VectorF4
 299 00f8 00000000 		.word	VectorF8
 300 00fc 00000000 		.word	VectorFC
 301 0100 00000000 		.word	Vector100
 302 0104 00000000 		.word	Vector104
 303 0108 00000000 		.word	Vector108
 304 010c 00000000 		.word	Vector10C
 305 0110 00000000 		.word	Vector110
 306 0114 00000000 		.word	Vector114
 307 0118 00000000 		.word	Vector118
 308 011c 00000000 		.word	Vector11C
 309 0120 00000000 		.word	Vector120
 310 0124 00000000 		.word	Vector124
 311 0128 00000000 		.word	Vector128
 312 012c 00000000 		.word	Vector12C
 313 0130 00000000 		.word	Vector130
 314 0134 00000000 		.word	Vector134
 315 0138 00000000 		.word	Vector138
 316 013c 00000000 		.word	Vector13C
 317 0140 00000000 		.word	Vector140
 318 0144 00000000 		.word	Vector144
 319 0148 00000000 		.word	Vector148
 320 014c 00000000 		.word	Vector14C
 321 0150 00000000 		.word	Vector150
 322 0154 00000000 		.word	Vector154
 323 0158 00000000 		.word	Vector158
 324 015c 00000000 		.word	Vector15C
 325 0160 00000000 		.word	Vector160
 326 0164 00000000 		.word	Vector164
 327 0168 00000000 		.word	Vector168
 328 016c 00000000 		.word	Vector16C
 329 0170 00000000 		.word	Vector170
 330 0174 00000000 		.word	Vector174
 331 0178 00000000 		.word	Vector178
 332 017c 00000000 		.word	Vector17C
 333 0180 00000000 		.word	Vector180
 334 0184 00000000 		.word	Vector184
 335              		.text
 336              	.Letext0:
 337              		.file 2 "/opt/tools_arm/lib/gcc/arm-none-eabi/4.7.3/../../../../arm-none-eabi/include/stdint.h"
 338              		.section	.debug_info,"",%progbits
 339              	.Ldebug_info0:
ARM GAS  /tmp/ccdOCYZW.s 			page 7


 340 0000 E8010000 		.4byte	0x1e8
 341 0004 0200     		.2byte	0x2
 342 0006 00000000 		.4byte	.Ldebug_abbrev0
 343 000a 04       		.byte	0x4
 344 000b 01       		.uleb128 0x1
 345 000c 6C010000 		.4byte	.LASF34
 346 0010 01       		.byte	0x1
 347 0011 A4000000 		.4byte	.LASF35
 348 0015 00000000 		.4byte	.Ldebug_ranges0+0
 349 0019 00000000 		.4byte	0
 350 001d 00000000 		.4byte	0
 351 0021 00000000 		.4byte	.Ldebug_line0
 352 0025 02       		.uleb128 0x2
 353 0026 04       		.byte	0x4
 354 0027 05       		.byte	0x5
 355 0028 696E7400 		.ascii	"int\000"
 356 002c 03       		.uleb128 0x3
 357 002d 04       		.byte	0x4
 358 002e 07       		.byte	0x7
 359 002f 97000000 		.4byte	.LASF0
 360 0033 03       		.uleb128 0x3
 361 0034 01       		.byte	0x1
 362 0035 06       		.byte	0x6
 363 0036 EA010000 		.4byte	.LASF1
 364 003a 03       		.uleb128 0x3
 365 003b 01       		.byte	0x1
 366 003c 08       		.byte	0x8
 367 003d 41000000 		.4byte	.LASF2
 368 0041 03       		.uleb128 0x3
 369 0042 02       		.byte	0x2
 370 0043 05       		.byte	0x5
 371 0044 C1010000 		.4byte	.LASF3
 372 0048 03       		.uleb128 0x3
 373 0049 02       		.byte	0x2
 374 004a 07       		.byte	0x7
 375 004b 61000000 		.4byte	.LASF4
 376 004f 03       		.uleb128 0x3
 377 0050 04       		.byte	0x4
 378 0051 05       		.byte	0x5
 379 0052 E1010000 		.4byte	.LASF5
 380 0056 04       		.uleb128 0x4
 381 0057 D8010000 		.4byte	.LASF12
 382 005b 02       		.byte	0x2
 383 005c 50       		.byte	0x50
 384 005d 61000000 		.4byte	0x61
 385 0061 03       		.uleb128 0x3
 386 0062 04       		.byte	0x4
 387 0063 07       		.byte	0x7
 388 0064 4F000000 		.4byte	.LASF6
 389 0068 03       		.uleb128 0x3
 390 0069 08       		.byte	0x8
 391 006a 05       		.byte	0x5
 392 006b 5E010000 		.4byte	.LASF7
 393 006f 03       		.uleb128 0x3
 394 0070 08       		.byte	0x8
 395 0071 07       		.byte	0x7
 396 0072 EA000000 		.4byte	.LASF8
ARM GAS  /tmp/ccdOCYZW.s 			page 8


 397 0076 03       		.uleb128 0x3
 398 0077 01       		.byte	0x1
 399 0078 02       		.byte	0x2
 400 0079 13020000 		.4byte	.LASF9
 401 007d 03       		.uleb128 0x3
 402 007e 04       		.byte	0x4
 403 007f 07       		.byte	0x7
 404 0080 36010000 		.4byte	.LASF10
 405 0084 03       		.uleb128 0x3
 406 0085 01       		.byte	0x1
 407 0086 08       		.byte	0x8
 408 0087 8E010000 		.4byte	.LASF11
 409 008b 04       		.uleb128 0x4
 410 008c 09000000 		.4byte	.LASF13
 411 0090 01       		.byte	0x1
 412 0091 2B       		.byte	0x2b
 413 0092 96000000 		.4byte	0x96
 414 0096 05       		.uleb128 0x5
 415 0097 04       		.byte	0x4
 416 0098 9C000000 		.4byte	0x9c
 417 009c 06       		.uleb128 0x6
 418 009d 01       		.byte	0x1
 419 009e 07       		.uleb128 0x7
 420 009f 8801     		.2byte	0x188
 421 00a1 01       		.byte	0x1
 422 00a2 30       		.byte	0x30
 423 00a3 96010000 		.4byte	0x196
 424 00a7 08       		.uleb128 0x8
 425 00a8 28000000 		.4byte	.LASF14
 426 00ac 01       		.byte	0x1
 427 00ad 31       		.byte	0x31
 428 00ae 96010000 		.4byte	0x196
 429 00b2 02       		.byte	0x2
 430 00b3 23       		.byte	0x23
 431 00b4 00       		.uleb128 0
 432 00b5 08       		.uleb128 0x8
 433 00b6 CB010000 		.4byte	.LASF15
 434 00ba 01       		.byte	0x1
 435 00bb 32       		.byte	0x32
 436 00bc 8B000000 		.4byte	0x8b
 437 00c0 02       		.byte	0x2
 438 00c1 23       		.byte	0x23
 439 00c2 04       		.uleb128 0x4
 440 00c3 08       		.uleb128 0x8
 441 00c4 7D000000 		.4byte	.LASF16
 442 00c8 01       		.byte	0x1
 443 00c9 33       		.byte	0x33
 444 00ca 8B000000 		.4byte	0x8b
 445 00ce 02       		.byte	0x2
 446 00cf 23       		.byte	0x23
 447 00d0 08       		.uleb128 0x8
 448 00d1 08       		.uleb128 0x8
 449 00d2 4D010000 		.4byte	.LASF17
 450 00d6 01       		.byte	0x1
 451 00d7 34       		.byte	0x34
 452 00d8 8B000000 		.4byte	0x8b
 453 00dc 02       		.byte	0x2
ARM GAS  /tmp/ccdOCYZW.s 			page 9


 454 00dd 23       		.byte	0x23
 455 00de 0C       		.uleb128 0xc
 456 00df 08       		.uleb128 0x8
 457 00e0 93010000 		.4byte	.LASF18
 458 00e4 01       		.byte	0x1
 459 00e5 35       		.byte	0x35
 460 00e6 8B000000 		.4byte	0x8b
 461 00ea 02       		.byte	0x2
 462 00eb 23       		.byte	0x23
 463 00ec 10       		.uleb128 0x10
 464 00ed 08       		.uleb128 0x8
 465 00ee 01010000 		.4byte	.LASF19
 466 00f2 01       		.byte	0x1
 467 00f3 36       		.byte	0x36
 468 00f4 8B000000 		.4byte	0x8b
 469 00f8 02       		.byte	0x2
 470 00f9 23       		.byte	0x23
 471 00fa 14       		.uleb128 0x14
 472 00fb 08       		.uleb128 0x8
 473 00fc 1A010000 		.4byte	.LASF20
 474 0100 01       		.byte	0x1
 475 0101 37       		.byte	0x37
 476 0102 8B000000 		.4byte	0x8b
 477 0106 02       		.byte	0x2
 478 0107 23       		.byte	0x23
 479 0108 18       		.uleb128 0x18
 480 0109 08       		.uleb128 0x8
 481 010a 74000000 		.4byte	.LASF21
 482 010e 01       		.byte	0x1
 483 010f 38       		.byte	0x38
 484 0110 8B000000 		.4byte	0x8b
 485 0114 02       		.byte	0x2
 486 0115 23       		.byte	0x23
 487 0116 1C       		.uleb128 0x1c
 488 0117 08       		.uleb128 0x8
 489 0118 0A020000 		.4byte	.LASF22
 490 011c 01       		.byte	0x1
 491 011d 39       		.byte	0x39
 492 011e 8B000000 		.4byte	0x8b
 493 0122 02       		.byte	0x2
 494 0123 23       		.byte	0x23
 495 0124 20       		.uleb128 0x20
 496 0125 08       		.uleb128 0x8
 497 0126 00000000 		.4byte	.LASF23
 498 012a 01       		.byte	0x1
 499 012b 3A       		.byte	0x3a
 500 012c 8B000000 		.4byte	0x8b
 501 0130 02       		.byte	0x2
 502 0131 23       		.byte	0x23
 503 0132 24       		.uleb128 0x24
 504 0133 08       		.uleb128 0x8
 505 0134 11010000 		.4byte	.LASF24
 506 0138 01       		.byte	0x1
 507 0139 3B       		.byte	0x3b
 508 013a 8B000000 		.4byte	0x8b
 509 013e 02       		.byte	0x2
 510 013f 23       		.byte	0x23
ARM GAS  /tmp/ccdOCYZW.s 			page 10


 511 0140 28       		.uleb128 0x28
 512 0141 08       		.uleb128 0x8
 513 0142 33000000 		.4byte	.LASF25
 514 0146 01       		.byte	0x1
 515 0147 3C       		.byte	0x3c
 516 0148 8B000000 		.4byte	0x8b
 517 014c 02       		.byte	0x2
 518 014d 23       		.byte	0x23
 519 014e 2C       		.uleb128 0x2c
 520 014f 08       		.uleb128 0x8
 521 0150 F6010000 		.4byte	.LASF26
 522 0154 01       		.byte	0x1
 523 0155 3D       		.byte	0x3d
 524 0156 8B000000 		.4byte	0x8b
 525 015a 02       		.byte	0x2
 526 015b 23       		.byte	0x23
 527 015c 30       		.uleb128 0x30
 528 015d 08       		.uleb128 0x8
 529 015e 16000000 		.4byte	.LASF27
 530 0162 01       		.byte	0x1
 531 0163 3E       		.byte	0x3e
 532 0164 8B000000 		.4byte	0x8b
 533 0168 02       		.byte	0x2
 534 0169 23       		.byte	0x23
 535 016a 34       		.uleb128 0x34
 536 016b 08       		.uleb128 0x8
 537 016c 3F010000 		.4byte	.LASF28
 538 0170 01       		.byte	0x1
 539 0171 3F       		.byte	0x3f
 540 0172 8B000000 		.4byte	0x8b
 541 0176 02       		.byte	0x2
 542 0177 23       		.byte	0x23
 543 0178 38       		.uleb128 0x38
 544 0179 08       		.uleb128 0x8
 545 017a 88000000 		.4byte	.LASF29
 546 017e 01       		.byte	0x1
 547 017f 40       		.byte	0x40
 548 0180 8B000000 		.4byte	0x8b
 549 0184 02       		.byte	0x2
 550 0185 23       		.byte	0x23
 551 0186 3C       		.uleb128 0x3c
 552 0187 08       		.uleb128 0x8
 553 0188 B9010000 		.4byte	.LASF30
 554 018c 01       		.byte	0x1
 555 018d 41       		.byte	0x41
 556 018e 9C010000 		.4byte	0x19c
 557 0192 02       		.byte	0x2
 558 0193 23       		.byte	0x23
 559 0194 40       		.uleb128 0x40
 560 0195 00       		.byte	0
 561 0196 05       		.uleb128 0x5
 562 0197 04       		.byte	0x4
 563 0198 56000000 		.4byte	0x56
 564 019c 09       		.uleb128 0x9
 565 019d 8B000000 		.4byte	0x8b
 566 01a1 AC010000 		.4byte	0x1ac
 567 01a5 0A       		.uleb128 0xa
ARM GAS  /tmp/ccdOCYZW.s 			page 11


 568 01a6 7D000000 		.4byte	0x7d
 569 01aa 51       		.byte	0x51
 570 01ab 00       		.byte	0
 571 01ac 04       		.uleb128 0x4
 572 01ad 2C010000 		.4byte	.LASF31
 573 01b1 01       		.byte	0x1
 574 01b2 42       		.byte	0x42
 575 01b3 9E000000 		.4byte	0x9e
 576 01b7 0B       		.uleb128 0xb
 577 01b8 01       		.byte	0x1
 578 01b9 A4010000 		.4byte	.LASF36
 579 01bd 01       		.byte	0x1
 580 01be D7       		.byte	0xd7
 581 01bf 01       		.byte	0x1
 582 01c0 00000000 		.4byte	.LFB7
 583 01c4 02000000 		.4byte	.LFE7
 584 01c8 02       		.byte	0x2
 585 01c9 7D       		.byte	0x7d
 586 01ca 00       		.sleb128 0
 587 01cb 01       		.byte	0x1
 588 01cc 0C       		.uleb128 0xc
 589 01cd 19020000 		.4byte	.LASF32
 590 01d1 01       		.byte	0x1
 591 01d2 45       		.byte	0x45
 592 01d3 56000000 		.4byte	0x56
 593 01d7 01       		.byte	0x1
 594 01d8 01       		.byte	0x1
 595 01d9 0D       		.uleb128 0xd
 596 01da 1F000000 		.4byte	.LASF33
 597 01de 01       		.byte	0x1
 598 01df AF       		.byte	0xaf
 599 01e0 AC010000 		.4byte	0x1ac
 600 01e4 01       		.byte	0x1
 601 01e5 05       		.byte	0x5
 602 01e6 03       		.byte	0x3
 603 01e7 00000000 		.4byte	_vectors
 604 01eb 00       		.byte	0
 605              		.section	.debug_abbrev,"",%progbits
 606              	.Ldebug_abbrev0:
 607 0000 01       		.uleb128 0x1
 608 0001 11       		.uleb128 0x11
 609 0002 01       		.byte	0x1
 610 0003 25       		.uleb128 0x25
 611 0004 0E       		.uleb128 0xe
 612 0005 13       		.uleb128 0x13
 613 0006 0B       		.uleb128 0xb
 614 0007 03       		.uleb128 0x3
 615 0008 0E       		.uleb128 0xe
 616 0009 55       		.uleb128 0x55
 617 000a 06       		.uleb128 0x6
 618 000b 11       		.uleb128 0x11
 619 000c 01       		.uleb128 0x1
 620 000d 52       		.uleb128 0x52
 621 000e 01       		.uleb128 0x1
 622 000f 10       		.uleb128 0x10
 623 0010 06       		.uleb128 0x6
 624 0011 00       		.byte	0
ARM GAS  /tmp/ccdOCYZW.s 			page 12


 625 0012 00       		.byte	0
 626 0013 02       		.uleb128 0x2
 627 0014 24       		.uleb128 0x24
 628 0015 00       		.byte	0
 629 0016 0B       		.uleb128 0xb
 630 0017 0B       		.uleb128 0xb
 631 0018 3E       		.uleb128 0x3e
 632 0019 0B       		.uleb128 0xb
 633 001a 03       		.uleb128 0x3
 634 001b 08       		.uleb128 0x8
 635 001c 00       		.byte	0
 636 001d 00       		.byte	0
 637 001e 03       		.uleb128 0x3
 638 001f 24       		.uleb128 0x24
 639 0020 00       		.byte	0
 640 0021 0B       		.uleb128 0xb
 641 0022 0B       		.uleb128 0xb
 642 0023 3E       		.uleb128 0x3e
 643 0024 0B       		.uleb128 0xb
 644 0025 03       		.uleb128 0x3
 645 0026 0E       		.uleb128 0xe
 646 0027 00       		.byte	0
 647 0028 00       		.byte	0
 648 0029 04       		.uleb128 0x4
 649 002a 16       		.uleb128 0x16
 650 002b 00       		.byte	0
 651 002c 03       		.uleb128 0x3
 652 002d 0E       		.uleb128 0xe
 653 002e 3A       		.uleb128 0x3a
 654 002f 0B       		.uleb128 0xb
 655 0030 3B       		.uleb128 0x3b
 656 0031 0B       		.uleb128 0xb
 657 0032 49       		.uleb128 0x49
 658 0033 13       		.uleb128 0x13
 659 0034 00       		.byte	0
 660 0035 00       		.byte	0
 661 0036 05       		.uleb128 0x5
 662 0037 0F       		.uleb128 0xf
 663 0038 00       		.byte	0
 664 0039 0B       		.uleb128 0xb
 665 003a 0B       		.uleb128 0xb
 666 003b 49       		.uleb128 0x49
 667 003c 13       		.uleb128 0x13
 668 003d 00       		.byte	0
 669 003e 00       		.byte	0
 670 003f 06       		.uleb128 0x6
 671 0040 15       		.uleb128 0x15
 672 0041 00       		.byte	0
 673 0042 27       		.uleb128 0x27
 674 0043 0C       		.uleb128 0xc
 675 0044 00       		.byte	0
 676 0045 00       		.byte	0
 677 0046 07       		.uleb128 0x7
 678 0047 13       		.uleb128 0x13
 679 0048 01       		.byte	0x1
 680 0049 0B       		.uleb128 0xb
 681 004a 05       		.uleb128 0x5
ARM GAS  /tmp/ccdOCYZW.s 			page 13


 682 004b 3A       		.uleb128 0x3a
 683 004c 0B       		.uleb128 0xb
 684 004d 3B       		.uleb128 0x3b
 685 004e 0B       		.uleb128 0xb
 686 004f 01       		.uleb128 0x1
 687 0050 13       		.uleb128 0x13
 688 0051 00       		.byte	0
 689 0052 00       		.byte	0
 690 0053 08       		.uleb128 0x8
 691 0054 0D       		.uleb128 0xd
 692 0055 00       		.byte	0
 693 0056 03       		.uleb128 0x3
 694 0057 0E       		.uleb128 0xe
 695 0058 3A       		.uleb128 0x3a
 696 0059 0B       		.uleb128 0xb
 697 005a 3B       		.uleb128 0x3b
 698 005b 0B       		.uleb128 0xb
 699 005c 49       		.uleb128 0x49
 700 005d 13       		.uleb128 0x13
 701 005e 38       		.uleb128 0x38
 702 005f 0A       		.uleb128 0xa
 703 0060 00       		.byte	0
 704 0061 00       		.byte	0
 705 0062 09       		.uleb128 0x9
 706 0063 01       		.uleb128 0x1
 707 0064 01       		.byte	0x1
 708 0065 49       		.uleb128 0x49
 709 0066 13       		.uleb128 0x13
 710 0067 01       		.uleb128 0x1
 711 0068 13       		.uleb128 0x13
 712 0069 00       		.byte	0
 713 006a 00       		.byte	0
 714 006b 0A       		.uleb128 0xa
 715 006c 21       		.uleb128 0x21
 716 006d 00       		.byte	0
 717 006e 49       		.uleb128 0x49
 718 006f 13       		.uleb128 0x13
 719 0070 2F       		.uleb128 0x2f
 720 0071 0B       		.uleb128 0xb
 721 0072 00       		.byte	0
 722 0073 00       		.byte	0
 723 0074 0B       		.uleb128 0xb
 724 0075 2E       		.uleb128 0x2e
 725 0076 00       		.byte	0
 726 0077 3F       		.uleb128 0x3f
 727 0078 0C       		.uleb128 0xc
 728 0079 03       		.uleb128 0x3
 729 007a 0E       		.uleb128 0xe
 730 007b 3A       		.uleb128 0x3a
 731 007c 0B       		.uleb128 0xb
 732 007d 3B       		.uleb128 0x3b
 733 007e 0B       		.uleb128 0xb
 734 007f 27       		.uleb128 0x27
 735 0080 0C       		.uleb128 0xc
 736 0081 11       		.uleb128 0x11
 737 0082 01       		.uleb128 0x1
 738 0083 12       		.uleb128 0x12
ARM GAS  /tmp/ccdOCYZW.s 			page 14


 739 0084 01       		.uleb128 0x1
 740 0085 40       		.uleb128 0x40
 741 0086 0A       		.uleb128 0xa
 742 0087 9742     		.uleb128 0x2117
 743 0089 0C       		.uleb128 0xc
 744 008a 00       		.byte	0
 745 008b 00       		.byte	0
 746 008c 0C       		.uleb128 0xc
 747 008d 34       		.uleb128 0x34
 748 008e 00       		.byte	0
 749 008f 03       		.uleb128 0x3
 750 0090 0E       		.uleb128 0xe
 751 0091 3A       		.uleb128 0x3a
 752 0092 0B       		.uleb128 0xb
 753 0093 3B       		.uleb128 0x3b
 754 0094 0B       		.uleb128 0xb
 755 0095 49       		.uleb128 0x49
 756 0096 13       		.uleb128 0x13
 757 0097 3F       		.uleb128 0x3f
 758 0098 0C       		.uleb128 0xc
 759 0099 3C       		.uleb128 0x3c
 760 009a 0C       		.uleb128 0xc
 761 009b 00       		.byte	0
 762 009c 00       		.byte	0
 763 009d 0D       		.uleb128 0xd
 764 009e 34       		.uleb128 0x34
 765 009f 00       		.byte	0
 766 00a0 03       		.uleb128 0x3
 767 00a1 0E       		.uleb128 0xe
 768 00a2 3A       		.uleb128 0x3a
 769 00a3 0B       		.uleb128 0xb
 770 00a4 3B       		.uleb128 0x3b
 771 00a5 0B       		.uleb128 0xb
 772 00a6 49       		.uleb128 0x49
 773 00a7 13       		.uleb128 0x13
 774 00a8 3F       		.uleb128 0x3f
 775 00a9 0C       		.uleb128 0xc
 776 00aa 02       		.uleb128 0x2
 777 00ab 0A       		.uleb128 0xa
 778 00ac 00       		.byte	0
 779 00ad 00       		.byte	0
 780 00ae 00       		.byte	0
 781              		.section	.debug_aranges,"",%progbits
 782 0000 1C000000 		.4byte	0x1c
 783 0004 0200     		.2byte	0x2
 784 0006 00000000 		.4byte	.Ldebug_info0
 785 000a 04       		.byte	0x4
 786 000b 00       		.byte	0
 787 000c 0000     		.2byte	0
 788 000e 0000     		.2byte	0
 789 0010 00000000 		.4byte	.LFB7
 790 0014 02000000 		.4byte	.LFE7-.LFB7
 791 0018 00000000 		.4byte	0
 792 001c 00000000 		.4byte	0
 793              		.section	.debug_ranges,"",%progbits
 794              	.Ldebug_ranges0:
 795 0000 00000000 		.4byte	.LFB7
ARM GAS  /tmp/ccdOCYZW.s 			page 15


 796 0004 02000000 		.4byte	.LFE7
 797 0008 00000000 		.4byte	0
 798 000c 00000000 		.4byte	0
 799              		.section	.debug_line,"",%progbits
 800              	.Ldebug_line0:
 801 0000 CB000000 		.section	.debug_str,"MS",%progbits,1
 801      0200B500 
 801      00000201 
 801      FB0E0D00 
 801      01010101 
 802              	.LASF23:
 803 0000 76656374 		.ascii	"vector24\000"
 803      6F723234 
 803      00
 804              	.LASF13:
 805 0009 6972715F 		.ascii	"irq_vector_t\000"
 805      76656374 
 805      6F725F74 
 805      00
 806              	.LASF27:
 807 0016 76656374 		.ascii	"vector34\000"
 807      6F723334 
 807      00
 808              	.LASF33:
 809 001f 5F766563 		.ascii	"_vectors\000"
 809      746F7273 
 809      00
 810              	.LASF14:
 811 0028 696E6974 		.ascii	"init_stack\000"
 811      5F737461 
 811      636B00
 812              	.LASF25:
 813 0033 73766361 		.ascii	"svcall_vector\000"
 813      6C6C5F76 
 813      6563746F 
 813      7200
 814              	.LASF2:
 815 0041 756E7369 		.ascii	"unsigned char\000"
 815      676E6564 
 815      20636861 
 815      7200
 816              	.LASF6:
 817 004f 6C6F6E67 		.ascii	"long unsigned int\000"
 817      20756E73 
 817      69676E65 
 817      6420696E 
 817      7400
 818              	.LASF4:
 819 0061 73686F72 		.ascii	"short unsigned int\000"
 819      7420756E 
 819      7369676E 
 819      65642069 
 819      6E7400
 820              	.LASF21:
 821 0074 76656374 		.ascii	"vector1c\000"
 821      6F723163 
 821      00
ARM GAS  /tmp/ccdOCYZW.s 			page 16


 822              	.LASF16:
 823 007d 6E6D695F 		.ascii	"nmi_vector\000"
 823      76656374 
 823      6F7200
 824              	.LASF29:
 825 0088 73797374 		.ascii	"systick_vector\000"
 825      69636B5F 
 825      76656374 
 825      6F7200
 826              	.LASF0:
 827 0097 756E7369 		.ascii	"unsigned int\000"
 827      676E6564 
 827      20696E74 
 827      00
 828              	.LASF35:
 829 00a4 2F686F6D 		.ascii	"/home/felix/Documents/ChibiOS/os/ports/GCC/ARMCMx/S"
 829      652F6665 
 829      6C69782F 
 829      446F6375 
 829      6D656E74 
 830 00d7 544D3332 		.ascii	"TM32F4xx/vectors.c\000"
 830      46347878 
 830      2F766563 
 830      746F7273 
 830      2E6300
 831              	.LASF8:
 832 00ea 6C6F6E67 		.ascii	"long long unsigned int\000"
 832      206C6F6E 
 832      6720756E 
 832      7369676E 
 832      65642069 
 833              	.LASF19:
 834 0101 62757366 		.ascii	"busfault_vector\000"
 834      61756C74 
 834      5F766563 
 834      746F7200 
 835              	.LASF24:
 836 0111 76656374 		.ascii	"vector28\000"
 836      6F723238 
 836      00
 837              	.LASF20:
 838 011a 75736167 		.ascii	"usagefault_vector\000"
 838      65666175 
 838      6C745F76 
 838      6563746F 
 838      7200
 839              	.LASF31:
 840 012c 76656374 		.ascii	"vectors_t\000"
 840      6F72735F 
 840      7400
 841              	.LASF10:
 842 0136 73697A65 		.ascii	"sizetype\000"
 842      74797065 
 842      00
 843              	.LASF28:
 844 013f 70656E64 		.ascii	"pendsv_vector\000"
 844      73765F76 
ARM GAS  /tmp/ccdOCYZW.s 			page 17


 844      6563746F 
 844      7200
 845              	.LASF17:
 846 014d 68617264 		.ascii	"hardfault_vector\000"
 846      6661756C 
 846      745F7665 
 846      63746F72 
 846      00
 847              	.LASF7:
 848 015e 6C6F6E67 		.ascii	"long long int\000"
 848      206C6F6E 
 848      6720696E 
 848      7400
 849              	.LASF34:
 850 016c 474E5520 		.ascii	"GNU C 4.7.3 20121205 (prerelease)\000"
 850      4320342E 
 850      372E3320 
 850      32303132 
 850      31323035 
 851              	.LASF11:
 852 018e 63686172 		.ascii	"char\000"
 852      00
 853              	.LASF18:
 854 0193 6D656D6D 		.ascii	"memmanage_vector\000"
 854      616E6167 
 854      655F7665 
 854      63746F72 
 854      00
 855              	.LASF36:
 856 01a4 5F756E68 		.ascii	"_unhandled_exception\000"
 856      616E646C 
 856      65645F65 
 856      78636570 
 856      74696F6E 
 857              	.LASF30:
 858 01b9 76656374 		.ascii	"vectors\000"
 858      6F727300 
 859              	.LASF3:
 860 01c1 73686F72 		.ascii	"short int\000"
 860      7420696E 
 860      7400
 861              	.LASF15:
 862 01cb 72657365 		.ascii	"reset_vector\000"
 862      745F7665 
 862      63746F72 
 862      00
 863              	.LASF12:
 864 01d8 75696E74 		.ascii	"uint32_t\000"
 864      33325F74 
 864      00
 865              	.LASF5:
 866 01e1 6C6F6E67 		.ascii	"long int\000"
 866      20696E74 
 866      00
 867              	.LASF1:
 868 01ea 7369676E 		.ascii	"signed char\000"
 868      65642063 
ARM GAS  /tmp/ccdOCYZW.s 			page 18


 868      68617200 
 869              	.LASF26:
 870 01f6 64656275 		.ascii	"debugmonitor_vector\000"
 870      676D6F6E 
 870      69746F72 
 870      5F766563 
 870      746F7200 
 871              	.LASF22:
 872 020a 76656374 		.ascii	"vector20\000"
 872      6F723230 
 872      00
 873              	.LASF9:
 874 0213 5F426F6F 		.ascii	"_Bool\000"
 874      6C00
 875              	.LASF32:
 876 0219 5F5F6D61 		.ascii	"__main_stack_end__\000"
 876      696E5F73 
 876      7461636B 
 876      5F656E64 
 876      5F5F00
 877              		.ident	"GCC: (Linaro GCC 4.7-2012.12) 4.7.3 20121205 (prerelease)"
ARM GAS  /tmp/ccdOCYZW.s 			page 19


DEFINED SYMBOLS
                            *ABS*:0000000000000000 vectors.c
     /tmp/ccdOCYZW.s:19     .text._unhandled_exception:0000000000000000 $t
     /tmp/ccdOCYZW.s:25     .text._unhandled_exception:0000000000000000 _unhandled_exception
     /tmp/ccdOCYZW.s:25     .text._unhandled_exception:0000000000000000 HardFaultVector
     /tmp/ccdOCYZW.s:25     .text._unhandled_exception:0000000000000000 MemManageVector
     /tmp/ccdOCYZW.s:25     .text._unhandled_exception:0000000000000000 BusFaultVector
     /tmp/ccdOCYZW.s:25     .text._unhandled_exception:0000000000000000 UsageFaultVector
     /tmp/ccdOCYZW.s:25     .text._unhandled_exception:0000000000000000 Vector1C
     /tmp/ccdOCYZW.s:25     .text._unhandled_exception:0000000000000000 Vector20
     /tmp/ccdOCYZW.s:25     .text._unhandled_exception:0000000000000000 Vector24
     /tmp/ccdOCYZW.s:25     .text._unhandled_exception:0000000000000000 Vector28
     /tmp/ccdOCYZW.s:25     .text._unhandled_exception:0000000000000000 SVCallVector
     /tmp/ccdOCYZW.s:25     .text._unhandled_exception:0000000000000000 DebugMonitorVector
     /tmp/ccdOCYZW.s:25     .text._unhandled_exception:0000000000000000 Vector34
     /tmp/ccdOCYZW.s:25     .text._unhandled_exception:0000000000000000 PendSVVector
     /tmp/ccdOCYZW.s:25     .text._unhandled_exception:0000000000000000 SysTickVector
     /tmp/ccdOCYZW.s:25     .text._unhandled_exception:0000000000000000 Vector40
     /tmp/ccdOCYZW.s:25     .text._unhandled_exception:0000000000000000 Vector44
     /tmp/ccdOCYZW.s:25     .text._unhandled_exception:0000000000000000 Vector48
     /tmp/ccdOCYZW.s:25     .text._unhandled_exception:0000000000000000 Vector4C
     /tmp/ccdOCYZW.s:25     .text._unhandled_exception:0000000000000000 Vector50
     /tmp/ccdOCYZW.s:25     .text._unhandled_exception:0000000000000000 Vector54
     /tmp/ccdOCYZW.s:25     .text._unhandled_exception:0000000000000000 Vector58
     /tmp/ccdOCYZW.s:25     .text._unhandled_exception:0000000000000000 Vector5C
     /tmp/ccdOCYZW.s:25     .text._unhandled_exception:0000000000000000 Vector60
     /tmp/ccdOCYZW.s:25     .text._unhandled_exception:0000000000000000 Vector64
     /tmp/ccdOCYZW.s:25     .text._unhandled_exception:0000000000000000 Vector68
     /tmp/ccdOCYZW.s:25     .text._unhandled_exception:0000000000000000 Vector6C
     /tmp/ccdOCYZW.s:25     .text._unhandled_exception:0000000000000000 Vector70
     /tmp/ccdOCYZW.s:25     .text._unhandled_exception:0000000000000000 Vector74
     /tmp/ccdOCYZW.s:25     .text._unhandled_exception:0000000000000000 Vector78
     /tmp/ccdOCYZW.s:25     .text._unhandled_exception:0000000000000000 Vector7C
     /tmp/ccdOCYZW.s:25     .text._unhandled_exception:0000000000000000 Vector80
     /tmp/ccdOCYZW.s:25     .text._unhandled_exception:0000000000000000 Vector84
     /tmp/ccdOCYZW.s:25     .text._unhandled_exception:0000000000000000 Vector88
     /tmp/ccdOCYZW.s:25     .text._unhandled_exception:0000000000000000 Vector8C
     /tmp/ccdOCYZW.s:25     .text._unhandled_exception:0000000000000000 Vector90
     /tmp/ccdOCYZW.s:25     .text._unhandled_exception:0000000000000000 Vector94
     /tmp/ccdOCYZW.s:25     .text._unhandled_exception:0000000000000000 Vector98
     /tmp/ccdOCYZW.s:25     .text._unhandled_exception:0000000000000000 Vector9C
     /tmp/ccdOCYZW.s:25     .text._unhandled_exception:0000000000000000 VectorA0
     /tmp/ccdOCYZW.s:25     .text._unhandled_exception:0000000000000000 VectorA4
     /tmp/ccdOCYZW.s:25     .text._unhandled_exception:0000000000000000 VectorA8
     /tmp/ccdOCYZW.s:25     .text._unhandled_exception:0000000000000000 VectorAC
     /tmp/ccdOCYZW.s:25     .text._unhandled_exception:0000000000000000 VectorB0
     /tmp/ccdOCYZW.s:25     .text._unhandled_exception:0000000000000000 VectorB4
     /tmp/ccdOCYZW.s:25     .text._unhandled_exception:0000000000000000 VectorB8
     /tmp/ccdOCYZW.s:25     .text._unhandled_exception:0000000000000000 VectorBC
     /tmp/ccdOCYZW.s:25     .text._unhandled_exception:0000000000000000 VectorC0
     /tmp/ccdOCYZW.s:25     .text._unhandled_exception:0000000000000000 VectorC4
     /tmp/ccdOCYZW.s:25     .text._unhandled_exception:0000000000000000 VectorC8
     /tmp/ccdOCYZW.s:25     .text._unhandled_exception:0000000000000000 VectorCC
     /tmp/ccdOCYZW.s:25     .text._unhandled_exception:0000000000000000 VectorD0
     /tmp/ccdOCYZW.s:25     .text._unhandled_exception:0000000000000000 VectorD4
     /tmp/ccdOCYZW.s:25     .text._unhandled_exception:0000000000000000 VectorD8
     /tmp/ccdOCYZW.s:25     .text._unhandled_exception:0000000000000000 VectorDC
ARM GAS  /tmp/ccdOCYZW.s 			page 20


     /tmp/ccdOCYZW.s:25     .text._unhandled_exception:0000000000000000 VectorE0
     /tmp/ccdOCYZW.s:25     .text._unhandled_exception:0000000000000000 VectorE4
     /tmp/ccdOCYZW.s:25     .text._unhandled_exception:0000000000000000 VectorE8
     /tmp/ccdOCYZW.s:25     .text._unhandled_exception:0000000000000000 VectorEC
     /tmp/ccdOCYZW.s:25     .text._unhandled_exception:0000000000000000 VectorF0
     /tmp/ccdOCYZW.s:25     .text._unhandled_exception:0000000000000000 VectorF4
     /tmp/ccdOCYZW.s:25     .text._unhandled_exception:0000000000000000 VectorF8
     /tmp/ccdOCYZW.s:25     .text._unhandled_exception:0000000000000000 VectorFC
     /tmp/ccdOCYZW.s:25     .text._unhandled_exception:0000000000000000 Vector100
     /tmp/ccdOCYZW.s:25     .text._unhandled_exception:0000000000000000 Vector104
     /tmp/ccdOCYZW.s:25     .text._unhandled_exception:0000000000000000 Vector108
     /tmp/ccdOCYZW.s:25     .text._unhandled_exception:0000000000000000 Vector10C
     /tmp/ccdOCYZW.s:25     .text._unhandled_exception:0000000000000000 Vector110
     /tmp/ccdOCYZW.s:25     .text._unhandled_exception:0000000000000000 Vector114
     /tmp/ccdOCYZW.s:25     .text._unhandled_exception:0000000000000000 Vector118
     /tmp/ccdOCYZW.s:25     .text._unhandled_exception:0000000000000000 Vector11C
     /tmp/ccdOCYZW.s:25     .text._unhandled_exception:0000000000000000 Vector120
     /tmp/ccdOCYZW.s:25     .text._unhandled_exception:0000000000000000 Vector124
     /tmp/ccdOCYZW.s:25     .text._unhandled_exception:0000000000000000 Vector128
     /tmp/ccdOCYZW.s:25     .text._unhandled_exception:0000000000000000 Vector12C
     /tmp/ccdOCYZW.s:25     .text._unhandled_exception:0000000000000000 Vector130
     /tmp/ccdOCYZW.s:25     .text._unhandled_exception:0000000000000000 Vector134
     /tmp/ccdOCYZW.s:25     .text._unhandled_exception:0000000000000000 Vector138
     /tmp/ccdOCYZW.s:25     .text._unhandled_exception:0000000000000000 Vector13C
     /tmp/ccdOCYZW.s:25     .text._unhandled_exception:0000000000000000 Vector140
     /tmp/ccdOCYZW.s:25     .text._unhandled_exception:0000000000000000 Vector144
     /tmp/ccdOCYZW.s:25     .text._unhandled_exception:0000000000000000 Vector148
     /tmp/ccdOCYZW.s:25     .text._unhandled_exception:0000000000000000 Vector14C
     /tmp/ccdOCYZW.s:25     .text._unhandled_exception:0000000000000000 Vector150
     /tmp/ccdOCYZW.s:25     .text._unhandled_exception:0000000000000000 Vector154
     /tmp/ccdOCYZW.s:25     .text._unhandled_exception:0000000000000000 Vector158
     /tmp/ccdOCYZW.s:25     .text._unhandled_exception:0000000000000000 Vector15C
     /tmp/ccdOCYZW.s:25     .text._unhandled_exception:0000000000000000 Vector160
     /tmp/ccdOCYZW.s:25     .text._unhandled_exception:0000000000000000 Vector164
     /tmp/ccdOCYZW.s:25     .text._unhandled_exception:0000000000000000 Vector168
     /tmp/ccdOCYZW.s:25     .text._unhandled_exception:0000000000000000 Vector16C
     /tmp/ccdOCYZW.s:25     .text._unhandled_exception:0000000000000000 Vector170
     /tmp/ccdOCYZW.s:25     .text._unhandled_exception:0000000000000000 Vector174
     /tmp/ccdOCYZW.s:25     .text._unhandled_exception:0000000000000000 Vector178
     /tmp/ccdOCYZW.s:25     .text._unhandled_exception:0000000000000000 Vector17C
     /tmp/ccdOCYZW.s:25     .text._unhandled_exception:0000000000000000 Vector180
     /tmp/ccdOCYZW.s:25     .text._unhandled_exception:0000000000000000 Vector184
     /tmp/ccdOCYZW.s:25     .text._unhandled_exception:0000000000000000 NMIVector
     /tmp/ccdOCYZW.s:236    vectors:0000000000000000 _vectors
     /tmp/ccdOCYZW.s:233    vectors:0000000000000000 $d
                     .debug_frame:0000000000000010 $d

UNDEFINED SYMBOLS
__main_stack_end__
ResetHandler
